[INFO] Scanning for projects...
[INFO] 
[INFO] ---------------------------< com.lpvs:lpvs >----------------------------
[INFO] Building lpvs 1.0.1
[INFO]   from pom.xml
[INFO] --------------------------------[ jar ]---------------------------------
[INFO] Downloading from central: https://repo.maven.apache.org/maven2/com/google/code/gson/gson/maven-metadata.xml
[INFO] Downloaded from central: https://repo.maven.apache.org/maven2/com/google/code/gson/gson/maven-metadata.xml (1.6 kB at 1.3 kB/s)
[INFO] Downloading from central: https://repo.maven.apache.org/maven2/com/google/code/gson/gson/2.11.0/gson-2.11.0.pom
[INFO] Downloaded from central: https://repo.maven.apache.org/maven2/com/google/code/gson/gson/2.11.0/gson-2.11.0.pom (12 kB at 49 kB/s)
[INFO] Downloading from central: https://repo.maven.apache.org/maven2/com/google/code/gson/gson-parent/2.11.0/gson-parent-2.11.0.pom
[INFO] Downloaded from central: https://repo.maven.apache.org/maven2/com/google/code/gson/gson-parent/2.11.0/gson-parent-2.11.0.pom (26 kB at 154 kB/s)
[INFO] Downloading from central: https://repo.maven.apache.org/maven2/com/google/errorprone/error_prone_annotations/2.27.0/error_prone_annotations-2.27.0.pom
[INFO] Downloaded from central: https://repo.maven.apache.org/maven2/com/google/errorprone/error_prone_annotations/2.27.0/error_prone_annotations-2.27.0.pom (4.3 kB at 26 kB/s)
[INFO] Downloading from central: https://repo.maven.apache.org/maven2/com/google/errorprone/error_prone_parent/2.27.0/error_prone_parent-2.27.0.pom
[INFO] Downloaded from central: https://repo.maven.apache.org/maven2/com/google/errorprone/error_prone_parent/2.27.0/error_prone_parent-2.27.0.pom (13 kB at 79 kB/s)
[INFO] Downloading from central: https://repo.maven.apache.org/maven2/com/google/code/gson/gson/2.12.0/gson-2.12.0.pom
[INFO] Downloaded from central: https://repo.maven.apache.org/maven2/com/google/code/gson/gson/2.12.0/gson-2.12.0.pom (13 kB at 54 kB/s)
[INFO] Downloading from central: https://repo.maven.apache.org/maven2/com/google/code/gson/gson-parent/2.12.0/gson-parent-2.12.0.pom
[INFO] Downloaded from central: https://repo.maven.apache.org/maven2/com/google/code/gson/gson-parent/2.12.0/gson-parent-2.12.0.pom (27 kB at 105 kB/s)
[INFO] Downloading from central: https://repo.maven.apache.org/maven2/com/google/errorprone/error_prone_annotations/2.36.0/error_prone_annotations-2.36.0.pom
[INFO] Downloaded from central: https://repo.maven.apache.org/maven2/com/google/errorprone/error_prone_annotations/2.36.0/error_prone_annotations-2.36.0.pom (4.3 kB at 26 kB/s)
[INFO] Downloading from central: https://repo.maven.apache.org/maven2/com/google/errorprone/error_prone_parent/2.36.0/error_prone_parent-2.36.0.pom
[INFO] Downloaded from central: https://repo.maven.apache.org/maven2/com/google/errorprone/error_prone_parent/2.36.0/error_prone_parent-2.36.0.pom (16 kB at 118 kB/s)
[INFO] Downloading from central: https://repo.maven.apache.org/maven2/com/google/code/gson/gson/2.12.1/gson-2.12.1.pom
[INFO] Downloaded from central: https://repo.maven.apache.org/maven2/com/google/code/gson/gson/2.12.1/gson-2.12.1.pom (13 kB at 57 kB/s)
[INFO] Downloading from central: https://repo.maven.apache.org/maven2/com/google/code/gson/gson-parent/2.12.1/gson-parent-2.12.1.pom
[INFO] Downloaded from central: https://repo.maven.apache.org/maven2/com/google/code/gson/gson-parent/2.12.1/gson-parent-2.12.1.pom (27 kB at 207 kB/s)
[INFO] Downloading from central: https://repo.maven.apache.org/maven2/com/google/code/gson/gson/2.13.0/gson-2.13.0.pom
[INFO] Downloaded from central: https://repo.maven.apache.org/maven2/com/google/code/gson/gson/2.13.0/gson-2.13.0.pom (13 kB at 115 kB/s)
[INFO] Downloading from central: https://repo.maven.apache.org/maven2/com/google/code/gson/gson-parent/2.13.0/gson-parent-2.13.0.pom
[INFO] Downloaded from central: https://repo.maven.apache.org/maven2/com/google/code/gson/gson-parent/2.13.0/gson-parent-2.13.0.pom (27 kB at 200 kB/s)
[INFO] Downloading from central: https://repo.maven.apache.org/maven2/com/google/errorprone/error_prone_annotations/2.37.0/error_prone_annotations-2.37.0.pom
[INFO] Downloaded from central: https://repo.maven.apache.org/maven2/com/google/errorprone/error_prone_annotations/2.37.0/error_prone_annotations-2.37.0.pom (4.4 kB at 34 kB/s)
[INFO] Downloading from central: https://repo.maven.apache.org/maven2/com/google/errorprone/error_prone_parent/2.37.0/error_prone_parent-2.37.0.pom
[INFO] Downloaded from central: https://repo.maven.apache.org/maven2/com/google/errorprone/error_prone_parent/2.37.0/error_prone_parent-2.37.0.pom (16 kB at 102 kB/s)
[INFO] Downloading from central: https://repo.maven.apache.org/maven2/com/google/errorprone/error_prone_type_annotations/2.37.0/error_prone_type_annotations-2.37.0.pom
[INFO] Downloaded from central: https://repo.maven.apache.org/maven2/com/google/errorprone/error_prone_type_annotations/2.37.0/error_prone_type_annotations-2.37.0.pom (1.5 kB at 13 kB/s)
[INFO] Downloading from central: https://repo.maven.apache.org/maven2/com/google/code/gson/gson/2.13.1/gson-2.13.1.pom
[INFO] Downloaded from central: https://repo.maven.apache.org/maven2/com/google/code/gson/gson/2.13.1/gson-2.13.1.pom (13 kB at 73 kB/s)
[INFO] Downloading from central: https://repo.maven.apache.org/maven2/com/google/code/gson/gson-parent/2.13.1/gson-parent-2.13.1.pom
[INFO] Downloaded from central: https://repo.maven.apache.org/maven2/com/google/code/gson/gson-parent/2.13.1/gson-parent-2.13.1.pom (27 kB at 213 kB/s)
[INFO] Downloading from central: https://repo.maven.apache.org/maven2/com/google/errorprone/error_prone_annotations/2.38.0/error_prone_annotations-2.38.0.pom
[INFO] Downloaded from central: https://repo.maven.apache.org/maven2/com/google/errorprone/error_prone_annotations/2.38.0/error_prone_annotations-2.38.0.pom (4.3 kB at 29 kB/s)
[INFO] Downloading from central: https://repo.maven.apache.org/maven2/com/google/errorprone/error_prone_parent/2.38.0/error_prone_parent-2.38.0.pom
[INFO] Downloaded from central: https://repo.maven.apache.org/maven2/com/google/errorprone/error_prone_parent/2.38.0/error_prone_parent-2.38.0.pom (16 kB at 71 kB/s)
[INFO] Downloading from central: https://repo.maven.apache.org/maven2/com/google/code/gson/gson/2.13.2-rc1/gson-2.13.2-rc1.pom
[INFO] Downloaded from central: https://repo.maven.apache.org/maven2/com/google/code/gson/gson/2.13.2-rc1/gson-2.13.2-rc1.pom (13 kB at 100 kB/s)
[INFO] Downloading from central: https://repo.maven.apache.org/maven2/com/google/code/gson/gson-parent/2.13.2-rc1/gson-parent-2.13.2-rc1.pom
[INFO] Downloaded from central: https://repo.maven.apache.org/maven2/com/google/code/gson/gson-parent/2.13.2-rc1/gson-parent-2.13.2-rc1.pom (27 kB at 143 kB/s)
[INFO] Downloading from central: https://repo.maven.apache.org/maven2/com/google/errorprone/error_prone_annotations/2.41.0/error_prone_annotations-2.41.0.pom
[INFO] Downloaded from central: https://repo.maven.apache.org/maven2/com/google/errorprone/error_prone_annotations/2.41.0/error_prone_annotations-2.41.0.pom (4.3 kB at 19 kB/s)
[INFO] Downloading from central: https://repo.maven.apache.org/maven2/com/google/errorprone/error_prone_parent/2.41.0/error_prone_parent-2.41.0.pom
[INFO] Downloaded from central: https://repo.maven.apache.org/maven2/com/google/errorprone/error_prone_parent/2.41.0/error_prone_parent-2.41.0.pom (16 kB at 93 kB/s)
[INFO] Downloading from central: https://repo.maven.apache.org/maven2/com/google/code/gson/gson/2.13.2/gson-2.13.2.pom
[INFO] Downloaded from central: https://repo.maven.apache.org/maven2/com/google/code/gson/gson/2.13.2/gson-2.13.2.pom (13 kB at 56 kB/s)
[INFO] Downloading from central: https://repo.maven.apache.org/maven2/com/google/code/gson/gson-parent/2.13.2/gson-parent-2.13.2.pom
[INFO] Downloaded from central: https://repo.maven.apache.org/maven2/com/google/code/gson/gson-parent/2.13.2/gson-parent-2.13.2.pom (27 kB at 134 kB/s)
[INFO] Downloading from central: https://repo.maven.apache.org/maven2/com/google/code/gson/gson/2.13.2/gson-2.13.2.jar
[INFO] Downloaded from central: https://repo.maven.apache.org/maven2/com/google/code/gson/gson/2.13.2/gson-2.13.2.jar (290 kB at 456 kB/s)
[INFO] Downloading from central: https://repo.maven.apache.org/maven2/com/google/errorprone/error_prone_annotations/2.41.0/error_prone_annotations-2.41.0.jar
[INFO] Downloaded from central: https://repo.maven.apache.org/maven2/com/google/errorprone/error_prone_annotations/2.41.0/error_prone_annotations-2.41.0.jar (20 kB at 127 kB/s)
[INFO] 
[INFO] --- clean:3.2.0:clean (default-clean) @ lpvs ---
[INFO] Deleting /LPVS/target
[INFO] 
[INFO] --- jacoco:0.8.8:prepare-agent (default) @ lpvs ---
[INFO] argLine set to -javaagent:/root/.m2/repository/org/jacoco/org.jacoco.agent/0.8.8/org.jacoco.agent-0.8.8-runtime.jar=destfile=/LPVS/target/jacoco.exec
[INFO] 
[INFO] --- resources:3.2.0:resources (default-resources) @ lpvs ---
[INFO] Using 'UTF-8' encoding to copy filtered resources.
[INFO] Using 'UTF-8' encoding to copy filtered properties files.
[INFO] Copying 1 resource
[INFO] Copying 1 resource
[INFO] 
[INFO] --- compiler:3.10.1:compile (default-compile) @ lpvs ---
[INFO] Changes detected - recompiling the module!
[INFO] Compiling 15 source files to /LPVS/target/classes
[INFO] -------------------------------------------------------------
[WARNING] COMPILATION WARNING : 
[INFO] -------------------------------------------------------------
[WARNING] Cannot find annotation method 'annotation()' in type 'org.springframework.core.annotation.AliasFor': bad class file: /root/.m2/repository/org/springframework/spring-core/6.0.3/spring-core-6.0.3.jar(/org/springframework/core/annotation/AliasFor.class)
    class file has wrong version 61.0, should be 55.0
    Please remove or make sure it appears in the correct subdirectory of the classpath.
[WARNING] Cannot find annotation method 'annotation()' in type 'org.springframework.core.annotation.AliasFor'
[WARNING] Cannot find annotation method 'annotation()' in type 'org.springframework.core.annotation.AliasFor'
[WARNING] Cannot find annotation method 'annotation()' in type 'org.springframework.core.annotation.AliasFor'
[WARNING] Cannot find annotation method 'attribute()' in type 'org.springframework.core.annotation.AliasFor'
[WARNING] Cannot find annotation method 'annotation()' in type 'org.springframework.core.annotation.AliasFor'
[WARNING] Cannot find annotation method 'attribute()' in type 'org.springframework.core.annotation.AliasFor'
[WARNING] Cannot find annotation method 'annotation()' in type 'org.springframework.core.annotation.AliasFor'
[WARNING] Cannot find annotation method 'attribute()' in type 'org.springframework.core.annotation.AliasFor'
[WARNING] Cannot find annotation method 'annotation()' in type 'org.springframework.core.annotation.AliasFor'
[WARNING] Cannot find annotation method 'value()' in type 'org.springframework.core.annotation.AliasFor'
[WARNING] Cannot find annotation method 'value()' in type 'org.springframework.core.annotation.AliasFor'
[WARNING] Cannot find annotation method 'annotation()' in type 'org.springframework.core.annotation.AliasFor'
[WARNING] Cannot find annotation method 'value()' in type 'org.springframework.core.annotation.AliasFor'
[WARNING] Cannot find annotation method 'value()' in type 'org.springframework.core.annotation.AliasFor'
[WARNING] Cannot find annotation method 'value()' in type 'org.springframework.core.annotation.AliasFor'
[WARNING] Cannot find annotation method 'value()' in type 'org.springframework.core.annotation.AliasFor'
[WARNING] Cannot find annotation method 'value()' in type 'org.springframework.core.annotation.AliasFor'
[WARNING] Cannot find annotation method 'value()' in type 'org.springframework.core.annotation.AliasFor'
[WARNING] Cannot find annotation method 'value()' in type 'org.springframework.core.annotation.AliasFor'
[WARNING] Cannot find annotation method 'value()' in type 'org.springframework.core.annotation.AliasFor'
[WARNING] Cannot find annotation method 'value()' in type 'org.springframework.core.annotation.AliasFor'
[WARNING] Cannot find annotation method 'value()' in type 'org.springframework.core.annotation.AliasFor'
[WARNING] Cannot find annotation method 'annotation()' in type 'org.springframework.core.annotation.AliasFor'
[WARNING] Cannot find annotation method 'annotation()' in type 'org.springframework.core.annotation.AliasFor'
[WARNING] Cannot find annotation method 'attribute()' in type 'org.springframework.core.annotation.AliasFor'
[WARNING] Cannot find annotation method 'annotation()' in type 'org.springframework.core.annotation.AliasFor'
[WARNING] Cannot find annotation method 'attribute()' in type 'org.springframework.core.annotation.AliasFor'
[WARNING] Cannot find annotation method 'annotation()' in type 'org.springframework.core.annotation.AliasFor'
[WARNING] Cannot find annotation method 'attribute()' in type 'org.springframework.core.annotation.AliasFor'
[WARNING] Cannot find annotation method 'annotation()' in type 'org.springframework.core.annotation.AliasFor'
[WARNING] Cannot find annotation method 'attribute()' in type 'org.springframework.core.annotation.AliasFor'
[WARNING] Cannot find annotation method 'annotation()' in type 'org.springframework.core.annotation.AliasFor'
[WARNING] Cannot find annotation method 'annotation()' in type 'org.springframework.core.annotation.AliasFor': bad class file: /root/.m2/repository/org/springframework/spring-core/6.0.3/spring-core-6.0.3.jar(/org/springframework/core/annotation/AliasFor.class)
    class file has wrong version 61.0, should be 55.0
    Please remove or make sure it appears in the correct subdirectory of the classpath.
[WARNING] Cannot find annotation method 'annotation()' in type 'org.springframework.core.annotation.AliasFor'
[WARNING] Cannot find annotation method 'annotation()' in type 'org.springframework.core.annotation.AliasFor'
[WARNING] Cannot find annotation method 'annotation()' in type 'org.springframework.core.annotation.AliasFor'
[WARNING] Cannot find annotation method 'attribute()' in type 'org.springframework.core.annotation.AliasFor'
[WARNING] Cannot find annotation method 'annotation()' in type 'org.springframework.core.annotation.AliasFor'
[WARNING] Cannot find annotation method 'attribute()' in type 'org.springframework.core.annotation.AliasFor'
[WARNING] Cannot find annotation method 'annotation()' in type 'org.springframework.core.annotation.AliasFor'
[WARNING] Cannot find annotation method 'attribute()' in type 'org.springframework.core.annotation.AliasFor'
[WARNING] Cannot find annotation method 'annotation()' in type 'org.springframework.core.annotation.AliasFor'
[WARNING] Cannot find annotation method 'value()' in type 'org.springframework.core.annotation.AliasFor'
[WARNING] Cannot find annotation method 'value()' in type 'org.springframework.core.annotation.AliasFor'
[WARNING] Cannot find annotation method 'annotation()' in type 'org.springframework.core.annotation.AliasFor'
[WARNING] Cannot find annotation method 'value()' in type 'org.springframework.core.annotation.AliasFor'
[WARNING] Cannot find annotation method 'value()' in type 'org.springframework.core.annotation.AliasFor'
[WARNING] Cannot find annotation method 'value()' in type 'org.springframework.core.annotation.AliasFor'
[WARNING] Cannot find annotation method 'value()' in type 'org.springframework.core.annotation.AliasFor'
[WARNING] Cannot find annotation method 'value()' in type 'org.springframework.core.annotation.AliasFor'
[WARNING] Cannot find annotation method 'value()' in type 'org.springframework.core.annotation.AliasFor'
[WARNING] Cannot find annotation method 'value()' in type 'org.springframework.core.annotation.AliasFor'
[WARNING] Cannot find annotation method 'value()' in type 'org.springframework.core.annotation.AliasFor'
[WARNING] Cannot find annotation method 'value()' in type 'org.springframework.core.annotation.AliasFor'
[WARNING] Cannot find annotation method 'value()' in type 'org.springframework.core.annotation.AliasFor'
[WARNING] Cannot find annotation method 'annotation()' in type 'org.springframework.core.annotation.AliasFor'
[WARNING] Cannot find annotation method 'annotation()' in type 'org.springframework.core.annotation.AliasFor'
[WARNING] Cannot find annotation method 'attribute()' in type 'org.springframework.core.annotation.AliasFor'
[WARNING] Cannot find annotation method 'annotation()' in type 'org.springframework.core.annotation.AliasFor'
[WARNING] Cannot find annotation method 'attribute()' in type 'org.springframework.core.annotation.AliasFor'
[WARNING] Cannot find annotation method 'annotation()' in type 'org.springframework.core.annotation.AliasFor'
[WARNING] Cannot find annotation method 'attribute()' in type 'org.springframework.core.annotation.AliasFor'
[WARNING] Cannot find annotation method 'annotation()' in type 'org.springframework.core.annotation.AliasFor'
[WARNING] Cannot find annotation method 'attribute()' in type 'org.springframework.core.annotation.AliasFor'
[WARNING] Cannot find annotation method 'annotation()' in type 'org.springframework.core.annotation.AliasFor'
[INFO] 66 warnings 
[INFO] -------------------------------------------------------------
[INFO] -------------------------------------------------------------
[ERROR] COMPILATION ERROR : 
[INFO] -------------------------------------------------------------
[ERROR] /LPVS/src/main/java/com/lpvs/util/FileUtil.java:[13,32] cannot access org.springframework.util.FileSystemUtils
  bad class file: /root/.m2/repository/org/springframework/spring-core/6.0.3/spring-core-6.0.3.jar(/org/springframework/util/FileSystemUtils.class)
    class file has wrong version 61.0, should be 55.0
    Please remove or make sure it appears in the correct subdirectory of the classpath.
[ERROR] /LPVS/src/main/java/com/lpvs/LicensePreValidationSystem.java:[17,37] cannot access org.springframework.core.task.TaskExecutor
  bad class file: /root/.m2/repository/org/springframework/spring-core/6.0.3/spring-core-6.0.3.jar(/org/springframework/core/task/TaskExecutor.class)
    class file has wrong version 61.0, should be 55.0
    Please remove or make sure it appears in the correct subdirectory of the classpath.
[ERROR] /LPVS/src/main/java/com/lpvs/controller/GitHubWebhooksController.java:[25,32] cannot access org.springframework.util.StringUtils
  bad class file: /root/.m2/repository/org/springframework/spring-core/6.0.3/spring-core-6.0.3.jar(/org/springframework/util/StringUtils.class)
    class file has wrong version 61.0, should be 55.0
    Please remove or make sure it appears in the correct subdirectory of the classpath.
[ERROR] /LPVS/src/main/java/com/lpvs/LicensePreValidationSystem.java:[39,12] cannot find symbol
  symbol:   class TaskExecutor
  location: class com.lpvs.LicensePreValidationSystem
[INFO] 4 errors 
[INFO] -------------------------------------------------------------
[INFO] ------------------------------------------------------------------------
[INFO] BUILD FAILURE
[INFO] ------------------------------------------------------------------------
[INFO] Total time:  27.626 s
[INFO] Finished at: 2025-09-30T17:00:43Z
[INFO] ------------------------------------------------------------------------
[WARNING] 
[WARNING] Plugin validation issues were detected in 3 plugin(s)
[WARNING] 
[WARNING]  * org.apache.maven.plugins:maven-resources-plugin:3.2.0
[WARNING]  * org.jacoco:jacoco-maven-plugin:0.8.8
[WARNING]  * org.apache.maven.plugins:maven-compiler-plugin:3.10.1
[WARNING] 
[WARNING] For more or less details, use 'maven.plugin.validation' property with one of the values (case insensitive): [BRIEF, DEFAULT, VERBOSE]
[WARNING] 
[ERROR] Failed to execute goal org.apache.maven.plugins:maven-compiler-plugin:3.10.1:compile (default-compile) on project lpvs: Compilation failure: Compilation failure: 
[ERROR] /LPVS/src/main/java/com/lpvs/util/FileUtil.java:[13,32] cannot access org.springframework.util.FileSystemUtils
[ERROR]   bad class file: /root/.m2/repository/org/springframework/spring-core/6.0.3/spring-core-6.0.3.jar(/org/springframework/util/FileSystemUtils.class)
[ERROR]     class file has wrong version 61.0, should be 55.0
[ERROR]     Please remove or make sure it appears in the correct subdirectory of the classpath.
[ERROR] /LPVS/src/main/java/com/lpvs/LicensePreValidationSystem.java:[17,37] cannot access org.springframework.core.task.TaskExecutor
[ERROR]   bad class file: /root/.m2/repository/org/springframework/spring-core/6.0.3/spring-core-6.0.3.jar(/org/springframework/core/task/TaskExecutor.class)
[ERROR]     class file has wrong version 61.0, should be 55.0
[ERROR]     Please remove or make sure it appears in the correct subdirectory of the classpath.
[ERROR] /LPVS/src/main/java/com/lpvs/controller/GitHubWebhooksController.java:[25,32] cannot access org.springframework.util.StringUtils
[ERROR]   bad class file: /root/.m2/repository/org/springframework/spring-core/6.0.3/spring-core-6.0.3.jar(/org/springframework/util/StringUtils.class)
[ERROR]     class file has wrong version 61.0, should be 55.0
[ERROR]     Please remove or make sure it appears in the correct subdirectory of the classpath.
[ERROR] /LPVS/src/main/java/com/lpvs/LicensePreValidationSystem.java:[39,12] cannot find symbol
[ERROR]   symbol:   class TaskExecutor
[ERROR]   location: class com.lpvs.LicensePreValidationSystem
[ERROR] -> [Help 1]
[ERROR] 
[ERROR] To see the full stack trace of the errors, re-run Maven with the -e switch.
[ERROR] Re-run Maven using the -X switch to enable full debug logging.
[ERROR] 
[ERROR] For more information about the errors and possible solutions, please read the following articles:
[ERROR] [Help 1] http://cwiki.apache.org/confluence/display/MAVEN/MojoFailureException
