[INFO] Scanning for projects...
[INFO] ------------------------------------------------------------------------
[INFO] Reactor Build Order:
[INFO] 
[INFO] Apache BVal                                                        [pom]
[INFO] Apache BVal :: Implementation                                      [jar]
[INFO] Apache BVal :: Extras                                           [bundle]
[INFO] Apache BVal :: TCK Runner                                          [jar]
[INFO] Apache BVal :: Bundle                                           [bundle]
[INFO] Apache BVal :: Performance                                         [jar]
[INFO] 
[INFO] --------------------< org.apache.bval:bval-parent >---------------------
[INFO] Building Apache BVal 3.0.0-SNAPSHOT                                [1/6]
[INFO]   from pom.xml
[INFO] --------------------------------[ pom ]---------------------------------
[INFO] 
[INFO] --- clean:3.2.0:clean (default-clean) @ bval-parent ---
[INFO] Deleting /bval/target
[INFO] 
[INFO] --- enforcer:3.1.0:enforce (enforce-maven-version) @ bval-parent ---
[INFO] 
[INFO] --- enforcer:3.1.0:enforce (enforce-java-version) @ bval-parent ---
[INFO] 
[INFO] --- enforcer:3.1.0:enforce (default) @ bval-parent ---
[INFO] 
[INFO] --- buildnumber:1.4:create (default) @ bval-parent ---
[INFO] ShortRevision tag detected. The value is '10'.
[INFO] Executing: /bin/sh -c cd '/bval' && 'git' 'rev-parse' '--verify' '--short=10' 'HEAD'
[INFO] Working directory: /bval
[INFO] Storing buildNumber: offline at timestamp: 1759310306700
[WARNING] Cannot get the branch information from the git repository: 
Detecting the current branch failed: fatal: not a git repository (or any of the parent directories): .git

[INFO] ShortRevision tag detected. The value is '10'.
[INFO] Executing: /bin/sh -c cd '/bval' && 'git' 'rev-parse' '--verify' '--short=10' 'HEAD'
[INFO] Working directory: /bval
[INFO] Storing buildScmBranch: UNKNOWN_BRANCH
[INFO] 
[INFO] --- remote-resources:1.7.0:process (process-remote-resources) @ bval-parent ---
[INFO] Preparing remote bundle org.apache:apache-jar-resource-bundle:1.4
[INFO] Copying 3 resources from 1 bundle.
[INFO] 
[INFO] --- remote-resources:1.7.0:process (process-resource-bundles) @ bval-parent ---
[INFO] Preparing remote bundle org.apache:apache-jar-resource-bundle:1.4
[INFO] Copying 3 resources from 1 bundle.
[INFO] 
[INFO] ----------------------< org.apache.bval:bval-jsr >----------------------
[INFO] Building Apache BVal :: Implementation 3.0.0-SNAPSHOT              [2/6]
[INFO]   from bval-jsr/pom.xml
[INFO] --------------------------------[ jar ]---------------------------------
[INFO] 
[INFO] --- clean:3.2.0:clean (default-clean) @ bval-jsr ---
[INFO] Deleting /bval/bval-jsr/target
[INFO] 
[INFO] --- enforcer:3.1.0:enforce (enforce-maven-version) @ bval-jsr ---
[INFO] 
[INFO] --- enforcer:3.1.0:enforce (enforce-java-version) @ bval-jsr ---
[INFO] 
[INFO] --- enforcer:3.1.0:enforce (default) @ bval-jsr ---
[INFO] 
[INFO] --- buildnumber:1.4:create (default) @ bval-jsr ---
[INFO] 
[INFO] --- jaxb2:3.1.0:xjc (xjc) @ bval-jsr ---
[INFO] Created EpisodePath [/bval/bval-jsr/target/generated-sources/jaxb/META-INF/JAXB]: true
[INFO] Created EpisodePath [/bval/bval-jsr/target/generated-sources/jaxb/META-INF/JAXB]: true
[INFO] 
[INFO] --- remote-resources:1.7.0:process (process-remote-resources) @ bval-jsr ---
[INFO] Preparing remote bundle org.apache:apache-jar-resource-bundle:1.4
[INFO] Copying 3 resources from 1 bundle.
[INFO] 
[INFO] --- remote-resources:1.7.0:process (process-resource-bundles) @ bval-jsr ---
[INFO] Preparing remote bundle org.apache:apache-jar-resource-bundle:1.4
[INFO] Copying 3 resources from 1 bundle.
[INFO] 
[INFO] --- resources:3.2.0:resources (default-resources) @ bval-jsr ---
[INFO] Using 'UTF-8' encoding to copy filtered resources.
[INFO] Using 'UTF-8' encoding to copy filtered properties files.
[INFO] Copying 10 resources
[INFO] Copying 8 resources to META-INF
[INFO] Copying 1 resource
[INFO] Copying 1 resource
[INFO] Copying 3 resources
[INFO] Copying 3 resources
[INFO] The encoding used to copy filtered properties files have not been set. This means that the same encoding will be used to copy filtered properties files as when copying other filtered resources. This might not be what you want! Run your build with --debug to see which files might be affected. Read more at https://maven.apache.org/plugins/maven-resources-plugin/examples/filtering-properties-files.html
[INFO] 
[INFO] --- compiler:3.10.1:compile (default-compile) @ bval-jsr ---
[INFO] Changes detected - recompiling the module!
[INFO] Compiling 193 source files to /bval/bval-jsr/target/classes
[INFO] /bval/bval-jsr/src/main/java/org/apache/bval/util/reflection/Reflection.java: Some input files use or override a deprecated API.
[INFO] /bval/bval-jsr/src/main/java/org/apache/bval/util/reflection/Reflection.java: Recompile with -Xlint:deprecation for details.
[INFO] 
[INFO] --- antrun:3.1.0:run (set version info) @ bval-jsr ---
[INFO] Executing tasks
[WARNING]      [echo] Version: 3.0.0-SNAPSHOT
[WARNING]      [echo] Date: 1759310306700
[INFO] Executed tasks
[INFO] 
[INFO] --- resources:3.2.0:testResources (default-testResources) @ bval-jsr ---
[INFO] Using 'UTF-8' encoding to copy filtered resources.
[INFO] Using 'UTF-8' encoding to copy filtered properties files.
[INFO] Copying 8 resources
[INFO] Copying 3 resources
[INFO] Copying 3 resources
[INFO] 
[INFO] --- compiler:3.10.1:testCompile (default-testCompile) @ bval-jsr ---
[INFO] Changes detected - recompiling the module!
[INFO] Compiling 101 source files to /bval/bval-jsr/target/test-classes
[INFO] /bval/bval-jsr/src/test/java/org/apache/bval/jsr/example/Person.java: Some input files use or override a deprecated API.
[INFO] /bval/bval-jsr/src/test/java/org/apache/bval/jsr/example/Person.java: Recompile with -Xlint:deprecation for details.
[INFO] /bval/bval-jsr/src/test/java/org/apache/bval/jsr/xml/Demo.java: Some input files use unchecked or unsafe operations.
[INFO] /bval/bval-jsr/src/test/java/org/apache/bval/jsr/xml/Demo.java: Recompile with -Xlint:unchecked for details.
[INFO] -------------------------------------------------------------
[ERROR] COMPILATION ERROR : 
[INFO] -------------------------------------------------------------
[ERROR] /bval/bval-jsr/src/test/java/org/apache/bval/jsr/DefaultMessageInterpolatorTest.java:[318,49] cannot find symbol
  symbol:   method getArgumentAt(int,java.lang.Class<java.lang.Class>)
  location: variable invocation of type org.mockito.invocation.InvocationOnMock
[INFO] 1 error
[INFO] -------------------------------------------------------------
[INFO] ------------------------------------------------------------------------
[INFO] Reactor Summary for Apache BVal 3.0.0-SNAPSHOT:
[INFO] 
[INFO] Apache BVal ........................................ SUCCESS [  8.227 s]
[INFO] Apache BVal :: Implementation ...................... FAILURE [ 38.434 s]
[INFO] Apache BVal :: Extras .............................. SKIPPED
[INFO] Apache BVal :: TCK Runner .......................... SKIPPED
[INFO] Apache BVal :: Bundle .............................. SKIPPED
[INFO] Apache BVal :: Performance ......................... SKIPPED
[INFO] ------------------------------------------------------------------------
[INFO] BUILD FAILURE
[INFO] ------------------------------------------------------------------------
[INFO] Total time:  52.703 s
[INFO] Finished at: 2025-10-01T09:19:08Z
[INFO] ------------------------------------------------------------------------
[WARNING] 
[WARNING] Plugin validation issues were detected in 6 plugin(s)
[WARNING] 
[WARNING]  * org.apache.maven.plugins:maven-site-plugin:3.12.0
[WARNING]  * org.apache.maven.plugins:maven-resources-plugin:3.2.0
[WARNING]  * org.apache.maven.plugins:maven-compiler-plugin:3.10.1
[WARNING]  * org.apache.maven.plugins:maven-enforcer-plugin:3.1.0
[WARNING]  * org.codehaus.mojo:buildnumber-maven-plugin:1.4
[WARNING]  * org.apache.maven.plugins:maven-remote-resources-plugin:1.7.0
[WARNING] 
[WARNING] For more or less details, use 'maven.plugin.validation' property with one of the values (case insensitive): [BRIEF, DEFAULT, VERBOSE]
[WARNING] 
[ERROR] Failed to execute goal org.apache.maven.plugins:maven-compiler-plugin:3.10.1:testCompile (default-testCompile) on project bval-jsr: Compilation failure
[ERROR] /bval/bval-jsr/src/test/java/org/apache/bval/jsr/DefaultMessageInterpolatorTest.java:[318,49] cannot find symbol
[ERROR]   symbol:   method getArgumentAt(int,java.lang.Class<java.lang.Class>)
[ERROR]   location: variable invocation of type org.mockito.invocation.InvocationOnMock
[ERROR] -> [Help 1]
[ERROR] 
[ERROR] To see the full stack trace of the errors, re-run Maven with the -e switch.
[ERROR] Re-run Maven using the -X switch to enable full debug logging.
[ERROR] 
[ERROR] For more information about the errors and possible solutions, please read the following articles:
[ERROR] [Help 1] http://cwiki.apache.org/confluence/display/MAVEN/MojoFailureException
[ERROR] 
[ERROR] After correcting the problems, you can resume the build with the command
[ERROR]   mvn <args> -rf :bval-jsr
