[INFO] Scanning for projects...
[INFO] Inspecting build with total of 1 modules...
[INFO] Installing Nexus Staging features:
[INFO]   ... total of 1 executions of maven-deploy-plugin replaced with nexus-staging-maven-plugin
[INFO] 
[INFO] ---------------< se.vandmo:dependency-lock-maven-plugin >---------------
[INFO] Building Dependency Lock Maven Plugin 0-SNAPSHOT
[INFO]   from pom.xml
[INFO] ----------------------------[ maven-plugin ]----------------------------
[INFO] 
[INFO] --- clean:3.1.0:clean (default-clean) @ dependency-lock-maven-plugin ---
[INFO] 
[INFO] --- dependency-lock:0.13:check (check) @ dependency-lock-maven-plugin ---
[ERROR] The following dependencies differ:
[ERROR]   Expected org.apache.maven:maven-artifact:LockedVersion{version=3.8.3}:compile:jar but found org.apache.maven:maven-artifact:3.8.4:compile:jar
[INFO] ------------------------------------------------------------------------
[INFO] BUILD FAILURE
[INFO] ------------------------------------------------------------------------
[INFO] Total time:  13.018 s
[INFO] Finished at: 2025-10-01T09:23:59Z
[INFO] ------------------------------------------------------------------------
[WARNING] 
[WARNING] Plugin validation issues were detected in 3 plugin(s)
[WARNING] 
[WARNING]  * org.apache.maven.plugins:maven-plugin-plugin:3.6.1
[WARNING]  * org.apache.maven.plugins:maven-clean-plugin:3.1.0
[WARNING]  * se.vandmo:dependency-lock-maven-plugin:0.13
[WARNING] 
[WARNING] For more or less details, use 'maven.plugin.validation' property with one of the values (case insensitive): [BRIEF, DEFAULT, VERBOSE]
[WARNING] 
[ERROR] Failed to execute goal se.vandmo:dependency-lock-maven-plugin:0.13:check (check) on project dependency-lock-maven-plugin: Dependencies differ -> [Help 1]
[ERROR] 
[ERROR] To see the full stack trace of the errors, re-run Maven with the -e switch.
[ERROR] Re-run Maven using the -X switch to enable full debug logging.
[ERROR] 
[ERROR] For more information about the errors and possible solutions, please read the following articles:
[ERROR] [Help 1] http://cwiki.apache.org/confluence/display/MAVEN/MojoExecutionException
