[INFO] Scanning for projects...
[WARNING] 
[WARNING] Some problems were encountered while building the effective model for de.hilling.junit.cdi:cdi-test-docs:jar:3.2.2-SNAPSHOT
[WARNING] 'dependencyManagement.dependencies.dependency.(groupId:artifactId:type:classifier)' must be unique: org.hibernate:hibernate-entitymanager:jar -> version 5.5.7.Final vs 5.6.0.Final @ de.hilling.junit.cdi:cdi-test:3.2.2-SNAPSHOT, /cdi-test/pom.xml, line 250, column 25
[WARNING] 
[WARNING] Some problems were encountered while building the effective model for de.hilling.junit.cdi:cdi-test:pom:3.2.2-SNAPSHOT
[WARNING] 'dependencyManagement.dependencies.dependency.(groupId:artifactId:type:classifier)' must be unique: org.hibernate:hibernate-entitymanager:jar -> version 5.5.7.Final vs 5.6.0.Final @ line 250, column 25
[WARNING] 
[WARNING] It is highly recommended to fix these problems because they threaten the stability of your build.
[WARNING] 
[WARNING] For this reason, future Maven versions might no longer support building such malformed projects.
[WARNING] 
[INFO] Inspecting build with total of 11 modules...
[INFO] Installing Nexus Staging features:
[INFO]   ... total of 5 executions of maven-deploy-plugin replaced with nexus-staging-maven-plugin
[INFO] ------------------------------------------------------------------------
[INFO] Reactor Build Order:
[INFO] 
[INFO] CDI Test                                                           [pom]
[INFO] cdi-test-docs                                                      [jar]
[INFO] cdi-test-api                                                       [jar]
[INFO] cdi-test-core                                                      [jar]
[INFO] cdi-test-jee                                                       [jar]
[INFO] CDI Test Microprofile Extension                                    [jar]
[INFO] integration-tests                                                  [pom]
[INFO] test-core                                                          [jar]
[INFO] test-jee                                                           [jar]
[INFO] test-jsf-war                                                       [war]
[INFO] CDI Test Microprofile Integration Tests                            [war]
[INFO] 
[INFO] -------------------< de.hilling.junit.cdi:cdi-test >--------------------
[INFO] Building CDI Test 3.2.2-SNAPSHOT                                  [1/11]
[INFO]   from pom.xml
[INFO] --------------------------------[ pom ]---------------------------------
[INFO] 
[INFO] --- clean:3.2.0:clean (default-clean) @ cdi-test ---
[INFO] 
[INFO] --- jacoco:0.8.7:prepare-agent (prepare-agent) @ cdi-test ---
[INFO] argLine set to -javaagent:/root/.m2/repository/org/jacoco/org.jacoco.agent/0.8.7/org.jacoco.agent-0.8.7-runtime.jar=destfile=/cdi-test/target/jacoco.exec
[INFO] 
[INFO] --- jandex:1.2.1:jandex (make-index) @ cdi-test ---
[INFO] [SKIP] Cannot process fileset in directory: /cdi-test/target/classes. Directory does not exist!
[INFO] 
[INFO] -----------------< de.hilling.junit.cdi:cdi-test-docs >-----------------
[INFO] Building cdi-test-docs 3.2.2-SNAPSHOT                             [2/11]
[INFO]   from docs/pom.xml
[INFO] --------------------------------[ jar ]---------------------------------
[INFO] 
[INFO] --- clean:3.2.0:clean (default-clean) @ cdi-test-docs ---
[INFO] 
[INFO] --- jacoco:0.8.7:prepare-agent (prepare-agent) @ cdi-test-docs ---
[INFO] argLine set to -javaagent:/root/.m2/repository/org/jacoco/org.jacoco.agent/0.8.7/org.jacoco.agent-0.8.7-runtime.jar=destfile=/cdi-test/docs/target/jacoco.exec
[INFO] 
[INFO] --- resources:3.3.0:resources (default-resources) @ cdi-test-docs ---
[INFO] skip non existing resourceDirectory /cdi-test/docs/src/main/resources
[INFO] 
[INFO] --- compiler:3.8.1:compile (default-compile) @ cdi-test-docs ---
[INFO] No sources to compile
[INFO] 
[INFO] --- jandex:1.2.1:jandex (make-index) @ cdi-test-docs ---
[INFO] [SKIP] Cannot process fileset in directory: /cdi-test/docs/target/classes. Directory does not exist!
[INFO] 
[INFO] --- resources:3.3.0:testResources (default-testResources) @ cdi-test-docs ---
[INFO] skip non existing resourceDirectory /cdi-test/docs/src/test/resources
[INFO] 
[INFO] --- compiler:3.8.1:testCompile (default-testCompile) @ cdi-test-docs ---
[INFO] No sources to compile
[INFO] 
[INFO] --- surefire:2.22.2:test (default-test) @ cdi-test-docs ---
[INFO] No tests to run.
[INFO] 
[INFO] -----------------< de.hilling.junit.cdi:cdi-test-api >------------------
[INFO] Building cdi-test-api 3.2.2-SNAPSHOT                              [3/11]
[INFO]   from cdi-test-api/pom.xml
[INFO] --------------------------------[ jar ]---------------------------------
[INFO] 
[INFO] --- clean:3.2.0:clean (default-clean) @ cdi-test-api ---
[INFO] Deleting /cdi-test/cdi-test-api/target
[INFO] 
[INFO] --- jacoco:0.8.7:prepare-agent (prepare-agent) @ cdi-test-api ---
[INFO] argLine set to -javaagent:/root/.m2/repository/org/jacoco/org.jacoco.agent/0.8.7/org.jacoco.agent-0.8.7-runtime.jar=destfile=/cdi-test/cdi-test-api/target/jacoco.exec
[INFO] 
[INFO] --- resources:3.3.0:resources (default-resources) @ cdi-test-api ---
[INFO] Copying 1 resource
[INFO] 
[INFO] --- compiler:3.8.1:compile (default-compile) @ cdi-test-api ---
[INFO] Changes detected - recompiling the module!
[INFO] Compiling 7 source files to /cdi-test/cdi-test-api/target/classes
[INFO] 
[INFO] --- jandex:1.2.1:jandex (make-index) @ cdi-test-api ---
[INFO] Saving Jandex index: /cdi-test/cdi-test-api/target/classes/META-INF/jandex.idx
[INFO] 
[INFO] --- resources:3.3.0:testResources (default-testResources) @ cdi-test-api ---
[INFO] skip non existing resourceDirectory /cdi-test/cdi-test-api/src/test/resources
[INFO] 
[INFO] --- compiler:3.8.1:testCompile (default-testCompile) @ cdi-test-api ---
[INFO] No sources to compile
[INFO] 
[INFO] --- surefire:2.22.2:test (default-test) @ cdi-test-api ---
[INFO] No tests to run.
[INFO] 
[INFO] -----------------< de.hilling.junit.cdi:cdi-test-core >-----------------
[INFO] Building cdi-test-core 3.2.2-SNAPSHOT                             [4/11]
[INFO]   from cdi-test-core/pom.xml
[INFO] --------------------------------[ jar ]---------------------------------
[INFO] 
[INFO] --- clean:3.2.0:clean (default-clean) @ cdi-test-core ---
[INFO] Deleting /cdi-test/cdi-test-core/target
[INFO] 
[INFO] --- jacoco:0.8.7:prepare-agent (prepare-agent) @ cdi-test-core ---
[INFO] argLine set to -javaagent:/root/.m2/repository/org/jacoco/org.jacoco.agent/0.8.7/org.jacoco.agent-0.8.7-runtime.jar=destfile=/cdi-test/cdi-test-core/target/jacoco.exec
[INFO] 
[INFO] --- resources:3.3.0:resources (default-resources) @ cdi-test-core ---
[INFO] Copying 3 resources
[INFO] 
[INFO] --- compiler:3.8.1:compile (default-compile) @ cdi-test-core ---
[INFO] Changes detected - recompiling the module!
[INFO] Compiling 23 source files to /cdi-test/cdi-test-core/target/classes
[INFO] -------------------------------------------------------------
[ERROR] COMPILATION ERROR : 
[INFO] -------------------------------------------------------------
[ERROR] /cdi-test/cdi-test-core/src/main/java/de/hilling/junit/cdi/scope/Replaceable.java:[5,25] package javax.interceptor does not exist
[ERROR] /cdi-test/cdi-test-core/src/main/java/de/hilling/junit/cdi/scope/Replaceable.java:[13,2] cannot find symbol
  symbol: class InterceptorBinding
[ERROR] /cdi-test/cdi-test-core/src/main/java/de/hilling/junit/cdi/scope/CallRedirectionInterceptor.java:[10,25] package javax.interceptor does not exist
[ERROR] /cdi-test/cdi-test-core/src/main/java/de/hilling/junit/cdi/scope/CallRedirectionInterceptor.java:[11,25] package javax.interceptor does not exist
[ERROR] /cdi-test/cdi-test-core/src/main/java/de/hilling/junit/cdi/scope/CallRedirectionInterceptor.java:[12,25] package javax.interceptor does not exist
[ERROR] /cdi-test/cdi-test-core/src/main/java/de/hilling/junit/cdi/scope/CallRedirectionInterceptor.java:[18,2] cannot find symbol
  symbol: class Interceptor
[ERROR] /cdi-test/cdi-test-core/src/main/java/de/hilling/junit/cdi/scope/CallRedirectionInterceptor.java:[28,38] cannot find symbol
  symbol:   class InvocationContext
  location: class de.hilling.junit.cdi.scope.CallRedirectionInterceptor
[ERROR] /cdi-test/cdi-test-core/src/main/java/de/hilling/junit/cdi/scope/CallRedirectionInterceptor.java:[40,36] cannot find symbol
  symbol:   class InvocationContext
  location: class de.hilling.junit.cdi.scope.CallRedirectionInterceptor
[ERROR] /cdi-test/cdi-test-core/src/main/java/de/hilling/junit/cdi/scope/CallRedirectionInterceptor.java:[55,29] cannot find symbol
  symbol:   class InvocationContext
  location: class de.hilling.junit.cdi.scope.CallRedirectionInterceptor
[ERROR] /cdi-test/cdi-test-core/src/main/java/de/hilling/junit/cdi/scope/CallRedirectionInterceptor.java:[27,6] cannot find symbol
  symbol:   class AroundInvoke
  location: class de.hilling.junit.cdi.scope.CallRedirectionInterceptor
[INFO] 10 errors 
[INFO] -------------------------------------------------------------
[INFO] ------------------------------------------------------------------------
[INFO] Reactor Summary for CDI Test 3.2.2-SNAPSHOT:
[INFO] 
[INFO] CDI Test ........................................... SUCCESS [  3.495 s]
[INFO] cdi-test-docs ...................................... SUCCESS [  3.991 s]
[INFO] cdi-test-api ....................................... SUCCESS [  8.924 s]
[INFO] cdi-test-core ...................................... FAILURE [  8.032 s]
[INFO] cdi-test-jee ....................................... SKIPPED
[INFO] CDI Test Microprofile Extension .................... SKIPPED
[INFO] integration-tests .................................. SKIPPED
[INFO] test-core .......................................... SKIPPED
[INFO] test-jee ........................................... SKIPPED
[INFO] test-jsf-war ....................................... SKIPPED
[INFO] CDI Test Microprofile Integration Tests ............ SKIPPED
[INFO] ------------------------------------------------------------------------
[INFO] BUILD FAILURE
[INFO] ------------------------------------------------------------------------
[INFO] Total time:  31.828 s
[INFO] Finished at: 2025-10-01T09:32:25Z
[INFO] ------------------------------------------------------------------------
[WARNING] 
[WARNING] Plugin validation issues were detected in 4 plugin(s)
[WARNING] 
[WARNING]  * org.jacoco:jacoco-maven-plugin:0.8.7
[WARNING]  * org.apache.maven.plugins:maven-compiler-plugin:3.8.1
[WARNING]  * org.apache.maven.plugins:maven-surefire-plugin:2.22.2
[WARNING]  * org.apache.maven.plugins:maven-resources-plugin:3.3.0
[WARNING] 
[WARNING] For more or less details, use 'maven.plugin.validation' property with one of the values (case insensitive): [BRIEF, DEFAULT, VERBOSE]
[WARNING] 
[ERROR] Failed to execute goal org.apache.maven.plugins:maven-compiler-plugin:3.8.1:compile (default-compile) on project cdi-test-core: Compilation failure: Compilation failure: 
[ERROR] /cdi-test/cdi-test-core/src/main/java/de/hilling/junit/cdi/scope/Replaceable.java:[5,25] package javax.interceptor does not exist
[ERROR] /cdi-test/cdi-test-core/src/main/java/de/hilling/junit/cdi/scope/Replaceable.java:[13,2] cannot find symbol
[ERROR]   symbol: class InterceptorBinding
[ERROR] /cdi-test/cdi-test-core/src/main/java/de/hilling/junit/cdi/scope/CallRedirectionInterceptor.java:[10,25] package javax.interceptor does not exist
[ERROR] /cdi-test/cdi-test-core/src/main/java/de/hilling/junit/cdi/scope/CallRedirectionInterceptor.java:[11,25] package javax.interceptor does not exist
[ERROR] /cdi-test/cdi-test-core/src/main/java/de/hilling/junit/cdi/scope/CallRedirectionInterceptor.java:[12,25] package javax.interceptor does not exist
[ERROR] /cdi-test/cdi-test-core/src/main/java/de/hilling/junit/cdi/scope/CallRedirectionInterceptor.java:[18,2] cannot find symbol
[ERROR]   symbol: class Interceptor
[ERROR] /cdi-test/cdi-test-core/src/main/java/de/hilling/junit/cdi/scope/CallRedirectionInterceptor.java:[28,38] cannot find symbol
[ERROR]   symbol:   class InvocationContext
[ERROR]   location: class de.hilling.junit.cdi.scope.CallRedirectionInterceptor
[ERROR] /cdi-test/cdi-test-core/src/main/java/de/hilling/junit/cdi/scope/CallRedirectionInterceptor.java:[40,36] cannot find symbol
[ERROR]   symbol:   class InvocationContext
[ERROR]   location: class de.hilling.junit.cdi.scope.CallRedirectionInterceptor
[ERROR] /cdi-test/cdi-test-core/src/main/java/de/hilling/junit/cdi/scope/CallRedirectionInterceptor.java:[55,29] cannot find symbol
[ERROR]   symbol:   class InvocationContext
[ERROR]   location: class de.hilling.junit.cdi.scope.CallRedirectionInterceptor
[ERROR] /cdi-test/cdi-test-core/src/main/java/de/hilling/junit/cdi/scope/CallRedirectionInterceptor.java:[27,6] cannot find symbol
[ERROR]   symbol:   class AroundInvoke
[ERROR]   location: class de.hilling.junit.cdi.scope.CallRedirectionInterceptor
[ERROR] -> [Help 1]
[ERROR] 
[ERROR] To see the full stack trace of the errors, re-run Maven with the -e switch.
[ERROR] Re-run Maven using the -X switch to enable full debug logging.
[ERROR] 
[ERROR] For more information about the errors and possible solutions, please read the following articles:
[ERROR] [Help 1] http://cwiki.apache.org/confluence/display/MAVEN/MojoFailureException
[ERROR] 
[ERROR] After correcting the problems, you can resume the build with the command
[ERROR]   mvn <args> -rf :cdi-test-core
