[INFO] Scanning for projects...
[INFO] 
[INFO] -------------------< com.maxmind.minfraud:minfraud >--------------------
[INFO] Building MaxMind minFraud Score, Insights, Factors and Report Transaction API 1.18.1-SNAPSHOT
[INFO]   from pom.xml
[INFO] --------------------------------[ jar ]---------------------------------
[WARNING] The POM for org.glassfish.jaxb:jaxb-runtime:jar:2.2.11 is invalid, transitive dependencies (if any) will not be available, enable debug logging for more details
[INFO] 
[INFO] --- clean:3.2.0:clean (default-clean) @ minfraud ---
[INFO] Deleting /minfraud-api-java/target
[INFO] 
[INFO] --- enforcer:1.0:enforce (enforce-maven) @ minfraud ---
[INFO] 
[INFO] --- resources:3.3.0:resources (default-resources) @ minfraud ---
[INFO] skip non existing resourceDirectory /minfraud-api-java/src/main/resources
[INFO] 
[INFO] --- compiler:3.9.0:compile (default-compile) @ minfraud ---
[INFO] Changes detected - recompiling the module!
[INFO] Compiling 42 source files to /minfraud-api-java/target/classes
[INFO] -------------------------------------------------------------
[ERROR] COMPILATION ERROR : 
[INFO] -------------------------------------------------------------
[ERROR] /minfraud-api-java/src/main/java/com/maxmind/minfraud/request/Email.java:[5,39] package org.apache.commons.codec.digest does not exist
[ERROR] /minfraud-api-java/src/main/java/com/maxmind/minfraud/request/Account.java:[5,39] package org.apache.commons.codec.digest does not exist
[ERROR] /minfraud-api-java/src/main/java/com/maxmind/minfraud/request/Email.java:[153,20] cannot find symbol
  symbol:   variable DigestUtils
  location: class com.maxmind.minfraud.request.Email
[ERROR] /minfraud-api-java/src/main/java/com/maxmind/minfraud/request/Account.java:[49,32] cannot find symbol
  symbol:   variable DigestUtils
  location: class com.maxmind.minfraud.request.Account.Builder
[INFO] 4 errors 
[INFO] -------------------------------------------------------------
[INFO] ------------------------------------------------------------------------
[INFO] BUILD FAILURE
[INFO] ------------------------------------------------------------------------
[INFO] Total time:  12.827 s
[INFO] Finished at: 2025-10-01T09:41:16Z
[INFO] ------------------------------------------------------------------------
[WARNING] 
[WARNING] Plugin validation issues were detected in 3 plugin(s)
[WARNING] 
[WARNING]  * org.apache.maven.plugins:maven-compiler-plugin:3.9.0
[WARNING]  * org.apache.maven.plugins:maven-resources-plugin:3.3.0
[WARNING]  * org.apache.maven.plugins:maven-enforcer-plugin:1.0
[WARNING] 
[WARNING] For more or less details, use 'maven.plugin.validation' property with one of the values (case insensitive): [BRIEF, DEFAULT, VERBOSE]
[WARNING] 
[ERROR] Failed to execute goal org.apache.maven.plugins:maven-compiler-plugin:3.9.0:compile (default-compile) on project minfraud: Compilation failure: Compilation failure: 
[ERROR] /minfraud-api-java/src/main/java/com/maxmind/minfraud/request/Email.java:[5,39] package org.apache.commons.codec.digest does not exist
[ERROR] /minfraud-api-java/src/main/java/com/maxmind/minfraud/request/Account.java:[5,39] package org.apache.commons.codec.digest does not exist
[ERROR] /minfraud-api-java/src/main/java/com/maxmind/minfraud/request/Email.java:[153,20] cannot find symbol
[ERROR]   symbol:   variable DigestUtils
[ERROR]   location: class com.maxmind.minfraud.request.Email
[ERROR] /minfraud-api-java/src/main/java/com/maxmind/minfraud/request/Account.java:[49,32] cannot find symbol
[ERROR]   symbol:   variable DigestUtils
[ERROR]   location: class com.maxmind.minfraud.request.Account.Builder
[ERROR] -> [Help 1]
[ERROR] 
[ERROR] To see the full stack trace of the errors, re-run Maven with the -e switch.
[ERROR] Re-run Maven using the -X switch to enable full debug logging.
[ERROR] 
[ERROR] For more information about the errors and possible solutions, please read the following articles:
[ERROR] [Help 1] http://cwiki.apache.org/confluence/display/MAVEN/MojoFailureException
