[INFO] Scanning for projects...
[INFO] ------------------------------------------------------------------------
[INFO] Reactor Build Order:
[INFO] 
[INFO] FSCrawler                                                          [pom]
[INFO] FSCrawler Test Framework                                           [jar]
[INFO] FSCrawler Framework                                                [jar]
[INFO] FSCrawler Settings                                                 [jar]
[INFO] FSCrawler Test Documents                                           [jar]
[INFO] FSCrawler Beans                                                    [jar]
[INFO] FSCrawler 3rd Party libraries                                      [pom]
[INFO] FSCrawler Workplace Search Client                                  [jar]
[INFO] FSCrawler Elasticsearch Client                                     [jar]
[INFO] FSCrawler Tika                                                     [jar]
[INFO] FSCrawler Crawlers                                                 [pom]
[INFO] FSCrawler Abstract Crawler                                         [jar]
[INFO] FSCrawler Crawlers: FS                                             [jar]
[INFO] FSCrawler Crawlers: FTP                                            [jar]
[INFO] FSCrawler Crawlers: SSH                                            [jar]
[INFO] FSCrawler Core                                                     [jar]
[INFO] FSCrawler Rest Server                                              [jar]
[INFO] FSCrawler Integration Tests                                        [jar]
[INFO] FSCrawler Cli                                                      [jar]
[INFO] FSCrawler ZIP Distribution                                         [jar]
[INFO] FSCrawler Documentation                                            [pom]
[INFO] 
[INFO] ----------< fr.pilato.elasticsearch.crawler:fscrawler-parent >----------
[INFO] Building FSCrawler 2.10-SNAPSHOT                                  [1/21]
[INFO]   from pom.xml
[INFO] --------------------------------[ pom ]---------------------------------
[INFO] 
[INFO] --- clean:3.2.0:clean (default-clean) @ fscrawler-parent ---
[INFO] 
[INFO] ------< fr.pilato.elasticsearch.crawler:fscrawler-test-framework >------
[INFO] Building FSCrawler Test Framework 2.10-SNAPSHOT                   [2/21]
[INFO]   from test-framework/pom.xml
[INFO] --------------------------------[ jar ]---------------------------------
[INFO] 
[INFO] --- clean:3.2.0:clean (default-clean) @ fscrawler-test-framework ---
[INFO] Deleting /fscrawler/test-framework/target
[INFO] 
[INFO] --- enforcer:3.0.0-M3:enforce (enforce) @ fscrawler-test-framework ---
[INFO] 
[INFO] --- resources:3.2.0:resources (default-resources) @ fscrawler-test-framework ---
[INFO] Using 'UTF-8' encoding to copy filtered resources.
[INFO] Using 'UTF-8' encoding to copy filtered properties files.
[INFO] skip non existing resourceDirectory /fscrawler/test-framework/src/main/resources
[INFO] 
[INFO] --- compiler:3.10.0:compile (default-compile) @ fscrawler-test-framework ---
[INFO] Changes detected - recompiling the module!
[INFO] Compiling 4 source files to /fscrawler/test-framework/target/classes
[WARNING] No processor claimed any of these annotations: /com.carrotsearch.randomizedtesting.annotations.TimeoutSuite,/org.junit.ClassRule,/org.junit.BeforeClass,/com.carrotsearch.randomizedtesting.annotations.ThreadLeakLingering,/org.junit.Rule,/com.carrotsearch.randomizedtesting.annotations.ThreadLeakScope,/org.junit.runner.RunWith,/org.junit.AfterClass,/com.carrotsearch.randomizedtesting.annotations.Listeners
[INFO] /fscrawler/test-framework/src/main/java/fr/pilato/elasticsearch/crawler/fs/test/framework/AbstractFSCrawlerTestCase.java: /fscrawler/test-framework/src/main/java/fr/pilato/elasticsearch/crawler/fs/test/framework/AbstractFSCrawlerTestCase.java uses unchecked or unsafe operations.
[INFO] /fscrawler/test-framework/src/main/java/fr/pilato/elasticsearch/crawler/fs/test/framework/AbstractFSCrawlerTestCase.java: Recompile with -Xlint:unchecked for details.
[INFO] 
[INFO] --- resources:3.2.0:testResources (default-testResources) @ fscrawler-test-framework ---
[INFO] Using 'UTF-8' encoding to copy filtered resources.
[INFO] Using 'UTF-8' encoding to copy filtered properties files.
[INFO] Copying 1 resource
[INFO] 
[INFO] --- compiler:3.10.0:testCompile (default-testCompile) @ fscrawler-test-framework ---
[INFO] Changes detected - recompiling the module!
[INFO] Compiling 1 source file to /fscrawler/test-framework/target/test-classes
[WARNING] No processor claimed any of these annotations: /com.carrotsearch.randomizedtesting.annotations.ThreadLeakLingering,/com.carrotsearch.randomizedtesting.annotations.ThreadLeakScope,/org.junit.Test,/com.carrotsearch.randomizedtesting.annotations.TimeoutSuite,/org.junit.runner.RunWith
[INFO] 
[INFO] --- junit4:2.7.9:junit4 (unit-tests) @ fscrawler-test-framework ---
[INFO] <JUnit4> says salut! Master seed: AA96E6256A3C5E55
Executing 1 suite with 1 JVM.

Started J0 PID(71@77de8f79d9ea).
[INFO] JVM J0:     2.10 ..     7.48 =     5.38s
[INFO] Execution time total: 7.65 sec.
[INFO] Tests summary: 1 suite, 2 tests
[INFO] 
[INFO] --------< fr.pilato.elasticsearch.crawler:fscrawler-framework >---------
[INFO] Building FSCrawler Framework 2.10-SNAPSHOT                        [3/21]
[INFO]   from framework/pom.xml
[INFO] --------------------------------[ jar ]---------------------------------
[INFO] 
[INFO] --- clean:3.2.0:clean (default-clean) @ fscrawler-framework ---
[INFO] Deleting /fscrawler/framework/target
[INFO] 
[INFO] --- enforcer:3.0.0-M3:enforce (enforce) @ fscrawler-framework ---
[INFO] 
[INFO] --- resources:3.2.0:resources (default-resources) @ fscrawler-framework ---
[INFO] Using 'UTF-8' encoding to copy filtered resources.
[INFO] Using 'UTF-8' encoding to copy filtered properties files.
[INFO] Copying 1 resource
[INFO] 
[INFO] --- compiler:3.10.0:compile (default-compile) @ fscrawler-framework ---
[INFO] Changes detected - recompiling the module!
[INFO] Compiling 28 source files to /fscrawler/framework/target/classes
[INFO] 
[INFO] --- resources:3.2.0:testResources (default-testResources) @ fscrawler-framework ---
[INFO] Using 'UTF-8' encoding to copy filtered resources.
[INFO] Using 'UTF-8' encoding to copy filtered properties files.
[INFO] Copying 1 resource
[INFO] 
[INFO] --- compiler:3.10.0:testCompile (default-testCompile) @ fscrawler-framework ---
[INFO] Changes detected - recompiling the module!
[INFO] Compiling 4 source files to /fscrawler/framework/target/test-classes
[WARNING] No processor claimed any of these annotations: /org.junit.BeforeClass,/com.carrotsearch.randomizedtesting.annotations.ThreadLeakLingering,/com.carrotsearch.randomizedtesting.annotations.ThreadLeakScope,/org.junit.Test,/com.carrotsearch.randomizedtesting.annotations.TimeoutSuite,/org.junit.runner.RunWith
[INFO] 
[INFO] ---------< fr.pilato.elasticsearch.crawler:fscrawler-settings >---------
[INFO] Building FSCrawler Settings 2.10-SNAPSHOT                         [4/21]
[INFO]   from settings/pom.xml
[INFO] --------------------------------[ jar ]---------------------------------
[INFO] 
[INFO] --- clean:3.2.0:clean (default-clean) @ fscrawler-settings ---
[INFO] Deleting /fscrawler/settings/target
[INFO] 
[INFO] --- enforcer:3.0.0-M3:enforce (enforce) @ fscrawler-settings ---
[INFO] 
[INFO] --- resources:3.2.0:resources (default-resources) @ fscrawler-settings ---
[INFO] Using 'UTF-8' encoding to copy filtered resources.
[INFO] Using 'UTF-8' encoding to copy filtered properties files.
[INFO] Copying 5 resources
[INFO] 
[INFO] --- compiler:3.10.0:compile (default-compile) @ fscrawler-settings ---
[INFO] Changes detected - recompiling the module!
[INFO] Compiling 11 source files to /fscrawler/settings/target/classes
[WARNING] No processor claimed any of these annotations: /com.fasterxml.jackson.annotation.JsonIgnore,/com.fasterxml.jackson.annotation.JsonProperty
[INFO] 
[INFO] --- resources:3.2.0:testResources (default-testResources) @ fscrawler-settings ---
[INFO] Using 'UTF-8' encoding to copy filtered resources.
[INFO] Using 'UTF-8' encoding to copy filtered properties files.
[INFO] Copying 6 resources
[INFO] 
[INFO] --- compiler:3.10.0:testCompile (default-testCompile) @ fscrawler-settings ---
[INFO] Changes detected - recompiling the module!
[INFO] Compiling 8 source files to /fscrawler/settings/target/test-classes
[WARNING] No processor claimed any of these annotations: /org.junit.BeforeClass,/com.carrotsearch.randomizedtesting.annotations.ThreadLeakLingering,/com.carrotsearch.randomizedtesting.annotations.ThreadLeakScope,/org.junit.Test,/com.carrotsearch.randomizedtesting.annotations.TimeoutSuite,/org.junit.runner.RunWith
[INFO] 
[INFO] --- junit4:2.7.9:junit4 (unit-tests) @ fscrawler-settings ---
[INFO] <JUnit4> says ciao! Master seed: 78301103A63A60CD
Executing 8 suites with 4 JVMs.

Started J2 PID(123@77de8f79d9ea).
Started J3 PID(114@77de8f79d9ea).
Started J0 PID(134@77de8f79d9ea).
Started J1 PID(135@77de8f79d9ea).
[INFO] JVM J0:     3.28 ..    10.26 =     6.98s
[INFO] JVM J1:     3.69 ..    12.43 =     8.74s
[INFO] JVM J2:     2.04 ..    14.73 =    12.69s
[INFO] JVM J3:     2.76 ..    11.63 =     8.87s
[INFO] Execution time total: 14 seconds
[INFO] Tests summary: 8 suites, 50 tests
[INFO] 
[INFO] ------< fr.pilato.elasticsearch.crawler:fscrawler-test-documents >------
[INFO] Building FSCrawler Test Documents 2.10-SNAPSHOT                   [5/21]
[INFO]   from test-documents/pom.xml
[INFO] --------------------------------[ jar ]---------------------------------
[INFO] 
[INFO] --- clean:3.2.0:clean (default-clean) @ fscrawler-test-documents ---
[INFO] Deleting /fscrawler/test-documents/target
[INFO] 
[INFO] --- enforcer:3.0.0-M3:enforce (enforce) @ fscrawler-test-documents ---
[INFO] 
[INFO] --- resources:3.2.0:resources (default-resources) @ fscrawler-test-documents ---
[INFO] Using 'UTF-8' encoding to copy filtered resources.
[INFO] Using 'UTF-8' encoding to copy filtered properties files.
[INFO] Copying 30 resources
[INFO] 
[INFO] --- compiler:3.10.0:compile (default-compile) @ fscrawler-test-documents ---
[INFO] No sources to compile
[INFO] 
[INFO] --- resources:3.2.0:testResources (default-testResources) @ fscrawler-test-documents ---
[INFO] Using 'UTF-8' encoding to copy filtered resources.
[INFO] Using 'UTF-8' encoding to copy filtered properties files.
[INFO] skip non existing resourceDirectory /fscrawler/test-documents/src/test/resources
[INFO] 
[INFO] --- compiler:3.10.0:testCompile (default-testCompile) @ fscrawler-test-documents ---
[INFO] No sources to compile
[INFO] 
[INFO] ----------< fr.pilato.elasticsearch.crawler:fscrawler-beans >-----------
[INFO] Building FSCrawler Beans 2.10-SNAPSHOT                            [6/21]
[INFO]   from beans/pom.xml
[INFO] --------------------------------[ jar ]---------------------------------
[INFO] 
[INFO] --- clean:3.2.0:clean (default-clean) @ fscrawler-beans ---
[INFO] Deleting /fscrawler/beans/target
[INFO] 
[INFO] --- enforcer:3.0.0-M3:enforce (enforce) @ fscrawler-beans ---
[INFO] 
[INFO] --- resources:3.2.0:resources (default-resources) @ fscrawler-beans ---
[INFO] Using 'UTF-8' encoding to copy filtered resources.
[INFO] Using 'UTF-8' encoding to copy filtered properties files.
[INFO] skip non existing resourceDirectory /fscrawler/beans/src/main/resources
[INFO] 
[INFO] --- compiler:3.10.0:compile (default-compile) @ fscrawler-beans ---
[INFO] Changes detected - recompiling the module!
[INFO] Compiling 9 source files to /fscrawler/beans/target/classes
[INFO] 
[INFO] --- resources:3.2.0:testResources (default-testResources) @ fscrawler-beans ---
[INFO] Using 'UTF-8' encoding to copy filtered resources.
[INFO] Using 'UTF-8' encoding to copy filtered properties files.
[INFO] Copying 1 resource
[INFO] 
[INFO] --- compiler:3.10.0:testCompile (default-testCompile) @ fscrawler-beans ---
[INFO] Changes detected - recompiling the module!
[INFO] Compiling 1 source file to /fscrawler/beans/target/test-classes
[WARNING] No processor claimed any of these annotations: /com.carrotsearch.randomizedtesting.annotations.ThreadLeakLingering,/com.carrotsearch.randomizedtesting.annotations.ThreadLeakScope,/org.junit.Test,/com.carrotsearch.randomizedtesting.annotations.TimeoutSuite,/org.junit.runner.RunWith
[INFO] 
[INFO] --- junit4:2.7.9:junit4 (unit-tests) @ fscrawler-beans ---
[INFO] <JUnit4> says ol√°! Master seed: B32C07FAC5EE0252
Executing 1 suite with 1 JVM.

Started J0 PID(262@77de8f79d9ea).
[INFO] JVM J0:     2.16 ..     8.98 =     6.82s
[INFO] Execution time total: 9.01 sec.
[INFO] Tests summary: 1 suite, 3 tests
[INFO] 
[INFO] ---------< fr.pilato.elasticsearch.crawler:fscrawler-3rdparty >---------
[INFO] Building FSCrawler 3rd Party libraries 2.10-SNAPSHOT              [7/21]
[INFO]   from 3rdparty/pom.xml
[INFO] --------------------------------[ pom ]---------------------------------
[INFO] 
[INFO] --- clean:3.2.0:clean (default-clean) @ fscrawler-3rdparty ---
[INFO] 
[INFO] --< fr.pilato.elasticsearch.crawler:fscrawler-workplacesearch-client >--
[INFO] Building FSCrawler Workplace Search Client 2.10-SNAPSHOT          [8/21]
[INFO]   from 3rdparty/workplacesearch-client/pom.xml
[INFO] --------------------------------[ jar ]---------------------------------
[INFO] 
[INFO] --- clean:3.2.0:clean (default-clean) @ fscrawler-workplacesearch-client ---
[INFO] Deleting /fscrawler/3rdparty/workplacesearch-client/target
[INFO] 
[INFO] --- resources:3.2.0:resources (default-resources) @ fscrawler-workplacesearch-client ---
[INFO] Using 'UTF-8' encoding to copy filtered resources.
[INFO] Using 'UTF-8' encoding to copy filtered properties files.
[INFO] Copying 1 resource
[INFO] 
[INFO] --- compiler:3.10.0:compile (default-compile) @ fscrawler-workplacesearch-client ---
[INFO] Changes detected - recompiling the module!
[INFO] Compiling 5 source files to /fscrawler/3rdparty/workplacesearch-client/target/classes
[WARNING] /fscrawler/3rdparty/workplacesearch-client/src/main/java/fr/pilato/elasticsearch/crawler/fs/thirdparty/wpsearch/WPSearchClient.java:[342,31] parseJson(java.lang.String) in fr.pilato.elasticsearch.crawler.fs.framework.JsonUtil has been deprecated
[WARNING] /fscrawler/3rdparty/workplacesearch-client/src/main/java/fr/pilato/elasticsearch/crawler/fs/thirdparty/wpsearch/WPSearchClient.java:[391,27] parseJson(java.lang.String) in fr.pilato.elasticsearch.crawler.fs.framework.JsonUtil has been deprecated
[INFO] 
[INFO] --- resources:3.2.0:testResources (default-testResources) @ fscrawler-workplacesearch-client ---
[INFO] Using 'UTF-8' encoding to copy filtered resources.
[INFO] Using 'UTF-8' encoding to copy filtered properties files.
[INFO] skip non existing resourceDirectory /fscrawler/3rdparty/workplacesearch-client/src/test/resources
[INFO] 
[INFO] --- compiler:3.10.0:testCompile (default-testCompile) @ fscrawler-workplacesearch-client ---
[INFO] No sources to compile
[INFO] 
[INFO] ---< fr.pilato.elasticsearch.crawler:fscrawler-elasticsearch-client >---
[INFO] Building FSCrawler Elasticsearch Client 2.10-SNAPSHOT             [9/21]
[INFO]   from elasticsearch-client/pom.xml
[INFO] --------------------------------[ jar ]---------------------------------
[INFO] 
[INFO] --- clean:3.2.0:clean (default-clean) @ fscrawler-elasticsearch-client ---
[INFO] Deleting /fscrawler/elasticsearch-client/target
[INFO] 
[INFO] --- enforcer:3.0.0-M3:enforce (enforce) @ fscrawler-elasticsearch-client ---
[INFO] 
[INFO] --- resources:3.2.0:resources (default-resources) @ fscrawler-elasticsearch-client ---
[INFO] Using 'UTF-8' encoding to copy filtered resources.
[INFO] Using 'UTF-8' encoding to copy filtered properties files.
[INFO] skip non existing resourceDirectory /fscrawler/elasticsearch-client/src/main/resources
[INFO] 
[INFO] --- compiler:3.10.0:compile (default-compile) @ fscrawler-elasticsearch-client ---
[INFO] Changes detected - recompiling the module!
[INFO] Compiling 22 source files to /fscrawler/elasticsearch-client/target/classes
[WARNING] /fscrawler/elasticsearch-client/src/main/java/fr/pilato/elasticsearch/crawler/fs/client/ElasticsearchClient.java:[407,17] createIndices() in fr.pilato.elasticsearch.crawler.fs.client.IElasticsearchClient has been deprecated
[WARNING] /fscrawler/elasticsearch-client/src/main/java/fr/pilato/elasticsearch/crawler/fs/client/ElasticsearchClient.java:[170,27] parseJson(java.lang.String) in fr.pilato.elasticsearch.crawler.fs.framework.JsonUtil has been deprecated
[WARNING] /fscrawler/elasticsearch-client/src/main/java/fr/pilato/elasticsearch/crawler/fs/client/ElasticsearchClient.java:[274,27] parseJson(java.lang.String) in fr.pilato.elasticsearch.crawler.fs.framework.JsonUtil has been deprecated
[WARNING] /fscrawler/elasticsearch-client/src/main/java/fr/pilato/elasticsearch/crawler/fs/client/ElasticsearchClient.java:[535,32] setSourceAsMap(java.util.Map<java.lang.String,java.lang.Object>) in fr.pilato.elasticsearch.crawler.fs.client.ESSearchHit has been deprecated
[WARNING] /fscrawler/elasticsearch-client/src/main/java/fr/pilato/elasticsearch/crawler/fs/client/ElasticsearchClient.java:[537,32] setSourceAsMap(java.util.Map<java.lang.String,java.lang.Object>) in fr.pilato.elasticsearch.crawler.fs.client.ESSearchHit has been deprecated
[WARNING] /fscrawler/elasticsearch-client/src/main/java/fr/pilato/elasticsearch/crawler/fs/client/ElasticsearchClient.java:[635,31] parseJson(java.lang.String) in fr.pilato.elasticsearch.crawler.fs.framework.JsonUtil has been deprecated
[WARNING] /fscrawler/elasticsearch-client/src/main/java/fr/pilato/elasticsearch/crawler/fs/client/ElasticsearchClient.java:[667,12] setSourceAsMap(java.util.Map<java.lang.String,java.lang.Object>) in fr.pilato.elasticsearch.crawler.fs.client.ESSearchHit has been deprecated
[INFO] /fscrawler/elasticsearch-client/src/main/java/fr/pilato/elasticsearch/crawler/fs/client/ElasticsearchBulkResponse.java: Some input files use unchecked or unsafe operations.
[INFO] /fscrawler/elasticsearch-client/src/main/java/fr/pilato/elasticsearch/crawler/fs/client/ElasticsearchBulkResponse.java: Recompile with -Xlint:unchecked for details.
[INFO] 
[INFO] --- resources:3.2.0:testResources (default-testResources) @ fscrawler-elasticsearch-client ---
[INFO] Using 'UTF-8' encoding to copy filtered resources.
[INFO] Using 'UTF-8' encoding to copy filtered properties files.
[INFO] Copying 1 resource
[INFO] 
[INFO] --- compiler:3.10.0:testCompile (default-testCompile) @ fscrawler-elasticsearch-client ---
[INFO] Changes detected - recompiling the module!
[INFO] Compiling 1 source file to /fscrawler/elasticsearch-client/target/test-classes
[WARNING] No processor claimed any of these annotations: /com.carrotsearch.randomizedtesting.annotations.ThreadLeakLingering,/com.carrotsearch.randomizedtesting.annotations.ThreadLeakScope,/org.junit.Test,/com.carrotsearch.randomizedtesting.annotations.TimeoutSuite,/org.junit.runner.RunWith
[INFO] 
[INFO] --- junit4:2.7.9:junit4 (unit-tests) @ fscrawler-elasticsearch-client ---
[INFO] <JUnit4> says salut! Master seed: 930E4D455EA83F69
Executing 1 suite with 1 JVM.

Started J0 PID(302@77de8f79d9ea).
[INFO] JVM J0:     1.50 ..     5.31 =     3.81s
[INFO] Execution time total: 5.39 sec.
[INFO] Tests summary: 1 suite, 3 tests
[INFO] 
[INFO] -----------< fr.pilato.elasticsearch.crawler:fscrawler-tika >-----------
[INFO] Building FSCrawler Tika 2.10-SNAPSHOT                            [10/21]
[INFO]   from tika/pom.xml
[INFO] --------------------------------[ jar ]---------------------------------
[INFO] 
[INFO] --- clean:3.2.0:clean (default-clean) @ fscrawler-tika ---
[INFO] Deleting /fscrawler/tika/target
[INFO] 
[INFO] --- enforcer:3.0.0-M3:enforce (enforce) @ fscrawler-tika ---
[INFO] 
[INFO] --- resources:3.2.0:resources (default-resources) @ fscrawler-tika ---
[INFO] Using 'UTF-8' encoding to copy filtered resources.
[INFO] Using 'UTF-8' encoding to copy filtered properties files.
[INFO] skip non existing resourceDirectory /fscrawler/tika/src/main/resources
[INFO] 
[INFO] --- compiler:3.10.0:compile (default-compile) @ fscrawler-tika ---
[INFO] Changes detected - recompiling the module!
[INFO] Compiling 3 source files to /fscrawler/tika/target/classes
[INFO] 
[INFO] --- resources:3.2.0:testResources (default-testResources) @ fscrawler-tika ---
[INFO] Using 'UTF-8' encoding to copy filtered resources.
[INFO] Using 'UTF-8' encoding to copy filtered properties files.
[INFO] Copying 1 resource
[INFO] 
[INFO] --- compiler:3.10.0:testCompile (default-testCompile) @ fscrawler-tika ---
[INFO] Changes detected - recompiling the module!
[INFO] Compiling 3 source files to /fscrawler/tika/target/test-classes
[WARNING] No processor claimed any of these annotations: /org.junit.BeforeClass,/com.carrotsearch.randomizedtesting.annotations.ThreadLeakLingering,/com.carrotsearch.randomizedtesting.annotations.ThreadLeakScope,/org.junit.Test,/com.carrotsearch.randomizedtesting.annotations.TimeoutSuite,/org.junit.runner.RunWith
[INFO] 
[INFO] --- junit4:2.7.9:junit4 (unit-tests) @ fscrawler-tika ---
[INFO] <JUnit4> says jolly good day! Master seed: DB1B25EE8D3618B1
Executing 2 suites with 2 JVMs.

Started J1 PID(341@77de8f79d9ea).
Started J0 PID(346@77de8f79d9ea).
  1> 06:49:03,771 INFO  [f.p.e.c.f.t.TikaDocParserTest] Test extraction of [test.txt]
  1> 06:49:04,038 INFO  [f.p.e.c.f.t.TikaDocParserTest] Test extraction of [test-protected.docx]
  1> 06:49:04,336 INFO  [f.p.e.c.f.t.TikaInstance] OCR is disabled.
  1> 06:49:08,478 ERROR [f.document] [543318f22fa821f2bb0bbc8794de8d][/] WORKBOOK_DIR_ENTRY_NAMES
  1> 06:49:08,478 WARN  [f.p.e.c.f.t.TikaDocParser] Failed to extract [100000] characters of text for [/documents/test-protected.docx]: WORKBOOK_DIR_ENTRY_NAMES
  2> REPRODUCE WITH:
  2> mvn integration-test -Dtests.seed=DB1B25EE8D3618B1 -Dtests.class=fr.pilato.elasticsearch.crawler.fs.tika.TikaDocParserTest -Dtests.method="testProtectedDocument" -Dtests.locale=ar-JO -Dtests.timezone=SystemV/AST4ADT
FAILURE 4.60s J0 | TikaDocParserTest.testProtectedDocument <<<
   > Throwable #1: java.lang.AssertionError: 
   > Expected: is "application/x-tika-ooxml-protected"
   >      but: was null
   > 	at __randomizedtesting.SeedInfo.seed([DB1B25EE8D3618B1:F8C5D30BAC1A6E5B]:0)
   > 	at org.hamcrest.MatcherAssert.assertThat(MatcherAssert.java:20)
   > 	at org.hamcrest.MatcherAssert.assertThat(MatcherAssert.java:8)
   > 	at fr.pilato.elasticsearch.crawler.fs.tika.TikaDocParserTest.testProtectedDocument(TikaDocParserTest.java:764)
   > 	at java.base/jdk.internal.reflect.NativeMethodAccessorImpl.invoke0(Native Method)
   > 	at java.base/jdk.internal.reflect.NativeMethodAccessorImpl.invoke(NativeMethodAccessorImpl.java:62)
   > 	at java.base/jdk.internal.reflect.DelegatingMethodAccessorImpl.invoke(DelegatingMethodAccessorImpl.java:43)
   > 	at java.base/java.lang.reflect.Method.invoke(Method.java:566)
   > 	at com.carrotsearch.randomizedtesting.RandomizedRunner.invoke(RandomizedRunner.java:1758)
   > 	at com.carrotsearch.randomizedtesting.RandomizedRunner$8.evaluate(RandomizedRunner.java:946)
   > 	at org.junit.rules.TestWatcher$1.evaluate(TestWatcher.java:61)
   > 	at com.carrotsearch.randomizedtesting.rules.StatementAdapter.evaluate(StatementAdapter.java:36)
   > 	at com.carrotsearch.randomizedtesting.ThreadLeakControl$StatementRunner.run(ThreadLeakControl.java:375)
   > 	at com.carrotsearch.randomizedtesting.ThreadLeakControl.forkTimeoutingTask(ThreadLeakControl.java:824)
   > 	at com.carrotsearch.randomizedtesting.ThreadLeakControl$3.evaluate(ThreadLeakControl.java:475)
   > 	at com.carrotsearch.randomizedtesting.RandomizedRunner.runSingleTest(RandomizedRunner.java:955)
   > 	at com.carrotsearch.randomizedtesting.RandomizedRunner$5.evaluate(RandomizedRunner.java:840)
   > 	at com.carrotsearch.randomizedtesting.RandomizedRunner$6.evaluate(RandomizedRunner.java:891)
   > 	at com.carrotsearch.randomizedtesting.RandomizedRunner$7.evaluate(RandomizedRunner.java:902)
   > 	at org.junit.rules.ExternalResource$1.evaluate(ExternalResource.java:54)
   > 	at com.carrotsearch.randomizedtesting.rules.StatementAdapter.evaluate(StatementAdapter.java:36)
   > 	at com.carrotsearch.randomizedtesting.ThreadLeakControl$StatementRunner.run(ThreadLeakControl.java:375)
   > 	at com.carrotsearch.randomizedtesting.ThreadLeakControl.lambda$forkTimeoutingTask$0(ThreadLeakControl.java:831)
   > 	at java.base/java.lang.Thread.run(Thread.java:829)
  1> 06:49:08,578 INFO  [f.p.e.c.f.t.TikaDocParserTest] Test extraction of [test.mp3]
  1> 06:49:08,583 INFO  [f.p.e.c.f.t.TikaInstance] OCR is disabled.
  1> 06:49:09,423 INFO  [f.p.e.c.f.t.TikaDocParserTest] Test extraction of [test.doc]
  1> 06:49:09,446 INFO  [f.p.e.c.f.t.TikaInstance] OCR is disabled.
  1> 06:49:09,731 ERROR [f.document] [adcd46a474daa5d22e2b5d15a4192ceb][/] WORKBOOK_DIR_ENTRY_NAMES
  1> 06:49:09,731 WARN  [f.p.e.c.f.t.TikaDocParser] Failed to extract [100000] characters of text for [/documents/test.doc]: WORKBOOK_DIR_ENTRY_NAMES
  2> REPRODUCE WITH:
  2> mvn integration-test -Dtests.seed=DB1B25EE8D3618B1 -Dtests.class=fr.pilato.elasticsearch.crawler.fs.tika.TikaDocParserTest -Dtests.method="testExtractFromDoc" -Dtests.locale=ar-JO -Dtests.timezone=SystemV/AST4ADT
FAILURE 0.32s J0 | TikaDocParserTest.testExtractFromDoc <<<
   > Throwable #1: java.lang.AssertionError: 
   > Expected: a string containing "This is a sample text available in page"
   >      but: was null
   > 	at __randomizedtesting.SeedInfo.seed([DB1B25EE8D3618B1:DE23DDF48B42F49E]:0)
   > 	at org.hamcrest.MatcherAssert.assertThat(MatcherAssert.java:20)
   > 	at org.hamcrest.MatcherAssert.assertThat(MatcherAssert.java:8)
   > 	at fr.pilato.elasticsearch.crawler.fs.tika.TikaDocParserTest.testExtractFromDoc(TikaDocParserTest.java:153)
   > 	at java.base/jdk.internal.reflect.NativeMethodAccessorImpl.invoke0(Native Method)
   > 	at java.base/jdk.internal.reflect.NativeMethodAccessorImpl.invoke(NativeMethodAccessorImpl.java:62)
   > 	at java.base/jdk.internal.reflect.DelegatingMethodAccessorImpl.invoke(DelegatingMethodAccessorImpl.java:43)
   > 	at java.base/java.lang.reflect.Method.invoke(Method.java:566)
   > 	at com.carrotsearch.randomizedtesting.RandomizedRunner.invoke(RandomizedRunner.java:1758)
   > 	at com.carrotsearch.randomizedtesting.RandomizedRunner$8.evaluate(RandomizedRunner.java:946)
   > 	at org.junit.rules.TestWatcher$1.evaluate(TestWatcher.java:61)
   > 	at com.carrotsearch.randomizedtesting.rules.StatementAdapter.evaluate(StatementAdapter.java:36)
   > 	at com.carrotsearch.randomizedtesting.ThreadLeakControl$StatementRunner.run(ThreadLeakControl.java:375)
   > 	at com.carrotsearch.randomizedtesting.ThreadLeakControl.forkTimeoutingTask(ThreadLeakControl.java:824)
   > 	at com.carrotsearch.randomizedtesting.ThreadLeakControl$3.evaluate(ThreadLeakControl.java:475)
   > 	at com.carrotsearch.randomizedtesting.RandomizedRunner.runSingleTest(RandomizedRunner.java:955)
   > 	at com.carrotsearch.randomizedtesting.RandomizedRunner$5.evaluate(RandomizedRunner.java:840)
   > 	at com.carrotsearch.randomizedtesting.RandomizedRunner$6.evaluate(RandomizedRunner.java:891)
   > 	at com.carrotsearch.randomizedtesting.RandomizedRunner$7.evaluate(RandomizedRunner.java:902)
   > 	at org.junit.rules.ExternalResource$1.evaluate(ExternalResource.java:54)
   > 	at com.carrotsearch.randomizedtesting.rules.StatementAdapter.evaluate(StatementAdapter.java:36)
   > 	at com.carrotsearch.randomizedtesting.ThreadLeakControl$StatementRunner.run(ThreadLeakControl.java:375)
   > 	at com.carrotsearch.randomizedtesting.ThreadLeakControl.lambda$forkTimeoutingTask$0(ThreadLeakControl.java:831)
   > 	at java.base/java.lang.Thread.run(Thread.java:829)
  1> 06:49:09,768 INFO  [f.p.e.c.f.t.TikaDocParserTest] Test extraction of [issue-stackoverflow.docx]
  1> 06:49:09,798 INFO  [f.p.e.c.f.t.TikaInstance] OCR is disabled.
  1> 06:49:10,416 ERROR [f.document] [ed9242994f9413e14bc9e285512386d8][/] class org.apache.poi.ooxml.extractor.POIXMLTextExtractor has interface org.apache.poi.extractor.POITextExtractor as super class
  1> 06:49:10,417 WARN  [f.p.e.c.f.t.TikaDocParser] Failed to extract [100000] characters of text for [/documents/issue-stackoverflow.docx]: class org.apache.poi.ooxml.extractor.POIXMLTextExtractor has interface org.apache.poi.extractor.POITextExtractor as super class
  2> REPRODUCE WITH:
  2> mvn integration-test -Dtests.seed=DB1B25EE8D3618B1 -Dtests.class=fr.pilato.elasticsearch.crawler.fs.tika.TikaDocParserTest -Dtests.method="testDocxWithEmbeddedBadPDF" -Dtests.locale=ar-JO -Dtests.timezone=SystemV/AST4ADT
FAILURE 0.69s J0 | TikaDocParserTest.testDocxWithEmbeddedBadPDF <<<
   > Throwable #1: java.lang.AssertionError: 
   > Expected: not (null or an empty string)
   >      but: was null
   > 	at __randomizedtesting.SeedInfo.seed([DB1B25EE8D3618B1:B1906D6B8454219B]:0)
   > 	at org.hamcrest.MatcherAssert.assertThat(MatcherAssert.java:20)
   > 	at org.hamcrest.MatcherAssert.assertThat(MatcherAssert.java:8)
   > 	at fr.pilato.elasticsearch.crawler.fs.tika.TikaDocParserTest.testDocxWithEmbeddedBadPDF(TikaDocParserTest.java:770)
   > 	at java.base/jdk.internal.reflect.NativeMethodAccessorImpl.invoke0(Native Method)
   > 	at java.base/jdk.internal.reflect.NativeMethodAccessorImpl.invoke(NativeMethodAccessorImpl.java:62)
   > 	at java.base/jdk.internal.reflect.DelegatingMethodAccessorImpl.invoke(DelegatingMethodAccessorImpl.java:43)
   > 	at java.base/java.lang.reflect.Method.invoke(Method.java:566)
   > 	at com.carrotsearch.randomizedtesting.RandomizedRunner.invoke(RandomizedRunner.java:1758)
   > 	at com.carrotsearch.randomizedtesting.RandomizedRunner$8.evaluate(RandomizedRunner.java:946)
   > 	at org.junit.rules.TestWatcher$1.evaluate(TestWatcher.java:61)
   > 	at com.carrotsearch.randomizedtesting.rules.StatementAdapter.evaluate(StatementAdapter.java:36)
   > 	at com.carrotsearch.randomizedtesting.ThreadLeakControl$StatementRunner.run(ThreadLeakControl.java:375)
   > 	at com.carrotsearch.randomizedtesting.ThreadLeakControl.forkTimeoutingTask(ThreadLeakControl.java:824)
   > 	at com.carrotsearch.randomizedtesting.ThreadLeakControl$3.evaluate(ThreadLeakControl.java:475)
   > 	at com.carrotsearch.randomizedtesting.RandomizedRunner.runSingleTest(RandomizedRunner.java:955)
   > 	at com.carrotsearch.randomizedtesting.RandomizedRunner$5.evaluate(RandomizedRunner.java:840)
   > 	at com.carrotsearch.randomizedtesting.RandomizedRunner$6.evaluate(RandomizedRunner.java:891)
   > 	at com.carrotsearch.randomizedtesting.RandomizedRunner$7.evaluate(RandomizedRunner.java:902)
   > 	at org.junit.rules.ExternalResource$1.evaluate(ExternalResource.java:54)
   > 	at com.carrotsearch.randomizedtesting.rules.StatementAdapter.evaluate(StatementAdapter.java:36)
   > 	at com.carrotsearch.randomizedtesting.ThreadLeakControl$StatementRunner.run(ThreadLeakControl.java:375)
   > 	at com.carrotsearch.randomizedtesting.ThreadLeakControl.lambda$forkTimeoutingTask$0(ThreadLeakControl.java:831)
   > 	at java.base/java.lang.Thread.run(Thread.java:829)
  1> 06:49:10,429 INFO  [f.p.e.c.f.t.TikaDocParserTest] Test extraction of [test.txt]
  1> 06:49:10,442 INFO  [f.p.e.c.f.t.TikaInstance] OCR is disabled.
  1> 06:49:16,629 INFO  [f.p.e.c.f.t.TikaDocParserTest] Test extraction of [test-fr.txt]
  1> 06:49:16,632 INFO  [f.p.e.c.f.t.TikaInstance] OCR is disabled.
  1> 06:49:16,857 INFO  [f.p.e.c.f.t.TikaDocParserTest] Test extraction of [test-de.txt]
  1> 06:49:16,867 INFO  [f.p.e.c.f.t.TikaInstance] OCR is disabled.
  1> 06:49:17,623 INFO  [f.p.e.c.f.t.TikaDocParserTest] Test extraction of [test-enfrde.txt]
  1> 06:49:17,638 INFO  [f.p.e.c.f.t.TikaInstance] OCR is disabled.
  1> 06:49:17,924 INFO  [f.p.e.c.f.t.TikaDocParserTest] Test extraction of [test.wav]
  1> 06:49:17,929 INFO  [f.p.e.c.f.t.TikaInstance] OCR is disabled.
  1> 06:49:18,306 INFO  [f.p.e.c.f.t.TikaDocParserTest] Test extraction of [test.html]
  1> 06:49:18,314 INFO  [f.p.e.c.f.t.TikaInstance] OCR is disabled.
  1> 06:49:18,940 INFO  [f.p.e.c.f.t.TikaDocParserTest] Test extraction of [test.txt]
  1> 06:49:18,951 INFO  [f.p.e.c.f.t.TikaInstance] OCR is disabled.
  1> 06:49:19,182 INFO  [f.p.e.c.f.t.TikaDocParserTest] Test extraction of [issue-400-shiftjis.txt]
  1> 06:49:19,199 INFO  [f.p.e.c.f.t.TikaInstance] OCR is disabled.
  1> 06:49:19,555 INFO  [f.p.e.c.f.t.TikaDocParserTest] Test extraction of [test.pdf]
  1> 06:49:19,589 INFO  [f.p.e.c.f.t.TikaInstance] OCR is disabled.
  1> 06:49:21,205 INFO  [f.p.e.c.f.t.TikaDocParserTest] Test extraction of [test.txt]
  1> 06:49:21,213 INFO  [f.p.e.c.f.t.TikaInstance] OCR is disabled.
  1> 06:49:21,403 INFO  [f.p.e.c.f.t.TikaDocParserTest] Test extraction of [issue-221-doc1.pdf]
  1> 06:49:21,417 INFO  [f.p.e.c.f.t.TikaInstance] OCR is disabled.
  1> 06:49:22,195 INFO  [f.p.e.c.f.t.TikaDocParserTest] Test extraction of [issue-221-doc2.pdf]
  1> 06:49:22,217 INFO  [f.p.e.c.f.t.TikaInstance] OCR is disabled.
  1> 06:49:22,651 WARN  [o.a.p.p.f.PDFont] Invalid ToUnicode CMap in font RobotoSlab-Regular
  1> 06:49:22,651 WARN  [o.a.p.p.f.PDFont] Using predefined identity CMap instead
  1> 06:49:22,896 WARN  [o.a.p.p.f.PDCIDFontType2] Found CFF/OTF but expected embedded TTF font RobotoSlab-Regular
  1> 06:49:22,977 INFO  [f.p.e.c.f.t.TikaDocParserTest] Test extraction of [test.docx]
  1> 06:49:22,986 INFO  [f.p.e.c.f.t.TikaInstance] OCR is disabled.
  1> 06:49:23,185 ERROR [f.document] [90936fbec470f7fa873de6f29f7b9dc2][/] class org.apache.poi.ooxml.extractor.POIXMLTextExtractor has interface org.apache.poi.extractor.POITextExtractor as super class
  1> 06:49:23,185 WARN  [f.p.e.c.f.t.TikaDocParser] Failed to extract [100000] characters of text for [/documents/test.docx]: class org.apache.poi.ooxml.extractor.POIXMLTextExtractor has interface org.apache.poi.extractor.POITextExtractor as super class
  2> REPRODUCE WITH:
  2> mvn integration-test -Dtests.seed=DB1B25EE8D3618B1 -Dtests.class=fr.pilato.elasticsearch.crawler.fs.tika.TikaDocParserTest -Dtests.method="testExtractFromDocx" -Dtests.locale=ar-JO -Dtests.timezone=SystemV/AST4ADT
FAILURE 0.22s J0 | TikaDocParserTest.testExtractFromDocx <<<
   > Throwable #1: java.lang.AssertionError: 
   > Expected: a string containing "This is a sample text available in page"
   >      but: was null
   > 	at __randomizedtesting.SeedInfo.seed([DB1B25EE8D3618B1:2DF5FDD389898E0C]:0)
   > 	at org.hamcrest.MatcherAssert.assertThat(MatcherAssert.java:20)
   > 	at org.hamcrest.MatcherAssert.assertThat(MatcherAssert.java:8)
   > 	at fr.pilato.elasticsearch.crawler.fs.tika.TikaDocParserTest.testExtractFromDocx(TikaDocParserTest.java:197)
   > 	at java.base/jdk.internal.reflect.NativeMethodAccessorImpl.invoke0(Native Method)
   > 	at java.base/jdk.internal.reflect.NativeMethodAccessorImpl.invoke(NativeMethodAccessorImpl.java:62)
   > 	at java.base/jdk.internal.reflect.DelegatingMethodAccessorImpl.invoke(DelegatingMethodAccessorImpl.java:43)
   > 	at java.base/java.lang.reflect.Method.invoke(Method.java:566)
   > 	at com.carrotsearch.randomizedtesting.RandomizedRunner.invoke(RandomizedRunner.java:1758)
   > 	at com.carrotsearch.randomizedtesting.RandomizedRunner$8.evaluate(RandomizedRunner.java:946)
   > 	at org.junit.rules.TestWatcher$1.evaluate(TestWatcher.java:61)
   > 	at com.carrotsearch.randomizedtesting.rules.StatementAdapter.evaluate(StatementAdapter.java:36)
   > 	at com.carrotsearch.randomizedtesting.ThreadLeakControl$StatementRunner.run(ThreadLeakControl.java:375)
   > 	at com.carrotsearch.randomizedtesting.ThreadLeakControl.forkTimeoutingTask(ThreadLeakControl.java:824)
   > 	at com.carrotsearch.randomizedtesting.ThreadLeakControl$3.evaluate(ThreadLeakControl.java:475)
   > 	at com.carrotsearch.randomizedtesting.RandomizedRunner.runSingleTest(RandomizedRunner.java:955)
   > 	at com.carrotsearch.randomizedtesting.RandomizedRunner$5.evaluate(RandomizedRunner.java:840)
   > 	at com.carrotsearch.randomizedtesting.RandomizedRunner$6.evaluate(RandomizedRunner.java:891)
   > 	at com.carrotsearch.randomizedtesting.RandomizedRunner$7.evaluate(RandomizedRunner.java:902)
   > 	at org.junit.rules.ExternalResource$1.evaluate(ExternalResource.java:54)
   > 	at com.carrotsearch.randomizedtesting.rules.StatementAdapter.evaluate(StatementAdapter.java:36)
   > 	at com.carrotsearch.randomizedtesting.ThreadLeakControl$StatementRunner.run(ThreadLeakControl.java:375)
   > 	at com.carrotsearch.randomizedtesting.ThreadLeakControl.lambda$forkTimeoutingTask$0(ThreadLeakControl.java:831)
   > 	at java.base/java.lang.Thread.run(Thread.java:829)
  1> 06:49:23,189 INFO  [f.p.e.c.f.t.TikaDocParserTest] Test extraction of [issue-1097.pdf]
  1> 06:49:23,189 INFO  [f.p.e.c.f.t.TikaInstance] OCR is disabled.
IGNOR/A 0.09s J0 | TikaDocParserTest.testOcr
   > Assumption #1: Tesseract is not installed so we are skipping this test
  1> 06:49:23,603 INFO  [f.p.e.c.f.t.TikaDocParserTest] Test extraction of [issue-834.txt]
  1> 06:49:23,625 INFO  [f.p.e.c.f.t.TikaInstance] OCR is disabled.
  1> 06:49:23,838 INFO  [f.p.e.c.f.t.TikaDocParserTest] Test extraction of [issue-163.xml]
  1> 06:49:23,871 INFO  [f.p.e.c.f.t.TikaInstance] OCR is disabled.
  1> 06:49:24,359 INFO  [f.p.e.c.f.t.TikaDocParserTest] Test extraction of [test.txt]
  1> 06:49:24,368 INFO  [f.p.e.c.f.t.TikaInstance] OCR is disabled.
  1> 06:49:24,644 INFO  [f.p.e.c.f.t.TikaDocParserTest] Test extraction of [test.odt]
  1> 06:49:24,659 INFO  [f.p.e.c.f.t.TikaInstance] OCR is disabled.
  1> 06:49:24,997 INFO  [f.p.e.c.f.t.TikaDocParserTest] Test extraction of [test.txt]
  1> 06:49:25,000 INFO  [f.p.e.c.f.t.TikaInstance] OCR is disabled.
  1> 06:49:25,094 INFO  [f.p.e.c.f.t.TikaDocParserTest] Test extraction of [test.rtf]
  1> 06:49:25,097 INFO  [f.p.e.c.f.t.TikaInstance] OCR is disabled.

Tests with failures [seed: DB1B25EE8D3618B1] (first 3 out of 4):
  - fr.pilato.elasticsearch.crawler.fs.tika.TikaDocParserTest.testProtectedDocument
  - fr.pilato.elasticsearch.crawler.fs.tika.TikaDocParserTest.testExtractFromDoc
  - fr.pilato.elasticsearch.crawler.fs.tika.TikaDocParserTest.testDocxWithEmbeddedBadPDF


[INFO] JVM J0:     1.42 ..    31.64 =    30.22s
[INFO] JVM J1:     1.41 ..    11.11 =     9.70s
[INFO] Execution time total: 31 seconds
[INFO] Tests summary: 2 suites, 24 tests, 4 failures, 1 ignored (1 assumption)
[INFO] ------------------------------------------------------------------------
[INFO] Reactor Summary for FSCrawler 2.10-SNAPSHOT:
[INFO] 
[INFO] FSCrawler .......................................... SUCCESS [  1.321 s]
[INFO] FSCrawler Test Framework ........................... SUCCESS [ 25.157 s]
[INFO] FSCrawler Framework ................................ SUCCESS [  9.135 s]
[INFO] FSCrawler Settings ................................. SUCCESS [ 19.297 s]
[INFO] FSCrawler Test Documents ........................... SUCCESS [  0.363 s]
[INFO] FSCrawler Beans .................................... SUCCESS [ 11.864 s]
[INFO] FSCrawler 3rd Party libraries ...................... SUCCESS [  0.053 s]
[INFO] FSCrawler Workplace Search Client .................. SUCCESS [  2.813 s]
[INFO] FSCrawler Elasticsearch Client ..................... SUCCESS [ 11.728 s]
[INFO] FSCrawler Tika ..................................... FAILURE [ 43.213 s]
[INFO] FSCrawler Crawlers ................................. SKIPPED
[INFO] FSCrawler Abstract Crawler ......................... SKIPPED
[INFO] FSCrawler Crawlers: FS ............................. SKIPPED
[INFO] FSCrawler Crawlers: FTP ............................ SKIPPED
[INFO] FSCrawler Crawlers: SSH ............................ SKIPPED
[INFO] FSCrawler Core ..................................... SKIPPED
[INFO] FSCrawler Rest Server .............................. SKIPPED
[INFO] FSCrawler Integration Tests ........................ SKIPPED
[INFO] FSCrawler Cli ...................................... SKIPPED
[INFO] FSCrawler ZIP Distribution ......................... SKIPPED
[INFO] FSCrawler Documentation ............................ SKIPPED
[INFO] ------------------------------------------------------------------------
[INFO] BUILD FAILURE
[INFO] ------------------------------------------------------------------------
[INFO] Total time:  02:06 min
[INFO] Finished at: 2025-10-01T09:49:26Z
[INFO] ------------------------------------------------------------------------
[WARNING] 
[WARNING] Plugin validation issues were detected in 4 plugin(s)
[WARNING] 
[WARNING]  * org.apache.maven.plugins:maven-resources-plugin:3.2.0
[WARNING]  * org.apache.maven.plugins:maven-compiler-plugin:3.10.0
[WARNING]  * com.carrotsearch.randomizedtesting:junit4-maven-plugin:2.7.9
[WARNING]  * org.apache.maven.plugins:maven-enforcer-plugin:3.0.0-M3
[WARNING] 
[WARNING] For more or less details, use 'maven.plugin.validation' property with one of the values (case insensitive): [BRIEF, DEFAULT, VERBOSE]
[WARNING] 
[ERROR] Failed to execute goal com.carrotsearch.randomizedtesting:junit4-maven-plugin:2.7.9:junit4 (unit-tests) on project fscrawler-tika: There were test failures: 2 suites, 24 tests, 4 failures, 1 ignored (1 assumption) [seed: DB1B25EE8D3618B1] -> [Help 1]
[ERROR] 
[ERROR] To see the full stack trace of the errors, re-run Maven with the -e switch.
[ERROR] Re-run Maven using the -X switch to enable full debug logging.
[ERROR] 
[ERROR] For more information about the errors and possible solutions, please read the following articles:
[ERROR] [Help 1] http://cwiki.apache.org/confluence/display/MAVEN/MojoExecutionException
[ERROR] 
[ERROR] After correcting the problems, you can resume the build with the command
[ERROR]   mvn <args> -rf :fscrawler-tika
