[INFO] Scanning for projects...
[WARNING] 
[WARNING] Some problems were encountered while building the effective model for fr.pilato.elasticsearch.crawler:fscrawler-it-v7:jar:2.8-SNAPSHOT
[WARNING] 'dependencies.dependency.(groupId:artifactId:type:classifier)' must be unique: fr.pilato.elasticsearch.crawler:fscrawler-it-common:jar -> version (?) vs 2.8-SNAPSHOT @ line 31, column 21
[WARNING] 
[WARNING] It is highly recommended to fix these problems because they threaten the stability of your build.
[WARNING] 
[WARNING] For this reason, future Maven versions might no longer support building such malformed projects.
[WARNING] 
[INFO] ------------------------------------------------------------------------
[INFO] Reactor Build Order:
[INFO] 
[INFO] FSCrawler                                                          [pom]
[INFO] FSCrawler Test Framework                                           [jar]
[INFO] FSCrawler Framework                                                [jar]
[INFO] FSCrawler Settings                                                 [jar]
[INFO] FSCrawler Test Documents                                           [jar]
[INFO] FSCrawler Beans                                                    [jar]
[INFO] FSCrawler 3rd Party libraries                                      [pom]
[INFO] FSCrawler Workplace Search Client                                  [jar]
[INFO] FSCrawler Elasticsearch Client                                     [pom]
[INFO] FSCrawler Elasticsearch Client Base                                [jar]
[INFO] FSCrawler Elasticsearch Client V7                                  [jar]
[INFO] FSCrawler Elasticsearch Client V6                                  [jar]
[INFO] FSCrawler Tika                                                     [jar]
[INFO] FSCrawler Crawlers                                                 [pom]
[INFO] FSCrawler Abstract Crawler                                         [jar]
[INFO] FSCrawler Crawlers: FS                                             [jar]
[INFO] FSCrawler Crawlers: FTP                                            [jar]
[INFO] FSCrawler Crawlers: SSH                                            [jar]
[INFO] FSCrawler Core                                                     [jar]
[INFO] FSCrawler Rest Server                                              [jar]
[INFO] FSCrawler Integration Tests                                        [pom]
[INFO] FSCrawler Integration Common Tests                                 [jar]
[INFO] FSCrawler Integration Tests for Elasticsearch 7.x                  [jar]
[INFO] FSCrawler Integration Tests for Elasticsearch 6.x                  [jar]
[INFO] FSCrawler Cli                                                      [jar]
[INFO] FSCrawler ZIP Distribution                                         [pom]
[INFO] FSCrawler ZIP Distribution for Elasticsearch 7.x                   [jar]
[INFO] FSCrawler ZIP Distribution for Elasticsearch 6.x                   [jar]
[INFO] FSCrawler Documentation                                            [pom]
[INFO] 
[INFO] ----------< fr.pilato.elasticsearch.crawler:fscrawler-parent >----------
[INFO] Building FSCrawler 2.8-SNAPSHOT                                   [1/29]
[INFO]   from pom.xml
[INFO] --------------------------------[ pom ]---------------------------------
[INFO] 
[INFO] --- clean:3.2.0:clean (default-clean) @ fscrawler-parent ---
[INFO] 
[INFO] ------< fr.pilato.elasticsearch.crawler:fscrawler-test-framework >------
[INFO] Building FSCrawler Test Framework 2.8-SNAPSHOT                    [2/29]
[INFO]   from test-framework/pom.xml
[INFO] --------------------------------[ jar ]---------------------------------
[INFO] 
[INFO] --- clean:3.2.0:clean (default-clean) @ fscrawler-test-framework ---
[INFO] Deleting /fscrawler/test-framework/target
[INFO] 
[INFO] --- enforcer:3.0.0-M3:enforce (enforce) @ fscrawler-test-framework ---
[INFO] 
[INFO] --- resources:3.2.0:resources (default-resources) @ fscrawler-test-framework ---
[INFO] Using 'UTF-8' encoding to copy filtered resources.
[INFO] Using 'UTF-8' encoding to copy filtered properties files.
[INFO] skip non existing resourceDirectory /fscrawler/test-framework/src/main/resources
[INFO] 
[INFO] --- compiler:3.8.1:compile (default-compile) @ fscrawler-test-framework ---
[INFO] Changes detected - recompiling the module!
[INFO] Compiling 4 source files to /fscrawler/test-framework/target/classes
[WARNING] No processor claimed any of these annotations: /com.carrotsearch.randomizedtesting.annotations.TimeoutSuite,/org.junit.ClassRule,/org.junit.BeforeClass,/com.carrotsearch.randomizedtesting.annotations.ThreadLeakLingering,/org.junit.Rule,/com.carrotsearch.randomizedtesting.annotations.ThreadLeakScope,/org.junit.runner.RunWith,/org.junit.AfterClass,/com.carrotsearch.randomizedtesting.annotations.Listeners
[INFO] /fscrawler/test-framework/src/main/java/fr/pilato/elasticsearch/crawler/fs/test/framework/AbstractFSCrawlerTestCase.java: /fscrawler/test-framework/src/main/java/fr/pilato/elasticsearch/crawler/fs/test/framework/AbstractFSCrawlerTestCase.java uses unchecked or unsafe operations.
[INFO] /fscrawler/test-framework/src/main/java/fr/pilato/elasticsearch/crawler/fs/test/framework/AbstractFSCrawlerTestCase.java: Recompile with -Xlint:unchecked for details.
[INFO] 
[INFO] --- resources:3.2.0:testResources (default-testResources) @ fscrawler-test-framework ---
[INFO] Using 'UTF-8' encoding to copy filtered resources.
[INFO] Using 'UTF-8' encoding to copy filtered properties files.
[INFO] Copying 1 resource
[INFO] 
[INFO] --- compiler:3.8.1:testCompile (default-testCompile) @ fscrawler-test-framework ---
[INFO] Changes detected - recompiling the module!
[INFO] Compiling 1 source file to /fscrawler/test-framework/target/test-classes
[WARNING] No processor claimed any of these annotations: /com.carrotsearch.randomizedtesting.annotations.ThreadLeakLingering,/com.carrotsearch.randomizedtesting.annotations.ThreadLeakScope,/org.junit.Test,/com.carrotsearch.randomizedtesting.annotations.TimeoutSuite,/org.junit.runner.RunWith
[INFO] 
[INFO] --- junit4:2.7.9:junit4 (unit-tests) @ fscrawler-test-framework ---
[INFO] <JUnit4> says hallo! Master seed: 7830AAAE3D3B0EB7
Executing 1 suite with 1 JVM.

Started J0 PID(71@00805b895276).
[INFO] JVM J0:     2.30 ..     8.02 =     5.73s
[INFO] Execution time total: 8.05 sec.
[INFO] Tests summary: 1 suite, 2 tests
[INFO] 
[INFO] --------< fr.pilato.elasticsearch.crawler:fscrawler-framework >---------
[INFO] Building FSCrawler Framework 2.8-SNAPSHOT                         [3/29]
[INFO]   from framework/pom.xml
[INFO] --------------------------------[ jar ]---------------------------------
[INFO] 
[INFO] --- clean:3.2.0:clean (default-clean) @ fscrawler-framework ---
[INFO] Deleting /fscrawler/framework/target
[INFO] 
[INFO] --- enforcer:3.0.0-M3:enforce (enforce) @ fscrawler-framework ---
[INFO] 
[INFO] --- resources:3.2.0:resources (default-resources) @ fscrawler-framework ---
[INFO] Using 'UTF-8' encoding to copy filtered resources.
[INFO] Using 'UTF-8' encoding to copy filtered properties files.
[INFO] Copying 1 resource
[INFO] 
[INFO] --- compiler:3.8.1:compile (default-compile) @ fscrawler-framework ---
[INFO] Changes detected - recompiling the module!
[INFO] Compiling 29 source files to /fscrawler/framework/target/classes
[INFO] 
[INFO] --- resources:3.2.0:testResources (default-testResources) @ fscrawler-framework ---
[INFO] Using 'UTF-8' encoding to copy filtered resources.
[INFO] Using 'UTF-8' encoding to copy filtered properties files.
[INFO] Copying 1 resource
[INFO] 
[INFO] --- compiler:3.8.1:testCompile (default-testCompile) @ fscrawler-framework ---
[INFO] Changes detected - recompiling the module!
[INFO] Compiling 3 source files to /fscrawler/framework/target/test-classes
[WARNING] No processor claimed any of these annotations: /org.junit.BeforeClass,/com.carrotsearch.randomizedtesting.annotations.ThreadLeakLingering,/com.carrotsearch.randomizedtesting.annotations.ThreadLeakScope,/org.junit.Test,/com.carrotsearch.randomizedtesting.annotations.TimeoutSuite,/org.junit.runner.RunWith
[INFO] 
[INFO] ---------< fr.pilato.elasticsearch.crawler:fscrawler-settings >---------
[INFO] Building FSCrawler Settings 2.8-SNAPSHOT                          [4/29]
[INFO]   from settings/pom.xml
[INFO] --------------------------------[ jar ]---------------------------------
[INFO] 
[INFO] --- clean:3.2.0:clean (default-clean) @ fscrawler-settings ---
[INFO] Deleting /fscrawler/settings/target
[INFO] 
[INFO] --- enforcer:3.0.0-M3:enforce (enforce) @ fscrawler-settings ---
[INFO] 
[INFO] --- resources:3.2.0:resources (default-resources) @ fscrawler-settings ---
[INFO] Using 'UTF-8' encoding to copy filtered resources.
[INFO] Using 'UTF-8' encoding to copy filtered properties files.
[INFO] Copying 5 resources
[INFO] 
[INFO] --- compiler:3.8.1:compile (default-compile) @ fscrawler-settings ---
[INFO] Changes detected - recompiling the module!
[INFO] Compiling 11 source files to /fscrawler/settings/target/classes
[WARNING] No processor claimed any of these annotations: /com.fasterxml.jackson.annotation.JsonIgnore,/com.fasterxml.jackson.annotation.JsonProperty
[INFO] 
[INFO] --- resources:3.2.0:testResources (default-testResources) @ fscrawler-settings ---
[INFO] Using 'UTF-8' encoding to copy filtered resources.
[INFO] Using 'UTF-8' encoding to copy filtered properties files.
[INFO] Copying 6 resources
[INFO] 
[INFO] --- compiler:3.8.1:testCompile (default-testCompile) @ fscrawler-settings ---
[INFO] Changes detected - recompiling the module!
[INFO] Compiling 8 source files to /fscrawler/settings/target/test-classes
[WARNING] No processor claimed any of these annotations: /org.junit.BeforeClass,/com.carrotsearch.randomizedtesting.annotations.ThreadLeakLingering,/com.carrotsearch.randomizedtesting.annotations.ThreadLeakScope,/org.junit.Test,/com.carrotsearch.randomizedtesting.annotations.TimeoutSuite,/org.junit.runner.RunWith
[INFO] 
[INFO] --- junit4:2.7.9:junit4 (unit-tests) @ fscrawler-settings ---
[INFO] <JUnit4> says مرحبا! Master seed: C401CEA2F0B21DC3
Executing 8 suites with 4 JVMs.

Started J0 PID(117@00805b895276).
Started J3 PID(119@00805b895276).
Started J2 PID(128@00805b895276).
Started J1 PID(118@00805b895276).
[INFO] JVM J0:     1.80 ..    10.67 =     8.86s
[INFO] JVM J1:     3.61 ..    10.35 =     6.74s
[INFO] JVM J2:     3.48 ..    12.32 =     8.84s
[INFO] JVM J3:     2.95 ..    10.94 =     7.99s
[INFO] Execution time total: 12 seconds
[INFO] Tests summary: 8 suites, 49 tests
[INFO] 
[INFO] ------< fr.pilato.elasticsearch.crawler:fscrawler-test-documents >------
[INFO] Building FSCrawler Test Documents 2.8-SNAPSHOT                    [5/29]
[INFO]   from test-documents/pom.xml
[INFO] --------------------------------[ jar ]---------------------------------
[INFO] 
[INFO] --- clean:3.2.0:clean (default-clean) @ fscrawler-test-documents ---
[INFO] Deleting /fscrawler/test-documents/target
[INFO] 
[INFO] --- enforcer:3.0.0-M3:enforce (enforce) @ fscrawler-test-documents ---
[INFO] 
[INFO] --- resources:3.2.0:resources (default-resources) @ fscrawler-test-documents ---
[INFO] Using 'UTF-8' encoding to copy filtered resources.
[INFO] Using 'UTF-8' encoding to copy filtered properties files.
[INFO] Copying 30 resources
[INFO] 
[INFO] --- compiler:3.8.1:compile (default-compile) @ fscrawler-test-documents ---
[INFO] No sources to compile
[INFO] 
[INFO] --- resources:3.2.0:testResources (default-testResources) @ fscrawler-test-documents ---
[INFO] Using 'UTF-8' encoding to copy filtered resources.
[INFO] Using 'UTF-8' encoding to copy filtered properties files.
[INFO] skip non existing resourceDirectory /fscrawler/test-documents/src/test/resources
[INFO] 
[INFO] --- compiler:3.8.1:testCompile (default-testCompile) @ fscrawler-test-documents ---
[INFO] No sources to compile
[INFO] 
[INFO] ----------< fr.pilato.elasticsearch.crawler:fscrawler-beans >-----------
[INFO] Building FSCrawler Beans 2.8-SNAPSHOT                             [6/29]
[INFO]   from beans/pom.xml
[INFO] --------------------------------[ jar ]---------------------------------
[INFO] 
[INFO] --- clean:3.2.0:clean (default-clean) @ fscrawler-beans ---
[INFO] Deleting /fscrawler/beans/target
[INFO] 
[INFO] --- enforcer:3.0.0-M3:enforce (enforce) @ fscrawler-beans ---
[INFO] 
[INFO] --- resources:3.2.0:resources (default-resources) @ fscrawler-beans ---
[INFO] Using 'UTF-8' encoding to copy filtered resources.
[INFO] Using 'UTF-8' encoding to copy filtered properties files.
[INFO] skip non existing resourceDirectory /fscrawler/beans/src/main/resources
[INFO] 
[INFO] --- compiler:3.8.1:compile (default-compile) @ fscrawler-beans ---
[INFO] Changes detected - recompiling the module!
[INFO] Compiling 12 source files to /fscrawler/beans/target/classes
[INFO] /fscrawler/beans/src/main/java/fr/pilato/elasticsearch/crawler/fs/beans/DocParser.java: /fscrawler/beans/src/main/java/fr/pilato/elasticsearch/crawler/fs/beans/DocParser.java uses unchecked or unsafe operations.
[INFO] /fscrawler/beans/src/main/java/fr/pilato/elasticsearch/crawler/fs/beans/DocParser.java: Recompile with -Xlint:unchecked for details.
[INFO] 
[INFO] --- resources:3.2.0:testResources (default-testResources) @ fscrawler-beans ---
[INFO] Using 'UTF-8' encoding to copy filtered resources.
[INFO] Using 'UTF-8' encoding to copy filtered properties files.
[INFO] Copying 1 resource
[INFO] 
[INFO] --- compiler:3.8.1:testCompile (default-testCompile) @ fscrawler-beans ---
[INFO] Changes detected - recompiling the module!
[INFO] Compiling 1 source file to /fscrawler/beans/target/test-classes
[WARNING] No processor claimed any of these annotations: /com.carrotsearch.randomizedtesting.annotations.ThreadLeakLingering,/com.carrotsearch.randomizedtesting.annotations.ThreadLeakScope,/org.junit.Test,/com.carrotsearch.randomizedtesting.annotations.TimeoutSuite,/org.junit.runner.RunWith
[INFO] 
[INFO] --- junit4:2.7.9:junit4 (unit-tests) @ fscrawler-beans ---
[INFO] <JUnit4> says hallo! Master seed: 325B65F726A5191A
Executing 1 suite with 1 JVM.

Started J0 PID(294@00805b895276).
[INFO] JVM J0:     0.82 ..     4.35 =     3.53s
[INFO] Execution time total: 4.36 sec.
[INFO] Tests summary: 1 suite, 3 tests
[INFO] 
[INFO] ---------< fr.pilato.elasticsearch.crawler:fscrawler-3rdparty >---------
[INFO] Building FSCrawler 3rd Party libraries 2.8-SNAPSHOT               [7/29]
[INFO]   from 3rdparty/pom.xml
[INFO] --------------------------------[ pom ]---------------------------------
[INFO] 
[INFO] --- clean:3.2.0:clean (default-clean) @ fscrawler-3rdparty ---
[INFO] 
[INFO] --< fr.pilato.elasticsearch.crawler:fscrawler-workplacesearch-client >--
[INFO] Building FSCrawler Workplace Search Client 2.8-SNAPSHOT           [8/29]
[INFO]   from 3rdparty/workplacesearch-client/pom.xml
[INFO] --------------------------------[ jar ]---------------------------------
[INFO] 
[INFO] --- clean:3.2.0:clean (default-clean) @ fscrawler-workplacesearch-client ---
[INFO] Deleting /fscrawler/3rdparty/workplacesearch-client/target
[INFO] 
[INFO] --- resources:3.2.0:resources (default-resources) @ fscrawler-workplacesearch-client ---
[INFO] Using 'UTF-8' encoding to copy filtered resources.
[INFO] Using 'UTF-8' encoding to copy filtered properties files.
[INFO] Copying 1 resource
[INFO] 
[INFO] --- compiler:3.8.1:compile (default-compile) @ fscrawler-workplacesearch-client ---
[INFO] Changes detected - recompiling the module!
[INFO] Compiling 5 source files to /fscrawler/3rdparty/workplacesearch-client/target/classes
[INFO] 
[INFO] --- resources:3.2.0:testResources (default-testResources) @ fscrawler-workplacesearch-client ---
[INFO] Using 'UTF-8' encoding to copy filtered resources.
[INFO] Using 'UTF-8' encoding to copy filtered properties files.
[INFO] skip non existing resourceDirectory /fscrawler/3rdparty/workplacesearch-client/src/test/resources
[INFO] 
[INFO] --- compiler:3.8.1:testCompile (default-testCompile) @ fscrawler-workplacesearch-client ---
[INFO] No sources to compile
[INFO] 
[INFO] ---< fr.pilato.elasticsearch.crawler:fscrawler-elasticsearch-client >---
[INFO] Building FSCrawler Elasticsearch Client 2.8-SNAPSHOT              [9/29]
[INFO]   from elasticsearch-client/pom.xml
[INFO] --------------------------------[ pom ]---------------------------------
[INFO] 
[INFO] --- clean:3.2.0:clean (default-clean) @ fscrawler-elasticsearch-client ---
[INFO] 
[INFO] --- enforcer:3.0.0-M3:enforce (enforce) @ fscrawler-elasticsearch-client ---
[INFO] 
[INFO] --- junit4:2.7.9:junit4 (unit-tests) @ fscrawler-elasticsearch-client ---
[INFO] 
[INFO] --< fr.pilato.elasticsearch.crawler:fscrawler-elasticsearch-client-base >--
[INFO] Building FSCrawler Elasticsearch Client Base 2.8-SNAPSHOT        [10/29]
[INFO]   from elasticsearch-client/elasticsearch-client-base/pom.xml
[INFO] --------------------------------[ jar ]---------------------------------
[INFO] 
[INFO] --- clean:3.2.0:clean (default-clean) @ fscrawler-elasticsearch-client-base ---
[INFO] Deleting /fscrawler/elasticsearch-client/elasticsearch-client-base/target
[INFO] 
[INFO] --- enforcer:3.0.0-M3:enforce (enforce) @ fscrawler-elasticsearch-client-base ---
[INFO] 
[INFO] --- resources:3.2.0:resources (default-resources) @ fscrawler-elasticsearch-client-base ---
[INFO] Using 'UTF-8' encoding to copy filtered resources.
[INFO] Using 'UTF-8' encoding to copy filtered properties files.
[INFO] skip non existing resourceDirectory /fscrawler/elasticsearch-client/elasticsearch-client-base/src/main/resources
[INFO] 
[INFO] --- compiler:3.8.1:compile (default-compile) @ fscrawler-elasticsearch-client-base ---
[INFO] Changes detected - recompiling the module!
[INFO] Compiling 16 source files to /fscrawler/elasticsearch-client/elasticsearch-client-base/target/classes
[INFO] /fscrawler/elasticsearch-client/elasticsearch-client-base/src/main/java/fr/pilato/elasticsearch/crawler/fs/client/WorkplaceSearchClientUtil.java: /fscrawler/elasticsearch-client/elasticsearch-client-base/src/main/java/fr/pilato/elasticsearch/crawler/fs/client/WorkplaceSearchClientUtil.java uses unchecked or unsafe operations.
[INFO] /fscrawler/elasticsearch-client/elasticsearch-client-base/src/main/java/fr/pilato/elasticsearch/crawler/fs/client/WorkplaceSearchClientUtil.java: Recompile with -Xlint:unchecked for details.
[INFO] 
[INFO] --- resources:3.2.0:testResources (default-testResources) @ fscrawler-elasticsearch-client-base ---
[INFO] Using 'UTF-8' encoding to copy filtered resources.
[INFO] Using 'UTF-8' encoding to copy filtered properties files.
[INFO] Copying 1 resource
[INFO] 
[INFO] --- compiler:3.8.1:testCompile (default-testCompile) @ fscrawler-elasticsearch-client-base ---
[INFO] Changes detected - recompiling the module!
[INFO] Compiling 5 source files to /fscrawler/elasticsearch-client/elasticsearch-client-base/target/test-classes
[WARNING] No processor claimed any of these annotations: /org.junit.Test,/com.carrotsearch.randomizedtesting.annotations.TimeoutSuite,/com.carrotsearch.randomizedtesting.annotations.ThreadLeakLingering,/com.carrotsearch.randomizedtesting.annotations.ThreadLeakScope,/org.junit.runner.RunWith
[WARNING] /fscrawler/elasticsearch-client/elasticsearch-client-base/src/test/java/fr/pilato/elasticsearch/crawler/fs/client/ElasticsearchClientDummyBase.java:[97,17] createIndices() in fr.pilato.elasticsearch.crawler.fs.client.ElasticsearchClient has been deprecated
[INFO] 
[INFO] --- junit4:2.7.9:junit4 (unit-tests) @ fscrawler-elasticsearch-client-base ---
[INFO] <JUnit4> says ciao! Master seed: 306D6CF8E7265D54
Executing 2 suites with 2 JVMs.

Started J0 PID(339@00805b895276).
Started J1 PID(340@00805b895276).
[INFO] JVM J0:     1.09 ..     5.66 =     4.57s
[INFO] JVM J1:     1.10 ..     5.95 =     4.86s
[INFO] Execution time total: 5.97 sec.
[INFO] Tests summary: 2 suites, 6 tests
[INFO] 
[INFO] --< fr.pilato.elasticsearch.crawler:fscrawler-elasticsearch-client-v7 >--
[INFO] Building FSCrawler Elasticsearch Client V7 2.8-SNAPSHOT          [11/29]
[INFO]   from elasticsearch-client/elasticsearch-client-v7/pom.xml
[INFO] --------------------------------[ jar ]---------------------------------
[INFO] 
[INFO] --- clean:3.2.0:clean (default-clean) @ fscrawler-elasticsearch-client-v7 ---
[INFO] Deleting /fscrawler/elasticsearch-client/elasticsearch-client-v7/target
[INFO] 
[INFO] --- enforcer:3.0.0-M3:enforce (enforce) @ fscrawler-elasticsearch-client-v7 ---
[INFO] 
[INFO] --- resources:3.2.0:resources (default-resources) @ fscrawler-elasticsearch-client-v7 ---
[INFO] Using 'UTF-8' encoding to copy filtered resources.
[INFO] Using 'UTF-8' encoding to copy filtered properties files.
[INFO] skip non existing resourceDirectory /fscrawler/elasticsearch-client/elasticsearch-client-v7/src/main/resources
[INFO] 
[INFO] --- compiler:3.8.1:compile (default-compile) @ fscrawler-elasticsearch-client-v7 ---
[INFO] Changes detected - recompiling the module!
[INFO] Compiling 2 source files to /fscrawler/elasticsearch-client/elasticsearch-client-v7/target/classes
[WARNING] /fscrawler/elasticsearch-client/elasticsearch-client-v7/src/main/java/fr/pilato/elasticsearch/crawler/fs/client/v7/ElasticsearchClientV7.java:[462,17] createIndices() in fr.pilato.elasticsearch.crawler.fs.client.ElasticsearchClient has been deprecated
[INFO] 
[INFO] --- resources:3.2.0:testResources (default-testResources) @ fscrawler-elasticsearch-client-v7 ---
[INFO] Using 'UTF-8' encoding to copy filtered resources.
[INFO] Using 'UTF-8' encoding to copy filtered properties files.
[INFO] Copying 1 resource
[INFO] 
[INFO] --- compiler:3.8.1:testCompile (default-testCompile) @ fscrawler-elasticsearch-client-v7 ---
[INFO] Changes detected - recompiling the module!
[INFO] Compiling 1 source file to /fscrawler/elasticsearch-client/elasticsearch-client-v7/target/test-classes
[WARNING] No processor claimed any of these annotations: /com.carrotsearch.randomizedtesting.annotations.ThreadLeakLingering,/com.carrotsearch.randomizedtesting.annotations.ThreadLeakScope,/org.junit.Test,/com.carrotsearch.randomizedtesting.annotations.TimeoutSuite,/org.junit.runner.RunWith
[INFO] 
[INFO] --- junit4:2.7.9:junit4 (unit-tests) @ fscrawler-elasticsearch-client-v7 ---
[INFO] <JUnit4> says hello! Master seed: B5DBD299FA335E86
Executing 1 suite with 1 JVM.

Started J0 PID(417@00805b895276).
[INFO] JVM J0:     1.72 ..     8.84 =     7.12s
[INFO] Execution time total: 8.85 sec.
[INFO] Tests summary: 1 suite, 3 tests
[INFO] 
[INFO] --< fr.pilato.elasticsearch.crawler:fscrawler-elasticsearch-client-v6 >--
[INFO] Building FSCrawler Elasticsearch Client V6 2.8-SNAPSHOT          [12/29]
[INFO]   from elasticsearch-client/elasticsearch-client-v6/pom.xml
[INFO] --------------------------------[ jar ]---------------------------------
[INFO] 
[INFO] --- clean:3.2.0:clean (default-clean) @ fscrawler-elasticsearch-client-v6 ---
[INFO] Deleting /fscrawler/elasticsearch-client/elasticsearch-client-v6/target
[INFO] 
[INFO] --- enforcer:3.0.0-M3:enforce (enforce) @ fscrawler-elasticsearch-client-v6 ---
[INFO] 
[INFO] --- resources:3.2.0:resources (default-resources) @ fscrawler-elasticsearch-client-v6 ---
[INFO] Using 'UTF-8' encoding to copy filtered resources.
[INFO] Using 'UTF-8' encoding to copy filtered properties files.
[INFO] skip non existing resourceDirectory /fscrawler/elasticsearch-client/elasticsearch-client-v6/src/main/resources
[INFO] 
[INFO] --- compiler:3.8.1:compile (default-compile) @ fscrawler-elasticsearch-client-v6 ---
[INFO] Changes detected - recompiling the module!
[INFO] Compiling 1 source file to /fscrawler/elasticsearch-client/elasticsearch-client-v6/target/classes
[WARNING] /fscrawler/elasticsearch-client/elasticsearch-client-v6/src/main/java/fr/pilato/elasticsearch/crawler/fs/client/v6/ElasticsearchClientV6.java:[473,17] createIndices() in fr.pilato.elasticsearch.crawler.fs.client.ElasticsearchClient has been deprecated
[INFO] 
[INFO] --- resources:3.2.0:testResources (default-testResources) @ fscrawler-elasticsearch-client-v6 ---
[INFO] Using 'UTF-8' encoding to copy filtered resources.
[INFO] Using 'UTF-8' encoding to copy filtered properties files.
[INFO] Copying 1 resource
[INFO] 
[INFO] --- compiler:3.8.1:testCompile (default-testCompile) @ fscrawler-elasticsearch-client-v6 ---
[INFO] Changes detected - recompiling the module!
[INFO] Compiling 1 source file to /fscrawler/elasticsearch-client/elasticsearch-client-v6/target/test-classes
[WARNING] No processor claimed any of these annotations: /com.carrotsearch.randomizedtesting.annotations.ThreadLeakLingering,/com.carrotsearch.randomizedtesting.annotations.ThreadLeakScope,/org.junit.Test,/com.carrotsearch.randomizedtesting.annotations.TimeoutSuite,/org.junit.runner.RunWith
[INFO] 
[INFO] --- junit4:2.7.9:junit4 (unit-tests) @ fscrawler-elasticsearch-client-v6 ---
[INFO] <JUnit4> says ᐊᐃ! Master seed: 1E43158060823D3
Executing 1 suite with 1 JVM.

Started J0 PID(460@00805b895276).
[INFO] JVM J0:     1.37 ..     6.65 =     5.28s
[INFO] Execution time total: 6.66 sec.
[INFO] Tests summary: 1 suite, 2 tests
[INFO] 
[INFO] -----------< fr.pilato.elasticsearch.crawler:fscrawler-tika >-----------
[INFO] Building FSCrawler Tika 2.8-SNAPSHOT                             [13/29]
[INFO]   from tika/pom.xml
[INFO] --------------------------------[ jar ]---------------------------------
[INFO] 
[INFO] --- clean:3.2.0:clean (default-clean) @ fscrawler-tika ---
[INFO] Deleting /fscrawler/tika/target
[INFO] 
[INFO] --- enforcer:3.0.0-M3:enforce (enforce) @ fscrawler-tika ---
[INFO] 
[INFO] --- resources:3.2.0:resources (default-resources) @ fscrawler-tika ---
[INFO] Using 'UTF-8' encoding to copy filtered resources.
[INFO] Using 'UTF-8' encoding to copy filtered properties files.
[INFO] skip non existing resourceDirectory /fscrawler/tika/src/main/resources
[INFO] 
[INFO] --- compiler:3.8.1:compile (default-compile) @ fscrawler-tika ---
[INFO] Changes detected - recompiling the module!
[INFO] Compiling 3 source files to /fscrawler/tika/target/classes
[INFO] 
[INFO] --- resources:3.2.0:testResources (default-testResources) @ fscrawler-tika ---
[INFO] Using 'UTF-8' encoding to copy filtered resources.
[INFO] Using 'UTF-8' encoding to copy filtered properties files.
[INFO] Copying 1 resource
[INFO] 
[INFO] --- compiler:3.8.1:testCompile (default-testCompile) @ fscrawler-tika ---
[INFO] Changes detected - recompiling the module!
[INFO] Compiling 3 source files to /fscrawler/tika/target/test-classes
[WARNING] No processor claimed any of these annotations: /org.junit.BeforeClass,/com.carrotsearch.randomizedtesting.annotations.ThreadLeakLingering,/com.carrotsearch.randomizedtesting.annotations.ThreadLeakScope,/org.junit.Test,/com.carrotsearch.randomizedtesting.annotations.TimeoutSuite,/org.junit.runner.RunWith
[INFO] 
[INFO] --- junit4:2.7.9:junit4 (unit-tests) @ fscrawler-tika ---
[INFO] <JUnit4> says नमस्ते! Master seed: 89CBAA93C055C7D8
Executing 2 suites with 2 JVMs.

Started J0 PID(507@00805b895276).
Started J1 PID(508@00805b895276).
  1> 07:08:35,602 INFO  [f.p.e.c.f.t.TikaDocParserTest] Test extraction of [test.docx]
  1> 07:08:35,773 INFO  [f.p.e.c.f.t.TikaInstance] OCR is disabled.
  1> 07:08:43,210 INFO  [f.p.e.c.f.t.TikaDocParserTest] Test extraction of [test-protected.docx]
  1> 07:08:43,214 INFO  [f.p.e.c.f.t.TikaInstance] OCR is disabled.
  1> 07:08:45,532 ERROR [f.document] [543318f22fa821f2bb0bbc8794de8d][/] Unable to process: document is encrypted
  1> 07:08:45,533 WARN  [f.p.e.c.f.t.TikaDocParser] Failed to extract [100000] characters of text for [/documents/test-protected.docx]: Unable to process: document is encrypted
  1> 07:08:45,557 INFO  [f.p.e.c.f.t.TikaDocParserTest] Test extraction of [test.txt]
  1> 07:08:45,578 INFO  [f.p.e.c.f.t.TikaDocParserTest] Test extraction of [test.pdf]
  1> 07:08:45,584 INFO  [f.p.e.c.f.t.TikaInstance] OCR is disabled.
IGNOR/A 0.02s J0 | TikaDocParserTest.testOcr
   > Assumption #1: Tesseract is not installed so we are skipping this test
  1> 07:08:47,028 INFO  [f.p.e.c.f.t.TikaDocParserTest] Test extraction of [test.odt]
  1> 07:08:47,034 INFO  [f.p.e.c.f.t.TikaInstance] OCR is disabled.
  1> 07:08:47,439 INFO  [f.p.e.c.f.t.TikaDocParserTest] Test extraction of [issue-400-shiftjis.txt]
  1> 07:08:47,443 INFO  [f.p.e.c.f.t.TikaInstance] OCR is disabled.
  1> 07:08:47,882 INFO  [f.p.e.c.f.t.TikaDocParserTest] Test extraction of [test.html]
  1> 07:08:47,894 INFO  [f.p.e.c.f.t.TikaInstance] OCR is disabled.
  1> 07:08:48,307 INFO  [f.p.e.c.f.t.TikaDocParserTest] Test extraction of [test.txt]
  1> 07:08:48,313 INFO  [f.p.e.c.f.t.TikaInstance] OCR is disabled.
  1> 07:08:48,454 INFO  [f.p.e.c.f.t.TikaDocParserTest] Test extraction of [issue-163.xml]
  1> 07:08:48,458 INFO  [f.p.e.c.f.t.TikaInstance] OCR is disabled.
  1> 07:08:48,705 INFO  [f.p.e.c.f.t.TikaDocParserTest] Test extraction of [issue-stackoverflow.docx]
  1> 07:08:48,710 INFO  [f.p.e.c.f.t.TikaInstance] OCR is disabled.
  1> 07:08:50,674 WARN  [o.a.p.p.PDPageTree] COSDictionary expected, but got null
  1> 07:08:50,675 WARN  [o.a.p.p.PDPageTree] COSDictionary expected, but got null
  1> 07:08:50,675 ERROR [o.a.p.p.PDPageTree] This page tree node has already been visited
  1> 07:08:50,675 ERROR [o.a.p.p.PDPageTree] This page tree node has already been visited
  1> 07:08:50,675 WARN  [o.a.p.p.PDPageTree] COSDictionary expected, but got null
  1> 07:08:50,675 WARN  [o.a.p.p.PDPageTree] COSDictionary expected, but got null
  1> 07:08:50,675 WARN  [o.a.p.p.PDPageTree] COSDictionary expected, but got null
  1> 07:08:50,675 WARN  [o.a.p.p.PDPageTree] COSDictionary expected, but got null
  1> 07:08:50,675 WARN  [o.a.p.p.PDPageTree] COSDictionary expected, but got null
  1> 07:08:50,676 WARN  [o.a.p.p.PDPageTree] COSDictionary expected, but got null
  1> 07:08:50,676 WARN  [o.a.p.p.PDPageTree] COSDictionary expected, but got null
  1> 07:08:50,676 WARN  [o.a.p.p.PDPageTree] COSDictionary expected, but got null
  1> 07:08:50,676 WARN  [o.a.p.p.PDPageTree] COSDictionary expected, but got null
  1> 07:08:50,676 WARN  [o.a.p.p.PDPageTree] COSDictionary expected, but got null
  1> 07:08:50,677 WARN  [o.a.p.p.PDPageTree] COSDictionary expected, but got null
  1> 07:08:50,677 WARN  [o.a.p.p.PDPageTree] COSDictionary expected, but got null
  1> 07:08:50,677 WARN  [o.a.p.p.PDPageTree] COSDictionary expected, but got null
  1> 07:08:50,677 WARN  [o.a.p.p.PDPageTree] COSDictionary expected, but got null
  1> 07:08:50,683 INFO  [f.p.e.c.f.t.TikaDocParserTest] Test extraction of [test.doc]
  1> 07:08:50,687 INFO  [f.p.e.c.f.t.TikaInstance] OCR is disabled.
  1> 07:08:50,873 ERROR [f.document] [adcd46a474daa5d22e2b5d15a4192ceb][/] 'byte[] org.apache.poi.util.IOUtils.toByteArray(java.io.InputStream, int, int)'
  1> 07:08:50,874 WARN  [f.p.e.c.f.t.TikaDocParser] Failed to extract [100000] characters of text for [/documents/test.doc]: 'byte[] org.apache.poi.util.IOUtils.toByteArray(java.io.InputStream, int, int)'
  2> REPRODUCE WITH:
  2> mvn integration-test -Dtests.seed=89CBAA93C055C7D8 -Dtests.class=fr.pilato.elasticsearch.crawler.fs.tika.TikaDocParserTest -Dtests.method="testExtractFromDoc" -Dtests.locale=xog -Dtests.timezone=BET
FAILURE 0.20s J0 | TikaDocParserTest.testExtractFromDoc <<<
   > Throwable #1: java.lang.AssertionError: 
   > Expected: a string containing "This is a sample text available in page"
   >      but: was null
   > 	at __randomizedtesting.SeedInfo.seed([89CBAA93C055C7D8:8CF35289C6212BF7]:0)
   > 	at org.hamcrest.MatcherAssert.assertThat(MatcherAssert.java:20)
   > 	at org.hamcrest.MatcherAssert.assertThat(MatcherAssert.java:8)
   > 	at fr.pilato.elasticsearch.crawler.fs.tika.TikaDocParserTest.testExtractFromDoc(TikaDocParserTest.java:153)
   > 	at java.base/jdk.internal.reflect.NativeMethodAccessorImpl.invoke0(Native Method)
   > 	at java.base/jdk.internal.reflect.NativeMethodAccessorImpl.invoke(NativeMethodAccessorImpl.java:62)
   > 	at java.base/jdk.internal.reflect.DelegatingMethodAccessorImpl.invoke(DelegatingMethodAccessorImpl.java:43)
   > 	at java.base/java.lang.reflect.Method.invoke(Method.java:566)
   > 	at com.carrotsearch.randomizedtesting.RandomizedRunner.invoke(RandomizedRunner.java:1758)
   > 	at com.carrotsearch.randomizedtesting.RandomizedRunner$8.evaluate(RandomizedRunner.java:946)
   > 	at org.junit.rules.TestWatcher$1.evaluate(TestWatcher.java:61)
   > 	at com.carrotsearch.randomizedtesting.rules.StatementAdapter.evaluate(StatementAdapter.java:36)
   > 	at com.carrotsearch.randomizedtesting.ThreadLeakControl$StatementRunner.run(ThreadLeakControl.java:375)
   > 	at com.carrotsearch.randomizedtesting.ThreadLeakControl.forkTimeoutingTask(ThreadLeakControl.java:824)
   > 	at com.carrotsearch.randomizedtesting.ThreadLeakControl$3.evaluate(ThreadLeakControl.java:475)
   > 	at com.carrotsearch.randomizedtesting.RandomizedRunner.runSingleTest(RandomizedRunner.java:955)
   > 	at com.carrotsearch.randomizedtesting.RandomizedRunner$5.evaluate(RandomizedRunner.java:840)
   > 	at com.carrotsearch.randomizedtesting.RandomizedRunner$6.evaluate(RandomizedRunner.java:891)
   > 	at com.carrotsearch.randomizedtesting.RandomizedRunner$7.evaluate(RandomizedRunner.java:902)
   > 	at org.junit.rules.ExternalResource$1.evaluate(ExternalResource.java:54)
   > 	at com.carrotsearch.randomizedtesting.rules.StatementAdapter.evaluate(StatementAdapter.java:36)
   > 	at com.carrotsearch.randomizedtesting.ThreadLeakControl$StatementRunner.run(ThreadLeakControl.java:375)
   > 	at com.carrotsearch.randomizedtesting.ThreadLeakControl.lambda$forkTimeoutingTask$0(ThreadLeakControl.java:831)
   > 	at java.base/java.lang.Thread.run(Thread.java:829)
  1> 07:08:50,883 INFO  [f.p.e.c.f.t.TikaDocParserTest] Test extraction of [test.txt]
  1> 07:08:50,887 INFO  [f.p.e.c.f.t.TikaInstance] OCR is disabled.
  1> 07:08:50,957 INFO  [f.p.e.c.f.t.TikaDocParserTest] Test extraction of [issue-221-doc1.pdf]
  1> 07:08:50,960 INFO  [f.p.e.c.f.t.TikaInstance] OCR is disabled.
  1> 07:08:51,120 INFO  [f.p.e.c.f.t.TikaDocParserTest] Test extraction of [issue-221-doc2.pdf]
  1> 07:08:51,123 INFO  [f.p.e.c.f.t.TikaInstance] OCR is disabled.
  1> 07:08:51,213 WARN  [o.a.p.p.f.PDFont] Invalid ToUnicode CMap in font RobotoSlab-Regular
  1> 07:08:51,213 WARN  [o.a.p.p.f.PDFont] Using predefined identity CMap instead
  1> 07:08:51,283 WARN  [o.a.p.p.f.PDCIDFontType2] Found CFF/OTF but expected embedded TTF font RobotoSlab-Regular
  1> 07:08:51,301 INFO  [f.p.e.c.f.t.TikaDocParserTest] Test extraction of [test.wav]
  1> 07:08:51,305 INFO  [f.p.e.c.f.t.TikaInstance] OCR is disabled.
  1> 07:08:51,440 INFO  [f.p.e.c.f.t.TikaDocParserTest] Test extraction of [issue-1097.pdf]
  1> 07:08:51,440 INFO  [f.p.e.c.f.t.TikaInstance] OCR is disabled.
  1> 07:08:51,527 INFO  [f.p.e.c.f.t.TikaDocParserTest] Test extraction of [test.rtf]
  1> 07:08:51,532 INFO  [f.p.e.c.f.t.TikaInstance] OCR is disabled.
  1> 07:08:51,669 INFO  [f.p.e.c.f.t.TikaDocParserTest] Test extraction of [test.txt]
  1> 07:08:51,675 INFO  [f.p.e.c.f.t.TikaInstance] OCR is disabled.
  1> 07:08:53,715 INFO  [f.p.e.c.f.t.TikaDocParserTest] Test extraction of [test-fr.txt]
  1> 07:08:53,719 INFO  [f.p.e.c.f.t.TikaInstance] OCR is disabled.
  1> 07:08:53,796 INFO  [f.p.e.c.f.t.TikaDocParserTest] Test extraction of [test-de.txt]
  1> 07:08:53,805 INFO  [f.p.e.c.f.t.TikaInstance] OCR is disabled.
  1> 07:08:54,044 INFO  [f.p.e.c.f.t.TikaDocParserTest] Test extraction of [test-enfrde.txt]
  1> 07:08:54,052 INFO  [f.p.e.c.f.t.TikaInstance] OCR is disabled.
  1> 07:08:54,116 INFO  [f.p.e.c.f.t.TikaDocParserTest] Test extraction of [test.txt]
  1> 07:08:54,121 INFO  [f.p.e.c.f.t.TikaInstance] OCR is disabled.
  1> 07:08:54,162 INFO  [f.p.e.c.f.t.TikaDocParserTest] Test extraction of [issue-834.txt]
  1> 07:08:54,166 INFO  [f.p.e.c.f.t.TikaInstance] OCR is disabled.
  1> 07:08:54,235 INFO  [f.p.e.c.f.t.TikaDocParserTest] Test extraction of [test.mp3]
  1> 07:08:54,243 INFO  [f.p.e.c.f.t.TikaInstance] OCR is disabled.
  1> 07:08:54,401 INFO  [f.p.e.c.f.t.TikaDocParserTest] Test extraction of [test.txt]
  1> 07:08:54,413 INFO  [f.p.e.c.f.t.TikaInstance] OCR is disabled.

Tests with failures [seed: 89CBAA93C055C7D8]:
  - fr.pilato.elasticsearch.crawler.fs.tika.TikaDocParserTest.testExtractFromDoc


[INFO] JVM J0:     1.37 ..    28.17 =    26.80s
[INFO] JVM J1:     1.64 ..     9.79 =     8.15s
[INFO] Execution time total: 28 seconds
[INFO] Tests summary: 2 suites, 24 tests, 1 failure, 1 ignored (1 assumption)
[INFO] ------------------------------------------------------------------------
[INFO] Reactor Summary for FSCrawler 2.8-SNAPSHOT:
[INFO] 
[INFO] FSCrawler .......................................... SUCCESS [  1.306 s]
[INFO] FSCrawler Test Framework ........................... SUCCESS [ 28.035 s]
[INFO] FSCrawler Framework ................................ SUCCESS [ 10.547 s]
[INFO] FSCrawler Settings ................................. SUCCESS [ 18.207 s]
[INFO] FSCrawler Test Documents ........................... SUCCESS [  0.222 s]
[INFO] FSCrawler Beans .................................... SUCCESS [  5.556 s]
[INFO] FSCrawler 3rd Party libraries ...................... SUCCESS [  0.003 s]
[INFO] FSCrawler Workplace Search Client .................. SUCCESS [  1.210 s]
[INFO] FSCrawler Elasticsearch Client ..................... SUCCESS [  0.042 s]
[INFO] FSCrawler Elasticsearch Client Base ................ SUCCESS [  7.699 s]
[INFO] FSCrawler Elasticsearch Client V7 .................. SUCCESS [ 17.922 s]
[INFO] FSCrawler Elasticsearch Client V6 .................. SUCCESS [ 11.276 s]
[INFO] FSCrawler Tika ..................................... FAILURE [ 41.424 s]
[INFO] FSCrawler Crawlers ................................. SKIPPED
[INFO] FSCrawler Abstract Crawler ......................... SKIPPED
[INFO] FSCrawler Crawlers: FS ............................. SKIPPED
[INFO] FSCrawler Crawlers: FTP ............................ SKIPPED
[INFO] FSCrawler Crawlers: SSH ............................ SKIPPED
[INFO] FSCrawler Core ..................................... SKIPPED
[INFO] FSCrawler Rest Server .............................. SKIPPED
[INFO] FSCrawler Integration Tests ........................ SKIPPED
[INFO] FSCrawler Integration Common Tests ................. SKIPPED
[INFO] FSCrawler Integration Tests for Elasticsearch 7.x .. SKIPPED
[INFO] FSCrawler Integration Tests for Elasticsearch 6.x .. SKIPPED
[INFO] FSCrawler Cli ...................................... SKIPPED
[INFO] FSCrawler ZIP Distribution ......................... SKIPPED
[INFO] FSCrawler ZIP Distribution for Elasticsearch 7.x ... SKIPPED
[INFO] FSCrawler ZIP Distribution for Elasticsearch 6.x ... SKIPPED
[INFO] FSCrawler Documentation ............................ SKIPPED
[INFO] ------------------------------------------------------------------------
[INFO] BUILD FAILURE
[INFO] ------------------------------------------------------------------------
[INFO] Total time:  02:25 min
[INFO] Finished at: 2025-10-01T10:08:54Z
[INFO] ------------------------------------------------------------------------
[WARNING] 
[WARNING] Plugin validation issues were detected in 4 plugin(s)
[WARNING] 
[WARNING]  * org.apache.maven.plugins:maven-resources-plugin:3.2.0
[WARNING]  * org.apache.maven.plugins:maven-compiler-plugin:3.8.1
[WARNING]  * com.carrotsearch.randomizedtesting:junit4-maven-plugin:2.7.9
[WARNING]  * org.apache.maven.plugins:maven-enforcer-plugin:3.0.0-M3
[WARNING] 
[WARNING] For more or less details, use 'maven.plugin.validation' property with one of the values (case insensitive): [BRIEF, DEFAULT, VERBOSE]
[WARNING] 
[ERROR] Failed to execute goal com.carrotsearch.randomizedtesting:junit4-maven-plugin:2.7.9:junit4 (unit-tests) on project fscrawler-tika: There were test failures: 2 suites, 24 tests, 1 failure, 1 ignored (1 assumption) [seed: 89CBAA93C055C7D8] -> [Help 1]
[ERROR] 
[ERROR] To see the full stack trace of the errors, re-run Maven with the -e switch.
[ERROR] Re-run Maven using the -X switch to enable full debug logging.
[ERROR] 
[ERROR] For more information about the errors and possible solutions, please read the following articles:
[ERROR] [Help 1] http://cwiki.apache.org/confluence/display/MAVEN/MojoExecutionException
[ERROR] 
[ERROR] After correcting the problems, you can resume the build with the command
[ERROR]   mvn <args> -rf :fscrawler-tika
