[INFO] Scanning for projects...
[INFO] 
[INFO] --------------------------< com.artipie:http >--------------------------
[INFO] Building Artipie HTTP 2.0-SNAPSHOT
[INFO]   from pom.xml
[INFO] --------------------------------[ jar ]---------------------------------
[INFO] 
[INFO] --- clean:3.1.0:clean (default-clean) @ http ---
[INFO] Deleting /http/target
[INFO] 
[INFO] --- enforcer:3.0.0:enforce (enforce-maven) @ http ---
[INFO] 
[INFO] --- jacoco:0.8.7:prepare-agent (jacoco-initialize) @ http ---
[INFO] argLine set to -javaagent:/root/.m2/repository/org/jacoco/org.jacoco.agent/0.8.7/org.jacoco.agent-0.8.7-runtime.jar=destfile=/http/target/jacoco.exec,output=file
[INFO] 
[INFO] --- resources:3.2.0:resources (default-resources) @ http ---
[INFO] Using 'UTF-8' encoding to copy filtered resources.
[INFO] Using 'UTF-8' encoding to copy filtered properties files.
[INFO] skip non existing resourceDirectory /http/src/main/resources
[INFO] 
[INFO] --- compiler:3.8.1:compile (default-compile) @ http ---
[INFO] Compiling 130 source files to /http/target/classes
[INFO] -------------------------------------------------------------
[ERROR] COMPILATION ERROR : 
[INFO] -------------------------------------------------------------
[ERROR] /http/src/main/java/com/artipie/security/policy/YamlPolicyFactory.java:[9,32] cannot find symbol
  symbol:   class Storages
  location: package com.artipie.asto.factory
[ERROR] /http/src/main/java/com/artipie/security/policy/YamlPolicyFactory.java:[43,25] cannot find symbol
  symbol:   class Storages
  location: class com.artipie.security.policy.YamlPolicyFactory
[INFO] 2 errors 
[INFO] -------------------------------------------------------------
[INFO] ------------------------------------------------------------------------
[INFO] BUILD FAILURE
[INFO] ------------------------------------------------------------------------
[INFO] Total time:  7.002 s
[INFO] Finished at: 2025-10-01T11:55:25Z
[INFO] ------------------------------------------------------------------------
[WARNING] 
[WARNING] Plugin validation issues were detected in 5 plugin(s)
[WARNING] 
[WARNING]  * org.jacoco:jacoco-maven-plugin:0.8.7
[WARNING]  * org.apache.maven.plugins:maven-resources-plugin:3.2.0
[WARNING]  * org.apache.maven.plugins:maven-compiler-plugin:3.8.1
[WARNING]  * org.apache.maven.plugins:maven-clean-plugin:3.1.0
[WARNING]  * org.apache.maven.plugins:maven-enforcer-plugin:3.0.0
[WARNING] 
[WARNING] For more or less details, use 'maven.plugin.validation' property with one of the values (case insensitive): [BRIEF, DEFAULT, VERBOSE]
[WARNING] 
[ERROR] Failed to execute goal org.apache.maven.plugins:maven-compiler-plugin:3.8.1:compile (default-compile) on project http: Compilation failure: Compilation failure: 
[ERROR] /http/src/main/java/com/artipie/security/policy/YamlPolicyFactory.java:[9,32] cannot find symbol
[ERROR]   symbol:   class Storages
[ERROR]   location: package com.artipie.asto.factory
[ERROR] /http/src/main/java/com/artipie/security/policy/YamlPolicyFactory.java:[43,25] cannot find symbol
[ERROR]   symbol:   class Storages
[ERROR]   location: class com.artipie.security.policy.YamlPolicyFactory
[ERROR] -> [Help 1]
[ERROR] 
[ERROR] To see the full stack trace of the errors, re-run Maven with the -e switch.
[ERROR] Re-run Maven using the -X switch to enable full debug logging.
[ERROR] 
[ERROR] For more information about the errors and possible solutions, please read the following articles:
[ERROR] [Help 1] http://cwiki.apache.org/confluence/display/MAVEN/MojoFailureException
