[INFO] Scanning for projects...
[INFO] ------------------------------------------------------------------------
[INFO] Reactor Build Order:
[INFO] 
[INFO] FSCrawler                                                          [pom]
[INFO] FSCrawler Test Framework                                           [jar]
[INFO] FSCrawler Framework                                                [jar]
[INFO] FSCrawler Settings                                                 [jar]
[INFO] FSCrawler Test Documents                                           [jar]
[INFO] FSCrawler Beans                                                    [jar]
[INFO] FSCrawler 3rd Party libraries                                      [pom]
[INFO] FSCrawler Workplace Search Client                                  [jar]
[INFO] FSCrawler Elasticsearch Client                                     [jar]
[INFO] FSCrawler Tika                                                     [jar]
[INFO] FSCrawler Crawlers                                                 [pom]
[INFO] FSCrawler Abstract Crawler                                         [jar]
[INFO] FSCrawler Crawlers: FS                                             [jar]
[INFO] FSCrawler Crawlers: FTP                                            [jar]
[INFO] FSCrawler Crawlers: SSH                                            [jar]
[INFO] FSCrawler Core                                                     [jar]
[INFO] FSCrawler Rest Server                                              [jar]
[INFO] FSCrawler Integration Tests                                        [jar]
[INFO] FSCrawler Cli                                                      [jar]
[INFO] FSCrawler ZIP Distribution                                         [jar]
[INFO] FSCrawler Documentation                                            [pom]
[INFO] 
[INFO] ----------< fr.pilato.elasticsearch.crawler:fscrawler-parent >----------
[INFO] Building FSCrawler 2.10-SNAPSHOT                                  [1/21]
[INFO]   from pom.xml
[INFO] --------------------------------[ pom ]---------------------------------
[INFO] 
[INFO] --- clean:3.2.0:clean (default-clean) @ fscrawler-parent ---
[INFO] 
[INFO] ------< fr.pilato.elasticsearch.crawler:fscrawler-test-framework >------
[INFO] Building FSCrawler Test Framework 2.10-SNAPSHOT                   [2/21]
[INFO]   from test-framework/pom.xml
[INFO] --------------------------------[ jar ]---------------------------------
[INFO] 
[INFO] --- clean:3.2.0:clean (default-clean) @ fscrawler-test-framework ---
[INFO] Deleting /fscrawler/test-framework/target
[INFO] 
[INFO] --- enforcer:3.0.0-M3:enforce (enforce) @ fscrawler-test-framework ---
[INFO] 
[INFO] --- resources:3.2.0:resources (default-resources) @ fscrawler-test-framework ---
[INFO] Using 'UTF-8' encoding to copy filtered resources.
[INFO] Using 'UTF-8' encoding to copy filtered properties files.
[INFO] skip non existing resourceDirectory /fscrawler/test-framework/src/main/resources
[INFO] 
[INFO] --- compiler:3.10.0:compile (default-compile) @ fscrawler-test-framework ---
[INFO] Changes detected - recompiling the module!
[INFO] Compiling 4 source files to /fscrawler/test-framework/target/classes
[WARNING] No processor claimed any of these annotations: /com.carrotsearch.randomizedtesting.annotations.TimeoutSuite,/org.junit.ClassRule,/org.junit.BeforeClass,/com.carrotsearch.randomizedtesting.annotations.ThreadLeakLingering,/org.junit.Rule,/com.carrotsearch.randomizedtesting.annotations.ThreadLeakScope,/org.junit.runner.RunWith,/org.junit.AfterClass,/com.carrotsearch.randomizedtesting.annotations.Listeners
[INFO] /fscrawler/test-framework/src/main/java/fr/pilato/elasticsearch/crawler/fs/test/framework/AbstractFSCrawlerTestCase.java: /fscrawler/test-framework/src/main/java/fr/pilato/elasticsearch/crawler/fs/test/framework/AbstractFSCrawlerTestCase.java uses unchecked or unsafe operations.
[INFO] /fscrawler/test-framework/src/main/java/fr/pilato/elasticsearch/crawler/fs/test/framework/AbstractFSCrawlerTestCase.java: Recompile with -Xlint:unchecked for details.
[INFO] 
[INFO] --- resources:3.2.0:testResources (default-testResources) @ fscrawler-test-framework ---
[INFO] Using 'UTF-8' encoding to copy filtered resources.
[INFO] Using 'UTF-8' encoding to copy filtered properties files.
[INFO] Copying 1 resource
[INFO] 
[INFO] --- compiler:3.10.0:testCompile (default-testCompile) @ fscrawler-test-framework ---
[INFO] Changes detected - recompiling the module!
[INFO] Compiling 1 source file to /fscrawler/test-framework/target/test-classes
[WARNING] No processor claimed any of these annotations: /com.carrotsearch.randomizedtesting.annotations.ThreadLeakLingering,/com.carrotsearch.randomizedtesting.annotations.ThreadLeakScope,/org.junit.Test,/com.carrotsearch.randomizedtesting.annotations.TimeoutSuite,/org.junit.runner.RunWith
[INFO] 
[INFO] --- junit4:2.7.9:junit4 (unit-tests) @ fscrawler-test-framework ---
[INFO] <JUnit4> says Привет! Master seed: 2F10EE27B3722E7A
Executing 1 suite with 1 JVM.

Started J0 PID(60@66e88bf927c5).
[INFO] JVM J0:     0.36 ..     1.63 =     1.27s
[INFO] Execution time total: 1.63 sec.
[INFO] Tests summary: 1 suite, 2 tests
[INFO] 
[INFO] --------< fr.pilato.elasticsearch.crawler:fscrawler-framework >---------
[INFO] Building FSCrawler Framework 2.10-SNAPSHOT                        [3/21]
[INFO]   from framework/pom.xml
[INFO] --------------------------------[ jar ]---------------------------------
[INFO] 
[INFO] --- clean:3.2.0:clean (default-clean) @ fscrawler-framework ---
[INFO] Deleting /fscrawler/framework/target
[INFO] 
[INFO] --- enforcer:3.0.0-M3:enforce (enforce) @ fscrawler-framework ---
[INFO] 
[INFO] --- resources:3.2.0:resources (default-resources) @ fscrawler-framework ---
[INFO] Using 'UTF-8' encoding to copy filtered resources.
[INFO] Using 'UTF-8' encoding to copy filtered properties files.
[INFO] Copying 1 resource
[INFO] 
[INFO] --- compiler:3.10.0:compile (default-compile) @ fscrawler-framework ---
[INFO] Changes detected - recompiling the module!
[INFO] Compiling 28 source files to /fscrawler/framework/target/classes
[INFO] 
[INFO] --- resources:3.2.0:testResources (default-testResources) @ fscrawler-framework ---
[INFO] Using 'UTF-8' encoding to copy filtered resources.
[INFO] Using 'UTF-8' encoding to copy filtered properties files.
[INFO] Copying 1 resource
[INFO] 
[INFO] --- compiler:3.10.0:testCompile (default-testCompile) @ fscrawler-framework ---
[INFO] Changes detected - recompiling the module!
[INFO] Compiling 4 source files to /fscrawler/framework/target/test-classes
[WARNING] No processor claimed any of these annotations: /org.junit.BeforeClass,/com.carrotsearch.randomizedtesting.annotations.ThreadLeakLingering,/com.carrotsearch.randomizedtesting.annotations.ThreadLeakScope,/org.junit.Test,/com.carrotsearch.randomizedtesting.annotations.TimeoutSuite,/org.junit.runner.RunWith
[INFO] 
[INFO] ---------< fr.pilato.elasticsearch.crawler:fscrawler-settings >---------
[INFO] Building FSCrawler Settings 2.10-SNAPSHOT                         [4/21]
[INFO]   from settings/pom.xml
[INFO] --------------------------------[ jar ]---------------------------------
[INFO] 
[INFO] --- clean:3.2.0:clean (default-clean) @ fscrawler-settings ---
[INFO] Deleting /fscrawler/settings/target
[INFO] 
[INFO] --- enforcer:3.0.0-M3:enforce (enforce) @ fscrawler-settings ---
[INFO] 
[INFO] --- resources:3.2.0:resources (default-resources) @ fscrawler-settings ---
[INFO] Using 'UTF-8' encoding to copy filtered resources.
[INFO] Using 'UTF-8' encoding to copy filtered properties files.
[INFO] Copying 5 resources
[INFO] 
[INFO] --- compiler:3.10.0:compile (default-compile) @ fscrawler-settings ---
[INFO] Changes detected - recompiling the module!
[INFO] Compiling 11 source files to /fscrawler/settings/target/classes
[WARNING] No processor claimed any of these annotations: /com.fasterxml.jackson.annotation.JsonIgnore,/com.fasterxml.jackson.annotation.JsonProperty
[INFO] 
[INFO] --- resources:3.2.0:testResources (default-testResources) @ fscrawler-settings ---
[INFO] Using 'UTF-8' encoding to copy filtered resources.
[INFO] Using 'UTF-8' encoding to copy filtered properties files.
[INFO] Copying 6 resources
[INFO] 
[INFO] --- compiler:3.10.0:testCompile (default-testCompile) @ fscrawler-settings ---
[INFO] Changes detected - recompiling the module!
[INFO] Compiling 8 source files to /fscrawler/settings/target/test-classes
[WARNING] No processor claimed any of these annotations: /org.junit.BeforeClass,/com.carrotsearch.randomizedtesting.annotations.ThreadLeakLingering,/com.carrotsearch.randomizedtesting.annotations.ThreadLeakScope,/org.junit.Test,/com.carrotsearch.randomizedtesting.annotations.TimeoutSuite,/org.junit.runner.RunWith
[INFO] 
[INFO] --- junit4:2.7.9:junit4 (unit-tests) @ fscrawler-settings ---
[INFO] <JUnit4> says salut! Master seed: 2419369A62D1195B
Executing 8 suites with 4 JVMs.

Started J3 PID(107@66e88bf927c5).
Started J1 PID(106@66e88bf927c5).
Started J0 PID(122@66e88bf927c5).
Started J2 PID(110@66e88bf927c5).
[INFO] JVM J0:     0.81 ..     3.60 =     2.78s
[INFO] JVM J1:     0.79 ..     3.31 =     2.52s
[INFO] JVM J2:     0.81 ..     4.34 =     3.53s
[INFO] JVM J3:     0.79 ..     3.81 =     3.03s
[INFO] Execution time total: 4.34 sec.
[INFO] Tests summary: 8 suites, 50 tests
[INFO] 
[INFO] ------< fr.pilato.elasticsearch.crawler:fscrawler-test-documents >------
[INFO] Building FSCrawler Test Documents 2.10-SNAPSHOT                   [5/21]
[INFO]   from test-documents/pom.xml
[INFO] --------------------------------[ jar ]---------------------------------
[INFO] 
[INFO] --- clean:3.2.0:clean (default-clean) @ fscrawler-test-documents ---
[INFO] Deleting /fscrawler/test-documents/target
[INFO] 
[INFO] --- enforcer:3.0.0-M3:enforce (enforce) @ fscrawler-test-documents ---
[INFO] 
[INFO] --- resources:3.2.0:resources (default-resources) @ fscrawler-test-documents ---
[INFO] Using 'UTF-8' encoding to copy filtered resources.
[INFO] Using 'UTF-8' encoding to copy filtered properties files.
[INFO] Copying 30 resources
[INFO] 
[INFO] --- compiler:3.10.0:compile (default-compile) @ fscrawler-test-documents ---
[INFO] No sources to compile
[INFO] 
[INFO] --- resources:3.2.0:testResources (default-testResources) @ fscrawler-test-documents ---
[INFO] Using 'UTF-8' encoding to copy filtered resources.
[INFO] Using 'UTF-8' encoding to copy filtered properties files.
[INFO] skip non existing resourceDirectory /fscrawler/test-documents/src/test/resources
[INFO] 
[INFO] --- compiler:3.10.0:testCompile (default-testCompile) @ fscrawler-test-documents ---
[INFO] No sources to compile
[INFO] 
[INFO] ----------< fr.pilato.elasticsearch.crawler:fscrawler-beans >-----------
[INFO] Building FSCrawler Beans 2.10-SNAPSHOT                            [6/21]
[INFO]   from beans/pom.xml
[INFO] --------------------------------[ jar ]---------------------------------
[INFO] 
[INFO] --- clean:3.2.0:clean (default-clean) @ fscrawler-beans ---
[INFO] Deleting /fscrawler/beans/target
[INFO] 
[INFO] --- enforcer:3.0.0-M3:enforce (enforce) @ fscrawler-beans ---
[INFO] 
[INFO] --- resources:3.2.0:resources (default-resources) @ fscrawler-beans ---
[INFO] Using 'UTF-8' encoding to copy filtered resources.
[INFO] Using 'UTF-8' encoding to copy filtered properties files.
[INFO] skip non existing resourceDirectory /fscrawler/beans/src/main/resources
[INFO] 
[INFO] --- compiler:3.10.0:compile (default-compile) @ fscrawler-beans ---
[INFO] Changes detected - recompiling the module!
[INFO] Compiling 9 source files to /fscrawler/beans/target/classes
[INFO] 
[INFO] --- resources:3.2.0:testResources (default-testResources) @ fscrawler-beans ---
[INFO] Using 'UTF-8' encoding to copy filtered resources.
[INFO] Using 'UTF-8' encoding to copy filtered properties files.
[INFO] Copying 1 resource
[INFO] 
[INFO] --- compiler:3.10.0:testCompile (default-testCompile) @ fscrawler-beans ---
[INFO] Changes detected - recompiling the module!
[INFO] Compiling 1 source file to /fscrawler/beans/target/test-classes
[WARNING] No processor claimed any of these annotations: /com.carrotsearch.randomizedtesting.annotations.ThreadLeakLingering,/com.carrotsearch.randomizedtesting.annotations.ThreadLeakScope,/org.junit.Test,/com.carrotsearch.randomizedtesting.annotations.TimeoutSuite,/org.junit.runner.RunWith
[INFO] 
[INFO] --- junit4:2.7.9:junit4 (unit-tests) @ fscrawler-beans ---
[INFO] <JUnit4> says 今日は! Master seed: E703EC3F659097B0
Executing 1 suite with 1 JVM.

Started J0 PID(268@66e88bf927c5).
[INFO] JVM J0:     0.52 ..     1.77 =     1.25s
[INFO] Execution time total: 1.78 sec.
[INFO] Tests summary: 1 suite, 3 tests
[INFO] 
[INFO] ---------< fr.pilato.elasticsearch.crawler:fscrawler-3rdparty >---------
[INFO] Building FSCrawler 3rd Party libraries 2.10-SNAPSHOT              [7/21]
[INFO]   from 3rdparty/pom.xml
[INFO] --------------------------------[ pom ]---------------------------------
[INFO] 
[INFO] --- clean:3.2.0:clean (default-clean) @ fscrawler-3rdparty ---
[INFO] 
[INFO] --< fr.pilato.elasticsearch.crawler:fscrawler-workplacesearch-client >--
[INFO] Building FSCrawler Workplace Search Client 2.10-SNAPSHOT          [8/21]
[INFO]   from 3rdparty/workplacesearch-client/pom.xml
[INFO] --------------------------------[ jar ]---------------------------------
[INFO] 
[INFO] --- clean:3.2.0:clean (default-clean) @ fscrawler-workplacesearch-client ---
[INFO] Deleting /fscrawler/3rdparty/workplacesearch-client/target
[INFO] 
[INFO] --- resources:3.2.0:resources (default-resources) @ fscrawler-workplacesearch-client ---
[INFO] Using 'UTF-8' encoding to copy filtered resources.
[INFO] Using 'UTF-8' encoding to copy filtered properties files.
[INFO] Copying 1 resource
[INFO] 
[INFO] --- compiler:3.10.0:compile (default-compile) @ fscrawler-workplacesearch-client ---
[INFO] Changes detected - recompiling the module!
[INFO] Compiling 5 source files to /fscrawler/3rdparty/workplacesearch-client/target/classes
[WARNING] /fscrawler/3rdparty/workplacesearch-client/src/main/java/fr/pilato/elasticsearch/crawler/fs/thirdparty/wpsearch/WPSearchClient.java:[342,31] parseJson(java.lang.String) in fr.pilato.elasticsearch.crawler.fs.framework.JsonUtil has been deprecated
[WARNING] /fscrawler/3rdparty/workplacesearch-client/src/main/java/fr/pilato/elasticsearch/crawler/fs/thirdparty/wpsearch/WPSearchClient.java:[391,27] parseJson(java.lang.String) in fr.pilato.elasticsearch.crawler.fs.framework.JsonUtil has been deprecated
[INFO] 
[INFO] --- resources:3.2.0:testResources (default-testResources) @ fscrawler-workplacesearch-client ---
[INFO] Using 'UTF-8' encoding to copy filtered resources.
[INFO] Using 'UTF-8' encoding to copy filtered properties files.
[INFO] skip non existing resourceDirectory /fscrawler/3rdparty/workplacesearch-client/src/test/resources
[INFO] 
[INFO] --- compiler:3.10.0:testCompile (default-testCompile) @ fscrawler-workplacesearch-client ---
[INFO] No sources to compile
[INFO] 
[INFO] ---< fr.pilato.elasticsearch.crawler:fscrawler-elasticsearch-client >---
[INFO] Building FSCrawler Elasticsearch Client 2.10-SNAPSHOT             [9/21]
[INFO]   from elasticsearch-client/pom.xml
[INFO] --------------------------------[ jar ]---------------------------------
[INFO] 
[INFO] --- clean:3.2.0:clean (default-clean) @ fscrawler-elasticsearch-client ---
[INFO] Deleting /fscrawler/elasticsearch-client/target
[INFO] 
[INFO] --- enforcer:3.0.0-M3:enforce (enforce) @ fscrawler-elasticsearch-client ---
[INFO] 
[INFO] --- resources:3.2.0:resources (default-resources) @ fscrawler-elasticsearch-client ---
[INFO] Using 'UTF-8' encoding to copy filtered resources.
[INFO] Using 'UTF-8' encoding to copy filtered properties files.
[INFO] skip non existing resourceDirectory /fscrawler/elasticsearch-client/src/main/resources
[INFO] 
[INFO] --- compiler:3.10.0:compile (default-compile) @ fscrawler-elasticsearch-client ---
[INFO] Changes detected - recompiling the module!
[INFO] Compiling 22 source files to /fscrawler/elasticsearch-client/target/classes
[WARNING] /fscrawler/elasticsearch-client/src/main/java/fr/pilato/elasticsearch/crawler/fs/client/ElasticsearchClient.java:[407,17] createIndices() in fr.pilato.elasticsearch.crawler.fs.client.IElasticsearchClient has been deprecated
[WARNING] /fscrawler/elasticsearch-client/src/main/java/fr/pilato/elasticsearch/crawler/fs/client/ElasticsearchClient.java:[170,27] parseJson(java.lang.String) in fr.pilato.elasticsearch.crawler.fs.framework.JsonUtil has been deprecated
[WARNING] /fscrawler/elasticsearch-client/src/main/java/fr/pilato/elasticsearch/crawler/fs/client/ElasticsearchClient.java:[274,27] parseJson(java.lang.String) in fr.pilato.elasticsearch.crawler.fs.framework.JsonUtil has been deprecated
[WARNING] /fscrawler/elasticsearch-client/src/main/java/fr/pilato/elasticsearch/crawler/fs/client/ElasticsearchClient.java:[535,32] setSourceAsMap(java.util.Map<java.lang.String,java.lang.Object>) in fr.pilato.elasticsearch.crawler.fs.client.ESSearchHit has been deprecated
[WARNING] /fscrawler/elasticsearch-client/src/main/java/fr/pilato/elasticsearch/crawler/fs/client/ElasticsearchClient.java:[537,32] setSourceAsMap(java.util.Map<java.lang.String,java.lang.Object>) in fr.pilato.elasticsearch.crawler.fs.client.ESSearchHit has been deprecated
[WARNING] /fscrawler/elasticsearch-client/src/main/java/fr/pilato/elasticsearch/crawler/fs/client/ElasticsearchClient.java:[635,31] parseJson(java.lang.String) in fr.pilato.elasticsearch.crawler.fs.framework.JsonUtil has been deprecated
[WARNING] /fscrawler/elasticsearch-client/src/main/java/fr/pilato/elasticsearch/crawler/fs/client/ElasticsearchClient.java:[667,12] setSourceAsMap(java.util.Map<java.lang.String,java.lang.Object>) in fr.pilato.elasticsearch.crawler.fs.client.ESSearchHit has been deprecated
[INFO] /fscrawler/elasticsearch-client/src/main/java/fr/pilato/elasticsearch/crawler/fs/client/ElasticsearchBulkResponse.java: Some input files use unchecked or unsafe operations.
[INFO] /fscrawler/elasticsearch-client/src/main/java/fr/pilato/elasticsearch/crawler/fs/client/ElasticsearchBulkResponse.java: Recompile with -Xlint:unchecked for details.
[INFO] 
[INFO] --- resources:3.2.0:testResources (default-testResources) @ fscrawler-elasticsearch-client ---
[INFO] Using 'UTF-8' encoding to copy filtered resources.
[INFO] Using 'UTF-8' encoding to copy filtered properties files.
[INFO] Copying 1 resource
[INFO] 
[INFO] --- compiler:3.10.0:testCompile (default-testCompile) @ fscrawler-elasticsearch-client ---
[INFO] Changes detected - recompiling the module!
[INFO] Compiling 1 source file to /fscrawler/elasticsearch-client/target/test-classes
[WARNING] No processor claimed any of these annotations: /com.carrotsearch.randomizedtesting.annotations.ThreadLeakLingering,/com.carrotsearch.randomizedtesting.annotations.ThreadLeakScope,/org.junit.Test,/com.carrotsearch.randomizedtesting.annotations.TimeoutSuite,/org.junit.runner.RunWith
[INFO] 
[INFO] --- junit4:2.7.9:junit4 (unit-tests) @ fscrawler-elasticsearch-client ---
[INFO] <JUnit4> says مرحبا! Master seed: 4A61C7C51CF94E8C
Executing 1 suite with 1 JVM.

Started J0 PID(309@66e88bf927c5).
[INFO] JVM J0:     0.52 ..     1.52 =     1.00s
[INFO] Execution time total: 1.52 sec.
[INFO] Tests summary: 1 suite, 3 tests
[INFO] 
[INFO] -----------< fr.pilato.elasticsearch.crawler:fscrawler-tika >-----------
[INFO] Building FSCrawler Tika 2.10-SNAPSHOT                            [10/21]
[INFO]   from tika/pom.xml
[INFO] --------------------------------[ jar ]---------------------------------
[INFO] 
[INFO] --- clean:3.2.0:clean (default-clean) @ fscrawler-tika ---
[INFO] Deleting /fscrawler/tika/target
[INFO] 
[INFO] --- enforcer:3.0.0-M3:enforce (enforce) @ fscrawler-tika ---
[INFO] 
[INFO] --- resources:3.2.0:resources (default-resources) @ fscrawler-tika ---
[INFO] Using 'UTF-8' encoding to copy filtered resources.
[INFO] Using 'UTF-8' encoding to copy filtered properties files.
[INFO] skip non existing resourceDirectory /fscrawler/tika/src/main/resources
[INFO] 
[INFO] --- compiler:3.10.0:compile (default-compile) @ fscrawler-tika ---
[INFO] Changes detected - recompiling the module!
[INFO] Compiling 3 source files to /fscrawler/tika/target/classes
[INFO] 
[INFO] --- resources:3.2.0:testResources (default-testResources) @ fscrawler-tika ---
[INFO] Using 'UTF-8' encoding to copy filtered resources.
[INFO] Using 'UTF-8' encoding to copy filtered properties files.
[INFO] Copying 1 resource
[INFO] 
[INFO] --- compiler:3.10.0:testCompile (default-testCompile) @ fscrawler-tika ---
[INFO] Changes detected - recompiling the module!
[INFO] Compiling 3 source files to /fscrawler/tika/target/test-classes
[WARNING] No processor claimed any of these annotations: /org.junit.BeforeClass,/com.carrotsearch.randomizedtesting.annotations.ThreadLeakLingering,/com.carrotsearch.randomizedtesting.annotations.ThreadLeakScope,/org.junit.Test,/com.carrotsearch.randomizedtesting.annotations.TimeoutSuite,/org.junit.runner.RunWith
[INFO] 
[INFO] --- junit4:2.7.9:junit4 (unit-tests) @ fscrawler-tika ---
[INFO] <JUnit4> says aloha! Master seed: 562E4ECE7C359A68
Executing 2 suites with 2 JVMs.

Started J0 PID(349@66e88bf927c5).
Started J1 PID(355@66e88bf927c5).
  1> 18:30:58,328 INFO  [f.p.e.c.f.t.TikaDocParserTest] Test extraction of [test.pdf]
  1> 18:30:58,379 INFO  [f.p.e.c.f.t.TikaInstance] OCR is disabled.
  1> 18:30:59,365 INFO  [f.p.e.c.f.t.TikaDocParserTest] Test extraction of [test.docx]
  1> 18:30:59,368 INFO  [f.p.e.c.f.t.TikaInstance] OCR is disabled.
  1> 18:30:59,458 ERROR [f.document] [90936fbec470f7fa873de6f29f7b9dc2][/] class org.apache.poi.ooxml.extractor.POIXMLTextExtractor can not implement org.apache.poi.extractor.POITextExtractor, because it is not an interface (org.apache.poi.extractor.POITextExtractor is in unnamed module of loader 'app')
  1> 18:30:59,459 WARN  [f.p.e.c.f.t.TikaDocParser] Failed to extract [100000] characters of text for [/documents/test.docx]: class org.apache.poi.ooxml.extractor.POIXMLTextExtractor can not implement org.apache.poi.extractor.POITextExtractor, because it is not an interface (org.apache.poi.extractor.POITextExtractor is in unnamed module of loader 'app')
  2> REPRODUCE WITH:
  2> mvn integration-test -Dtests.seed=562E4ECE7C359A68 -Dtests.class=fr.pilato.elasticsearch.crawler.fs.tika.TikaDocParserTest -Dtests.method="testExtractFromDocx" -Dtests.locale=en-SH -Dtests.timezone=Indian/Cocos
FAILURE 0.11s J0 | TikaDocParserTest.testExtractFromDocx <<<
   > Throwable #1: java.lang.AssertionError: 
   > Expected: a string containing "This is a sample text available in page"
   >      but: was null
   > 	at __randomizedtesting.SeedInfo.seed([562E4ECE7C359A68:A0C096F3788A0CD5]:0)
   > 	at org.hamcrest.MatcherAssert.assertThat(MatcherAssert.java:20)
   > 	at org.hamcrest.MatcherAssert.assertThat(MatcherAssert.java:8)
   > 	at fr.pilato.elasticsearch.crawler.fs.tika.TikaDocParserTest.testExtractFromDocx(TikaDocParserTest.java:197)
   > 	at java.base/jdk.internal.reflect.NativeMethodAccessorImpl.invoke0(Native Method)
   > 	at java.base/jdk.internal.reflect.NativeMethodAccessorImpl.invoke(NativeMethodAccessorImpl.java:62)
   > 	at java.base/jdk.internal.reflect.DelegatingMethodAccessorImpl.invoke(DelegatingMethodAccessorImpl.java:43)
   > 	at java.base/java.lang.reflect.Method.invoke(Method.java:566)
   > 	at com.carrotsearch.randomizedtesting.RandomizedRunner.invoke(RandomizedRunner.java:1758)
   > 	at com.carrotsearch.randomizedtesting.RandomizedRunner$8.evaluate(RandomizedRunner.java:946)
   > 	at org.junit.rules.TestWatcher$1.evaluate(TestWatcher.java:61)
   > 	at com.carrotsearch.randomizedtesting.rules.StatementAdapter.evaluate(StatementAdapter.java:36)
   > 	at com.carrotsearch.randomizedtesting.ThreadLeakControl$StatementRunner.run(ThreadLeakControl.java:375)
   > 	at com.carrotsearch.randomizedtesting.ThreadLeakControl.forkTimeoutingTask(ThreadLeakControl.java:824)
   > 	at com.carrotsearch.randomizedtesting.ThreadLeakControl$3.evaluate(ThreadLeakControl.java:475)
   > 	at com.carrotsearch.randomizedtesting.RandomizedRunner.runSingleTest(RandomizedRunner.java:955)
   > 	at com.carrotsearch.randomizedtesting.RandomizedRunner$5.evaluate(RandomizedRunner.java:840)
   > 	at com.carrotsearch.randomizedtesting.RandomizedRunner$6.evaluate(RandomizedRunner.java:891)
   > 	at com.carrotsearch.randomizedtesting.RandomizedRunner$7.evaluate(RandomizedRunner.java:902)
   > 	at org.junit.rules.ExternalResource$1.evaluate(ExternalResource.java:54)
   > 	at com.carrotsearch.randomizedtesting.rules.StatementAdapter.evaluate(StatementAdapter.java:36)
   > 	at com.carrotsearch.randomizedtesting.ThreadLeakControl$StatementRunner.run(ThreadLeakControl.java:375)
   > 	at com.carrotsearch.randomizedtesting.ThreadLeakControl.lambda$forkTimeoutingTask$0(ThreadLeakControl.java:831)
   > 	at java.base/java.lang.Thread.run(Thread.java:829)
  1> 18:30:59,476 INFO  [f.p.e.c.f.t.TikaDocParserTest] Test extraction of [issue-221-doc1.pdf]
  1> 18:30:59,479 INFO  [f.p.e.c.f.t.TikaInstance] OCR is disabled.
  1> 18:30:59,604 INFO  [f.p.e.c.f.t.TikaDocParserTest] Test extraction of [issue-221-doc2.pdf]
  1> 18:30:59,607 INFO  [f.p.e.c.f.t.TikaInstance] OCR is disabled.
  1> 18:30:59,680 WARN  [o.a.p.p.f.PDFont] Invalid ToUnicode CMap in font RobotoSlab-Regular
  1> 18:30:59,680 WARN  [o.a.p.p.f.PDFont] Using predefined identity CMap instead
  1> 18:30:59,716 WARN  [o.a.p.p.f.PDCIDFontType2] Found CFF/OTF but expected embedded TTF font RobotoSlab-Regular
  1> 18:30:59,733 INFO  [f.p.e.c.f.t.TikaDocParserTest] Test extraction of [test-protected.docx]
  1> 18:30:59,736 INFO  [f.p.e.c.f.t.TikaInstance] OCR is disabled.
  1> 18:30:59,842 ERROR [f.document] [543318f22fa821f2bb0bbc8794de8d][/] TIKA-198: Illegal IOException from org.apache.tika.parser.microsoft.OfficeParser@77a9ea07 -> java.lang.ClassNotFoundException: org.apache.poi.poifs.crypt.agile.AgileEncryptionInfoBuilder -> org.apache.poi.poifs.crypt.agile.AgileEncryptionInfoBuilder
  1> 18:30:59,842 WARN  [f.p.e.c.f.t.TikaDocParser] Failed to extract [100000] characters of text for [/documents/test-protected.docx]: TIKA-198: Illegal IOException from org.apache.tika.parser.microsoft.OfficeParser@77a9ea07 -> java.lang.ClassNotFoundException: org.apache.poi.poifs.crypt.agile.AgileEncryptionInfoBuilder -> org.apache.poi.poifs.crypt.agile.AgileEncryptionInfoBuilder
  1> 18:30:59,845 INFO  [f.p.e.c.f.t.TikaDocParserTest] Test extraction of [issue-163.xml]
  1> 18:30:59,847 INFO  [f.p.e.c.f.t.TikaInstance] OCR is disabled.
IGNOR/A 0.00s J0 | TikaDocParserTest.testOcr
   > Assumption #1: Tesseract is not installed so we are skipping this test
  1> 18:30:59,907 INFO  [f.p.e.c.f.t.TikaDocParserTest] Test extraction of [test.txt]
  1> 18:30:59,910 INFO  [f.p.e.c.f.t.TikaInstance] OCR is disabled.
  1> 18:30:59,994 INFO  [f.p.e.c.f.t.TikaDocParserTest] Test extraction of [issue-1097.pdf]
  1> 18:30:59,995 INFO  [f.p.e.c.f.t.TikaInstance] OCR is disabled.
  1> 18:31:00,069 INFO  [f.p.e.c.f.t.TikaDocParserTest] Test extraction of [test.rtf]
  1> 18:31:00,074 INFO  [f.p.e.c.f.t.TikaInstance] OCR is disabled.
  1> 18:31:00,162 INFO  [f.p.e.c.f.t.TikaDocParserTest] Test extraction of [issue-834.txt]
  1> 18:31:00,165 INFO  [f.p.e.c.f.t.TikaInstance] OCR is disabled.
  1> 18:31:00,199 INFO  [f.p.e.c.f.t.TikaDocParserTest] Test extraction of [test.txt]
  1> 18:31:00,202 INFO  [f.p.e.c.f.t.TikaDocParserTest] Test extraction of [test.odt]
  1> 18:31:00,204 INFO  [f.p.e.c.f.t.TikaInstance] OCR is disabled.
  1> 18:31:00,248 INFO  [f.p.e.c.f.t.TikaDocParserTest] Test extraction of [test.txt]
  1> 18:31:00,251 INFO  [f.p.e.c.f.t.TikaInstance] OCR is disabled.
  1> 18:31:00,284 INFO  [f.p.e.c.f.t.TikaDocParserTest] Test extraction of [test.txt]
  1> 18:31:00,286 INFO  [f.p.e.c.f.t.TikaInstance] OCR is disabled.
  1> 18:31:01,013 INFO  [f.p.e.c.f.t.TikaDocParserTest] Test extraction of [test-fr.txt]
  1> 18:31:01,016 INFO  [f.p.e.c.f.t.TikaInstance] OCR is disabled.
  1> 18:31:01,057 INFO  [f.p.e.c.f.t.TikaDocParserTest] Test extraction of [test-de.txt]
  1> 18:31:01,059 INFO  [f.p.e.c.f.t.TikaInstance] OCR is disabled.
  1> 18:31:01,132 INFO  [f.p.e.c.f.t.TikaDocParserTest] Test extraction of [test-enfrde.txt]
  1> 18:31:01,134 INFO  [f.p.e.c.f.t.TikaInstance] OCR is disabled.
  1> 18:31:01,170 INFO  [f.p.e.c.f.t.TikaDocParserTest] Test extraction of [issue-stackoverflow.docx]
  1> 18:31:01,172 INFO  [f.p.e.c.f.t.TikaInstance] OCR is disabled.
  1> 18:31:01,204 ERROR [f.document] [ed9242994f9413e14bc9e285512386d8][/] class org.apache.poi.ooxml.extractor.POIXMLTextExtractor can not implement org.apache.poi.extractor.POITextExtractor, because it is not an interface (org.apache.poi.extractor.POITextExtractor is in unnamed module of loader 'app')
  1> 18:31:01,204 WARN  [f.p.e.c.f.t.TikaDocParser] Failed to extract [100000] characters of text for [/documents/issue-stackoverflow.docx]: class org.apache.poi.ooxml.extractor.POIXMLTextExtractor can not implement org.apache.poi.extractor.POITextExtractor, because it is not an interface (org.apache.poi.extractor.POITextExtractor is in unnamed module of loader 'app')
  2> REPRODUCE WITH:
  2> mvn integration-test -Dtests.seed=562E4ECE7C359A68 -Dtests.class=fr.pilato.elasticsearch.crawler.fs.tika.TikaDocParserTest -Dtests.method="testDocxWithEmbeddedBadPDF" -Dtests.locale=en-SH -Dtests.timezone=Indian/Cocos
FAILURE 0.04s J0 | TikaDocParserTest.testDocxWithEmbeddedBadPDF <<<
   > Throwable #1: java.lang.AssertionError: 
   > Expected: not (null or an empty string)
   >      but: was null
   > 	at __randomizedtesting.SeedInfo.seed([562E4ECE7C359A68:3CA5064B7557A342]:0)
   > 	at org.hamcrest.MatcherAssert.assertThat(MatcherAssert.java:20)
   > 	at org.hamcrest.MatcherAssert.assertThat(MatcherAssert.java:8)
   > 	at fr.pilato.elasticsearch.crawler.fs.tika.TikaDocParserTest.testDocxWithEmbeddedBadPDF(TikaDocParserTest.java:770)
   > 	at java.base/jdk.internal.reflect.NativeMethodAccessorImpl.invoke0(Native Method)
   > 	at java.base/jdk.internal.reflect.NativeMethodAccessorImpl.invoke(NativeMethodAccessorImpl.java:62)
   > 	at java.base/jdk.internal.reflect.DelegatingMethodAccessorImpl.invoke(DelegatingMethodAccessorImpl.java:43)
   > 	at java.base/java.lang.reflect.Method.invoke(Method.java:566)
   > 	at com.carrotsearch.randomizedtesting.RandomizedRunner.invoke(RandomizedRunner.java:1758)
   > 	at com.carrotsearch.randomizedtesting.RandomizedRunner$8.evaluate(RandomizedRunner.java:946)
   > 	at org.junit.rules.TestWatcher$1.evaluate(TestWatcher.java:61)
   > 	at com.carrotsearch.randomizedtesting.rules.StatementAdapter.evaluate(StatementAdapter.java:36)
   > 	at com.carrotsearch.randomizedtesting.ThreadLeakControl$StatementRunner.run(ThreadLeakControl.java:375)
   > 	at com.carrotsearch.randomizedtesting.ThreadLeakControl.forkTimeoutingTask(ThreadLeakControl.java:824)
   > 	at com.carrotsearch.randomizedtesting.ThreadLeakControl$3.evaluate(ThreadLeakControl.java:475)
   > 	at com.carrotsearch.randomizedtesting.RandomizedRunner.runSingleTest(RandomizedRunner.java:955)
   > 	at com.carrotsearch.randomizedtesting.RandomizedRunner$5.evaluate(RandomizedRunner.java:840)
   > 	at com.carrotsearch.randomizedtesting.RandomizedRunner$6.evaluate(RandomizedRunner.java:891)
   > 	at com.carrotsearch.randomizedtesting.RandomizedRunner$7.evaluate(RandomizedRunner.java:902)
   > 	at org.junit.rules.ExternalResource$1.evaluate(ExternalResource.java:54)
   > 	at com.carrotsearch.randomizedtesting.rules.StatementAdapter.evaluate(StatementAdapter.java:36)
   > 	at com.carrotsearch.randomizedtesting.ThreadLeakControl$StatementRunner.run(ThreadLeakControl.java:375)
   > 	at com.carrotsearch.randomizedtesting.ThreadLeakControl.lambda$forkTimeoutingTask$0(ThreadLeakControl.java:831)
   > 	at java.base/java.lang.Thread.run(Thread.java:829)
  1> 18:31:01,208 INFO  [f.p.e.c.f.t.TikaDocParserTest] Test extraction of [test.mp3]
  1> 18:31:01,210 INFO  [f.p.e.c.f.t.TikaInstance] OCR is disabled.
  1> 18:31:01,254 INFO  [f.p.e.c.f.t.TikaDocParserTest] Test extraction of [test.txt]
  1> 18:31:01,257 INFO  [f.p.e.c.f.t.TikaInstance] OCR is disabled.
  1> 18:31:01,290 INFO  [f.p.e.c.f.t.TikaDocParserTest] Test extraction of [test.wav]
  1> 18:31:01,292 INFO  [f.p.e.c.f.t.TikaInstance] OCR is disabled.
  1> 18:31:01,350 INFO  [f.p.e.c.f.t.TikaDocParserTest] Test extraction of [issue-400-shiftjis.txt]
  1> 18:31:01,352 INFO  [f.p.e.c.f.t.TikaInstance] OCR is disabled.
  1> 18:31:01,394 INFO  [f.p.e.c.f.t.TikaDocParserTest] Test extraction of [test.html]
  1> 18:31:01,397 INFO  [f.p.e.c.f.t.TikaInstance] OCR is disabled.
  1> 18:31:01,506 INFO  [f.p.e.c.f.t.TikaDocParserTest] Test extraction of [test.doc]
  1> 18:31:01,508 INFO  [f.p.e.c.f.t.TikaInstance] OCR is disabled.
  1> 18:31:01,637 INFO  [f.p.e.c.f.t.TikaDocParserTest] Test extraction of [test.txt]
  1> 18:31:01,640 INFO  [f.p.e.c.f.t.TikaInstance] OCR is disabled.

Tests with failures [seed: 562E4ECE7C359A68]:
  - fr.pilato.elasticsearch.crawler.fs.tika.TikaDocParserTest.testExtractFromDocx
  - fr.pilato.elasticsearch.crawler.fs.tika.TikaDocParserTest.testDocxWithEmbeddedBadPDF


[INFO] JVM J0:     0.80 ..     6.08 =     5.27s
[INFO] JVM J1:     0.81 ..     3.07 =     2.26s
[INFO] Execution time total: 6.08 sec.
[INFO] Tests summary: 2 suites, 24 tests, 2 failures, 1 ignored (1 assumption)
[INFO] ------------------------------------------------------------------------
[INFO] Reactor Summary for FSCrawler 2.10-SNAPSHOT:
[INFO] 
[INFO] FSCrawler .......................................... SUCCESS [  0.270 s]
[INFO] FSCrawler Test Framework ........................... SUCCESS [  4.916 s]
[INFO] FSCrawler Framework ................................ SUCCESS [  3.626 s]
[INFO] FSCrawler Settings ................................. SUCCESS [  6.353 s]
[INFO] FSCrawler Test Documents ........................... SUCCESS [  0.042 s]
[INFO] FSCrawler Beans .................................... SUCCESS [  2.236 s]
[INFO] FSCrawler 3rd Party libraries ...................... SUCCESS [  0.002 s]
[INFO] FSCrawler Workplace Search Client .................. SUCCESS [  0.285 s]
[INFO] FSCrawler Elasticsearch Client ..................... SUCCESS [  2.538 s]
[INFO] FSCrawler Tika ..................................... FAILURE [ 10.225 s]
[INFO] FSCrawler Crawlers ................................. SKIPPED
[INFO] FSCrawler Abstract Crawler ......................... SKIPPED
[INFO] FSCrawler Crawlers: FS ............................. SKIPPED
[INFO] FSCrawler Crawlers: FTP ............................ SKIPPED
[INFO] FSCrawler Crawlers: SSH ............................ SKIPPED
[INFO] FSCrawler Core ..................................... SKIPPED
[INFO] FSCrawler Rest Server .............................. SKIPPED
[INFO] FSCrawler Integration Tests ........................ SKIPPED
[INFO] FSCrawler Cli ...................................... SKIPPED
[INFO] FSCrawler ZIP Distribution ......................... SKIPPED
[INFO] FSCrawler Documentation ............................ SKIPPED
[INFO] ------------------------------------------------------------------------
[INFO] BUILD FAILURE
[INFO] ------------------------------------------------------------------------
[INFO] Total time:  30.767 s
[INFO] Finished at: 2025-10-01T12:01:02Z
[INFO] ------------------------------------------------------------------------
[WARNING] 
[WARNING] Plugin validation issues were detected in 4 plugin(s)
[WARNING] 
[WARNING]  * org.apache.maven.plugins:maven-resources-plugin:3.2.0
[WARNING]  * org.apache.maven.plugins:maven-compiler-plugin:3.10.0
[WARNING]  * com.carrotsearch.randomizedtesting:junit4-maven-plugin:2.7.9
[WARNING]  * org.apache.maven.plugins:maven-enforcer-plugin:3.0.0-M3
[WARNING] 
[WARNING] For more or less details, use 'maven.plugin.validation' property with one of the values (case insensitive): [BRIEF, DEFAULT, VERBOSE]
[WARNING] 
[ERROR] Failed to execute goal com.carrotsearch.randomizedtesting:junit4-maven-plugin:2.7.9:junit4 (unit-tests) on project fscrawler-tika: There were test failures: 2 suites, 24 tests, 2 failures, 1 ignored (1 assumption) [seed: 562E4ECE7C359A68] -> [Help 1]
[ERROR] 
[ERROR] To see the full stack trace of the errors, re-run Maven with the -e switch.
[ERROR] Re-run Maven using the -X switch to enable full debug logging.
[ERROR] 
[ERROR] For more information about the errors and possible solutions, please read the following articles:
[ERROR] [Help 1] http://cwiki.apache.org/confluence/display/MAVEN/MojoExecutionException
[ERROR] 
[ERROR] After correcting the problems, you can resume the build with the command
[ERROR]   mvn <args> -rf :fscrawler-tika
