[INFO] Scanning for projects...
[INFO] 
[INFO] ------------------------< com.jcabi:jcabi-ssh >-------------------------
[INFO] Building jcabi-ssh 2.0-SNAPSHOT
[INFO]   from pom.xml
[INFO] --------------------------------[ jar ]---------------------------------
[WARNING] The artifact org.slf4j:slf4j-log4j12:jar:2.0.7 has been relocated to org.slf4j:slf4j-reload4j:jar:2.0.7
[INFO] 
[INFO] --- clean:3.2.0:clean (default-clean) @ jcabi-ssh ---
[INFO] Deleting /jcabi-ssh/target
[INFO] 
[INFO] --- enforcer:3.1.0:enforce (enforce-maven) @ jcabi-ssh ---
[INFO] 
[INFO] --- buildnumber:3.0.0:create (jcabi-build-number) @ jcabi-ssh ---
[INFO] ShortRevision tag detected. The value is '7'.
[INFO] Executing: /bin/sh -c cd '/jcabi-ssh' && 'git' 'rev-parse' '--verify' '--short=7' 'HEAD'
[INFO] Working directory: /jcabi-ssh
[INFO] Storing buildNumber: null at timestamp: 2025-10-01T12:12:47
[WARNING] Cannot get the branch information from the git repository: 
Detecting the current branch failed: fatal: not a git repository (or any of the parent directories): .git

[INFO] ShortRevision tag detected. The value is '7'.
[INFO] Executing: /bin/sh -c cd '/jcabi-ssh' && 'git' 'rev-parse' '--verify' '--short=7' 'HEAD'
[INFO] Working directory: /jcabi-ssh
[INFO] Storing buildScmBranch: UNKNOWN_BRANCH
[INFO] 
[INFO] --- buildnumber:3.0.0:create-timestamp (jcabi-build-number) @ jcabi-ssh ---
[INFO] Skipping because we are not in root module.
[INFO] 
[INFO] --- resources:3.2.0:resources (default-resources) @ jcabi-ssh ---
[INFO] Using 'UTF-8' encoding to copy filtered resources.
[INFO] Using 'UTF-8' encoding to copy filtered properties files.
[INFO] skip non existing resourceDirectory /jcabi-ssh/src/main/resources
[INFO] 
[INFO] --- compiler:3.10.1:compile (default-compile) @ jcabi-ssh ---
[INFO] Changes detected - recompiling the module!
[INFO] Compiling 8 source files to /jcabi-ssh/target/classes
[INFO] -------------------------------------------------------------
[ERROR] COMPILATION ERROR : 
[INFO] -------------------------------------------------------------
[ERROR] /jcabi-ssh/src/main/java/com/jcabi/ssh/SshByPassword.java:[33,25] cannot find symbol
  symbol:   class Tv
  location: package com.jcabi.aspects
[ERROR] /jcabi-ssh/src/main/java/com/jcabi/ssh/Ssh.java:[33,25] cannot find symbol
  symbol:   class Tv
  location: package com.jcabi.aspects
[ERROR] /jcabi-ssh/src/main/java/com/jcabi/ssh/SshByPassword.java:[77,20] cannot find symbol
  symbol:   variable Tv
  location: class com.jcabi.ssh.SshByPassword
[ERROR] /jcabi-ssh/src/main/java/com/jcabi/ssh/Ssh.java:[235,20] cannot find symbol
  symbol:   variable Tv
  location: class com.jcabi.ssh.Ssh
[INFO] 4 errors 
[INFO] -------------------------------------------------------------
[INFO] ------------------------------------------------------------------------
[INFO] BUILD FAILURE
[INFO] ------------------------------------------------------------------------
[INFO] Total time:  3.784 s
[INFO] Finished at: 2025-10-01T12:12:48Z
[INFO] ------------------------------------------------------------------------
[WARNING] 
[WARNING] Plugin validation issues were detected in 4 plugin(s)
[WARNING] 
[WARNING]  * org.apache.maven.plugins:maven-resources-plugin:3.2.0
[WARNING]  * org.codehaus.mojo:buildnumber-maven-plugin:3.0.0
[WARNING]  * org.apache.maven.plugins:maven-compiler-plugin:3.10.1
[WARNING]  * org.apache.maven.plugins:maven-enforcer-plugin:3.1.0
[WARNING] 
[WARNING] For more or less details, use 'maven.plugin.validation' property with one of the values (case insensitive): [BRIEF, DEFAULT, VERBOSE]
[WARNING] 
[ERROR] Failed to execute goal org.apache.maven.plugins:maven-compiler-plugin:3.10.1:compile (default-compile) on project jcabi-ssh: Compilation failure: Compilation failure: 
[ERROR] /jcabi-ssh/src/main/java/com/jcabi/ssh/SshByPassword.java:[33,25] cannot find symbol
[ERROR]   symbol:   class Tv
[ERROR]   location: package com.jcabi.aspects
[ERROR] /jcabi-ssh/src/main/java/com/jcabi/ssh/Ssh.java:[33,25] cannot find symbol
[ERROR]   symbol:   class Tv
[ERROR]   location: package com.jcabi.aspects
[ERROR] /jcabi-ssh/src/main/java/com/jcabi/ssh/SshByPassword.java:[77,20] cannot find symbol
[ERROR]   symbol:   variable Tv
[ERROR]   location: class com.jcabi.ssh.SshByPassword
[ERROR] /jcabi-ssh/src/main/java/com/jcabi/ssh/Ssh.java:[235,20] cannot find symbol
[ERROR]   symbol:   variable Tv
[ERROR]   location: class com.jcabi.ssh.Ssh
[ERROR] -> [Help 1]
[ERROR] 
[ERROR] To see the full stack trace of the errors, re-run Maven with the -e switch.
[ERROR] Re-run Maven using the -X switch to enable full debug logging.
[ERROR] 
[ERROR] For more information about the errors and possible solutions, please read the following articles:
[ERROR] [Help 1] http://cwiki.apache.org/confluence/display/MAVEN/MojoFailureException
