[INFO] Scanning for projects...
[INFO] Inspecting build with total of 7 modules...
[INFO] Installing Nexus Staging features:
[INFO]   ... total of 7 executions of maven-deploy-plugin replaced with nexus-staging-maven-plugin
[INFO] ------------------------------------------------------------------------
[INFO] Reactor Build Order:
[INFO] 
[INFO] Google Cloud Translate Parent                                      [pom]
[INFO] proto-google-cloud-translate-v3beta1                               [jar]
[INFO] proto-google-cloud-translate-v3                                    [jar]
[INFO] grpc-google-cloud-translate-v3beta1                                [jar]
[INFO] grpc-google-cloud-translate-v3                                     [jar]
[INFO] Google Cloud Translate                                             [jar]
[INFO] Google Cloud Translate BOM                                         [pom]
[INFO] 
[INFO] -----------< com.google.cloud:google-cloud-translate-parent >-----------
[INFO] Building Google Cloud Translate Parent 2.3.3-SNAPSHOT              [1/7]
[INFO]   from pom.xml
[INFO] --------------------------------[ pom ]---------------------------------
[INFO] 
[INFO] --- clean:3.2.0:clean (default-clean) @ google-cloud-translate-parent ---
[INFO] Deleting /java-translate/target
[INFO] 
[INFO] --- enforcer:3.1.0:enforce (enforce) @ google-cloud-translate-parent ---
[INFO] Adding ignore: module-info
[INFO] Adding ignore: META-INF/versions/*/module-info
[INFO] 
[INFO] --- checkstyle:3.1.2:check (checkstyle) @ google-cloud-translate-parent ---
[INFO] Starting audit...
Audit done.
[INFO] You have 0 Checkstyle violations.
[INFO] 
[INFO] --- jacoco:0.8.8:prepare-agent (default) @ google-cloud-translate-parent ---
[INFO] argLine set to -javaagent:/root/.m2/repository/org/jacoco/org.jacoco.agent/0.8.8/org.jacoco.agent-0.8.8-runtime.jar=destfile=/java-translate/target/jacoco.exec
[INFO] 
[INFO] --- build-helper:3.3.0:add-resource (add-main-proto-resources) @ google-cloud-translate-parent ---
[INFO] 
[INFO] --- build-helper:3.3.0:add-test-resource (add-test-proto-resources) @ google-cloud-translate-parent ---
[INFO] 
[INFO] --- animal-sniffer:1.21:check (java8) @ google-cloud-translate-parent ---
[INFO] Checking unresolved references to org.codehaus.mojo.signature:java18:1.0
[INFO] 
[INFO] --- jacoco:0.8.8:report (report) @ google-cloud-translate-parent ---
[INFO] Skipping JaCoCo execution due to missing execution data file.
[INFO] 
[INFO] ------< com.google.api.grpc:proto-google-cloud-translate-v3beta1 >------
[INFO] Building proto-google-cloud-translate-v3beta1 0.85.3-SNAPSHOT      [2/7]
[INFO]   from proto-google-cloud-translate-v3beta1/pom.xml
[INFO] --------------------------------[ jar ]---------------------------------
[INFO] 
[INFO] --- clean:3.2.0:clean (default-clean) @ proto-google-cloud-translate-v3beta1 ---
[INFO] Deleting /java-translate/proto-google-cloud-translate-v3beta1/target
[INFO] 
[INFO] --- flatten:1.2.7:clean (flatten.clean) @ proto-google-cloud-translate-v3beta1 ---
[INFO] Deleting /java-translate/proto-google-cloud-translate-v3beta1/.flattened-pom.xml
[INFO] 
[INFO] --- enforcer:3.1.0:enforce (enforce) @ proto-google-cloud-translate-v3beta1 ---
[INFO] Adding ignore: module-info
[INFO] Adding ignore: META-INF/versions/*/module-info
[INFO] 
[INFO] --- checkstyle:3.1.2:check (checkstyle) @ proto-google-cloud-translate-v3beta1 ---
[INFO] Starting audit...
Audit done.
[INFO] You have 0 Checkstyle violations.
[INFO] 
[INFO] --- jacoco:0.8.8:prepare-agent (default) @ proto-google-cloud-translate-v3beta1 ---
[INFO] argLine set to -javaagent:/root/.m2/repository/org/jacoco/org.jacoco.agent/0.8.8/org.jacoco.agent-0.8.8-runtime.jar=destfile=/java-translate/proto-google-cloud-translate-v3beta1/target/jacoco.exec
[INFO] 
[INFO] --- build-helper:3.3.0:add-resource (add-main-proto-resources) @ proto-google-cloud-translate-v3beta1 ---
[INFO] 
[INFO] --- resources:3.3.0:resources (default-resources) @ proto-google-cloud-translate-v3beta1 ---
[INFO] skip non existing resourceDirectory /java-translate/proto-google-cloud-translate-v3beta1/src/main/resources
[INFO] Copying 1 resource
[INFO] 
[INFO] --- flatten:1.2.7:flatten (flatten) @ proto-google-cloud-translate-v3beta1 ---
[INFO] Generating flattened POM of project com.google.api.grpc:proto-google-cloud-translate-v3beta1:jar:0.85.3-SNAPSHOT...
[INFO] 
[INFO] --- compiler:3.10.1:compile (default-compile) @ proto-google-cloud-translate-v3beta1 ---
[INFO] Changes detected - recompiling the module!
[INFO] Compiling 77 source files to /java-translate/proto-google-cloud-translate-v3beta1/target/classes
[INFO] 
[INFO] --- build-helper:3.3.0:add-test-resource (add-test-proto-resources) @ proto-google-cloud-translate-v3beta1 ---
[INFO] 
[INFO] --- resources:3.3.0:testResources (default-testResources) @ proto-google-cloud-translate-v3beta1 ---
[INFO] skip non existing resourceDirectory /java-translate/proto-google-cloud-translate-v3beta1/src/test/resources
[INFO] skip non existing resourceDirectory /java-translate/proto-google-cloud-translate-v3beta1/src/test/proto
[INFO] 
[INFO] --- compiler:3.10.1:testCompile (default-testCompile) @ proto-google-cloud-translate-v3beta1 ---
[INFO] No sources to compile
[INFO] 
[INFO] --- animal-sniffer:1.21:check (java8) @ proto-google-cloud-translate-v3beta1 ---
[INFO] Checking unresolved references to org.codehaus.mojo.signature:java18:1.0
[INFO] 
[INFO] --- surefire:3.0.0-M7:test (default-test) @ proto-google-cloud-translate-v3beta1 ---
[INFO] No tests to run.
[INFO] 
[INFO] --- jacoco:0.8.8:report (report) @ proto-google-cloud-translate-v3beta1 ---
[INFO] Skipping JaCoCo execution due to missing execution data file.
[INFO] 
[INFO] --------< com.google.api.grpc:proto-google-cloud-translate-v3 >---------
[INFO] Building proto-google-cloud-translate-v3 2.3.3-SNAPSHOT            [3/7]
[INFO]   from proto-google-cloud-translate-v3/pom.xml
[INFO] --------------------------------[ jar ]---------------------------------
[INFO] 
[INFO] --- clean:3.2.0:clean (default-clean) @ proto-google-cloud-translate-v3 ---
[INFO] Deleting /java-translate/proto-google-cloud-translate-v3/target
[INFO] 
[INFO] --- flatten:1.2.7:clean (flatten.clean) @ proto-google-cloud-translate-v3 ---
[INFO] Deleting /java-translate/proto-google-cloud-translate-v3/.flattened-pom.xml
[INFO] 
[INFO] --- enforcer:3.1.0:enforce (enforce) @ proto-google-cloud-translate-v3 ---
[INFO] Adding ignore: module-info
[INFO] Adding ignore: META-INF/versions/*/module-info
[INFO] 
[INFO] --- checkstyle:3.1.2:check (checkstyle) @ proto-google-cloud-translate-v3 ---
[INFO] Starting audit...
Audit done.
[INFO] You have 0 Checkstyle violations.
[INFO] 
[INFO] --- jacoco:0.8.8:prepare-agent (default) @ proto-google-cloud-translate-v3 ---
[INFO] argLine set to -javaagent:/root/.m2/repository/org/jacoco/org.jacoco.agent/0.8.8/org.jacoco.agent-0.8.8-runtime.jar=destfile=/java-translate/proto-google-cloud-translate-v3/target/jacoco.exec
[INFO] 
[INFO] --- build-helper:3.3.0:add-resource (add-main-proto-resources) @ proto-google-cloud-translate-v3 ---
[INFO] 
[INFO] --- resources:3.3.0:resources (default-resources) @ proto-google-cloud-translate-v3 ---
[INFO] skip non existing resourceDirectory /java-translate/proto-google-cloud-translate-v3/src/main/resources
[INFO] Copying 1 resource
[INFO] 
[INFO] --- flatten:1.2.7:flatten (flatten) @ proto-google-cloud-translate-v3 ---
[INFO] Generating flattened POM of project com.google.api.grpc:proto-google-cloud-translate-v3:jar:2.3.3-SNAPSHOT...
[INFO] 
[INFO] --- compiler:3.10.1:compile (default-compile) @ proto-google-cloud-translate-v3 ---
[INFO] Changes detected - recompiling the module!
[INFO] Compiling 77 source files to /java-translate/proto-google-cloud-translate-v3/target/classes
[INFO] 
[INFO] --- build-helper:3.3.0:add-test-resource (add-test-proto-resources) @ proto-google-cloud-translate-v3 ---
[INFO] 
[INFO] --- resources:3.3.0:testResources (default-testResources) @ proto-google-cloud-translate-v3 ---
[INFO] skip non existing resourceDirectory /java-translate/proto-google-cloud-translate-v3/src/test/resources
[INFO] skip non existing resourceDirectory /java-translate/proto-google-cloud-translate-v3/src/test/proto
[INFO] 
[INFO] --- compiler:3.10.1:testCompile (default-testCompile) @ proto-google-cloud-translate-v3 ---
[INFO] No sources to compile
[INFO] 
[INFO] --- animal-sniffer:1.21:check (java8) @ proto-google-cloud-translate-v3 ---
[INFO] Checking unresolved references to org.codehaus.mojo.signature:java18:1.0
[INFO] 
[INFO] --- surefire:3.0.0-M7:test (default-test) @ proto-google-cloud-translate-v3 ---
[INFO] No tests to run.
[INFO] 
[INFO] --- jacoco:0.8.8:report (report) @ proto-google-cloud-translate-v3 ---
[INFO] Skipping JaCoCo execution due to missing execution data file.
[INFO] 
[INFO] ------< com.google.api.grpc:grpc-google-cloud-translate-v3beta1 >-------
[INFO] Building grpc-google-cloud-translate-v3beta1 0.85.3-SNAPSHOT       [4/7]
[INFO]   from grpc-google-cloud-translate-v3beta1/pom.xml
[INFO] --------------------------------[ jar ]---------------------------------
[INFO] 
[INFO] --- clean:3.2.0:clean (default-clean) @ grpc-google-cloud-translate-v3beta1 ---
[INFO] Deleting /java-translate/grpc-google-cloud-translate-v3beta1/target
[INFO] 
[INFO] --- flatten:1.2.7:clean (flatten.clean) @ grpc-google-cloud-translate-v3beta1 ---
[INFO] Deleting /java-translate/grpc-google-cloud-translate-v3beta1/.flattened-pom.xml
[INFO] 
[INFO] --- enforcer:3.1.0:enforce (enforce) @ grpc-google-cloud-translate-v3beta1 ---
[INFO] Adding ignore: module-info
[INFO] Adding ignore: META-INF/versions/*/module-info
[INFO] 
[INFO] --- checkstyle:3.1.2:check (checkstyle) @ grpc-google-cloud-translate-v3beta1 ---
[INFO] Starting audit...
Audit done.
[INFO] You have 0 Checkstyle violations.
[INFO] 
[INFO] --- jacoco:0.8.8:prepare-agent (default) @ grpc-google-cloud-translate-v3beta1 ---
[INFO] argLine set to -javaagent:/root/.m2/repository/org/jacoco/org.jacoco.agent/0.8.8/org.jacoco.agent-0.8.8-runtime.jar=destfile=/java-translate/grpc-google-cloud-translate-v3beta1/target/jacoco.exec
[INFO] 
[INFO] --- build-helper:3.3.0:add-resource (add-main-proto-resources) @ grpc-google-cloud-translate-v3beta1 ---
[INFO] 
[INFO] --- resources:3.3.0:resources (default-resources) @ grpc-google-cloud-translate-v3beta1 ---
[INFO] skip non existing resourceDirectory /java-translate/grpc-google-cloud-translate-v3beta1/src/main/resources
[INFO] skip non existing resourceDirectory /java-translate/grpc-google-cloud-translate-v3beta1/src/main/proto
[INFO] 
[INFO] --- flatten:1.2.7:flatten (flatten) @ grpc-google-cloud-translate-v3beta1 ---
[INFO] Generating flattened POM of project com.google.api.grpc:grpc-google-cloud-translate-v3beta1:jar:0.85.3-SNAPSHOT...
[INFO] 
[INFO] --- compiler:3.10.1:compile (default-compile) @ grpc-google-cloud-translate-v3beta1 ---
[INFO] Changes detected - recompiling the module!
[INFO] Compiling 2 source files to /java-translate/grpc-google-cloud-translate-v3beta1/target/classes
[INFO] 
[INFO] --- build-helper:3.3.0:add-test-resource (add-test-proto-resources) @ grpc-google-cloud-translate-v3beta1 ---
[INFO] 
[INFO] --- resources:3.3.0:testResources (default-testResources) @ grpc-google-cloud-translate-v3beta1 ---
[INFO] skip non existing resourceDirectory /java-translate/grpc-google-cloud-translate-v3beta1/src/test/resources
[INFO] skip non existing resourceDirectory /java-translate/grpc-google-cloud-translate-v3beta1/src/test/proto
[INFO] 
[INFO] --- compiler:3.10.1:testCompile (default-testCompile) @ grpc-google-cloud-translate-v3beta1 ---
[INFO] No sources to compile
[INFO] 
[INFO] --- animal-sniffer:1.21:check (java8) @ grpc-google-cloud-translate-v3beta1 ---
[INFO] Checking unresolved references to org.codehaus.mojo.signature:java18:1.0
[INFO] 
[INFO] --- surefire:3.0.0-M7:test (default-test) @ grpc-google-cloud-translate-v3beta1 ---
[INFO] No tests to run.
[INFO] 
[INFO] --- jacoco:0.8.8:report (report) @ grpc-google-cloud-translate-v3beta1 ---
[INFO] Skipping JaCoCo execution due to missing execution data file.
[INFO] 
[INFO] ---------< com.google.api.grpc:grpc-google-cloud-translate-v3 >---------
[INFO] Building grpc-google-cloud-translate-v3 2.3.3-SNAPSHOT             [5/7]
[INFO]   from grpc-google-cloud-translate-v3/pom.xml
[INFO] --------------------------------[ jar ]---------------------------------
[INFO] 
[INFO] --- clean:3.2.0:clean (default-clean) @ grpc-google-cloud-translate-v3 ---
[INFO] Deleting /java-translate/grpc-google-cloud-translate-v3/target
[INFO] 
[INFO] --- flatten:1.2.7:clean (flatten.clean) @ grpc-google-cloud-translate-v3 ---
[INFO] Deleting /java-translate/grpc-google-cloud-translate-v3/.flattened-pom.xml
[INFO] 
[INFO] --- enforcer:3.1.0:enforce (enforce) @ grpc-google-cloud-translate-v3 ---
[INFO] Adding ignore: module-info
[INFO] Adding ignore: META-INF/versions/*/module-info
[INFO] 
[INFO] --- checkstyle:3.1.2:check (checkstyle) @ grpc-google-cloud-translate-v3 ---
[INFO] Starting audit...
Audit done.
[INFO] You have 0 Checkstyle violations.
[INFO] 
[INFO] --- jacoco:0.8.8:prepare-agent (default) @ grpc-google-cloud-translate-v3 ---
[INFO] argLine set to -javaagent:/root/.m2/repository/org/jacoco/org.jacoco.agent/0.8.8/org.jacoco.agent-0.8.8-runtime.jar=destfile=/java-translate/grpc-google-cloud-translate-v3/target/jacoco.exec
[INFO] 
[INFO] --- build-helper:3.3.0:add-resource (add-main-proto-resources) @ grpc-google-cloud-translate-v3 ---
[INFO] 
[INFO] --- resources:3.3.0:resources (default-resources) @ grpc-google-cloud-translate-v3 ---
[INFO] skip non existing resourceDirectory /java-translate/grpc-google-cloud-translate-v3/src/main/resources
[INFO] skip non existing resourceDirectory /java-translate/grpc-google-cloud-translate-v3/src/main/proto
[INFO] 
[INFO] --- flatten:1.2.7:flatten (flatten) @ grpc-google-cloud-translate-v3 ---
[INFO] Generating flattened POM of project com.google.api.grpc:grpc-google-cloud-translate-v3:jar:2.3.3-SNAPSHOT...
[INFO] 
[INFO] --- compiler:3.10.1:compile (default-compile) @ grpc-google-cloud-translate-v3 ---
[INFO] Changes detected - recompiling the module!
[INFO] Compiling 2 source files to /java-translate/grpc-google-cloud-translate-v3/target/classes
[INFO] 
[INFO] --- build-helper:3.3.0:add-test-resource (add-test-proto-resources) @ grpc-google-cloud-translate-v3 ---
[INFO] 
[INFO] --- resources:3.3.0:testResources (default-testResources) @ grpc-google-cloud-translate-v3 ---
[INFO] skip non existing resourceDirectory /java-translate/grpc-google-cloud-translate-v3/src/test/resources
[INFO] skip non existing resourceDirectory /java-translate/grpc-google-cloud-translate-v3/src/test/proto
[INFO] 
[INFO] --- compiler:3.10.1:testCompile (default-testCompile) @ grpc-google-cloud-translate-v3 ---
[INFO] No sources to compile
[INFO] 
[INFO] --- animal-sniffer:1.21:check (java8) @ grpc-google-cloud-translate-v3 ---
[INFO] Checking unresolved references to org.codehaus.mojo.signature:java18:1.0
[INFO] 
[INFO] --- surefire:3.0.0-M7:test (default-test) @ grpc-google-cloud-translate-v3 ---
[INFO] No tests to run.
[INFO] 
[INFO] --- jacoco:0.8.8:report (report) @ grpc-google-cloud-translate-v3 ---
[INFO] Skipping JaCoCo execution due to missing execution data file.
[INFO] 
[INFO] --------------< com.google.cloud:google-cloud-translate >---------------
[INFO] Building Google Cloud Translate 2.3.3-SNAPSHOT                     [6/7]
[INFO]   from google-cloud-translate/pom.xml
[INFO] --------------------------------[ jar ]---------------------------------
[INFO] 
[INFO] --- clean:3.2.0:clean (default-clean) @ google-cloud-translate ---
[INFO] 
[INFO] --- flatten:1.2.7:clean (flatten.clean) @ google-cloud-translate ---
[INFO] 
[INFO] --- enforcer:3.1.0:enforce (enforce) @ google-cloud-translate ---
[INFO] Adding ignore: module-info
[INFO] Adding ignore: META-INF/versions/*/module-info
[ERROR] Rule 2: org.apache.maven.plugins.enforcer.RequireUpperBoundDeps failed with message:
Failed while enforcing RequireUpperBoundDeps. The error(s) are [
Require upper bound dependencies error for com.google.api-client:google-api-client:1.35.1 paths to dependency are:
+-com.google.cloud:google-cloud-translate:2.3.3-SNAPSHOT
  +-com.google.cloud:google-cloud-core-http:2.8.0
    +-com.google.api-client:google-api-client:1.35.1 (managed) <-- com.google.api-client:google-api-client:1.35.1
and
+-com.google.cloud:google-cloud-translate:2.3.3-SNAPSHOT
  +-com.google.apis:google-api-services-translate:v2-rev20170525-2.0.0
    +-com.google.api-client:google-api-client:1.35.1 (managed) <-- com.google.api-client:google-api-client:2.0.0
]
[INFO] ------------------------------------------------------------------------
[INFO] Reactor Summary:
[INFO] 
[INFO] Google Cloud Translate Parent 2.3.3-SNAPSHOT ....... SUCCESS [  2.743 s]
[INFO] proto-google-cloud-translate-v3beta1 0.85.3-SNAPSHOT SUCCESS [  9.279 s]
[INFO] proto-google-cloud-translate-v3 2.3.3-SNAPSHOT ..... SUCCESS [  2.741 s]
[INFO] grpc-google-cloud-translate-v3beta1 0.85.3-SNAPSHOT  SUCCESS [  1.266 s]
[INFO] grpc-google-cloud-translate-v3 2.3.3-SNAPSHOT ...... SUCCESS [  0.781 s]
[INFO] Google Cloud Translate 2.3.3-SNAPSHOT .............. FAILURE [  0.782 s]
[INFO] Google Cloud Translate BOM 2.3.3-SNAPSHOT .......... SKIPPED
[INFO] ------------------------------------------------------------------------
[INFO] BUILD FAILURE
[INFO] ------------------------------------------------------------------------
[INFO] Total time:  20.302 s
[INFO] Finished at: 2025-10-01T12:27:13Z
[INFO] ------------------------------------------------------------------------
[WARNING] 
[WARNING] Plugin validation issues were detected in 9 plugin(s)
[WARNING] 
[WARNING]  * org.apache.maven.plugins:maven-checkstyle-plugin:3.1.2
[WARNING]  * org.jacoco:jacoco-maven-plugin:0.8.8
[WARNING]  * org.codehaus.mojo:build-helper-maven-plugin:3.3.0
[WARNING]  * org.apache.maven.plugins:maven-compiler-plugin:3.10.1
[WARNING]  * org.codehaus.mojo:animal-sniffer-maven-plugin:1.21
[WARNING]  * org.codehaus.mojo:flatten-maven-plugin:1.2.7
[WARNING]  * org.apache.maven.plugins:maven-enforcer-plugin:3.1.0
[WARNING]  * org.apache.maven.plugins:maven-surefire-plugin:3.0.0-M7
[WARNING]  * org.apache.maven.plugins:maven-resources-plugin:3.3.0
[WARNING] 
[WARNING] For more or less details, use 'maven.plugin.validation' property with one of the values (case insensitive): [BRIEF, DEFAULT, VERBOSE]
[WARNING] 
[ERROR] Failed to execute goal org.apache.maven.plugins:maven-enforcer-plugin:3.1.0:enforce (enforce) on project google-cloud-translate: Some Enforcer rules have failed. Look above for specific messages explaining why the rule failed. -> [Help 1]
[ERROR] 
[ERROR] To see the full stack trace of the errors, re-run Maven with the -e switch.
[ERROR] Re-run Maven using the -X switch to enable full debug logging.
[ERROR] 
[ERROR] For more information about the errors and possible solutions, please read the following articles:
[ERROR] [Help 1] http://cwiki.apache.org/confluence/display/MAVEN/MojoExecutionException
[ERROR] 
[ERROR] After correcting the problems, you can resume the build with the command
[ERROR]   mvn <args> -rf :google-cloud-translate
