[INFO] Scanning for projects...
[INFO] 
[INFO] -----------------------< io.github.hap-java:hap >-----------------------
[INFO] Building hap-java 2.0.1-SNAPSHOT
[INFO]   from pom.xml
[INFO] --------------------------------[ jar ]---------------------------------
[INFO] 
[INFO] --- clean:3.2.0:clean (default-clean) @ hap ---
[INFO] Deleting /HAP-Java/target
[INFO] 
[INFO] --- fmt:2.9:format (default) @ hap ---
[INFO] Processed 100 files (0 reformatted).
[INFO] Processed 200 files (0 reformatted).
[INFO] Processed 300 files (0 reformatted).
[INFO] Processed 349 files (0 reformatted).
[INFO] 
[INFO] --- resources:3.3.0:resources (default-resources) @ hap ---
[INFO] skip non existing resourceDirectory /HAP-Java/src/main/resources
[INFO] 
[INFO] --- compiler:3.8.0:compile (default-compile) @ hap ---
[INFO] Changes detected - recompiling the module!
[INFO] Compiling 347 source files to /HAP-Java/target/classes
[INFO] /HAP-Java/src/main/java/io/github/hapjava/server/impl/http/impl/DefaultHttpRequestImpl.java: Some input files use or override a deprecated API.
[INFO] /HAP-Java/src/main/java/io/github/hapjava/server/impl/http/impl/DefaultHttpRequestImpl.java: Recompile with -Xlint:deprecation for details.
[INFO] -------------------------------------------------------------
[ERROR] COMPILATION ERROR : 
[INFO] -------------------------------------------------------------
[ERROR] /HAP-Java/src/main/java/io/github/hapjava/server/impl/crypto/ChachaDecoder.java:[8,35] package org.bouncycastle.crypto.tls does not exist
[ERROR] /HAP-Java/src/main/java/io/github/hapjava/server/impl/crypto/ChachaDecoder.java:[9,35] package org.bouncycastle.crypto.tls does not exist
[ERROR] /HAP-Java/src/main/java/io/github/hapjava/server/impl/crypto/ChachaDecoder.java:[31,17] cannot find symbol
  symbol:   class TlsFatalAlert
  location: class io.github.hapjava.server.impl.crypto.ChachaDecoder
[ERROR] /HAP-Java/src/main/java/io/github/hapjava/server/impl/crypto/ChachaDecoder.java:[31,31] cannot find symbol
  symbol:   variable AlertDescription
  location: class io.github.hapjava.server.impl.crypto.ChachaDecoder
[INFO] 4 errors 
[INFO] -------------------------------------------------------------
[INFO] ------------------------------------------------------------------------
[INFO] BUILD FAILURE
[INFO] ------------------------------------------------------------------------
[INFO] Total time:  7.128 s
[INFO] Finished at: 2025-10-01T12:48:41Z
[INFO] ------------------------------------------------------------------------
[WARNING] 
[WARNING] Plugin validation issues were detected in 3 plugin(s)
[WARNING] 
[WARNING]  * org.apache.maven.plugins:maven-compiler-plugin:3.8.0
[WARNING]  * com.coveo:fmt-maven-plugin:2.9
[WARNING]  * org.apache.maven.plugins:maven-resources-plugin:3.3.0
[WARNING] 
[WARNING] For more or less details, use 'maven.plugin.validation' property with one of the values (case insensitive): [BRIEF, DEFAULT, VERBOSE]
[WARNING] 
[ERROR] Failed to execute goal org.apache.maven.plugins:maven-compiler-plugin:3.8.0:compile (default-compile) on project hap: Compilation failure: Compilation failure: 
[ERROR] /HAP-Java/src/main/java/io/github/hapjava/server/impl/crypto/ChachaDecoder.java:[8,35] package org.bouncycastle.crypto.tls does not exist
[ERROR] /HAP-Java/src/main/java/io/github/hapjava/server/impl/crypto/ChachaDecoder.java:[9,35] package org.bouncycastle.crypto.tls does not exist
[ERROR] /HAP-Java/src/main/java/io/github/hapjava/server/impl/crypto/ChachaDecoder.java:[31,17] cannot find symbol
[ERROR]   symbol:   class TlsFatalAlert
[ERROR]   location: class io.github.hapjava.server.impl.crypto.ChachaDecoder
[ERROR] /HAP-Java/src/main/java/io/github/hapjava/server/impl/crypto/ChachaDecoder.java:[31,31] cannot find symbol
[ERROR]   symbol:   variable AlertDescription
[ERROR]   location: class io.github.hapjava.server.impl.crypto.ChachaDecoder
[ERROR] -> [Help 1]
[ERROR] 
[ERROR] To see the full stack trace of the errors, re-run Maven with the -e switch.
[ERROR] Re-run Maven using the -X switch to enable full debug logging.
[ERROR] 
[ERROR] For more information about the errors and possible solutions, please read the following articles:
[ERROR] [Help 1] http://cwiki.apache.org/confluence/display/MAVEN/MojoFailureException
