[INFO] Scanning for projects...
[INFO] 
[INFO] ------< org.camunda.community.mockito:camunda-platform-7-mockito >------
[INFO] Building camunda-platform-7-mockito 6.18.1-SNAPSHOT
[INFO]   from pom.xml
[INFO] --------------------------------[ jar ]---------------------------------
[INFO] 
[INFO] --- clean:3.2.0:clean (default-clean) @ camunda-platform-7-mockito ---
[INFO] Deleting /camunda-platform-7-mockito/target
[INFO] 
[INFO] --- jacoco:0.8.9:prepare-agent (default) @ camunda-platform-7-mockito ---
[INFO] argLine set to -javaagent:/root/.m2/repository/org/jacoco/org.jacoco.agent/0.8.9/org.jacoco.agent-0.8.9-runtime.jar=destfile=/camunda-platform-7-mockito/target/jacoco.exec
[INFO] 
[INFO] --- resources:3.3.0:resources (default-resources) @ camunda-platform-7-mockito ---
[INFO] skip non existing resourceDirectory /camunda-platform-7-mockito/src/main/resources
[INFO] 
[INFO] --- compiler:3.11.0:compile (default-compile) @ camunda-platform-7-mockito ---
[INFO] Changes detected - recompiling the module! :source
[INFO] Compiling 95 source files with javac [debug target 11] to target/classes
[INFO] /camunda-platform-7-mockito/src/main/java/org/camunda/community/mockito/delegate/DelegateFake.java: Some input files use unchecked or unsafe operations.
[INFO] /camunda-platform-7-mockito/src/main/java/org/camunda/community/mockito/delegate/DelegateFake.java: Recompile with -Xlint:unchecked for details.
[INFO] -------------------------------------------------------------
[WARNING] COMPILATION WARNING : 
[INFO] -------------------------------------------------------------
[WARNING] /camunda-platform-7-mockito/src/main/java/org/camunda/community/mockito/service/RuntimeServiceFluentMock.java:[62,120] non-varargs call of varargs method with inexact argument type for last parameter;
  cast to java.lang.Object for a varargs call
  cast to java.lang.Object[] for a non-varargs call and to suppress this warning
[WARNING] /camunda-platform-7-mockito/src/main/java/org/camunda/community/mockito/service/RuntimeServiceFluentMock.java:[77,97] non-varargs call of varargs method with inexact argument type for last parameter;
  cast to java.lang.Object for a varargs call
  cast to java.lang.Object[] for a non-varargs call and to suppress this warning
[WARNING] /camunda-platform-7-mockito/src/main/java/org/camunda/community/mockito/service/RuntimeServiceFluentMock.java:[87,115] non-varargs call of varargs method with inexact argument type for last parameter;
  cast to java.lang.Object for a varargs call
  cast to java.lang.Object[] for a non-varargs call and to suppress this warning
[WARNING] /camunda-platform-7-mockito/src/main/java/org/camunda/community/mockito/service/RuntimeServiceFluentMock.java:[102,92] non-varargs call of varargs method with inexact argument type for last parameter;
  cast to java.lang.Object for a varargs call
  cast to java.lang.Object[] for a non-varargs call and to suppress this warning
[INFO] 4 warnings 
[INFO] -------------------------------------------------------------
[INFO] -------------------------------------------------------------
[ERROR] COMPILATION ERROR : 
[INFO] -------------------------------------------------------------
[ERROR] /camunda-platform-7-mockito/src/main/java/org/camunda/community/mockito/process/CallActivityMockForSpringContext.java:[5,35] cannot access org.springframework.context.ApplicationContext
  bad class file: /root/.m2/repository/org/springframework/spring-context/6.0.8/spring-context-6.0.8.jar(/org/springframework/context/ApplicationContext.class)
    class file has wrong version 61.0, should be 55.0
    Please remove or make sure it appears in the correct subdirectory of the classpath.
[ERROR] /camunda-platform-7-mockito/src/main/java/org/camunda/community/mockito/process/CallActivityMockForSpringContext.java:[6,35] cannot access org.springframework.context.ConfigurableApplicationContext
  bad class file: /root/.m2/repository/org/springframework/spring-context/6.0.8/spring-context-6.0.8.jar(/org/springframework/context/ConfigurableApplicationContext.class)
    class file has wrong version 61.0, should be 55.0
    Please remove or make sure it appears in the correct subdirectory of the classpath.
[ERROR] /camunda-platform-7-mockito/src/main/java/org/camunda/community/mockito/process/CallActivityMockForSpringContext.java:[33,11] cannot find symbol
  symbol:   class ApplicationContext
  location: class org.camunda.community.mockito.process.CallActivityMockForSpringContext
[ERROR] /camunda-platform-7-mockito/src/main/java/org/camunda/community/mockito/process/CallActivityMockForSpringContext.java:[48,73] cannot find symbol
  symbol:   class ApplicationContext
  location: class org.camunda.community.mockito.process.CallActivityMockForSpringContext
[ERROR] /camunda-platform-7-mockito/src/main/java/org/camunda/community/mockito/process/CallActivityMockForSpringContext.java:[52,65] cannot find symbol
  symbol:   class ApplicationContext
  location: class org.camunda.community.mockito.process.CallActivityMockForSpringContext
[ERROR] /camunda-platform-7-mockito/src/main/java/org/camunda/community/mockito/process/CallActivityMockForSpringContext.java:[41,5] reference to CallActivityMockForSpringContext is ambiguous
  both constructor CallActivityMockForSpringContext(java.lang.String,org.camunda.community.mockito.process.CallActivityMock.MockedModelConfigurer,org.springframework.beans.factory.config.SingletonBeanRegistry) in org.camunda.community.mockito.process.CallActivityMockForSpringContext and constructor CallActivityMockForSpringContext(java.lang.String,org.camunda.community.mockito.process.CallActivityMock.MockedModelConfigurer,ApplicationContext) in org.camunda.community.mockito.process.CallActivityMockForSpringContext match
[ERROR] /camunda-platform-7-mockito/src/main/java/org/camunda/community/mockito/process/CallActivityMockForSpringContext.java:[53,41] cannot find symbol
  symbol:   class ConfigurableApplicationContext
  location: class org.camunda.community.mockito.process.CallActivityMockForSpringContext
[ERROR] /camunda-platform-7-mockito/src/main/java/org/camunda/community/mockito/process/CallActivityMockForSpringContext.java:[56,14] cannot find symbol
  symbol:   class ConfigurableApplicationContext
  location: class org.camunda.community.mockito.process.CallActivityMockForSpringContext
[INFO] 8 errors 
[INFO] -------------------------------------------------------------
[INFO] ------------------------------------------------------------------------
[INFO] BUILD FAILURE
[INFO] ------------------------------------------------------------------------
[INFO] Total time:  3.404 s
[INFO] Finished at: 2025-10-01T13:18:39Z
[INFO] ------------------------------------------------------------------------
[WARNING] 
[WARNING] Plugin validation issues were detected in 2 plugin(s)
[WARNING] 
[WARNING]  * org.jacoco:jacoco-maven-plugin:0.8.9
[WARNING]  * org.apache.maven.plugins:maven-resources-plugin:3.3.0
[WARNING] 
[WARNING] For more or less details, use 'maven.plugin.validation' property with one of the values (case insensitive): [BRIEF, DEFAULT, VERBOSE]
[WARNING] 
[ERROR] Failed to execute goal org.apache.maven.plugins:maven-compiler-plugin:3.11.0:compile (default-compile) on project camunda-platform-7-mockito: Compilation failure: Compilation failure: 
[ERROR] /camunda-platform-7-mockito/src/main/java/org/camunda/community/mockito/process/CallActivityMockForSpringContext.java:[5,35] cannot access org.springframework.context.ApplicationContext
[ERROR]   bad class file: /root/.m2/repository/org/springframework/spring-context/6.0.8/spring-context-6.0.8.jar(/org/springframework/context/ApplicationContext.class)
[ERROR]     class file has wrong version 61.0, should be 55.0
[ERROR]     Please remove or make sure it appears in the correct subdirectory of the classpath.
[ERROR] /camunda-platform-7-mockito/src/main/java/org/camunda/community/mockito/process/CallActivityMockForSpringContext.java:[6,35] cannot access org.springframework.context.ConfigurableApplicationContext
[ERROR]   bad class file: /root/.m2/repository/org/springframework/spring-context/6.0.8/spring-context-6.0.8.jar(/org/springframework/context/ConfigurableApplicationContext.class)
[ERROR]     class file has wrong version 61.0, should be 55.0
[ERROR]     Please remove or make sure it appears in the correct subdirectory of the classpath.
[ERROR] /camunda-platform-7-mockito/src/main/java/org/camunda/community/mockito/process/CallActivityMockForSpringContext.java:[33,11] cannot find symbol
[ERROR]   symbol:   class ApplicationContext
[ERROR]   location: class org.camunda.community.mockito.process.CallActivityMockForSpringContext
[ERROR] /camunda-platform-7-mockito/src/main/java/org/camunda/community/mockito/process/CallActivityMockForSpringContext.java:[48,73] cannot find symbol
[ERROR]   symbol:   class ApplicationContext
[ERROR]   location: class org.camunda.community.mockito.process.CallActivityMockForSpringContext
[ERROR] /camunda-platform-7-mockito/src/main/java/org/camunda/community/mockito/process/CallActivityMockForSpringContext.java:[52,65] cannot find symbol
[ERROR]   symbol:   class ApplicationContext
[ERROR]   location: class org.camunda.community.mockito.process.CallActivityMockForSpringContext
[ERROR] /camunda-platform-7-mockito/src/main/java/org/camunda/community/mockito/process/CallActivityMockForSpringContext.java:[41,5] reference to CallActivityMockForSpringContext is ambiguous
[ERROR]   both constructor CallActivityMockForSpringContext(java.lang.String,org.camunda.community.mockito.process.CallActivityMock.MockedModelConfigurer,org.springframework.beans.factory.config.SingletonBeanRegistry) in org.camunda.community.mockito.process.CallActivityMockForSpringContext and constructor CallActivityMockForSpringContext(java.lang.String,org.camunda.community.mockito.process.CallActivityMock.MockedModelConfigurer,ApplicationContext) in org.camunda.community.mockito.process.CallActivityMockForSpringContext match
[ERROR] /camunda-platform-7-mockito/src/main/java/org/camunda/community/mockito/process/CallActivityMockForSpringContext.java:[53,41] cannot find symbol
[ERROR]   symbol:   class ConfigurableApplicationContext
[ERROR]   location: class org.camunda.community.mockito.process.CallActivityMockForSpringContext
[ERROR] /camunda-platform-7-mockito/src/main/java/org/camunda/community/mockito/process/CallActivityMockForSpringContext.java:[56,14] cannot find symbol
[ERROR]   symbol:   class ConfigurableApplicationContext
[ERROR]   location: class org.camunda.community.mockito.process.CallActivityMockForSpringContext
[ERROR] -> [Help 1]
[ERROR] 
[ERROR] To see the full stack trace of the errors, re-run Maven with the -e switch.
[ERROR] Re-run Maven using the -X switch to enable full debug logging.
[ERROR] 
[ERROR] For more information about the errors and possible solutions, please read the following articles:
[ERROR] [Help 1] http://cwiki.apache.org/confluence/display/MAVEN/MojoFailureException
