[INFO] Scanning for projects...
[WARNING] 
[WARNING] Some problems were encountered while building the effective model for fr.pilato.elasticsearch.crawler:fscrawler-it-v7:jar:2.8-SNAPSHOT
[WARNING] 'dependencies.dependency.(groupId:artifactId:type:classifier)' must be unique: fr.pilato.elasticsearch.crawler:fscrawler-it-common:jar -> version (?) vs 2.8-SNAPSHOT @ line 31, column 21
[WARNING] 
[WARNING] It is highly recommended to fix these problems because they threaten the stability of your build.
[WARNING] 
[WARNING] For this reason, future Maven versions might no longer support building such malformed projects.
[WARNING] 
[INFO] ------------------------------------------------------------------------
[INFO] Reactor Build Order:
[INFO] 
[INFO] FSCrawler                                                          [pom]
[INFO] FSCrawler Test Framework                                           [jar]
[INFO] FSCrawler Framework                                                [jar]
[INFO] FSCrawler Settings                                                 [jar]
[INFO] FSCrawler Test Documents                                           [jar]
[INFO] FSCrawler Beans                                                    [jar]
[INFO] FSCrawler 3rd Party libraries                                      [pom]
[INFO] FSCrawler Workplace Search Client                                  [jar]
[INFO] FSCrawler Elasticsearch Client                                     [pom]
[INFO] FSCrawler Elasticsearch Client Base                                [jar]
[INFO] FSCrawler Elasticsearch Client V7                                  [jar]
[INFO] FSCrawler Elasticsearch Client V6                                  [jar]
[INFO] FSCrawler Tika                                                     [jar]
[INFO] FSCrawler Crawlers                                                 [pom]
[INFO] FSCrawler Abstract Crawler                                         [jar]
[INFO] FSCrawler Crawlers: FS                                             [jar]
[INFO] FSCrawler Crawlers: FTP                                            [jar]
[INFO] FSCrawler Crawlers: SSH                                            [jar]
[INFO] FSCrawler Core                                                     [jar]
[INFO] FSCrawler Rest Server                                              [jar]
[INFO] FSCrawler Integration Tests                                        [pom]
[INFO] FSCrawler Integration Common Tests                                 [jar]
[INFO] FSCrawler Integration Tests for Elasticsearch 7.x                  [jar]
[INFO] FSCrawler Integration Tests for Elasticsearch 6.x                  [jar]
[INFO] FSCrawler Cli                                                      [jar]
[INFO] FSCrawler ZIP Distribution                                         [pom]
[INFO] FSCrawler ZIP Distribution for Elasticsearch 7.x                   [jar]
[INFO] FSCrawler ZIP Distribution for Elasticsearch 6.x                   [jar]
[INFO] FSCrawler Documentation                                            [pom]
[INFO] 
[INFO] ----------< fr.pilato.elasticsearch.crawler:fscrawler-parent >----------
[INFO] Building FSCrawler 2.8-SNAPSHOT                                   [1/29]
[INFO]   from pom.xml
[INFO] --------------------------------[ pom ]---------------------------------
[INFO] 
[INFO] --- clean:3.2.0:clean (default-clean) @ fscrawler-parent ---
[INFO] 
[INFO] ------< fr.pilato.elasticsearch.crawler:fscrawler-test-framework >------
[INFO] Building FSCrawler Test Framework 2.8-SNAPSHOT                    [2/29]
[INFO]   from test-framework/pom.xml
[INFO] --------------------------------[ jar ]---------------------------------
[INFO] 
[INFO] --- clean:3.2.0:clean (default-clean) @ fscrawler-test-framework ---
[INFO] Deleting /fscrawler/test-framework/target
[INFO] 
[INFO] --- enforcer:3.0.0-M3:enforce (enforce) @ fscrawler-test-framework ---
[INFO] 
[INFO] --- resources:3.2.0:resources (default-resources) @ fscrawler-test-framework ---
[INFO] Using 'UTF-8' encoding to copy filtered resources.
[INFO] Using 'UTF-8' encoding to copy filtered properties files.
[INFO] skip non existing resourceDirectory /fscrawler/test-framework/src/main/resources
[INFO] 
[INFO] --- compiler:3.8.1:compile (default-compile) @ fscrawler-test-framework ---
[INFO] Changes detected - recompiling the module!
[INFO] Compiling 4 source files to /fscrawler/test-framework/target/classes
[WARNING] No processor claimed any of these annotations: /com.carrotsearch.randomizedtesting.annotations.TimeoutSuite,/org.junit.ClassRule,/org.junit.BeforeClass,/com.carrotsearch.randomizedtesting.annotations.ThreadLeakLingering,/org.junit.Rule,/com.carrotsearch.randomizedtesting.annotations.ThreadLeakScope,/org.junit.runner.RunWith,/org.junit.AfterClass,/com.carrotsearch.randomizedtesting.annotations.Listeners
[INFO] /fscrawler/test-framework/src/main/java/fr/pilato/elasticsearch/crawler/fs/test/framework/AbstractFSCrawlerTestCase.java: /fscrawler/test-framework/src/main/java/fr/pilato/elasticsearch/crawler/fs/test/framework/AbstractFSCrawlerTestCase.java uses unchecked or unsafe operations.
[INFO] /fscrawler/test-framework/src/main/java/fr/pilato/elasticsearch/crawler/fs/test/framework/AbstractFSCrawlerTestCase.java: Recompile with -Xlint:unchecked for details.
[INFO] 
[INFO] --- resources:3.2.0:testResources (default-testResources) @ fscrawler-test-framework ---
[INFO] Using 'UTF-8' encoding to copy filtered resources.
[INFO] Using 'UTF-8' encoding to copy filtered properties files.
[INFO] Copying 1 resource
[INFO] 
[INFO] --- compiler:3.8.1:testCompile (default-testCompile) @ fscrawler-test-framework ---
[INFO] Changes detected - recompiling the module!
[INFO] Compiling 1 source file to /fscrawler/test-framework/target/test-classes
[WARNING] No processor claimed any of these annotations: /com.carrotsearch.randomizedtesting.annotations.ThreadLeakLingering,/com.carrotsearch.randomizedtesting.annotations.ThreadLeakScope,/org.junit.Test,/com.carrotsearch.randomizedtesting.annotations.TimeoutSuite,/org.junit.runner.RunWith
[INFO] 
[INFO] --- junit4:2.7.8:junit4 (unit-tests) @ fscrawler-test-framework ---
[INFO] <JUnit4> says नमस्ते! Master seed: 12762D908DF180E9
Executing 1 suite with 1 JVM.

Started J0 PID(61@8a89c69f6834).
[INFO] JVM J0:     0.36 ..     1.37 =     1.01s
[INFO] Execution time total: 1.38 sec.
[INFO] Tests summary: 1 suite, 2 tests
[INFO] 
[INFO] --------< fr.pilato.elasticsearch.crawler:fscrawler-framework >---------
[INFO] Building FSCrawler Framework 2.8-SNAPSHOT                         [3/29]
[INFO]   from framework/pom.xml
[INFO] --------------------------------[ jar ]---------------------------------
[INFO] 
[INFO] --- clean:3.2.0:clean (default-clean) @ fscrawler-framework ---
[INFO] Deleting /fscrawler/framework/target
[INFO] 
[INFO] --- enforcer:3.0.0-M3:enforce (enforce) @ fscrawler-framework ---
[INFO] 
[INFO] --- resources:3.2.0:resources (default-resources) @ fscrawler-framework ---
[INFO] Using 'UTF-8' encoding to copy filtered resources.
[INFO] Using 'UTF-8' encoding to copy filtered properties files.
[INFO] Copying 1 resource
[INFO] 
[INFO] --- compiler:3.8.1:compile (default-compile) @ fscrawler-framework ---
[INFO] Changes detected - recompiling the module!
[INFO] Compiling 29 source files to /fscrawler/framework/target/classes
[INFO] 
[INFO] --- resources:3.2.0:testResources (default-testResources) @ fscrawler-framework ---
[INFO] Using 'UTF-8' encoding to copy filtered resources.
[INFO] Using 'UTF-8' encoding to copy filtered properties files.
[INFO] Copying 1 resource
[INFO] 
[INFO] --- compiler:3.8.1:testCompile (default-testCompile) @ fscrawler-framework ---
[INFO] Changes detected - recompiling the module!
[INFO] Compiling 3 source files to /fscrawler/framework/target/test-classes
[WARNING] No processor claimed any of these annotations: /org.junit.BeforeClass,/com.carrotsearch.randomizedtesting.annotations.ThreadLeakLingering,/com.carrotsearch.randomizedtesting.annotations.ThreadLeakScope,/org.junit.Test,/com.carrotsearch.randomizedtesting.annotations.TimeoutSuite,/org.junit.runner.RunWith
[INFO] 
[INFO] ---------< fr.pilato.elasticsearch.crawler:fscrawler-settings >---------
[INFO] Building FSCrawler Settings 2.8-SNAPSHOT                          [4/29]
[INFO]   from settings/pom.xml
[INFO] --------------------------------[ jar ]---------------------------------
[INFO] 
[INFO] --- clean:3.2.0:clean (default-clean) @ fscrawler-settings ---
[INFO] Deleting /fscrawler/settings/target
[INFO] 
[INFO] --- enforcer:3.0.0-M3:enforce (enforce) @ fscrawler-settings ---
[INFO] 
[INFO] --- resources:3.2.0:resources (default-resources) @ fscrawler-settings ---
[INFO] Using 'UTF-8' encoding to copy filtered resources.
[INFO] Using 'UTF-8' encoding to copy filtered properties files.
[INFO] Copying 5 resources
[INFO] 
[INFO] --- compiler:3.8.1:compile (default-compile) @ fscrawler-settings ---
[INFO] Changes detected - recompiling the module!
[INFO] Compiling 11 source files to /fscrawler/settings/target/classes
[WARNING] No processor claimed any of these annotations: /com.fasterxml.jackson.annotation.JsonIgnore,/com.fasterxml.jackson.annotation.JsonProperty
[INFO] 
[INFO] --- resources:3.2.0:testResources (default-testResources) @ fscrawler-settings ---
[INFO] Using 'UTF-8' encoding to copy filtered resources.
[INFO] Using 'UTF-8' encoding to copy filtered properties files.
[INFO] Copying 6 resources
[INFO] 
[INFO] --- compiler:3.8.1:testCompile (default-testCompile) @ fscrawler-settings ---
[INFO] Changes detected - recompiling the module!
[INFO] Compiling 8 source files to /fscrawler/settings/target/test-classes
[WARNING] No processor claimed any of these annotations: /org.junit.BeforeClass,/com.carrotsearch.randomizedtesting.annotations.ThreadLeakLingering,/com.carrotsearch.randomizedtesting.annotations.ThreadLeakScope,/org.junit.Test,/com.carrotsearch.randomizedtesting.annotations.TimeoutSuite,/org.junit.runner.RunWith
[INFO] 
[INFO] --- junit4:2.7.8:junit4 (unit-tests) @ fscrawler-settings ---
[INFO] <JUnit4> says Привет! Master seed: A023B01DF44BAC39
Executing 8 suites with 4 JVMs.

Started J2 PID(106@8a89c69f6834).
Started J1 PID(111@8a89c69f6834).
Started J3 PID(120@8a89c69f6834).
Started J0 PID(115@8a89c69f6834).
[INFO] JVM J0:     0.59 ..     3.39 =     2.80s
[INFO] JVM J1:     0.55 ..     3.09 =     2.54s
[INFO] JVM J2:     0.53 ..     4.33 =     3.80s
[INFO] JVM J3:     0.57 ..     3.88 =     3.31s
[INFO] Execution time total: 4.33 sec.
[INFO] Tests summary: 8 suites, 49 tests
[INFO] 
[INFO] ------< fr.pilato.elasticsearch.crawler:fscrawler-test-documents >------
[INFO] Building FSCrawler Test Documents 2.8-SNAPSHOT                    [5/29]
[INFO]   from test-documents/pom.xml
[INFO] --------------------------------[ jar ]---------------------------------
[INFO] 
[INFO] --- clean:3.2.0:clean (default-clean) @ fscrawler-test-documents ---
[INFO] Deleting /fscrawler/test-documents/target
[INFO] 
[INFO] --- enforcer:3.0.0-M3:enforce (enforce) @ fscrawler-test-documents ---
[INFO] 
[INFO] --- resources:3.2.0:resources (default-resources) @ fscrawler-test-documents ---
[INFO] Using 'UTF-8' encoding to copy filtered resources.
[INFO] Using 'UTF-8' encoding to copy filtered properties files.
[INFO] Copying 30 resources
[INFO] 
[INFO] --- compiler:3.8.1:compile (default-compile) @ fscrawler-test-documents ---
[INFO] No sources to compile
[INFO] 
[INFO] --- resources:3.2.0:testResources (default-testResources) @ fscrawler-test-documents ---
[INFO] Using 'UTF-8' encoding to copy filtered resources.
[INFO] Using 'UTF-8' encoding to copy filtered properties files.
[INFO] skip non existing resourceDirectory /fscrawler/test-documents/src/test/resources
[INFO] 
[INFO] --- compiler:3.8.1:testCompile (default-testCompile) @ fscrawler-test-documents ---
[INFO] No sources to compile
[INFO] 
[INFO] ----------< fr.pilato.elasticsearch.crawler:fscrawler-beans >-----------
[INFO] Building FSCrawler Beans 2.8-SNAPSHOT                             [6/29]
[INFO]   from beans/pom.xml
[INFO] --------------------------------[ jar ]---------------------------------
[INFO] 
[INFO] --- clean:3.2.0:clean (default-clean) @ fscrawler-beans ---
[INFO] Deleting /fscrawler/beans/target
[INFO] 
[INFO] --- enforcer:3.0.0-M3:enforce (enforce) @ fscrawler-beans ---
[INFO] 
[INFO] --- resources:3.2.0:resources (default-resources) @ fscrawler-beans ---
[INFO] Using 'UTF-8' encoding to copy filtered resources.
[INFO] Using 'UTF-8' encoding to copy filtered properties files.
[INFO] skip non existing resourceDirectory /fscrawler/beans/src/main/resources
[INFO] 
[INFO] --- compiler:3.8.1:compile (default-compile) @ fscrawler-beans ---
[INFO] Changes detected - recompiling the module!
[INFO] Compiling 12 source files to /fscrawler/beans/target/classes
[INFO] /fscrawler/beans/src/main/java/fr/pilato/elasticsearch/crawler/fs/beans/DocParser.java: /fscrawler/beans/src/main/java/fr/pilato/elasticsearch/crawler/fs/beans/DocParser.java uses unchecked or unsafe operations.
[INFO] /fscrawler/beans/src/main/java/fr/pilato/elasticsearch/crawler/fs/beans/DocParser.java: Recompile with -Xlint:unchecked for details.
[INFO] 
[INFO] --- resources:3.2.0:testResources (default-testResources) @ fscrawler-beans ---
[INFO] Using 'UTF-8' encoding to copy filtered resources.
[INFO] Using 'UTF-8' encoding to copy filtered properties files.
[INFO] Copying 1 resource
[INFO] 
[INFO] --- compiler:3.8.1:testCompile (default-testCompile) @ fscrawler-beans ---
[INFO] Changes detected - recompiling the module!
[INFO] Compiling 1 source file to /fscrawler/beans/target/test-classes
[WARNING] No processor claimed any of these annotations: /com.carrotsearch.randomizedtesting.annotations.ThreadLeakLingering,/com.carrotsearch.randomizedtesting.annotations.ThreadLeakScope,/org.junit.Test,/com.carrotsearch.randomizedtesting.annotations.TimeoutSuite,/org.junit.runner.RunWith
[INFO] 
[INFO] --- junit4:2.7.8:junit4 (unit-tests) @ fscrawler-beans ---
[INFO] <JUnit4> says g'day! Master seed: 88DBF3E55670B3B9
Executing 1 suite with 1 JVM.

Started J0 PID(268@8a89c69f6834).
[INFO] JVM J0:     0.27 ..     1.77 =     1.50s
[INFO] Execution time total: 1.77 sec.
[INFO] Tests summary: 1 suite, 3 tests
[INFO] 
[INFO] ---------< fr.pilato.elasticsearch.crawler:fscrawler-3rdparty >---------
[INFO] Building FSCrawler 3rd Party libraries 2.8-SNAPSHOT               [7/29]
[INFO]   from 3rdparty/pom.xml
[INFO] --------------------------------[ pom ]---------------------------------
[INFO] 
[INFO] --- clean:3.2.0:clean (default-clean) @ fscrawler-3rdparty ---
[INFO] 
[INFO] --< fr.pilato.elasticsearch.crawler:fscrawler-workplacesearch-client >--
[INFO] Building FSCrawler Workplace Search Client 2.8-SNAPSHOT           [8/29]
[INFO]   from 3rdparty/workplacesearch-client/pom.xml
[INFO] --------------------------------[ jar ]---------------------------------
[INFO] 
[INFO] --- clean:3.2.0:clean (default-clean) @ fscrawler-workplacesearch-client ---
[INFO] Deleting /fscrawler/3rdparty/workplacesearch-client/target
[INFO] 
[INFO] --- resources:3.2.0:resources (default-resources) @ fscrawler-workplacesearch-client ---
[INFO] Using 'UTF-8' encoding to copy filtered resources.
[INFO] Using 'UTF-8' encoding to copy filtered properties files.
[INFO] Copying 1 resource
[INFO] 
[INFO] --- compiler:3.8.1:compile (default-compile) @ fscrawler-workplacesearch-client ---
[INFO] Changes detected - recompiling the module!
[INFO] Compiling 5 source files to /fscrawler/3rdparty/workplacesearch-client/target/classes
[INFO] 
[INFO] --- resources:3.2.0:testResources (default-testResources) @ fscrawler-workplacesearch-client ---
[INFO] Using 'UTF-8' encoding to copy filtered resources.
[INFO] Using 'UTF-8' encoding to copy filtered properties files.
[INFO] skip non existing resourceDirectory /fscrawler/3rdparty/workplacesearch-client/src/test/resources
[INFO] 
[INFO] --- compiler:3.8.1:testCompile (default-testCompile) @ fscrawler-workplacesearch-client ---
[INFO] No sources to compile
[INFO] 
[INFO] ---< fr.pilato.elasticsearch.crawler:fscrawler-elasticsearch-client >---
[INFO] Building FSCrawler Elasticsearch Client 2.8-SNAPSHOT              [9/29]
[INFO]   from elasticsearch-client/pom.xml
[INFO] --------------------------------[ pom ]---------------------------------
[INFO] 
[INFO] --- clean:3.2.0:clean (default-clean) @ fscrawler-elasticsearch-client ---
[INFO] 
[INFO] --- enforcer:3.0.0-M3:enforce (enforce) @ fscrawler-elasticsearch-client ---
[INFO] 
[INFO] --- junit4:2.7.8:junit4 (unit-tests) @ fscrawler-elasticsearch-client ---
[INFO] 
[INFO] --< fr.pilato.elasticsearch.crawler:fscrawler-elasticsearch-client-base >--
[INFO] Building FSCrawler Elasticsearch Client Base 2.8-SNAPSHOT        [10/29]
[INFO]   from elasticsearch-client/elasticsearch-client-base/pom.xml
[INFO] --------------------------------[ jar ]---------------------------------
[INFO] 
[INFO] --- clean:3.2.0:clean (default-clean) @ fscrawler-elasticsearch-client-base ---
[INFO] Deleting /fscrawler/elasticsearch-client/elasticsearch-client-base/target
[INFO] 
[INFO] --- enforcer:3.0.0-M3:enforce (enforce) @ fscrawler-elasticsearch-client-base ---
[INFO] 
[INFO] --- resources:3.2.0:resources (default-resources) @ fscrawler-elasticsearch-client-base ---
[INFO] Using 'UTF-8' encoding to copy filtered resources.
[INFO] Using 'UTF-8' encoding to copy filtered properties files.
[INFO] skip non existing resourceDirectory /fscrawler/elasticsearch-client/elasticsearch-client-base/src/main/resources
[INFO] 
[INFO] --- compiler:3.8.1:compile (default-compile) @ fscrawler-elasticsearch-client-base ---
[INFO] Changes detected - recompiling the module!
[INFO] Compiling 16 source files to /fscrawler/elasticsearch-client/elasticsearch-client-base/target/classes
[INFO] /fscrawler/elasticsearch-client/elasticsearch-client-base/src/main/java/fr/pilato/elasticsearch/crawler/fs/client/WorkplaceSearchClientUtil.java: /fscrawler/elasticsearch-client/elasticsearch-client-base/src/main/java/fr/pilato/elasticsearch/crawler/fs/client/WorkplaceSearchClientUtil.java uses unchecked or unsafe operations.
[INFO] /fscrawler/elasticsearch-client/elasticsearch-client-base/src/main/java/fr/pilato/elasticsearch/crawler/fs/client/WorkplaceSearchClientUtil.java: Recompile with -Xlint:unchecked for details.
[INFO] 
[INFO] --- resources:3.2.0:testResources (default-testResources) @ fscrawler-elasticsearch-client-base ---
[INFO] Using 'UTF-8' encoding to copy filtered resources.
[INFO] Using 'UTF-8' encoding to copy filtered properties files.
[INFO] Copying 1 resource
[INFO] 
[INFO] --- compiler:3.8.1:testCompile (default-testCompile) @ fscrawler-elasticsearch-client-base ---
[INFO] Changes detected - recompiling the module!
[INFO] Compiling 5 source files to /fscrawler/elasticsearch-client/elasticsearch-client-base/target/test-classes
[WARNING] No processor claimed any of these annotations: /org.junit.Test,/com.carrotsearch.randomizedtesting.annotations.TimeoutSuite,/com.carrotsearch.randomizedtesting.annotations.ThreadLeakLingering,/com.carrotsearch.randomizedtesting.annotations.ThreadLeakScope,/org.junit.runner.RunWith
[WARNING] /fscrawler/elasticsearch-client/elasticsearch-client-base/src/test/java/fr/pilato/elasticsearch/crawler/fs/client/ElasticsearchClientDummyBase.java:[97,17] createIndices() in fr.pilato.elasticsearch.crawler.fs.client.ElasticsearchClient has been deprecated
[INFO] 
[INFO] --- junit4:2.7.8:junit4 (unit-tests) @ fscrawler-elasticsearch-client-base ---
[INFO] <JUnit4> says ahoj! Master seed: 6C78CAEED7B38496
Executing 2 suites with 2 JVMs.

Started J1 PID(310@8a89c69f6834).
Started J0 PID(311@8a89c69f6834).
[INFO] JVM J0:     0.52 ..     1.78 =     1.26s
[INFO] JVM J1:     0.52 ..     1.77 =     1.25s
[INFO] Execution time total: 1.78 sec.
[INFO] Tests summary: 2 suites, 6 tests
[INFO] 
[INFO] --< fr.pilato.elasticsearch.crawler:fscrawler-elasticsearch-client-v7 >--
[INFO] Building FSCrawler Elasticsearch Client V7 2.8-SNAPSHOT          [11/29]
[INFO]   from elasticsearch-client/elasticsearch-client-v7/pom.xml
[INFO] --------------------------------[ jar ]---------------------------------
[INFO] 
[INFO] --- clean:3.2.0:clean (default-clean) @ fscrawler-elasticsearch-client-v7 ---
[INFO] Deleting /fscrawler/elasticsearch-client/elasticsearch-client-v7/target
[INFO] 
[INFO] --- enforcer:3.0.0-M3:enforce (enforce) @ fscrawler-elasticsearch-client-v7 ---
[INFO] 
[INFO] --- resources:3.2.0:resources (default-resources) @ fscrawler-elasticsearch-client-v7 ---
[INFO] Using 'UTF-8' encoding to copy filtered resources.
[INFO] Using 'UTF-8' encoding to copy filtered properties files.
[INFO] skip non existing resourceDirectory /fscrawler/elasticsearch-client/elasticsearch-client-v7/src/main/resources
[INFO] 
[INFO] --- compiler:3.8.1:compile (default-compile) @ fscrawler-elasticsearch-client-v7 ---
[INFO] Changes detected - recompiling the module!
[INFO] Compiling 2 source files to /fscrawler/elasticsearch-client/elasticsearch-client-v7/target/classes
[WARNING] /fscrawler/elasticsearch-client/elasticsearch-client-v7/src/main/java/fr/pilato/elasticsearch/crawler/fs/client/v7/ElasticsearchClientV7.java:[462,17] createIndices() in fr.pilato.elasticsearch.crawler.fs.client.ElasticsearchClient has been deprecated
[INFO] 
[INFO] --- resources:3.2.0:testResources (default-testResources) @ fscrawler-elasticsearch-client-v7 ---
[INFO] Using 'UTF-8' encoding to copy filtered resources.
[INFO] Using 'UTF-8' encoding to copy filtered properties files.
[INFO] Copying 1 resource
[INFO] 
[INFO] --- compiler:3.8.1:testCompile (default-testCompile) @ fscrawler-elasticsearch-client-v7 ---
[INFO] Changes detected - recompiling the module!
[INFO] Compiling 1 source file to /fscrawler/elasticsearch-client/elasticsearch-client-v7/target/test-classes
[WARNING] No processor claimed any of these annotations: /com.carrotsearch.randomizedtesting.annotations.ThreadLeakLingering,/com.carrotsearch.randomizedtesting.annotations.ThreadLeakScope,/org.junit.Test,/com.carrotsearch.randomizedtesting.annotations.TimeoutSuite,/org.junit.runner.RunWith
[INFO] 
[INFO] --- junit4:2.7.8:junit4 (unit-tests) @ fscrawler-elasticsearch-client-v7 ---
[INFO] <JUnit4> says hi! Master seed: 3A32E8864024DE15
Executing 1 suite with 1 JVM.

Started J0 PID(384@8a89c69f6834).
[INFO] JVM J0:     0.81 ..     2.81 =     2.00s
[INFO] Execution time total: 2.81 sec.
[INFO] Tests summary: 1 suite, 3 tests
[INFO] 
[INFO] --< fr.pilato.elasticsearch.crawler:fscrawler-elasticsearch-client-v6 >--
[INFO] Building FSCrawler Elasticsearch Client V6 2.8-SNAPSHOT          [12/29]
[INFO]   from elasticsearch-client/elasticsearch-client-v6/pom.xml
[INFO] --------------------------------[ jar ]---------------------------------
[INFO] 
[INFO] --- clean:3.2.0:clean (default-clean) @ fscrawler-elasticsearch-client-v6 ---
[INFO] Deleting /fscrawler/elasticsearch-client/elasticsearch-client-v6/target
[INFO] 
[INFO] --- enforcer:3.0.0-M3:enforce (enforce) @ fscrawler-elasticsearch-client-v6 ---
[INFO] 
[INFO] --- resources:3.2.0:resources (default-resources) @ fscrawler-elasticsearch-client-v6 ---
[INFO] Using 'UTF-8' encoding to copy filtered resources.
[INFO] Using 'UTF-8' encoding to copy filtered properties files.
[INFO] skip non existing resourceDirectory /fscrawler/elasticsearch-client/elasticsearch-client-v6/src/main/resources
[INFO] 
[INFO] --- compiler:3.8.1:compile (default-compile) @ fscrawler-elasticsearch-client-v6 ---
[INFO] Changes detected - recompiling the module!
[INFO] Compiling 1 source file to /fscrawler/elasticsearch-client/elasticsearch-client-v6/target/classes
[WARNING] /fscrawler/elasticsearch-client/elasticsearch-client-v6/src/main/java/fr/pilato/elasticsearch/crawler/fs/client/v6/ElasticsearchClientV6.java:[473,17] createIndices() in fr.pilato.elasticsearch.crawler.fs.client.ElasticsearchClient has been deprecated
[INFO] 
[INFO] --- resources:3.2.0:testResources (default-testResources) @ fscrawler-elasticsearch-client-v6 ---
[INFO] Using 'UTF-8' encoding to copy filtered resources.
[INFO] Using 'UTF-8' encoding to copy filtered properties files.
[INFO] Copying 1 resource
[INFO] 
[INFO] --- compiler:3.8.1:testCompile (default-testCompile) @ fscrawler-elasticsearch-client-v6 ---
[INFO] Changes detected - recompiling the module!
[INFO] Compiling 1 source file to /fscrawler/elasticsearch-client/elasticsearch-client-v6/target/test-classes
[WARNING] No processor claimed any of these annotations: /com.carrotsearch.randomizedtesting.annotations.ThreadLeakLingering,/com.carrotsearch.randomizedtesting.annotations.ThreadLeakScope,/org.junit.Test,/com.carrotsearch.randomizedtesting.annotations.TimeoutSuite,/org.junit.runner.RunWith
[INFO] 
[INFO] --- junit4:2.7.8:junit4 (unit-tests) @ fscrawler-elasticsearch-client-v6 ---
[INFO] <JUnit4> says 你好! Master seed: 24439A1D67026445
Executing 1 suite with 1 JVM.

Started J0 PID(423@8a89c69f6834).
[INFO] JVM J0:     0.55 ..     1.80 =     1.25s
[INFO] Execution time total: 1.81 sec.
[INFO] Tests summary: 1 suite, 2 tests
[INFO] 
[INFO] -----------< fr.pilato.elasticsearch.crawler:fscrawler-tika >-----------
[INFO] Building FSCrawler Tika 2.8-SNAPSHOT                             [13/29]
[INFO]   from tika/pom.xml
[INFO] --------------------------------[ jar ]---------------------------------
[INFO] 
[INFO] --- clean:3.2.0:clean (default-clean) @ fscrawler-tika ---
[INFO] 
[INFO] --- enforcer:3.0.0-M3:enforce (enforce) @ fscrawler-tika ---
[WARNING] 
Dependency convergence error for xml-apis:xml-apis:1.3.04 paths to dependency are:
+-fr.pilato.elasticsearch.crawler:fscrawler-tika:2.8-SNAPSHOT
  +-org.apache.tika:tika-parsers-standard-package:2.1.0
    +-org.apache.tika:tika-parser-microsoft-module:2.1.0
      +-org.apache.poi:poi-ooxml:5.0.0
        +-org.apache.xmlgraphics:batik-all:1.13
          +-org.apache.xmlgraphics:batik-dom:1.13
            +-xalan:xalan:2.7.2
              +-xalan:serializer:2.7.2
                +-xml-apis:xml-apis:1.3.04
and
+-fr.pilato.elasticsearch.crawler:fscrawler-tika:2.8-SNAPSHOT
  +-org.apache.tika:tika-parsers-standard-package:2.1.0
    +-org.apache.tika:tika-parser-microsoft-module:2.1.0
      +-org.apache.poi:poi-ooxml:5.0.0
        +-org.apache.xmlgraphics:batik-all:1.13
          +-org.apache.xmlgraphics:batik-dom:1.13
            +-xml-apis:xml-apis:1.4.01
and
+-fr.pilato.elasticsearch.crawler:fscrawler-tika:2.8-SNAPSHOT
  +-org.apache.tika:tika-parsers-standard-package:2.1.0
    +-org.apache.tika:tika-parser-xml-module:2.1.0
      +-xerces:xercesImpl:2.12.1
        +-xml-apis:xml-apis:1.4.01

[WARNING] 
Dependency convergence error for org.apache.pdfbox:pdfbox:2.0.22 paths to dependency are:
+-fr.pilato.elasticsearch.crawler:fscrawler-tika:2.8-SNAPSHOT
  +-org.apache.tika:tika-parsers-standard-package:2.1.0
    +-org.apache.tika:tika-parser-microsoft-module:2.1.0
      +-org.apache.poi:poi-ooxml:5.0.0
        +-de.rototor.pdfbox:graphics2d:0.30
          +-org.apache.pdfbox:pdfbox:2.0.22
and
+-fr.pilato.elasticsearch.crawler:fscrawler-tika:2.8-SNAPSHOT
  +-org.apache.tika:tika-parsers-standard-package:2.1.0
    +-org.apache.tika:tika-parser-pdf-module:2.1.0
      +-org.apache.pdfbox:pdfbox:2.0.24
and
+-fr.pilato.elasticsearch.crawler:fscrawler-tika:2.8-SNAPSHOT
  +-org.apache.tika:tika-parsers-standard-package:2.1.0
    +-org.apache.tika:tika-parser-pdf-module:2.1.0
      +-org.apache.pdfbox:pdfbox-tools:2.0.24
        +-org.apache.pdfbox:pdfbox-debugger:2.0.24
          +-org.apache.pdfbox:pdfbox:2.0.24

[WARNING] 
Dependency convergence error for org.bouncycastle:bcpkix-jdk15on:1.69 paths to dependency are:
+-fr.pilato.elasticsearch.crawler:fscrawler-tika:2.8-SNAPSHOT
  +-org.apache.tika:tika-parsers-standard-package:2.1.0
    +-org.apache.tika:tika-parser-crypto-module:2.1.0
      +-org.bouncycastle:bcmail-jdk15on:1.69
        +-org.bouncycastle:bcpkix-jdk15on:1.69
and
+-fr.pilato.elasticsearch.crawler:fscrawler-tika:2.8-SNAPSHOT
  +-org.apache.tika:tika-parsers-standard-package:2.1.0
    +-org.apache.tika:tika-parser-microsoft-module:2.1.0
      +-org.apache.poi:poi-ooxml:5.0.0
        +-org.bouncycastle:bcpkix-jdk15on:1.68

[WARNING] Rule 1: org.apache.maven.plugins.enforcer.DependencyConvergence failed with message:
Failed while enforcing releasability. See above detailed error message.
[INFO] ------------------------------------------------------------------------
[INFO] Reactor Summary for FSCrawler 2.8-SNAPSHOT:
[INFO] 
[INFO] FSCrawler .......................................... SUCCESS [  0.626 s]
[INFO] FSCrawler Test Framework ........................... SUCCESS [  4.990 s]
[INFO] FSCrawler Framework ................................ SUCCESS [  2.201 s]
[INFO] FSCrawler Settings ................................. SUCCESS [  5.908 s]
[INFO] FSCrawler Test Documents ........................... SUCCESS [  0.075 s]
[INFO] FSCrawler Beans .................................... SUCCESS [  2.245 s]
[INFO] FSCrawler 3rd Party libraries ...................... SUCCESS [  0.002 s]
[INFO] FSCrawler Workplace Search Client .................. SUCCESS [  0.279 s]
[INFO] FSCrawler Elasticsearch Client ..................... SUCCESS [  0.018 s]
[INFO] FSCrawler Elasticsearch Client Base ................ SUCCESS [  2.280 s]
[INFO] FSCrawler Elasticsearch Client V7 .................. SUCCESS [  5.186 s]
[INFO] FSCrawler Elasticsearch Client V6 .................. SUCCESS [  3.479 s]
[INFO] FSCrawler Tika ..................................... FAILURE [  0.886 s]
[INFO] FSCrawler Crawlers ................................. SKIPPED
[INFO] FSCrawler Abstract Crawler ......................... SKIPPED
[INFO] FSCrawler Crawlers: FS ............................. SKIPPED
[INFO] FSCrawler Crawlers: FTP ............................ SKIPPED
[INFO] FSCrawler Crawlers: SSH ............................ SKIPPED
[INFO] FSCrawler Core ..................................... SKIPPED
[INFO] FSCrawler Rest Server .............................. SKIPPED
[INFO] FSCrawler Integration Tests ........................ SKIPPED
[INFO] FSCrawler Integration Common Tests ................. SKIPPED
[INFO] FSCrawler Integration Tests for Elasticsearch 7.x .. SKIPPED
[INFO] FSCrawler Integration Tests for Elasticsearch 6.x .. SKIPPED
[INFO] FSCrawler Cli ...................................... SKIPPED
[INFO] FSCrawler ZIP Distribution ......................... SKIPPED
[INFO] FSCrawler ZIP Distribution for Elasticsearch 7.x ... SKIPPED
[INFO] FSCrawler ZIP Distribution for Elasticsearch 6.x ... SKIPPED
[INFO] FSCrawler Documentation ............................ SKIPPED
[INFO] ------------------------------------------------------------------------
[INFO] BUILD FAILURE
[INFO] ------------------------------------------------------------------------
[INFO] Total time:  28.804 s
[INFO] Finished at: 2025-10-01T13:19:35Z
[INFO] ------------------------------------------------------------------------
[WARNING] 
[WARNING] Plugin validation issues were detected in 4 plugin(s)
[WARNING] 
[WARNING]  * org.apache.maven.plugins:maven-resources-plugin:3.2.0
[WARNING]  * org.apache.maven.plugins:maven-compiler-plugin:3.8.1
[WARNING]  * com.carrotsearch.randomizedtesting:junit4-maven-plugin:2.7.8
[WARNING]  * org.apache.maven.plugins:maven-enforcer-plugin:3.0.0-M3
[WARNING] 
[WARNING] For more or less details, use 'maven.plugin.validation' property with one of the values (case insensitive): [BRIEF, DEFAULT, VERBOSE]
[WARNING] 
[ERROR] Failed to execute goal org.apache.maven.plugins:maven-enforcer-plugin:3.0.0-M3:enforce (enforce) on project fscrawler-tika: Some Enforcer rules have failed. Look above for specific messages explaining why the rule failed. -> [Help 1]
[ERROR] 
[ERROR] To see the full stack trace of the errors, re-run Maven with the -e switch.
[ERROR] Re-run Maven using the -X switch to enable full debug logging.
[ERROR] 
[ERROR] For more information about the errors and possible solutions, please read the following articles:
[ERROR] [Help 1] http://cwiki.apache.org/confluence/display/MAVEN/MojoExecutionException
[ERROR] 
[ERROR] After correcting the problems, you can resume the build with the command
[ERROR]   mvn <args> -rf :fscrawler-tika
