[INFO] Scanning for projects...
[WARNING] 
[WARNING] Some problems were encountered while building the effective model for com.jcabi:jcabi-http:jar:2.0-SNAPSHOT
[WARNING] 'dependencies.dependency.(groupId:artifactId:type:classifier)' must be unique: org.glassfish:javax.json:jar -> duplicate declaration of version (?) @ line 266, column 17
[WARNING] 
[WARNING] It is highly recommended to fix these problems because they threaten the stability of your build.
[WARNING] 
[WARNING] For this reason, future Maven versions might no longer support building such malformed projects.
[WARNING] 
[INFO] 
[INFO] ------------------------< com.jcabi:jcabi-http >------------------------
[INFO] Building jcabi-http 2.0-SNAPSHOT
[INFO]   from pom.xml
[INFO] --------------------------------[ jar ]---------------------------------
[WARNING] The POM for org.glassfish.jaxb:jaxb-runtime:jar:2.2.11 is invalid, transitive dependencies (if any) will not be available, enable debug logging for more details
[INFO] 
[INFO] --- clean:3.1.0:clean (default-clean) @ jcabi-http ---
[INFO] Deleting /jcabi-http/target
[INFO] 
[INFO] --- enforcer:3.0.0-M3:enforce (enforce-maven) @ jcabi-http ---
[INFO] 
[INFO] --- buildnumber:1.4:create (jcabi-build-number) @ jcabi-http ---
[INFO] ShortRevision tag detected. The value is '7'.
[INFO] Executing: /bin/sh -c cd '/jcabi-http' && 'git' 'rev-parse' '--verify' '--short=7' 'HEAD'
[INFO] Working directory: /jcabi-http
[INFO] Storing buildNumber: null at timestamp: 2025-10-01T13:53:31
[WARNING] Cannot get the branch information from the git repository: 
Detecting the current branch failed: fatal: not a git repository (or any of the parent directories): .git

[INFO] ShortRevision tag detected. The value is '7'.
[INFO] Executing: /bin/sh -c cd '/jcabi-http' && 'git' 'rev-parse' '--verify' '--short=7' 'HEAD'
[INFO] Working directory: /jcabi-http
[INFO] Storing buildScmBranch: UNKNOWN_BRANCH
[INFO] 
[INFO] --- buildnumber:1.4:create-timestamp (jcabi-build-number) @ jcabi-http ---
[INFO] 
[INFO] --- resources:3.2.0:resources (default-resources) @ jcabi-http ---
[INFO] Using 'UTF-8' encoding to copy filtered resources.
[INFO] Using 'UTF-8' encoding to copy filtered properties files.
[INFO] skip non existing resourceDirectory /jcabi-http/src/main/resources
[INFO] 
[INFO] --- compiler:3.8.1:compile (default-compile) @ jcabi-http ---
[INFO] Changes detected - recompiling the module!
[INFO] Compiling 53 source files to /jcabi-http/target/classes
[INFO] -------------------------------------------------------------
[ERROR] COMPILATION ERROR : 
[INFO] -------------------------------------------------------------
[ERROR] /jcabi-http/src/main/java/com/jcabi/http/mock/MkQueryMatchers.java:[34,20] cannot find symbol
  symbol:   class Matchers
  location: package org.hamcrest
[ERROR] /jcabi-http/src/main/java/com/jcabi/http/response/RestResponse.java:[48,20] cannot find symbol
  symbol:   class Matchers
  location: package org.hamcrest
[INFO] 2 errors 
[INFO] -------------------------------------------------------------
[INFO] ------------------------------------------------------------------------
[INFO] BUILD FAILURE
[INFO] ------------------------------------------------------------------------
[INFO] Total time:  4.532 s
[INFO] Finished at: 2025-10-01T13:53:33Z
[INFO] ------------------------------------------------------------------------
[WARNING] 
[WARNING] Plugin validation issues were detected in 5 plugin(s)
[WARNING] 
[WARNING]  * org.apache.maven.plugins:maven-resources-plugin:3.2.0
[WARNING]  * org.apache.maven.plugins:maven-compiler-plugin:3.8.1
[WARNING]  * org.apache.maven.plugins:maven-clean-plugin:3.1.0
[WARNING]  * org.codehaus.mojo:buildnumber-maven-plugin:1.4
[WARNING]  * org.apache.maven.plugins:maven-enforcer-plugin:3.0.0-M3
[WARNING] 
[WARNING] For more or less details, use 'maven.plugin.validation' property with one of the values (case insensitive): [BRIEF, DEFAULT, VERBOSE]
[WARNING] 
[ERROR] Failed to execute goal org.apache.maven.plugins:maven-compiler-plugin:3.8.1:compile (default-compile) on project jcabi-http: Compilation failure: Compilation failure: 
[ERROR] /jcabi-http/src/main/java/com/jcabi/http/mock/MkQueryMatchers.java:[34,20] cannot find symbol
[ERROR]   symbol:   class Matchers
[ERROR]   location: package org.hamcrest
[ERROR] /jcabi-http/src/main/java/com/jcabi/http/response/RestResponse.java:[48,20] cannot find symbol
[ERROR]   symbol:   class Matchers
[ERROR]   location: package org.hamcrest
[ERROR] -> [Help 1]
[ERROR] 
[ERROR] To see the full stack trace of the errors, re-run Maven with the -e switch.
[ERROR] Re-run Maven using the -X switch to enable full debug logging.
[ERROR] 
[ERROR] For more information about the errors and possible solutions, please read the following articles:
[ERROR] [Help 1] http://cwiki.apache.org/confluence/display/MAVEN/MojoFailureException
