[INFO] Scanning for projects...
[INFO] 
[INFO] ----------< io.github.pmckeown:dependency-track-maven-plugin >----------
[INFO] Building Dependency Track Maven Plugin 1.6.1-SNAPSHOT
[INFO]   from pom.xml
[INFO] ----------------------------[ maven-plugin ]----------------------------
[INFO] 
[INFO] --- clean:3.2.0:clean (default-clean) @ dependency-track-maven-plugin ---
[INFO] Deleting /dependency-track-maven-plugin/target
[INFO] 
[INFO] --- resources:3.3.0:copy-resources (copy-resources) @ dependency-track-maven-plugin ---
[INFO] Copying 1 resource
[INFO] 
[INFO] --- jacoco:0.8.10:prepare-agent (prepare-agent) @ dependency-track-maven-plugin ---
[INFO] argLine set to -javaagent:/root/.m2/repository/org/jacoco/org.jacoco.agent/0.8.10/org.jacoco.agent-0.8.10-runtime.jar=destfile=/dependency-track-maven-plugin/target/jacoco.exec,append=true
[INFO] 
[INFO] --- resources:3.3.0:resources (default-resources) @ dependency-track-maven-plugin ---
[INFO] Copying 1 resource
[INFO] 
[INFO] --- compiler:3.11.0:compile (default-compile) @ dependency-track-maven-plugin ---
[INFO] Changes detected - recompiling the module! :source
[INFO] Compiling 73 source files with javac [debug target 1.8] to target/classes
[WARNING] bootstrap class path not set in conjunction with -source 8
[INFO] 
[INFO] --- plugin:3.9.0:descriptor (default-descriptor) @ dependency-track-maven-plugin ---
[INFO] Using 'UTF-8' encoding to read mojo source files.
[INFO] java-annotations mojo extractor found 6 mojo descriptors.
[INFO] java-javadoc mojo extractor found 0 mojo descriptor.
[INFO] ant mojo extractor found 0 mojo descriptor.
[INFO] bsh mojo extractor found 0 mojo descriptor.
[INFO] 
[INFO] --- resources:3.3.0:testResources (default-testResources) @ dependency-track-maven-plugin ---
[INFO] Copying 13 resources
[INFO] 
[INFO] --- compiler:3.11.0:testCompile (default-testCompile) @ dependency-track-maven-plugin ---
[INFO] Changes detected - recompiling the module! :dependency
[INFO] Compiling 62 source files with javac [debug target 1.8] to target/test-classes
[WARNING] bootstrap class path not set in conjunction with -source 8
[INFO] /dependency-track-maven-plugin/src/test/java/io/github/pmckeown/dependencytrack/ObjectMapperFactoryTest.java: Some input files use or override a deprecated API.
[INFO] /dependency-track-maven-plugin/src/test/java/io/github/pmckeown/dependencytrack/ObjectMapperFactoryTest.java: Recompile with -Xlint:deprecation for details.
[INFO] /dependency-track-maven-plugin/src/test/java/io/github/pmckeown/dependencytrack/finding/FindingsMojoTest.java: /dependency-track-maven-plugin/src/test/java/io/github/pmckeown/dependencytrack/finding/FindingsMojoTest.java uses unchecked or unsafe operations.
[INFO] /dependency-track-maven-plugin/src/test/java/io/github/pmckeown/dependencytrack/finding/FindingsMojoTest.java: Recompile with -Xlint:unchecked for details.
[INFO] 
[INFO] --- surefire:3.1.2:test (default-test) @ dependency-track-maven-plugin ---
[INFO] Using auto detected provider org.apache.maven.surefire.junit4.JUnit4Provider
[INFO] 
[INFO] -------------------------------------------------------
[INFO]  T E S T S
[INFO] -------------------------------------------------------
[INFO] Running io.github.pmckeown.dependencytrack.finding.FindingsMojoIntegrationTest
SLF4J: Failed to load class "org.slf4j.impl.StaticLoggerBinder".
SLF4J: Defaulting to no-operation (NOP) logger implementation
SLF4J: See http://www.slf4j.org/codes.html#StaticLoggerBinder for further details.
[ERROR] Tests run: 6, Failures: 0, Errors: 6, Skipped: 0, Time elapsed: 1.473 s <<< FAILURE! -- in io.github.pmckeown.dependencytrack.finding.FindingsMojoIntegrationTest
[ERROR] io.github.pmckeown.dependencytrack.finding.FindingsMojoIntegrationTest.thatBuildFailsWhenFindingsNumberBreachesDefinedThresholds -- Time elapsed: 1.323 s <<< ERROR!
java.lang.ExceptionInInitializerError
	at org.eclipse.sisu.wire.DependencyAnalyzer.<init>(DependencyAnalyzer.java:93)
	at org.eclipse.sisu.wire.ElementAnalyzer.<init>(ElementAnalyzer.java:104)
	at org.eclipse.sisu.wire.WireModule.configure(WireModule.java:74)
	at com.google.inject.spi.Elements$RecordingBinder.install(Elements.java:426)
	at com.google.inject.spi.Elements.getElements(Elements.java:113)
	at com.google.inject.internal.InjectorShell$Builder.build(InjectorShell.java:160)
	at com.google.inject.internal.InternalInjectorCreator.build(InternalInjectorCreator.java:107)
	at com.google.inject.Guice.createInjector(Guice.java:87)
	at com.google.inject.Guice.createInjector(Guice.java:69)
	at com.google.inject.Guice.createInjector(Guice.java:59)
	at org.codehaus.plexus.DefaultPlexusContainer.addPlexusInjector(DefaultPlexusContainer.java:481)
	at org.codehaus.plexus.DefaultPlexusContainer.<init>(DefaultPlexusContainer.java:206)
	at org.apache.maven.plugin.testing.AbstractMojoTestCase.setupContainer(AbstractMojoTestCase.java:264)
	at org.apache.maven.plugin.testing.AbstractMojoTestCase.getContainer(AbstractMojoTestCase.java:298)
	at org.apache.maven.plugin.testing.AbstractMojoTestCase.setUp(AbstractMojoTestCase.java:152)
	at org.apache.maven.plugin.testing.MojoRule$2.evaluate(MojoRule.java:304)
	at com.github.tomakehurst.wiremock.junit.WireMockRule$1.evaluate(WireMockRule.java:79)
	at org.junit.runners.ParentRunner$3.evaluate(ParentRunner.java:306)
	at org.junit.runners.BlockJUnit4ClassRunner$1.evaluate(BlockJUnit4ClassRunner.java:100)
	at org.junit.runners.ParentRunner.runLeaf(ParentRunner.java:366)
	at org.junit.runners.BlockJUnit4ClassRunner.runChild(BlockJUnit4ClassRunner.java:103)
	at org.junit.runners.BlockJUnit4ClassRunner.runChild(BlockJUnit4ClassRunner.java:63)
	at org.junit.runners.ParentRunner$4.run(ParentRunner.java:331)
	at org.junit.runners.ParentRunner$1.schedule(ParentRunner.java:79)
	at org.junit.runners.ParentRunner.runChildren(ParentRunner.java:329)
	at org.junit.runners.ParentRunner.access$100(ParentRunner.java:66)
	at org.junit.runners.ParentRunner$2.evaluate(ParentRunner.java:293)
	at org.junit.runners.ParentRunner$3.evaluate(ParentRunner.java:306)
	at org.junit.runners.ParentRunner.run(ParentRunner.java:413)
	at org.apache.maven.surefire.junit4.JUnit4Provider.execute(JUnit4Provider.java:316)
	at org.apache.maven.surefire.junit4.JUnit4Provider.executeWithRerun(JUnit4Provider.java:240)
	at org.apache.maven.surefire.junit4.JUnit4Provider.executeTestSet(JUnit4Provider.java:214)
	at org.apache.maven.surefire.junit4.JUnit4Provider.invoke(JUnit4Provider.java:155)
	at org.apache.maven.surefire.booter.ForkedBooter.runSuitesInProcess(ForkedBooter.java:385)
	at org.apache.maven.surefire.booter.ForkedBooter.execute(ForkedBooter.java:162)
	at org.apache.maven.surefire.booter.ForkedBooter.run(ForkedBooter.java:507)
	at org.apache.maven.surefire.booter.ForkedBooter.main(ForkedBooter.java:495)
Caused by: java.lang.IllegalArgumentException: org.eclipse.sisu.Parameters is not a binding annotation. Please annotate it with @BindingAnnotation.
	at com.google.common.base.Preconditions.checkArgument(Preconditions.java:218)
	at com.google.inject.Key.ensureIsBindingAnnotation(Key.java:382)
	at com.google.inject.Key.strategyFor(Key.java:370)
	at com.google.inject.Key.get(Key.java:229)
	at org.eclipse.sisu.wire.ParameterKeys.<clinit>(ParameterKeys.java:28)
	... 37 more

[ERROR] io.github.pmckeown.dependencytrack.finding.FindingsMojoIntegrationTest.thatWhenExceptionOccursWhileGettingFindingsAndFailOnErrorIsTrueTheMojoErrors -- Time elapsed: 0.010 s <<< ERROR!
java.lang.NoClassDefFoundError: Could not initialize class org.eclipse.sisu.wire.ParameterKeys
	at org.eclipse.sisu.wire.DependencyAnalyzer.<init>(DependencyAnalyzer.java:93)
	at org.eclipse.sisu.wire.ElementAnalyzer.<init>(ElementAnalyzer.java:104)
	at org.eclipse.sisu.wire.WireModule.configure(WireModule.java:74)
	at com.google.inject.spi.Elements$RecordingBinder.install(Elements.java:426)
	at com.google.inject.spi.Elements.getElements(Elements.java:113)
	at com.google.inject.internal.InjectorShell$Builder.build(InjectorShell.java:160)
	at com.google.inject.internal.InternalInjectorCreator.build(InternalInjectorCreator.java:107)
	at com.google.inject.Guice.createInjector(Guice.java:87)
	at com.google.inject.Guice.createInjector(Guice.java:69)
	at com.google.inject.Guice.createInjector(Guice.java:59)
	at org.codehaus.plexus.DefaultPlexusContainer.addPlexusInjector(DefaultPlexusContainer.java:481)
	at org.codehaus.plexus.DefaultPlexusContainer.<init>(DefaultPlexusContainer.java:206)
	at org.apache.maven.plugin.testing.AbstractMojoTestCase.setupContainer(AbstractMojoTestCase.java:264)
	at org.apache.maven.plugin.testing.AbstractMojoTestCase.getContainer(AbstractMojoTestCase.java:298)
	at org.apache.maven.plugin.testing.AbstractMojoTestCase.setUp(AbstractMojoTestCase.java:152)
	at org.apache.maven.plugin.testing.MojoRule$2.evaluate(MojoRule.java:304)
	at com.github.tomakehurst.wiremock.junit.WireMockRule$1.evaluate(WireMockRule.java:79)
	at org.junit.runners.ParentRunner$3.evaluate(ParentRunner.java:306)
	at org.junit.runners.BlockJUnit4ClassRunner$1.evaluate(BlockJUnit4ClassRunner.java:100)
	at org.junit.runners.ParentRunner.runLeaf(ParentRunner.java:366)
	at org.junit.runners.BlockJUnit4ClassRunner.runChild(BlockJUnit4ClassRunner.java:103)
	at org.junit.runners.BlockJUnit4ClassRunner.runChild(BlockJUnit4ClassRunner.java:63)
	at org.junit.runners.ParentRunner$4.run(ParentRunner.java:331)
	at org.junit.runners.ParentRunner$1.schedule(ParentRunner.java:79)
	at org.junit.runners.ParentRunner.runChildren(ParentRunner.java:329)
	at org.junit.runners.ParentRunner.access$100(ParentRunner.java:66)
	at org.junit.runners.ParentRunner$2.evaluate(ParentRunner.java:293)
	at org.junit.runners.ParentRunner$3.evaluate(ParentRunner.java:306)
	at org.junit.runners.ParentRunner.run(ParentRunner.java:413)
	at org.apache.maven.surefire.junit4.JUnit4Provider.execute(JUnit4Provider.java:316)
	at org.apache.maven.surefire.junit4.JUnit4Provider.executeWithRerun(JUnit4Provider.java:240)
	at org.apache.maven.surefire.junit4.JUnit4Provider.executeTestSet(JUnit4Provider.java:214)
	at org.apache.maven.surefire.junit4.JUnit4Provider.invoke(JUnit4Provider.java:155)
	at org.apache.maven.surefire.booter.ForkedBooter.runSuitesInProcess(ForkedBooter.java:385)
	at org.apache.maven.surefire.booter.ForkedBooter.execute(ForkedBooter.java:162)
	at org.apache.maven.surefire.booter.ForkedBooter.run(ForkedBooter.java:507)
	at org.apache.maven.surefire.booter.ForkedBooter.main(ForkedBooter.java:495)

[ERROR] io.github.pmckeown.dependencytrack.finding.FindingsMojoIntegrationTest.thatWhenNoFindingsAreFoundTheMojoDoesNotFail -- Time elapsed: 0.015 s <<< ERROR!
java.lang.NoClassDefFoundError: Could not initialize class org.eclipse.sisu.wire.ParameterKeys
	at org.eclipse.sisu.wire.DependencyAnalyzer.<init>(DependencyAnalyzer.java:93)
	at org.eclipse.sisu.wire.ElementAnalyzer.<init>(ElementAnalyzer.java:104)
	at org.eclipse.sisu.wire.WireModule.configure(WireModule.java:74)
	at com.google.inject.spi.Elements$RecordingBinder.install(Elements.java:426)
	at com.google.inject.spi.Elements.getElements(Elements.java:113)
	at com.google.inject.internal.InjectorShell$Builder.build(InjectorShell.java:160)
	at com.google.inject.internal.InternalInjectorCreator.build(InternalInjectorCreator.java:107)
	at com.google.inject.Guice.createInjector(Guice.java:87)
	at com.google.inject.Guice.createInjector(Guice.java:69)
	at com.google.inject.Guice.createInjector(Guice.java:59)
	at org.codehaus.plexus.DefaultPlexusContainer.addPlexusInjector(DefaultPlexusContainer.java:481)
	at org.codehaus.plexus.DefaultPlexusContainer.<init>(DefaultPlexusContainer.java:206)
	at org.apache.maven.plugin.testing.AbstractMojoTestCase.setupContainer(AbstractMojoTestCase.java:264)
	at org.apache.maven.plugin.testing.AbstractMojoTestCase.getContainer(AbstractMojoTestCase.java:298)
	at org.apache.maven.plugin.testing.AbstractMojoTestCase.setUp(AbstractMojoTestCase.java:152)
	at org.apache.maven.plugin.testing.MojoRule$2.evaluate(MojoRule.java:304)
	at com.github.tomakehurst.wiremock.junit.WireMockRule$1.evaluate(WireMockRule.java:79)
	at org.junit.runners.ParentRunner$3.evaluate(ParentRunner.java:306)
	at org.junit.runners.BlockJUnit4ClassRunner$1.evaluate(BlockJUnit4ClassRunner.java:100)
	at org.junit.runners.ParentRunner.runLeaf(ParentRunner.java:366)
	at org.junit.runners.BlockJUnit4ClassRunner.runChild(BlockJUnit4ClassRunner.java:103)
	at org.junit.runners.BlockJUnit4ClassRunner.runChild(BlockJUnit4ClassRunner.java:63)
	at org.junit.runners.ParentRunner$4.run(ParentRunner.java:331)
	at org.junit.runners.ParentRunner$1.schedule(ParentRunner.java:79)
	at org.junit.runners.ParentRunner.runChildren(ParentRunner.java:329)
	at org.junit.runners.ParentRunner.access$100(ParentRunner.java:66)
	at org.junit.runners.ParentRunner$2.evaluate(ParentRunner.java:293)
	at org.junit.runners.ParentRunner$3.evaluate(ParentRunner.java:306)
	at org.junit.runners.ParentRunner.run(ParentRunner.java:413)
	at org.apache.maven.surefire.junit4.JUnit4Provider.execute(JUnit4Provider.java:316)
	at org.apache.maven.surefire.junit4.JUnit4Provider.executeWithRerun(JUnit4Provider.java:240)
	at org.apache.maven.surefire.junit4.JUnit4Provider.executeTestSet(JUnit4Provider.java:214)
	at org.apache.maven.surefire.junit4.JUnit4Provider.invoke(JUnit4Provider.java:155)
	at org.apache.maven.surefire.booter.ForkedBooter.runSuitesInProcess(ForkedBooter.java:385)
	at org.apache.maven.surefire.booter.ForkedBooter.execute(ForkedBooter.java:162)
	at org.apache.maven.surefire.booter.ForkedBooter.run(ForkedBooter.java:507)
	at org.apache.maven.surefire.booter.ForkedBooter.main(ForkedBooter.java:495)

[ERROR] io.github.pmckeown.dependencytrack.finding.FindingsMojoIntegrationTest.thatFindingsIsSkippedWhenSkipIsTrue -- Time elapsed: 0.014 s <<< ERROR!
java.lang.NoClassDefFoundError: Could not initialize class org.eclipse.sisu.wire.ParameterKeys
	at org.eclipse.sisu.wire.DependencyAnalyzer.<init>(DependencyAnalyzer.java:93)
	at org.eclipse.sisu.wire.ElementAnalyzer.<init>(ElementAnalyzer.java:104)
	at org.eclipse.sisu.wire.WireModule.configure(WireModule.java:74)
	at com.google.inject.spi.Elements$RecordingBinder.install(Elements.java:426)
	at com.google.inject.spi.Elements.getElements(Elements.java:113)
	at com.google.inject.internal.InjectorShell$Builder.build(InjectorShell.java:160)
	at com.google.inject.internal.InternalInjectorCreator.build(InternalInjectorCreator.java:107)
	at com.google.inject.Guice.createInjector(Guice.java:87)
	at com.google.inject.Guice.createInjector(Guice.java:69)
	at com.google.inject.Guice.createInjector(Guice.java:59)
	at org.codehaus.plexus.DefaultPlexusContainer.addPlexusInjector(DefaultPlexusContainer.java:481)
	at org.codehaus.plexus.DefaultPlexusContainer.<init>(DefaultPlexusContainer.java:206)
	at org.apache.maven.plugin.testing.AbstractMojoTestCase.setupContainer(AbstractMojoTestCase.java:264)
	at org.apache.maven.plugin.testing.AbstractMojoTestCase.getContainer(AbstractMojoTestCase.java:298)
	at org.apache.maven.plugin.testing.AbstractMojoTestCase.setUp(AbstractMojoTestCase.java:152)
	at org.apache.maven.plugin.testing.MojoRule$2.evaluate(MojoRule.java:304)
	at com.github.tomakehurst.wiremock.junit.WireMockRule$1.evaluate(WireMockRule.java:79)
	at org.junit.runners.ParentRunner$3.evaluate(ParentRunner.java:306)
	at org.junit.runners.BlockJUnit4ClassRunner$1.evaluate(BlockJUnit4ClassRunner.java:100)
	at org.junit.runners.ParentRunner.runLeaf(ParentRunner.java:366)
	at org.junit.runners.BlockJUnit4ClassRunner.runChild(BlockJUnit4ClassRunner.java:103)
	at org.junit.runners.BlockJUnit4ClassRunner.runChild(BlockJUnit4ClassRunner.java:63)
	at org.junit.runners.ParentRunner$4.run(ParentRunner.java:331)
	at org.junit.runners.ParentRunner$1.schedule(ParentRunner.java:79)
	at org.junit.runners.ParentRunner.runChildren(ParentRunner.java:329)
	at org.junit.runners.ParentRunner.access$100(ParentRunner.java:66)
	at org.junit.runners.ParentRunner$2.evaluate(ParentRunner.java:293)
	at org.junit.runners.ParentRunner$3.evaluate(ParentRunner.java:306)
	at org.junit.runners.ParentRunner.run(ParentRunner.java:413)
	at org.apache.maven.surefire.junit4.JUnit4Provider.execute(JUnit4Provider.java:316)
	at org.apache.maven.surefire.junit4.JUnit4Provider.executeWithRerun(JUnit4Provider.java:240)
	at org.apache.maven.surefire.junit4.JUnit4Provider.executeTestSet(JUnit4Provider.java:214)
	at org.apache.maven.surefire.junit4.JUnit4Provider.invoke(JUnit4Provider.java:155)
	at org.apache.maven.surefire.booter.ForkedBooter.runSuitesInProcess(ForkedBooter.java:385)
	at org.apache.maven.surefire.booter.ForkedBooter.execute(ForkedBooter.java:162)
	at org.apache.maven.surefire.booter.ForkedBooter.run(ForkedBooter.java:507)
	at org.apache.maven.surefire.booter.ForkedBooter.main(ForkedBooter.java:495)

[ERROR] io.github.pmckeown.dependencytrack.finding.FindingsMojoIntegrationTest.thatBuildDoesNotFailWhenOnlyUnassignedFindingExists -- Time elapsed: 0.015 s <<< ERROR!
java.lang.NoClassDefFoundError: Could not initialize class org.eclipse.sisu.wire.ParameterKeys
	at org.eclipse.sisu.wire.DependencyAnalyzer.<init>(DependencyAnalyzer.java:93)
	at org.eclipse.sisu.wire.ElementAnalyzer.<init>(ElementAnalyzer.java:104)
	at org.eclipse.sisu.wire.WireModule.configure(WireModule.java:74)
	at com.google.inject.spi.Elements$RecordingBinder.install(Elements.java:426)
	at com.google.inject.spi.Elements.getElements(Elements.java:113)
	at com.google.inject.internal.InjectorShell$Builder.build(InjectorShell.java:160)
	at com.google.inject.internal.InternalInjectorCreator.build(InternalInjectorCreator.java:107)
	at com.google.inject.Guice.createInjector(Guice.java:87)
	at com.google.inject.Guice.createInjector(Guice.java:69)
	at com.google.inject.Guice.createInjector(Guice.java:59)
	at org.codehaus.plexus.DefaultPlexusContainer.addPlexusInjector(DefaultPlexusContainer.java:481)
	at org.codehaus.plexus.DefaultPlexusContainer.<init>(DefaultPlexusContainer.java:206)
	at org.apache.maven.plugin.testing.AbstractMojoTestCase.setupContainer(AbstractMojoTestCase.java:264)
	at org.apache.maven.plugin.testing.AbstractMojoTestCase.getContainer(AbstractMojoTestCase.java:298)
	at org.apache.maven.plugin.testing.AbstractMojoTestCase.setUp(AbstractMojoTestCase.java:152)
	at org.apache.maven.plugin.testing.MojoRule$2.evaluate(MojoRule.java:304)
	at com.github.tomakehurst.wiremock.junit.WireMockRule$1.evaluate(WireMockRule.java:79)
	at org.junit.runners.ParentRunner$3.evaluate(ParentRunner.java:306)
	at org.junit.runners.BlockJUnit4ClassRunner$1.evaluate(BlockJUnit4ClassRunner.java:100)
	at org.junit.runners.ParentRunner.runLeaf(ParentRunner.java:366)
	at org.junit.runners.BlockJUnit4ClassRunner.runChild(BlockJUnit4ClassRunner.java:103)
	at org.junit.runners.BlockJUnit4ClassRunner.runChild(BlockJUnit4ClassRunner.java:63)
	at org.junit.runners.ParentRunner$4.run(ParentRunner.java:331)
	at org.junit.runners.ParentRunner$1.schedule(ParentRunner.java:79)
	at org.junit.runners.ParentRunner.runChildren(ParentRunner.java:329)
	at org.junit.runners.ParentRunner.access$100(ParentRunner.java:66)
	at org.junit.runners.ParentRunner$2.evaluate(ParentRunner.java:293)
	at org.junit.runners.ParentRunner$3.evaluate(ParentRunner.java:306)
	at org.junit.runners.ParentRunner.run(ParentRunner.java:413)
	at org.apache.maven.surefire.junit4.JUnit4Provider.execute(JUnit4Provider.java:316)
	at org.apache.maven.surefire.junit4.JUnit4Provider.executeWithRerun(JUnit4Provider.java:240)
	at org.apache.maven.surefire.junit4.JUnit4Provider.executeTestSet(JUnit4Provider.java:214)
	at org.apache.maven.surefire.junit4.JUnit4Provider.invoke(JUnit4Provider.java:155)
	at org.apache.maven.surefire.booter.ForkedBooter.runSuitesInProcess(ForkedBooter.java:385)
	at org.apache.maven.surefire.booter.ForkedBooter.execute(ForkedBooter.java:162)
	at org.apache.maven.surefire.booter.ForkedBooter.run(ForkedBooter.java:507)
	at org.apache.maven.surefire.booter.ForkedBooter.main(ForkedBooter.java:495)

[ERROR] io.github.pmckeown.dependencytrack.finding.FindingsMojoIntegrationTest.thatFindingMojoCanRetrieveFindingsAndPrintThem -- Time elapsed: 0.015 s <<< ERROR!
java.lang.NoClassDefFoundError: Could not initialize class org.eclipse.sisu.wire.ParameterKeys
	at org.eclipse.sisu.wire.DependencyAnalyzer.<init>(DependencyAnalyzer.java:93)
	at org.eclipse.sisu.wire.ElementAnalyzer.<init>(ElementAnalyzer.java:104)
	at org.eclipse.sisu.wire.WireModule.configure(WireModule.java:74)
	at com.google.inject.spi.Elements$RecordingBinder.install(Elements.java:426)
	at com.google.inject.spi.Elements.getElements(Elements.java:113)
	at com.google.inject.internal.InjectorShell$Builder.build(InjectorShell.java:160)
	at com.google.inject.internal.InternalInjectorCreator.build(InternalInjectorCreator.java:107)
	at com.google.inject.Guice.createInjector(Guice.java:87)
	at com.google.inject.Guice.createInjector(Guice.java:69)
	at com.google.inject.Guice.createInjector(Guice.java:59)
	at org.codehaus.plexus.DefaultPlexusContainer.addPlexusInjector(DefaultPlexusContainer.java:481)
	at org.codehaus.plexus.DefaultPlexusContainer.<init>(DefaultPlexusContainer.java:206)
	at org.apache.maven.plugin.testing.AbstractMojoTestCase.setupContainer(AbstractMojoTestCase.java:264)
	at org.apache.maven.plugin.testing.AbstractMojoTestCase.getContainer(AbstractMojoTestCase.java:298)
	at org.apache.maven.plugin.testing.AbstractMojoTestCase.setUp(AbstractMojoTestCase.java:152)
	at org.apache.maven.plugin.testing.MojoRule$2.evaluate(MojoRule.java:304)
	at com.github.tomakehurst.wiremock.junit.WireMockRule$1.evaluate(WireMockRule.java:79)
	at org.junit.runners.ParentRunner$3.evaluate(ParentRunner.java:306)
	at org.junit.runners.BlockJUnit4ClassRunner$1.evaluate(BlockJUnit4ClassRunner.java:100)
	at org.junit.runners.ParentRunner.runLeaf(ParentRunner.java:366)
	at org.junit.runners.BlockJUnit4ClassRunner.runChild(BlockJUnit4ClassRunner.java:103)
	at org.junit.runners.BlockJUnit4ClassRunner.runChild(BlockJUnit4ClassRunner.java:63)
	at org.junit.runners.ParentRunner$4.run(ParentRunner.java:331)
	at org.junit.runners.ParentRunner$1.schedule(ParentRunner.java:79)
	at org.junit.runners.ParentRunner.runChildren(ParentRunner.java:329)
	at org.junit.runners.ParentRunner.access$100(ParentRunner.java:66)
	at org.junit.runners.ParentRunner$2.evaluate(ParentRunner.java:293)
	at org.junit.runners.ParentRunner$3.evaluate(ParentRunner.java:306)
	at org.junit.runners.ParentRunner.run(ParentRunner.java:413)
	at org.apache.maven.surefire.junit4.JUnit4Provider.execute(JUnit4Provider.java:316)
	at org.apache.maven.surefire.junit4.JUnit4Provider.executeWithRerun(JUnit4Provider.java:240)
	at org.apache.maven.surefire.junit4.JUnit4Provider.executeTestSet(JUnit4Provider.java:214)
	at org.apache.maven.surefire.junit4.JUnit4Provider.invoke(JUnit4Provider.java:155)
	at org.apache.maven.surefire.booter.ForkedBooter.runSuitesInProcess(ForkedBooter.java:385)
	at org.apache.maven.surefire.booter.ForkedBooter.execute(ForkedBooter.java:162)
	at org.apache.maven.surefire.booter.ForkedBooter.run(ForkedBooter.java:507)
	at org.apache.maven.surefire.booter.ForkedBooter.main(ForkedBooter.java:495)

[INFO] Running io.github.pmckeown.dependencytrack.finding.FindingsClientTest
[INFO] Tests run: 3, Failures: 0, Errors: 0, Skipped: 0, Time elapsed: 1.838 s -- in io.github.pmckeown.dependencytrack.finding.FindingsClientTest
[INFO] Running io.github.pmckeown.dependencytrack.finding.FindingsPrinterTest
[INFO] Tests run: 7, Failures: 0, Errors: 0, Skipped: 0, Time elapsed: 0.049 s -- in io.github.pmckeown.dependencytrack.finding.FindingsPrinterTest
[INFO] Running io.github.pmckeown.dependencytrack.finding.FindingsActionTest
[INFO] Tests run: 4, Failures: 0, Errors: 0, Skipped: 0, Time elapsed: 0.052 s -- in io.github.pmckeown.dependencytrack.finding.FindingsActionTest
[INFO] Running io.github.pmckeown.dependencytrack.finding.report.FindingsReportTest
[INFO] Tests run: 2, Failures: 0, Errors: 0, Skipped: 0, Time elapsed: 0.004 s -- in io.github.pmckeown.dependencytrack.finding.report.FindingsReportTest
[INFO] Running io.github.pmckeown.dependencytrack.finding.report.FindingsReportXmlReportWriterTest
[INFO] Tests run: 2, Failures: 0, Errors: 0, Skipped: 0, Time elapsed: 0.094 s -- in io.github.pmckeown.dependencytrack.finding.report.FindingsReportXmlReportWriterTest
[INFO] Running io.github.pmckeown.dependencytrack.finding.report.FindingsReportGeneratorTest
[INFO] Tests run: 3, Failures: 0, Errors: 0, Skipped: 0, Time elapsed: 0.057 s -- in io.github.pmckeown.dependencytrack.finding.report.FindingsReportGeneratorTest
[INFO] Running io.github.pmckeown.dependencytrack.finding.report.FindingsReportIntegrationTest
[INFO] Tests run: 2, Failures: 0, Errors: 0, Skipped: 0, Time elapsed: 0.465 s -- in io.github.pmckeown.dependencytrack.finding.report.FindingsReportIntegrationTest
[INFO] Running io.github.pmckeown.dependencytrack.finding.report.FindingsReportHtmlReportWriterTest
[INFO] Tests run: 1, Failures: 0, Errors: 0, Skipped: 0, Time elapsed: 0.045 s -- in io.github.pmckeown.dependencytrack.finding.report.FindingsReportHtmlReportWriterTest
[INFO] Running io.github.pmckeown.dependencytrack.finding.FindingsMojoTest
[INFO] Tests run: 8, Failures: 0, Errors: 0, Skipped: 0, Time elapsed: 0.142 s -- in io.github.pmckeown.dependencytrack.finding.FindingsMojoTest
[INFO] Running io.github.pmckeown.dependencytrack.finding.FindingsAnalyserTest
[INFO] Tests run: 16, Failures: 0, Errors: 0, Skipped: 0, Time elapsed: 0.014 s -- in io.github.pmckeown.dependencytrack.finding.FindingsAnalyserTest
[INFO] Running io.github.pmckeown.dependencytrack.score.ScoreMojoIntegrationTest
[ERROR] Tests run: 12, Failures: 0, Errors: 12, Skipped: 0, Time elapsed: 0.132 s <<< FAILURE! -- in io.github.pmckeown.dependencytrack.score.ScoreMojoIntegrationTest
[ERROR] io.github.pmckeown.dependencytrack.score.ScoreMojoIntegrationTest.thatAllProjectsCanBeRetrieved -- Time elapsed: 0.009 s <<< ERROR!
java.lang.NoClassDefFoundError: Could not initialize class org.eclipse.sisu.wire.ParameterKeys
	at org.eclipse.sisu.wire.DependencyAnalyzer.<init>(DependencyAnalyzer.java:93)
	at org.eclipse.sisu.wire.ElementAnalyzer.<init>(ElementAnalyzer.java:104)
	at org.eclipse.sisu.wire.WireModule.configure(WireModule.java:74)
	at com.google.inject.spi.Elements$RecordingBinder.install(Elements.java:426)
	at com.google.inject.spi.Elements.getElements(Elements.java:113)
	at com.google.inject.internal.InjectorShell$Builder.build(InjectorShell.java:160)
	at com.google.inject.internal.InternalInjectorCreator.build(InternalInjectorCreator.java:107)
	at com.google.inject.Guice.createInjector(Guice.java:87)
	at com.google.inject.Guice.createInjector(Guice.java:69)
	at com.google.inject.Guice.createInjector(Guice.java:59)
	at org.codehaus.plexus.DefaultPlexusContainer.addPlexusInjector(DefaultPlexusContainer.java:481)
	at org.codehaus.plexus.DefaultPlexusContainer.<init>(DefaultPlexusContainer.java:206)
	at org.apache.maven.plugin.testing.AbstractMojoTestCase.setupContainer(AbstractMojoTestCase.java:264)
	at org.apache.maven.plugin.testing.AbstractMojoTestCase.getContainer(AbstractMojoTestCase.java:298)
	at org.apache.maven.plugin.testing.AbstractMojoTestCase.setUp(AbstractMojoTestCase.java:152)
	at org.apache.maven.plugin.testing.MojoRule$2.evaluate(MojoRule.java:304)
	at com.github.tomakehurst.wiremock.junit.WireMockRule$1.evaluate(WireMockRule.java:79)
	at org.junit.runners.ParentRunner$3.evaluate(ParentRunner.java:306)
	at org.junit.runners.BlockJUnit4ClassRunner$1.evaluate(BlockJUnit4ClassRunner.java:100)
	at org.junit.runners.ParentRunner.runLeaf(ParentRunner.java:366)
	at org.junit.runners.BlockJUnit4ClassRunner.runChild(BlockJUnit4ClassRunner.java:103)
	at org.junit.runners.BlockJUnit4ClassRunner.runChild(BlockJUnit4ClassRunner.java:63)
	at org.junit.runners.ParentRunner$4.run(ParentRunner.java:331)
	at org.junit.runners.ParentRunner$1.schedule(ParentRunner.java:79)
	at org.junit.runners.ParentRunner.runChildren(ParentRunner.java:329)
	at org.junit.runners.ParentRunner.access$100(ParentRunner.java:66)
	at org.junit.runners.ParentRunner$2.evaluate(ParentRunner.java:293)
	at org.junit.runners.ParentRunner$3.evaluate(ParentRunner.java:306)
	at org.junit.runners.ParentRunner.run(ParentRunner.java:413)
	at org.apache.maven.surefire.junit4.JUnit4Provider.execute(JUnit4Provider.java:316)
	at org.apache.maven.surefire.junit4.JUnit4Provider.executeWithRerun(JUnit4Provider.java:240)
	at org.apache.maven.surefire.junit4.JUnit4Provider.executeTestSet(JUnit4Provider.java:214)
	at org.apache.maven.surefire.junit4.JUnit4Provider.invoke(JUnit4Provider.java:155)
	at org.apache.maven.surefire.booter.ForkedBooter.runSuitesInProcess(ForkedBooter.java:385)
	at org.apache.maven.surefire.booter.ForkedBooter.execute(ForkedBooter.java:162)
	at org.apache.maven.surefire.booter.ForkedBooter.run(ForkedBooter.java:507)
	at org.apache.maven.surefire.booter.ForkedBooter.main(ForkedBooter.java:495)

[ERROR] io.github.pmckeown.dependencytrack.score.ScoreMojoIntegrationTest.thatWhenFailOnErrorIsTrueAFailureFromToDependencyTrackDoesFailTheBuild -- Time elapsed: 0.009 s <<< ERROR!
java.lang.NoClassDefFoundError: Could not initialize class org.eclipse.sisu.wire.ParameterKeys
	at org.eclipse.sisu.wire.DependencyAnalyzer.<init>(DependencyAnalyzer.java:93)
	at org.eclipse.sisu.wire.ElementAnalyzer.<init>(ElementAnalyzer.java:104)
	at org.eclipse.sisu.wire.WireModule.configure(WireModule.java:74)
	at com.google.inject.spi.Elements$RecordingBinder.install(Elements.java:426)
	at com.google.inject.spi.Elements.getElements(Elements.java:113)
	at com.google.inject.internal.InjectorShell$Builder.build(InjectorShell.java:160)
	at com.google.inject.internal.InternalInjectorCreator.build(InternalInjectorCreator.java:107)
	at com.google.inject.Guice.createInjector(Guice.java:87)
	at com.google.inject.Guice.createInjector(Guice.java:69)
	at com.google.inject.Guice.createInjector(Guice.java:59)
	at org.codehaus.plexus.DefaultPlexusContainer.addPlexusInjector(DefaultPlexusContainer.java:481)
	at org.codehaus.plexus.DefaultPlexusContainer.<init>(DefaultPlexusContainer.java:206)
	at org.apache.maven.plugin.testing.AbstractMojoTestCase.setupContainer(AbstractMojoTestCase.java:264)
	at org.apache.maven.plugin.testing.AbstractMojoTestCase.getContainer(AbstractMojoTestCase.java:298)
	at org.apache.maven.plugin.testing.AbstractMojoTestCase.setUp(AbstractMojoTestCase.java:152)
	at org.apache.maven.plugin.testing.MojoRule$2.evaluate(MojoRule.java:304)
	at com.github.tomakehurst.wiremock.junit.WireMockRule$1.evaluate(WireMockRule.java:79)
	at org.junit.runners.ParentRunner$3.evaluate(ParentRunner.java:306)
	at org.junit.runners.BlockJUnit4ClassRunner$1.evaluate(BlockJUnit4ClassRunner.java:100)
	at org.junit.runners.ParentRunner.runLeaf(ParentRunner.java:366)
	at org.junit.runners.BlockJUnit4ClassRunner.runChild(BlockJUnit4ClassRunner.java:103)
	at org.junit.runners.BlockJUnit4ClassRunner.runChild(BlockJUnit4ClassRunner.java:63)
	at org.junit.runners.ParentRunner$4.run(ParentRunner.java:331)
	at org.junit.runners.ParentRunner$1.schedule(ParentRunner.java:79)
	at org.junit.runners.ParentRunner.runChildren(ParentRunner.java:329)
	at org.junit.runners.ParentRunner.access$100(ParentRunner.java:66)
	at org.junit.runners.ParentRunner$2.evaluate(ParentRunner.java:293)
	at org.junit.runners.ParentRunner$3.evaluate(ParentRunner.java:306)
	at org.junit.runners.ParentRunner.run(ParentRunner.java:413)
	at org.apache.maven.surefire.junit4.JUnit4Provider.execute(JUnit4Provider.java:316)
	at org.apache.maven.surefire.junit4.JUnit4Provider.executeWithRerun(JUnit4Provider.java:240)
	at org.apache.maven.surefire.junit4.JUnit4Provider.executeTestSet(JUnit4Provider.java:214)
	at org.apache.maven.surefire.junit4.JUnit4Provider.invoke(JUnit4Provider.java:155)
	at org.apache.maven.surefire.booter.ForkedBooter.runSuitesInProcess(ForkedBooter.java:385)
	at org.apache.maven.surefire.booter.ForkedBooter.execute(ForkedBooter.java:162)
	at org.apache.maven.surefire.booter.ForkedBooter.run(ForkedBooter.java:507)
	at org.apache.maven.surefire.booter.ForkedBooter.main(ForkedBooter.java:495)

[ERROR] io.github.pmckeown.dependencytrack.score.ScoreMojoIntegrationTest.thatARiskScoreEqualToTheThresholdDoesNothing -- Time elapsed: 0.009 s <<< ERROR!
java.lang.NoClassDefFoundError: Could not initialize class org.eclipse.sisu.wire.ParameterKeys
	at org.eclipse.sisu.wire.DependencyAnalyzer.<init>(DependencyAnalyzer.java:93)
	at org.eclipse.sisu.wire.ElementAnalyzer.<init>(ElementAnalyzer.java:104)
	at org.eclipse.sisu.wire.WireModule.configure(WireModule.java:74)
	at com.google.inject.spi.Elements$RecordingBinder.install(Elements.java:426)
	at com.google.inject.spi.Elements.getElements(Elements.java:113)
	at com.google.inject.internal.InjectorShell$Builder.build(InjectorShell.java:160)
	at com.google.inject.internal.InternalInjectorCreator.build(InternalInjectorCreator.java:107)
	at com.google.inject.Guice.createInjector(Guice.java:87)
	at com.google.inject.Guice.createInjector(Guice.java:69)
	at com.google.inject.Guice.createInjector(Guice.java:59)
	at org.codehaus.plexus.DefaultPlexusContainer.addPlexusInjector(DefaultPlexusContainer.java:481)
	at org.codehaus.plexus.DefaultPlexusContainer.<init>(DefaultPlexusContainer.java:206)
	at org.apache.maven.plugin.testing.AbstractMojoTestCase.setupContainer(AbstractMojoTestCase.java:264)
	at org.apache.maven.plugin.testing.AbstractMojoTestCase.getContainer(AbstractMojoTestCase.java:298)
	at org.apache.maven.plugin.testing.AbstractMojoTestCase.setUp(AbstractMojoTestCase.java:152)
	at org.apache.maven.plugin.testing.MojoRule$2.evaluate(MojoRule.java:304)
	at com.github.tomakehurst.wiremock.junit.WireMockRule$1.evaluate(WireMockRule.java:79)
	at org.junit.runners.ParentRunner$3.evaluate(ParentRunner.java:306)
	at org.junit.runners.BlockJUnit4ClassRunner$1.evaluate(BlockJUnit4ClassRunner.java:100)
	at org.junit.runners.ParentRunner.runLeaf(ParentRunner.java:366)
	at org.junit.runners.BlockJUnit4ClassRunner.runChild(BlockJUnit4ClassRunner.java:103)
	at org.junit.runners.BlockJUnit4ClassRunner.runChild(BlockJUnit4ClassRunner.java:63)
	at org.junit.runners.ParentRunner$4.run(ParentRunner.java:331)
	at org.junit.runners.ParentRunner$1.schedule(ParentRunner.java:79)
	at org.junit.runners.ParentRunner.runChildren(ParentRunner.java:329)
	at org.junit.runners.ParentRunner.access$100(ParentRunner.java:66)
	at org.junit.runners.ParentRunner$2.evaluate(ParentRunner.java:293)
	at org.junit.runners.ParentRunner$3.evaluate(ParentRunner.java:306)
	at org.junit.runners.ParentRunner.run(ParentRunner.java:413)
	at org.apache.maven.surefire.junit4.JUnit4Provider.execute(JUnit4Provider.java:316)
	at org.apache.maven.surefire.junit4.JUnit4Provider.executeWithRerun(JUnit4Provider.java:240)
	at org.apache.maven.surefire.junit4.JUnit4Provider.executeTestSet(JUnit4Provider.java:214)
	at org.apache.maven.surefire.junit4.JUnit4Provider.invoke(JUnit4Provider.java:155)
	at org.apache.maven.surefire.booter.ForkedBooter.runSuitesInProcess(ForkedBooter.java:385)
	at org.apache.maven.surefire.booter.ForkedBooter.execute(ForkedBooter.java:162)
	at org.apache.maven.surefire.booter.ForkedBooter.run(ForkedBooter.java:507)
	at org.apache.maven.surefire.booter.ForkedBooter.main(ForkedBooter.java:495)

[ERROR] io.github.pmckeown.dependencytrack.score.ScoreMojoIntegrationTest.thatWhenNoMetricsHaveBeenCalculatedThenTheMetricsAreRetrieved -- Time elapsed: 0.009 s <<< ERROR!
java.lang.NoClassDefFoundError: Could not initialize class org.eclipse.sisu.wire.ParameterKeys
	at org.eclipse.sisu.wire.DependencyAnalyzer.<init>(DependencyAnalyzer.java:93)
	at org.eclipse.sisu.wire.ElementAnalyzer.<init>(ElementAnalyzer.java:104)
	at org.eclipse.sisu.wire.WireModule.configure(WireModule.java:74)
	at com.google.inject.spi.Elements$RecordingBinder.install(Elements.java:426)
	at com.google.inject.spi.Elements.getElements(Elements.java:113)
	at com.google.inject.internal.InjectorShell$Builder.build(InjectorShell.java:160)
	at com.google.inject.internal.InternalInjectorCreator.build(InternalInjectorCreator.java:107)
	at com.google.inject.Guice.createInjector(Guice.java:87)
	at com.google.inject.Guice.createInjector(Guice.java:69)
	at com.google.inject.Guice.createInjector(Guice.java:59)
	at org.codehaus.plexus.DefaultPlexusContainer.addPlexusInjector(DefaultPlexusContainer.java:481)
	at org.codehaus.plexus.DefaultPlexusContainer.<init>(DefaultPlexusContainer.java:206)
	at org.apache.maven.plugin.testing.AbstractMojoTestCase.setupContainer(AbstractMojoTestCase.java:264)
	at org.apache.maven.plugin.testing.AbstractMojoTestCase.getContainer(AbstractMojoTestCase.java:298)
	at org.apache.maven.plugin.testing.AbstractMojoTestCase.setUp(AbstractMojoTestCase.java:152)
	at org.apache.maven.plugin.testing.MojoRule$2.evaluate(MojoRule.java:304)
	at com.github.tomakehurst.wiremock.junit.WireMockRule$1.evaluate(WireMockRule.java:79)
	at org.junit.runners.ParentRunner$3.evaluate(ParentRunner.java:306)
	at org.junit.runners.BlockJUnit4ClassRunner$1.evaluate(BlockJUnit4ClassRunner.java:100)
	at org.junit.runners.ParentRunner.runLeaf(ParentRunner.java:366)
	at org.junit.runners.BlockJUnit4ClassRunner.runChild(BlockJUnit4ClassRunner.java:103)
	at org.junit.runners.BlockJUnit4ClassRunner.runChild(BlockJUnit4ClassRunner.java:63)
	at org.junit.runners.ParentRunner$4.run(ParentRunner.java:331)
	at org.junit.runners.ParentRunner$1.schedule(ParentRunner.java:79)
	at org.junit.runners.ParentRunner.runChildren(ParentRunner.java:329)
	at org.junit.runners.ParentRunner.access$100(ParentRunner.java:66)
	at org.junit.runners.ParentRunner$2.evaluate(ParentRunner.java:293)
	at org.junit.runners.ParentRunner$3.evaluate(ParentRunner.java:306)
	at org.junit.runners.ParentRunner.run(ParentRunner.java:413)
	at org.apache.maven.surefire.junit4.JUnit4Provider.execute(JUnit4Provider.java:316)
	at org.apache.maven.surefire.junit4.JUnit4Provider.executeWithRerun(JUnit4Provider.java:240)
	at org.apache.maven.surefire.junit4.JUnit4Provider.executeTestSet(JUnit4Provider.java:214)
	at org.apache.maven.surefire.junit4.JUnit4Provider.invoke(JUnit4Provider.java:155)
	at org.apache.maven.surefire.booter.ForkedBooter.runSuitesInProcess(ForkedBooter.java:385)
	at org.apache.maven.surefire.booter.ForkedBooter.execute(ForkedBooter.java:162)
	at org.apache.maven.surefire.booter.ForkedBooter.run(ForkedBooter.java:507)
	at org.apache.maven.surefire.booter.ForkedBooter.main(ForkedBooter.java:495)

[ERROR] io.github.pmckeown.dependencytrack.score.ScoreMojoIntegrationTest.thatARiskScoreHigherThanTheThresholdCausesBuildToFailEvenWithFailOnErrorFalse -- Time elapsed: 0.009 s <<< ERROR!
java.lang.NoClassDefFoundError: Could not initialize class org.eclipse.sisu.wire.ParameterKeys
	at org.eclipse.sisu.wire.DependencyAnalyzer.<init>(DependencyAnalyzer.java:93)
	at org.eclipse.sisu.wire.ElementAnalyzer.<init>(ElementAnalyzer.java:104)
	at org.eclipse.sisu.wire.WireModule.configure(WireModule.java:74)
	at com.google.inject.spi.Elements$RecordingBinder.install(Elements.java:426)
	at com.google.inject.spi.Elements.getElements(Elements.java:113)
	at com.google.inject.internal.InjectorShell$Builder.build(InjectorShell.java:160)
	at com.google.inject.internal.InternalInjectorCreator.build(InternalInjectorCreator.java:107)
	at com.google.inject.Guice.createInjector(Guice.java:87)
	at com.google.inject.Guice.createInjector(Guice.java:69)
	at com.google.inject.Guice.createInjector(Guice.java:59)
	at org.codehaus.plexus.DefaultPlexusContainer.addPlexusInjector(DefaultPlexusContainer.java:481)
	at org.codehaus.plexus.DefaultPlexusContainer.<init>(DefaultPlexusContainer.java:206)
	at org.apache.maven.plugin.testing.AbstractMojoTestCase.setupContainer(AbstractMojoTestCase.java:264)
	at org.apache.maven.plugin.testing.AbstractMojoTestCase.getContainer(AbstractMojoTestCase.java:298)
	at org.apache.maven.plugin.testing.AbstractMojoTestCase.setUp(AbstractMojoTestCase.java:152)
	at org.apache.maven.plugin.testing.MojoRule$2.evaluate(MojoRule.java:304)
	at com.github.tomakehurst.wiremock.junit.WireMockRule$1.evaluate(WireMockRule.java:79)
	at org.junit.runners.ParentRunner$3.evaluate(ParentRunner.java:306)
	at org.junit.runners.BlockJUnit4ClassRunner$1.evaluate(BlockJUnit4ClassRunner.java:100)
	at org.junit.runners.ParentRunner.runLeaf(ParentRunner.java:366)
	at org.junit.runners.BlockJUnit4ClassRunner.runChild(BlockJUnit4ClassRunner.java:103)
	at org.junit.runners.BlockJUnit4ClassRunner.runChild(BlockJUnit4ClassRunner.java:63)
	at org.junit.runners.ParentRunner$4.run(ParentRunner.java:331)
	at org.junit.runners.ParentRunner$1.schedule(ParentRunner.java:79)
	at org.junit.runners.ParentRunner.runChildren(ParentRunner.java:329)
	at org.junit.runners.ParentRunner.access$100(ParentRunner.java:66)
	at org.junit.runners.ParentRunner$2.evaluate(ParentRunner.java:293)
	at org.junit.runners.ParentRunner$3.evaluate(ParentRunner.java:306)
	at org.junit.runners.ParentRunner.run(ParentRunner.java:413)
	at org.apache.maven.surefire.junit4.JUnit4Provider.execute(JUnit4Provider.java:316)
	at org.apache.maven.surefire.junit4.JUnit4Provider.executeWithRerun(JUnit4Provider.java:240)
	at org.apache.maven.surefire.junit4.JUnit4Provider.executeTestSet(JUnit4Provider.java:214)
	at org.apache.maven.surefire.junit4.JUnit4Provider.invoke(JUnit4Provider.java:155)
	at org.apache.maven.surefire.booter.ForkedBooter.runSuitesInProcess(ForkedBooter.java:385)
	at org.apache.maven.surefire.booter.ForkedBooter.execute(ForkedBooter.java:162)
	at org.apache.maven.surefire.booter.ForkedBooter.run(ForkedBooter.java:507)
	at org.apache.maven.surefire.booter.ForkedBooter.main(ForkedBooter.java:495)

[ERROR] io.github.pmckeown.dependencytrack.score.ScoreMojoIntegrationTest.thatWhenFailOnErrorIsFalseAFailureFromToDependencyTrackDoesNotFailTheBuild -- Time elapsed: 0.009 s <<< ERROR!
java.lang.NoClassDefFoundError: Could not initialize class org.eclipse.sisu.wire.ParameterKeys
	at org.eclipse.sisu.wire.DependencyAnalyzer.<init>(DependencyAnalyzer.java:93)
	at org.eclipse.sisu.wire.ElementAnalyzer.<init>(ElementAnalyzer.java:104)
	at org.eclipse.sisu.wire.WireModule.configure(WireModule.java:74)
	at com.google.inject.spi.Elements$RecordingBinder.install(Elements.java:426)
	at com.google.inject.spi.Elements.getElements(Elements.java:113)
	at com.google.inject.internal.InjectorShell$Builder.build(InjectorShell.java:160)
	at com.google.inject.internal.InternalInjectorCreator.build(InternalInjectorCreator.java:107)
	at com.google.inject.Guice.createInjector(Guice.java:87)
	at com.google.inject.Guice.createInjector(Guice.java:69)
	at com.google.inject.Guice.createInjector(Guice.java:59)
	at org.codehaus.plexus.DefaultPlexusContainer.addPlexusInjector(DefaultPlexusContainer.java:481)
	at org.codehaus.plexus.DefaultPlexusContainer.<init>(DefaultPlexusContainer.java:206)
	at org.apache.maven.plugin.testing.AbstractMojoTestCase.setupContainer(AbstractMojoTestCase.java:264)
	at org.apache.maven.plugin.testing.AbstractMojoTestCase.getContainer(AbstractMojoTestCase.java:298)
	at org.apache.maven.plugin.testing.AbstractMojoTestCase.setUp(AbstractMojoTestCase.java:152)
	at org.apache.maven.plugin.testing.MojoRule$2.evaluate(MojoRule.java:304)
	at com.github.tomakehurst.wiremock.junit.WireMockRule$1.evaluate(WireMockRule.java:79)
	at org.junit.runners.ParentRunner$3.evaluate(ParentRunner.java:306)
	at org.junit.runners.BlockJUnit4ClassRunner$1.evaluate(BlockJUnit4ClassRunner.java:100)
	at org.junit.runners.ParentRunner.runLeaf(ParentRunner.java:366)
	at org.junit.runners.BlockJUnit4ClassRunner.runChild(BlockJUnit4ClassRunner.java:103)
	at org.junit.runners.BlockJUnit4ClassRunner.runChild(BlockJUnit4ClassRunner.java:63)
	at org.junit.runners.ParentRunner$4.run(ParentRunner.java:331)
	at org.junit.runners.ParentRunner$1.schedule(ParentRunner.java:79)
	at org.junit.runners.ParentRunner.runChildren(ParentRunner.java:329)
	at org.junit.runners.ParentRunner.access$100(ParentRunner.java:66)
	at org.junit.runners.ParentRunner$2.evaluate(ParentRunner.java:293)
	at org.junit.runners.ParentRunner$3.evaluate(ParentRunner.java:306)
	at org.junit.runners.ParentRunner.run(ParentRunner.java:413)
	at org.apache.maven.surefire.junit4.JUnit4Provider.execute(JUnit4Provider.java:316)
	at org.apache.maven.surefire.junit4.JUnit4Provider.executeWithRerun(JUnit4Provider.java:240)
	at org.apache.maven.surefire.junit4.JUnit4Provider.executeTestSet(JUnit4Provider.java:214)
	at org.apache.maven.surefire.junit4.JUnit4Provider.invoke(JUnit4Provider.java:155)
	at org.apache.maven.surefire.booter.ForkedBooter.runSuitesInProcess(ForkedBooter.java:385)
	at org.apache.maven.surefire.booter.ForkedBooter.execute(ForkedBooter.java:162)
	at org.apache.maven.surefire.booter.ForkedBooter.run(ForkedBooter.java:507)
	at org.apache.maven.surefire.booter.ForkedBooter.main(ForkedBooter.java:495)

[ERROR] io.github.pmckeown.dependencytrack.score.ScoreMojoIntegrationTest.thatTheScoreIsSkippedWhenSkipIsTrue -- Time elapsed: 0.012 s <<< ERROR!
java.lang.NoClassDefFoundError: Could not initialize class org.eclipse.sisu.wire.ParameterKeys
	at org.eclipse.sisu.wire.DependencyAnalyzer.<init>(DependencyAnalyzer.java:93)
	at org.eclipse.sisu.wire.ElementAnalyzer.<init>(ElementAnalyzer.java:104)
	at org.eclipse.sisu.wire.WireModule.configure(WireModule.java:74)
	at com.google.inject.spi.Elements$RecordingBinder.install(Elements.java:426)
	at com.google.inject.spi.Elements.getElements(Elements.java:113)
	at com.google.inject.internal.InjectorShell$Builder.build(InjectorShell.java:160)
	at com.google.inject.internal.InternalInjectorCreator.build(InternalInjectorCreator.java:107)
	at com.google.inject.Guice.createInjector(Guice.java:87)
	at com.google.inject.Guice.createInjector(Guice.java:69)
	at com.google.inject.Guice.createInjector(Guice.java:59)
	at org.codehaus.plexus.DefaultPlexusContainer.addPlexusInjector(DefaultPlexusContainer.java:481)
	at org.codehaus.plexus.DefaultPlexusContainer.<init>(DefaultPlexusContainer.java:206)
	at org.apache.maven.plugin.testing.AbstractMojoTestCase.setupContainer(AbstractMojoTestCase.java:264)
	at org.apache.maven.plugin.testing.AbstractMojoTestCase.getContainer(AbstractMojoTestCase.java:298)
	at org.apache.maven.plugin.testing.AbstractMojoTestCase.setUp(AbstractMojoTestCase.java:152)
	at org.apache.maven.plugin.testing.MojoRule$2.evaluate(MojoRule.java:304)
	at com.github.tomakehurst.wiremock.junit.WireMockRule$1.evaluate(WireMockRule.java:79)
	at org.junit.runners.ParentRunner$3.evaluate(ParentRunner.java:306)
	at org.junit.runners.BlockJUnit4ClassRunner$1.evaluate(BlockJUnit4ClassRunner.java:100)
	at org.junit.runners.ParentRunner.runLeaf(ParentRunner.java:366)
	at org.junit.runners.BlockJUnit4ClassRunner.runChild(BlockJUnit4ClassRunner.java:103)
	at org.junit.runners.BlockJUnit4ClassRunner.runChild(BlockJUnit4ClassRunner.java:63)
	at org.junit.runners.ParentRunner$4.run(ParentRunner.java:331)
	at org.junit.runners.ParentRunner$1.schedule(ParentRunner.java:79)
	at org.junit.runners.ParentRunner.runChildren(ParentRunner.java:329)
	at org.junit.runners.ParentRunner.access$100(ParentRunner.java:66)
	at org.junit.runners.ParentRunner$2.evaluate(ParentRunner.java:293)
	at org.junit.runners.ParentRunner$3.evaluate(ParentRunner.java:306)
	at org.junit.runners.ParentRunner.run(ParentRunner.java:413)
	at org.apache.maven.surefire.junit4.JUnit4Provider.execute(JUnit4Provider.java:316)
	at org.apache.maven.surefire.junit4.JUnit4Provider.executeWithRerun(JUnit4Provider.java:240)
	at org.apache.maven.surefire.junit4.JUnit4Provider.executeTestSet(JUnit4Provider.java:214)
	at org.apache.maven.surefire.junit4.JUnit4Provider.invoke(JUnit4Provider.java:155)
	at org.apache.maven.surefire.booter.ForkedBooter.runSuitesInProcess(ForkedBooter.java:385)
	at org.apache.maven.surefire.booter.ForkedBooter.execute(ForkedBooter.java:162)
	at org.apache.maven.surefire.booter.ForkedBooter.run(ForkedBooter.java:507)
	at org.apache.maven.surefire.booter.ForkedBooter.main(ForkedBooter.java:495)

[ERROR] io.github.pmckeown.dependencytrack.score.ScoreMojoIntegrationTest.thatWhenFailOnErrorIsFalseAFailureToConnectToDependencyTrackDoesNotFailTheBuild -- Time elapsed: 0.030 s <<< ERROR!
java.lang.NoClassDefFoundError: Could not initialize class org.eclipse.sisu.wire.ParameterKeys
	at org.eclipse.sisu.wire.DependencyAnalyzer.<init>(DependencyAnalyzer.java:93)
	at org.eclipse.sisu.wire.ElementAnalyzer.<init>(ElementAnalyzer.java:104)
	at org.eclipse.sisu.wire.WireModule.configure(WireModule.java:74)
	at com.google.inject.spi.Elements$RecordingBinder.install(Elements.java:426)
	at com.google.inject.spi.Elements.getElements(Elements.java:113)
	at com.google.inject.internal.InjectorShell$Builder.build(InjectorShell.java:160)
	at com.google.inject.internal.InternalInjectorCreator.build(InternalInjectorCreator.java:107)
	at com.google.inject.Guice.createInjector(Guice.java:87)
	at com.google.inject.Guice.createInjector(Guice.java:69)
	at com.google.inject.Guice.createInjector(Guice.java:59)
	at org.codehaus.plexus.DefaultPlexusContainer.addPlexusInjector(DefaultPlexusContainer.java:481)
	at org.codehaus.plexus.DefaultPlexusContainer.<init>(DefaultPlexusContainer.java:206)
	at org.apache.maven.plugin.testing.AbstractMojoTestCase.setupContainer(AbstractMojoTestCase.java:264)
	at org.apache.maven.plugin.testing.AbstractMojoTestCase.getContainer(AbstractMojoTestCase.java:298)
	at org.apache.maven.plugin.testing.AbstractMojoTestCase.setUp(AbstractMojoTestCase.java:152)
	at org.apache.maven.plugin.testing.MojoRule$2.evaluate(MojoRule.java:304)
	at com.github.tomakehurst.wiremock.junit.WireMockRule$1.evaluate(WireMockRule.java:79)
	at org.junit.runners.ParentRunner$3.evaluate(ParentRunner.java:306)
	at org.junit.runners.BlockJUnit4ClassRunner$1.evaluate(BlockJUnit4ClassRunner.java:100)
	at org.junit.runners.ParentRunner.runLeaf(ParentRunner.java:366)
	at org.junit.runners.BlockJUnit4ClassRunner.runChild(BlockJUnit4ClassRunner.java:103)
	at org.junit.runners.BlockJUnit4ClassRunner.runChild(BlockJUnit4ClassRunner.java:63)
	at org.junit.runners.ParentRunner$4.run(ParentRunner.java:331)
	at org.junit.runners.ParentRunner$1.schedule(ParentRunner.java:79)
	at org.junit.runners.ParentRunner.runChildren(ParentRunner.java:329)
	at org.junit.runners.ParentRunner.access$100(ParentRunner.java:66)
	at org.junit.runners.ParentRunner$2.evaluate(ParentRunner.java:293)
	at org.junit.runners.ParentRunner$3.evaluate(ParentRunner.java:306)
	at org.junit.runners.ParentRunner.run(ParentRunner.java:413)
	at org.apache.maven.surefire.junit4.JUnit4Provider.execute(JUnit4Provider.java:316)
	at org.apache.maven.surefire.junit4.JUnit4Provider.executeWithRerun(JUnit4Provider.java:240)
	at org.apache.maven.surefire.junit4.JUnit4Provider.executeTestSet(JUnit4Provider.java:214)
	at org.apache.maven.surefire.junit4.JUnit4Provider.invoke(JUnit4Provider.java:155)
	at org.apache.maven.surefire.booter.ForkedBooter.runSuitesInProcess(ForkedBooter.java:385)
	at org.apache.maven.surefire.booter.ForkedBooter.execute(ForkedBooter.java:162)
	at org.apache.maven.surefire.booter.ForkedBooter.run(ForkedBooter.java:507)
	at org.apache.maven.surefire.booter.ForkedBooter.main(ForkedBooter.java:495)

[ERROR] io.github.pmckeown.dependencytrack.score.ScoreMojoIntegrationTest.thatARiskScoreLowerThanTheThresholdDoesNothing -- Time elapsed: 0.009 s <<< ERROR!
java.lang.NoClassDefFoundError: Could not initialize class org.eclipse.sisu.wire.ParameterKeys
	at org.eclipse.sisu.wire.DependencyAnalyzer.<init>(DependencyAnalyzer.java:93)
	at org.eclipse.sisu.wire.ElementAnalyzer.<init>(ElementAnalyzer.java:104)
	at org.eclipse.sisu.wire.WireModule.configure(WireModule.java:74)
	at com.google.inject.spi.Elements$RecordingBinder.install(Elements.java:426)
	at com.google.inject.spi.Elements.getElements(Elements.java:113)
	at com.google.inject.internal.InjectorShell$Builder.build(InjectorShell.java:160)
	at com.google.inject.internal.InternalInjectorCreator.build(InternalInjectorCreator.java:107)
	at com.google.inject.Guice.createInjector(Guice.java:87)
	at com.google.inject.Guice.createInjector(Guice.java:69)
	at com.google.inject.Guice.createInjector(Guice.java:59)
	at org.codehaus.plexus.DefaultPlexusContainer.addPlexusInjector(DefaultPlexusContainer.java:481)
	at org.codehaus.plexus.DefaultPlexusContainer.<init>(DefaultPlexusContainer.java:206)
	at org.apache.maven.plugin.testing.AbstractMojoTestCase.setupContainer(AbstractMojoTestCase.java:264)
	at org.apache.maven.plugin.testing.AbstractMojoTestCase.getContainer(AbstractMojoTestCase.java:298)
	at org.apache.maven.plugin.testing.AbstractMojoTestCase.setUp(AbstractMojoTestCase.java:152)
	at org.apache.maven.plugin.testing.MojoRule$2.evaluate(MojoRule.java:304)
	at com.github.tomakehurst.wiremock.junit.WireMockRule$1.evaluate(WireMockRule.java:79)
	at org.junit.runners.ParentRunner$3.evaluate(ParentRunner.java:306)
	at org.junit.runners.BlockJUnit4ClassRunner$1.evaluate(BlockJUnit4ClassRunner.java:100)
	at org.junit.runners.ParentRunner.runLeaf(ParentRunner.java:366)
	at org.junit.runners.BlockJUnit4ClassRunner.runChild(BlockJUnit4ClassRunner.java:103)
	at org.junit.runners.BlockJUnit4ClassRunner.runChild(BlockJUnit4ClassRunner.java:63)
	at org.junit.runners.ParentRunner$4.run(ParentRunner.java:331)
	at org.junit.runners.ParentRunner$1.schedule(ParentRunner.java:79)
	at org.junit.runners.ParentRunner.runChildren(ParentRunner.java:329)
	at org.junit.runners.ParentRunner.access$100(ParentRunner.java:66)
	at org.junit.runners.ParentRunner$2.evaluate(ParentRunner.java:293)
	at org.junit.runners.ParentRunner$3.evaluate(ParentRunner.java:306)
	at org.junit.runners.ParentRunner.run(ParentRunner.java:413)
	at org.apache.maven.surefire.junit4.JUnit4Provider.execute(JUnit4Provider.java:316)
	at org.apache.maven.surefire.junit4.JUnit4Provider.executeWithRerun(JUnit4Provider.java:240)
	at org.apache.maven.surefire.junit4.JUnit4Provider.executeTestSet(JUnit4Provider.java:214)
	at org.apache.maven.surefire.junit4.JUnit4Provider.invoke(JUnit4Provider.java:155)
	at org.apache.maven.surefire.booter.ForkedBooter.runSuitesInProcess(ForkedBooter.java:385)
	at org.apache.maven.surefire.booter.ForkedBooter.execute(ForkedBooter.java:162)
	at org.apache.maven.surefire.booter.ForkedBooter.run(ForkedBooter.java:507)
	at org.apache.maven.surefire.booter.ForkedBooter.main(ForkedBooter.java:495)

[ERROR] io.github.pmckeown.dependencytrack.score.ScoreMojoIntegrationTest.thatWhenFailOnErrorIsTrueAFailureToConnectToDependencyTrackDoesFailTheBuild -- Time elapsed: 0.009 s <<< ERROR!
java.lang.NoClassDefFoundError: Could not initialize class org.eclipse.sisu.wire.ParameterKeys
	at org.eclipse.sisu.wire.DependencyAnalyzer.<init>(DependencyAnalyzer.java:93)
	at org.eclipse.sisu.wire.ElementAnalyzer.<init>(ElementAnalyzer.java:104)
	at org.eclipse.sisu.wire.WireModule.configure(WireModule.java:74)
	at com.google.inject.spi.Elements$RecordingBinder.install(Elements.java:426)
	at com.google.inject.spi.Elements.getElements(Elements.java:113)
	at com.google.inject.internal.InjectorShell$Builder.build(InjectorShell.java:160)
	at com.google.inject.internal.InternalInjectorCreator.build(InternalInjectorCreator.java:107)
	at com.google.inject.Guice.createInjector(Guice.java:87)
	at com.google.inject.Guice.createInjector(Guice.java:69)
	at com.google.inject.Guice.createInjector(Guice.java:59)
	at org.codehaus.plexus.DefaultPlexusContainer.addPlexusInjector(DefaultPlexusContainer.java:481)
	at org.codehaus.plexus.DefaultPlexusContainer.<init>(DefaultPlexusContainer.java:206)
	at org.apache.maven.plugin.testing.AbstractMojoTestCase.setupContainer(AbstractMojoTestCase.java:264)
	at org.apache.maven.plugin.testing.AbstractMojoTestCase.getContainer(AbstractMojoTestCase.java:298)
	at org.apache.maven.plugin.testing.AbstractMojoTestCase.setUp(AbstractMojoTestCase.java:152)
	at org.apache.maven.plugin.testing.MojoRule$2.evaluate(MojoRule.java:304)
	at com.github.tomakehurst.wiremock.junit.WireMockRule$1.evaluate(WireMockRule.java:79)
	at org.junit.runners.ParentRunner$3.evaluate(ParentRunner.java:306)
	at org.junit.runners.BlockJUnit4ClassRunner$1.evaluate(BlockJUnit4ClassRunner.java:100)
	at org.junit.runners.ParentRunner.runLeaf(ParentRunner.java:366)
	at org.junit.runners.BlockJUnit4ClassRunner.runChild(BlockJUnit4ClassRunner.java:103)
	at org.junit.runners.BlockJUnit4ClassRunner.runChild(BlockJUnit4ClassRunner.java:63)
	at org.junit.runners.ParentRunner$4.run(ParentRunner.java:331)
	at org.junit.runners.ParentRunner$1.schedule(ParentRunner.java:79)
	at org.junit.runners.ParentRunner.runChildren(ParentRunner.java:329)
	at org.junit.runners.ParentRunner.access$100(ParentRunner.java:66)
	at org.junit.runners.ParentRunner$2.evaluate(ParentRunner.java:293)
	at org.junit.runners.ParentRunner$3.evaluate(ParentRunner.java:306)
	at org.junit.runners.ParentRunner.run(ParentRunner.java:413)
	at org.apache.maven.surefire.junit4.JUnit4Provider.execute(JUnit4Provider.java:316)
	at org.apache.maven.surefire.junit4.JUnit4Provider.executeWithRerun(JUnit4Provider.java:240)
	at org.apache.maven.surefire.junit4.JUnit4Provider.executeTestSet(JUnit4Provider.java:214)
	at org.apache.maven.surefire.junit4.JUnit4Provider.invoke(JUnit4Provider.java:155)
	at org.apache.maven.surefire.booter.ForkedBooter.runSuitesInProcess(ForkedBooter.java:385)
	at org.apache.maven.surefire.booter.ForkedBooter.execute(ForkedBooter.java:162)
	at org.apache.maven.surefire.booter.ForkedBooter.run(ForkedBooter.java:507)
	at org.apache.maven.surefire.booter.ForkedBooter.main(ForkedBooter.java:495)

[ERROR] io.github.pmckeown.dependencytrack.score.ScoreMojoIntegrationTest.thatWhenNoMetricsHaveBeenTheTheCallIsRetriedTheCorrectNumberOfTimes -- Time elapsed: 0.009 s <<< ERROR!
java.lang.NoClassDefFoundError: Could not initialize class org.eclipse.sisu.wire.ParameterKeys
	at org.eclipse.sisu.wire.DependencyAnalyzer.<init>(DependencyAnalyzer.java:93)
	at org.eclipse.sisu.wire.ElementAnalyzer.<init>(ElementAnalyzer.java:104)
	at org.eclipse.sisu.wire.WireModule.configure(WireModule.java:74)
	at com.google.inject.spi.Elements$RecordingBinder.install(Elements.java:426)
	at com.google.inject.spi.Elements.getElements(Elements.java:113)
	at com.google.inject.internal.InjectorShell$Builder.build(InjectorShell.java:160)
	at com.google.inject.internal.InternalInjectorCreator.build(InternalInjectorCreator.java:107)
	at com.google.inject.Guice.createInjector(Guice.java:87)
	at com.google.inject.Guice.createInjector(Guice.java:69)
	at com.google.inject.Guice.createInjector(Guice.java:59)
	at org.codehaus.plexus.DefaultPlexusContainer.addPlexusInjector(DefaultPlexusContainer.java:481)
	at org.codehaus.plexus.DefaultPlexusContainer.<init>(DefaultPlexusContainer.java:206)
	at org.apache.maven.plugin.testing.AbstractMojoTestCase.setupContainer(AbstractMojoTestCase.java:264)
	at org.apache.maven.plugin.testing.AbstractMojoTestCase.getContainer(AbstractMojoTestCase.java:298)
	at org.apache.maven.plugin.testing.AbstractMojoTestCase.setUp(AbstractMojoTestCase.java:152)
	at org.apache.maven.plugin.testing.MojoRule$2.evaluate(MojoRule.java:304)
	at com.github.tomakehurst.wiremock.junit.WireMockRule$1.evaluate(WireMockRule.java:79)
	at org.junit.runners.ParentRunner$3.evaluate(ParentRunner.java:306)
	at org.junit.runners.BlockJUnit4ClassRunner$1.evaluate(BlockJUnit4ClassRunner.java:100)
	at org.junit.runners.ParentRunner.runLeaf(ParentRunner.java:366)
	at org.junit.runners.BlockJUnit4ClassRunner.runChild(BlockJUnit4ClassRunner.java:103)
	at org.junit.runners.BlockJUnit4ClassRunner.runChild(BlockJUnit4ClassRunner.java:63)
	at org.junit.runners.ParentRunner$4.run(ParentRunner.java:331)
	at org.junit.runners.ParentRunner$1.schedule(ParentRunner.java:79)
	at org.junit.runners.ParentRunner.runChildren(ParentRunner.java:329)
	at org.junit.runners.ParentRunner.access$100(ParentRunner.java:66)
	at org.junit.runners.ParentRunner$2.evaluate(ParentRunner.java:293)
	at org.junit.runners.ParentRunner$3.evaluate(ParentRunner.java:306)
	at org.junit.runners.ParentRunner.run(ParentRunner.java:413)
	at org.apache.maven.surefire.junit4.JUnit4Provider.execute(JUnit4Provider.java:316)
	at org.apache.maven.surefire.junit4.JUnit4Provider.executeWithRerun(JUnit4Provider.java:240)
	at org.apache.maven.surefire.junit4.JUnit4Provider.executeTestSet(JUnit4Provider.java:214)
	at org.apache.maven.surefire.junit4.JUnit4Provider.invoke(JUnit4Provider.java:155)
	at org.apache.maven.surefire.booter.ForkedBooter.runSuitesInProcess(ForkedBooter.java:385)
	at org.apache.maven.surefire.booter.ForkedBooter.execute(ForkedBooter.java:162)
	at org.apache.maven.surefire.booter.ForkedBooter.run(ForkedBooter.java:507)
	at org.apache.maven.surefire.booter.ForkedBooter.main(ForkedBooter.java:495)

[ERROR] io.github.pmckeown.dependencytrack.score.ScoreMojoIntegrationTest.thatFailureToGetARiskScoreEqualThrowsAnException -- Time elapsed: 0.007 s <<< ERROR!
java.lang.NoClassDefFoundError: Could not initialize class org.eclipse.sisu.wire.ParameterKeys
	at org.eclipse.sisu.wire.DependencyAnalyzer.<init>(DependencyAnalyzer.java:93)
	at org.eclipse.sisu.wire.ElementAnalyzer.<init>(ElementAnalyzer.java:104)
	at org.eclipse.sisu.wire.WireModule.configure(WireModule.java:74)
	at com.google.inject.spi.Elements$RecordingBinder.install(Elements.java:426)
	at com.google.inject.spi.Elements.getElements(Elements.java:113)
	at com.google.inject.internal.InjectorShell$Builder.build(InjectorShell.java:160)
	at com.google.inject.internal.InternalInjectorCreator.build(InternalInjectorCreator.java:107)
	at com.google.inject.Guice.createInjector(Guice.java:87)
	at com.google.inject.Guice.createInjector(Guice.java:69)
	at com.google.inject.Guice.createInjector(Guice.java:59)
	at org.codehaus.plexus.DefaultPlexusContainer.addPlexusInjector(DefaultPlexusContainer.java:481)
	at org.codehaus.plexus.DefaultPlexusContainer.<init>(DefaultPlexusContainer.java:206)
	at org.apache.maven.plugin.testing.AbstractMojoTestCase.setupContainer(AbstractMojoTestCase.java:264)
	at org.apache.maven.plugin.testing.AbstractMojoTestCase.getContainer(AbstractMojoTestCase.java:298)
	at org.apache.maven.plugin.testing.AbstractMojoTestCase.setUp(AbstractMojoTestCase.java:152)
	at org.apache.maven.plugin.testing.MojoRule$2.evaluate(MojoRule.java:304)
	at com.github.tomakehurst.wiremock.junit.WireMockRule$1.evaluate(WireMockRule.java:79)
	at org.junit.runners.ParentRunner$3.evaluate(ParentRunner.java:306)
	at org.junit.runners.BlockJUnit4ClassRunner$1.evaluate(BlockJUnit4ClassRunner.java:100)
	at org.junit.runners.ParentRunner.runLeaf(ParentRunner.java:366)
	at org.junit.runners.BlockJUnit4ClassRunner.runChild(BlockJUnit4ClassRunner.java:103)
	at org.junit.runners.BlockJUnit4ClassRunner.runChild(BlockJUnit4ClassRunner.java:63)
	at org.junit.runners.ParentRunner$4.run(ParentRunner.java:331)
	at org.junit.runners.ParentRunner$1.schedule(ParentRunner.java:79)
	at org.junit.runners.ParentRunner.runChildren(ParentRunner.java:329)
	at org.junit.runners.ParentRunner.access$100(ParentRunner.java:66)
	at org.junit.runners.ParentRunner$2.evaluate(ParentRunner.java:293)
	at org.junit.runners.ParentRunner$3.evaluate(ParentRunner.java:306)
	at org.junit.runners.ParentRunner.run(ParentRunner.java:413)
	at org.apache.maven.surefire.junit4.JUnit4Provider.execute(JUnit4Provider.java:316)
	at org.apache.maven.surefire.junit4.JUnit4Provider.executeWithRerun(JUnit4Provider.java:240)
	at org.apache.maven.surefire.junit4.JUnit4Provider.executeTestSet(JUnit4Provider.java:214)
	at org.apache.maven.surefire.junit4.JUnit4Provider.invoke(JUnit4Provider.java:155)
	at org.apache.maven.surefire.booter.ForkedBooter.runSuitesInProcess(ForkedBooter.java:385)
	at org.apache.maven.surefire.booter.ForkedBooter.execute(ForkedBooter.java:162)
	at org.apache.maven.surefire.booter.ForkedBooter.run(ForkedBooter.java:507)
	at org.apache.maven.surefire.booter.ForkedBooter.main(ForkedBooter.java:495)

[INFO] Running io.github.pmckeown.dependencytrack.score.ScoreActionTest
[INFO] Tests run: 6, Failures: 0, Errors: 0, Skipped: 0, Time elapsed: 0.070 s -- in io.github.pmckeown.dependencytrack.score.ScoreActionTest
[INFO] Running io.github.pmckeown.dependencytrack.project.DeleteProjectMojoIntegrationTest
[ERROR] Tests run: 7, Failures: 0, Errors: 7, Skipped: 0, Time elapsed: 0.059 s <<< FAILURE! -- in io.github.pmckeown.dependencytrack.project.DeleteProjectMojoIntegrationTest
[ERROR] io.github.pmckeown.dependencytrack.project.DeleteProjectMojoIntegrationTest.thatWhenProjectIsNotFoundDeletionIsNotAttempted -- Time elapsed: 0.008 s <<< ERROR!
java.lang.NoClassDefFoundError: Could not initialize class org.eclipse.sisu.wire.ParameterKeys
	at org.eclipse.sisu.wire.DependencyAnalyzer.<init>(DependencyAnalyzer.java:93)
	at org.eclipse.sisu.wire.ElementAnalyzer.<init>(ElementAnalyzer.java:104)
	at org.eclipse.sisu.wire.WireModule.configure(WireModule.java:74)
	at com.google.inject.spi.Elements$RecordingBinder.install(Elements.java:426)
	at com.google.inject.spi.Elements.getElements(Elements.java:113)
	at com.google.inject.internal.InjectorShell$Builder.build(InjectorShell.java:160)
	at com.google.inject.internal.InternalInjectorCreator.build(InternalInjectorCreator.java:107)
	at com.google.inject.Guice.createInjector(Guice.java:87)
	at com.google.inject.Guice.createInjector(Guice.java:69)
	at com.google.inject.Guice.createInjector(Guice.java:59)
	at org.codehaus.plexus.DefaultPlexusContainer.addPlexusInjector(DefaultPlexusContainer.java:481)
	at org.codehaus.plexus.DefaultPlexusContainer.<init>(DefaultPlexusContainer.java:206)
	at org.apache.maven.plugin.testing.AbstractMojoTestCase.setupContainer(AbstractMojoTestCase.java:264)
	at org.apache.maven.plugin.testing.AbstractMojoTestCase.getContainer(AbstractMojoTestCase.java:298)
	at org.apache.maven.plugin.testing.AbstractMojoTestCase.setUp(AbstractMojoTestCase.java:152)
	at org.apache.maven.plugin.testing.MojoRule$2.evaluate(MojoRule.java:304)
	at com.github.tomakehurst.wiremock.junit.WireMockRule$1.evaluate(WireMockRule.java:79)
	at org.junit.runners.ParentRunner$3.evaluate(ParentRunner.java:306)
	at org.junit.runners.BlockJUnit4ClassRunner$1.evaluate(BlockJUnit4ClassRunner.java:100)
	at org.junit.runners.ParentRunner.runLeaf(ParentRunner.java:366)
	at org.junit.runners.BlockJUnit4ClassRunner.runChild(BlockJUnit4ClassRunner.java:103)
	at org.junit.runners.BlockJUnit4ClassRunner.runChild(BlockJUnit4ClassRunner.java:63)
	at org.junit.runners.ParentRunner$4.run(ParentRunner.java:331)
	at org.junit.runners.ParentRunner$1.schedule(ParentRunner.java:79)
	at org.junit.runners.ParentRunner.runChildren(ParentRunner.java:329)
	at org.junit.runners.ParentRunner.access$100(ParentRunner.java:66)
	at org.junit.runners.ParentRunner$2.evaluate(ParentRunner.java:293)
	at org.junit.runners.ParentRunner$3.evaluate(ParentRunner.java:306)
	at org.junit.runners.ParentRunner.run(ParentRunner.java:413)
	at org.apache.maven.surefire.junit4.JUnit4Provider.execute(JUnit4Provider.java:316)
	at org.apache.maven.surefire.junit4.JUnit4Provider.executeWithRerun(JUnit4Provider.java:240)
	at org.apache.maven.surefire.junit4.JUnit4Provider.executeTestSet(JUnit4Provider.java:214)
	at org.apache.maven.surefire.junit4.JUnit4Provider.invoke(JUnit4Provider.java:155)
	at org.apache.maven.surefire.booter.ForkedBooter.runSuitesInProcess(ForkedBooter.java:385)
	at org.apache.maven.surefire.booter.ForkedBooter.execute(ForkedBooter.java:162)
	at org.apache.maven.surefire.booter.ForkedBooter.run(ForkedBooter.java:507)
	at org.apache.maven.surefire.booter.ForkedBooter.main(ForkedBooter.java:495)

[ERROR] io.github.pmckeown.dependencytrack.project.DeleteProjectMojoIntegrationTest.thatWhenProjectDeletionFailedAndFailOnErrorTrueThenMojoFailureExceptionIsThrown -- Time elapsed: 0.008 s <<< ERROR!
java.lang.NoClassDefFoundError: Could not initialize class org.eclipse.sisu.wire.ParameterKeys
	at org.eclipse.sisu.wire.DependencyAnalyzer.<init>(DependencyAnalyzer.java:93)
	at org.eclipse.sisu.wire.ElementAnalyzer.<init>(ElementAnalyzer.java:104)
	at org.eclipse.sisu.wire.WireModule.configure(WireModule.java:74)
	at com.google.inject.spi.Elements$RecordingBinder.install(Elements.java:426)
	at com.google.inject.spi.Elements.getElements(Elements.java:113)
	at com.google.inject.internal.InjectorShell$Builder.build(InjectorShell.java:160)
	at com.google.inject.internal.InternalInjectorCreator.build(InternalInjectorCreator.java:107)
	at com.google.inject.Guice.createInjector(Guice.java:87)
	at com.google.inject.Guice.createInjector(Guice.java:69)
	at com.google.inject.Guice.createInjector(Guice.java:59)
	at org.codehaus.plexus.DefaultPlexusContainer.addPlexusInjector(DefaultPlexusContainer.java:481)
	at org.codehaus.plexus.DefaultPlexusContainer.<init>(DefaultPlexusContainer.java:206)
	at org.apache.maven.plugin.testing.AbstractMojoTestCase.setupContainer(AbstractMojoTestCase.java:264)
	at org.apache.maven.plugin.testing.AbstractMojoTestCase.getContainer(AbstractMojoTestCase.java:298)
	at org.apache.maven.plugin.testing.AbstractMojoTestCase.setUp(AbstractMojoTestCase.java:152)
	at org.apache.maven.plugin.testing.MojoRule$2.evaluate(MojoRule.java:304)
	at com.github.tomakehurst.wiremock.junit.WireMockRule$1.evaluate(WireMockRule.java:79)
	at org.junit.runners.ParentRunner$3.evaluate(ParentRunner.java:306)
	at org.junit.runners.BlockJUnit4ClassRunner$1.evaluate(BlockJUnit4ClassRunner.java:100)
	at org.junit.runners.ParentRunner.runLeaf(ParentRunner.java:366)
	at org.junit.runners.BlockJUnit4ClassRunner.runChild(BlockJUnit4ClassRunner.java:103)
	at org.junit.runners.BlockJUnit4ClassRunner.runChild(BlockJUnit4ClassRunner.java:63)
	at org.junit.runners.ParentRunner$4.run(ParentRunner.java:331)
	at org.junit.runners.ParentRunner$1.schedule(ParentRunner.java:79)
	at org.junit.runners.ParentRunner.runChildren(ParentRunner.java:329)
	at org.junit.runners.ParentRunner.access$100(ParentRunner.java:66)
	at org.junit.runners.ParentRunner$2.evaluate(ParentRunner.java:293)
	at org.junit.runners.ParentRunner$3.evaluate(ParentRunner.java:306)
	at org.junit.runners.ParentRunner.run(ParentRunner.java:413)
	at org.apache.maven.surefire.junit4.JUnit4Provider.execute(JUnit4Provider.java:316)
	at org.apache.maven.surefire.junit4.JUnit4Provider.executeWithRerun(JUnit4Provider.java:240)
	at org.apache.maven.surefire.junit4.JUnit4Provider.executeTestSet(JUnit4Provider.java:214)
	at org.apache.maven.surefire.junit4.JUnit4Provider.invoke(JUnit4Provider.java:155)
	at org.apache.maven.surefire.booter.ForkedBooter.runSuitesInProcess(ForkedBooter.java:385)
	at org.apache.maven.surefire.booter.ForkedBooter.execute(ForkedBooter.java:162)
	at org.apache.maven.surefire.booter.ForkedBooter.run(ForkedBooter.java:507)
	at org.apache.maven.surefire.booter.ForkedBooter.main(ForkedBooter.java:495)

[ERROR] io.github.pmckeown.dependencytrack.project.DeleteProjectMojoIntegrationTest.thatWhenProjectDeletionFailedAndFailOnErrorFalseThenMojoSucceeds -- Time elapsed: 0.008 s <<< ERROR!
java.lang.NoClassDefFoundError: Could not initialize class org.eclipse.sisu.wire.ParameterKeys
	at org.eclipse.sisu.wire.DependencyAnalyzer.<init>(DependencyAnalyzer.java:93)
	at org.eclipse.sisu.wire.ElementAnalyzer.<init>(ElementAnalyzer.java:104)
	at org.eclipse.sisu.wire.WireModule.configure(WireModule.java:74)
	at com.google.inject.spi.Elements$RecordingBinder.install(Elements.java:426)
	at com.google.inject.spi.Elements.getElements(Elements.java:113)
	at com.google.inject.internal.InjectorShell$Builder.build(InjectorShell.java:160)
	at com.google.inject.internal.InternalInjectorCreator.build(InternalInjectorCreator.java:107)
	at com.google.inject.Guice.createInjector(Guice.java:87)
	at com.google.inject.Guice.createInjector(Guice.java:69)
	at com.google.inject.Guice.createInjector(Guice.java:59)
	at org.codehaus.plexus.DefaultPlexusContainer.addPlexusInjector(DefaultPlexusContainer.java:481)
	at org.codehaus.plexus.DefaultPlexusContainer.<init>(DefaultPlexusContainer.java:206)
	at org.apache.maven.plugin.testing.AbstractMojoTestCase.setupContainer(AbstractMojoTestCase.java:264)
	at org.apache.maven.plugin.testing.AbstractMojoTestCase.getContainer(AbstractMojoTestCase.java:298)
	at org.apache.maven.plugin.testing.AbstractMojoTestCase.setUp(AbstractMojoTestCase.java:152)
	at org.apache.maven.plugin.testing.MojoRule$2.evaluate(MojoRule.java:304)
	at com.github.tomakehurst.wiremock.junit.WireMockRule$1.evaluate(WireMockRule.java:79)
	at org.junit.runners.ParentRunner$3.evaluate(ParentRunner.java:306)
	at org.junit.runners.BlockJUnit4ClassRunner$1.evaluate(BlockJUnit4ClassRunner.java:100)
	at org.junit.runners.ParentRunner.runLeaf(ParentRunner.java:366)
	at org.junit.runners.BlockJUnit4ClassRunner.runChild(BlockJUnit4ClassRunner.java:103)
	at org.junit.runners.BlockJUnit4ClassRunner.runChild(BlockJUnit4ClassRunner.java:63)
	at org.junit.runners.ParentRunner$4.run(ParentRunner.java:331)
	at org.junit.runners.ParentRunner$1.schedule(ParentRunner.java:79)
	at org.junit.runners.ParentRunner.runChildren(ParentRunner.java:329)
	at org.junit.runners.ParentRunner.access$100(ParentRunner.java:66)
	at org.junit.runners.ParentRunner$2.evaluate(ParentRunner.java:293)
	at org.junit.runners.ParentRunner$3.evaluate(ParentRunner.java:306)
	at org.junit.runners.ParentRunner.run(ParentRunner.java:413)
	at org.apache.maven.surefire.junit4.JUnit4Provider.execute(JUnit4Provider.java:316)
	at org.apache.maven.surefire.junit4.JUnit4Provider.executeWithRerun(JUnit4Provider.java:240)
	at org.apache.maven.surefire.junit4.JUnit4Provider.executeTestSet(JUnit4Provider.java:214)
	at org.apache.maven.surefire.junit4.JUnit4Provider.invoke(JUnit4Provider.java:155)
	at org.apache.maven.surefire.booter.ForkedBooter.runSuitesInProcess(ForkedBooter.java:385)
	at org.apache.maven.surefire.booter.ForkedBooter.execute(ForkedBooter.java:162)
	at org.apache.maven.surefire.booter.ForkedBooter.run(ForkedBooter.java:507)
	at org.apache.maven.surefire.booter.ForkedBooter.main(ForkedBooter.java:495)

[ERROR] io.github.pmckeown.dependencytrack.project.DeleteProjectMojoIntegrationTest.thatDeleteIsSkippedWhenSkipIsTrue -- Time elapsed: 0.008 s <<< ERROR!
java.lang.NoClassDefFoundError: Could not initialize class org.eclipse.sisu.wire.ParameterKeys
	at org.eclipse.sisu.wire.DependencyAnalyzer.<init>(DependencyAnalyzer.java:93)
	at org.eclipse.sisu.wire.ElementAnalyzer.<init>(ElementAnalyzer.java:104)
	at org.eclipse.sisu.wire.WireModule.configure(WireModule.java:74)
	at com.google.inject.spi.Elements$RecordingBinder.install(Elements.java:426)
	at com.google.inject.spi.Elements.getElements(Elements.java:113)
	at com.google.inject.internal.InjectorShell$Builder.build(InjectorShell.java:160)
	at com.google.inject.internal.InternalInjectorCreator.build(InternalInjectorCreator.java:107)
	at com.google.inject.Guice.createInjector(Guice.java:87)
	at com.google.inject.Guice.createInjector(Guice.java:69)
	at com.google.inject.Guice.createInjector(Guice.java:59)
	at org.codehaus.plexus.DefaultPlexusContainer.addPlexusInjector(DefaultPlexusContainer.java:481)
	at org.codehaus.plexus.DefaultPlexusContainer.<init>(DefaultPlexusContainer.java:206)
	at org.apache.maven.plugin.testing.AbstractMojoTestCase.setupContainer(AbstractMojoTestCase.java:264)
	at org.apache.maven.plugin.testing.AbstractMojoTestCase.getContainer(AbstractMojoTestCase.java:298)
	at org.apache.maven.plugin.testing.AbstractMojoTestCase.setUp(AbstractMojoTestCase.java:152)
	at org.apache.maven.plugin.testing.MojoRule$2.evaluate(MojoRule.java:304)
	at com.github.tomakehurst.wiremock.junit.WireMockRule$1.evaluate(WireMockRule.java:79)
	at org.junit.runners.ParentRunner$3.evaluate(ParentRunner.java:306)
	at org.junit.runners.BlockJUnit4ClassRunner$1.evaluate(BlockJUnit4ClassRunner.java:100)
	at org.junit.runners.ParentRunner.runLeaf(ParentRunner.java:366)
	at org.junit.runners.BlockJUnit4ClassRunner.runChild(BlockJUnit4ClassRunner.java:103)
	at org.junit.runners.BlockJUnit4ClassRunner.runChild(BlockJUnit4ClassRunner.java:63)
	at org.junit.runners.ParentRunner$4.run(ParentRunner.java:331)
	at org.junit.runners.ParentRunner$1.schedule(ParentRunner.java:79)
	at org.junit.runners.ParentRunner.runChildren(ParentRunner.java:329)
	at org.junit.runners.ParentRunner.access$100(ParentRunner.java:66)
	at org.junit.runners.ParentRunner$2.evaluate(ParentRunner.java:293)
	at org.junit.runners.ParentRunner$3.evaluate(ParentRunner.java:306)
	at org.junit.runners.ParentRunner.run(ParentRunner.java:413)
	at org.apache.maven.surefire.junit4.JUnit4Provider.execute(JUnit4Provider.java:316)
	at org.apache.maven.surefire.junit4.JUnit4Provider.executeWithRerun(JUnit4Provider.java:240)
	at org.apache.maven.surefire.junit4.JUnit4Provider.executeTestSet(JUnit4Provider.java:214)
	at org.apache.maven.surefire.junit4.JUnit4Provider.invoke(JUnit4Provider.java:155)
	at org.apache.maven.surefire.booter.ForkedBooter.runSuitesInProcess(ForkedBooter.java:385)
	at org.apache.maven.surefire.booter.ForkedBooter.execute(ForkedBooter.java:162)
	at org.apache.maven.surefire.booter.ForkedBooter.run(ForkedBooter.java:507)
	at org.apache.maven.surefire.booter.ForkedBooter.main(ForkedBooter.java:495)

[ERROR] io.github.pmckeown.dependencytrack.project.DeleteProjectMojoIntegrationTest.thatWhenProjectDeleteErrorsAndFailOnErrorFalseThenMojoSucceeds -- Time elapsed: 0.009 s <<< ERROR!
java.lang.NoClassDefFoundError: Could not initialize class org.eclipse.sisu.wire.ParameterKeys
	at org.eclipse.sisu.wire.DependencyAnalyzer.<init>(DependencyAnalyzer.java:93)
	at org.eclipse.sisu.wire.ElementAnalyzer.<init>(ElementAnalyzer.java:104)
	at org.eclipse.sisu.wire.WireModule.configure(WireModule.java:74)
	at com.google.inject.spi.Elements$RecordingBinder.install(Elements.java:426)
	at com.google.inject.spi.Elements.getElements(Elements.java:113)
	at com.google.inject.internal.InjectorShell$Builder.build(InjectorShell.java:160)
	at com.google.inject.internal.InternalInjectorCreator.build(InternalInjectorCreator.java:107)
	at com.google.inject.Guice.createInjector(Guice.java:87)
	at com.google.inject.Guice.createInjector(Guice.java:69)
	at com.google.inject.Guice.createInjector(Guice.java:59)
	at org.codehaus.plexus.DefaultPlexusContainer.addPlexusInjector(DefaultPlexusContainer.java:481)
	at org.codehaus.plexus.DefaultPlexusContainer.<init>(DefaultPlexusContainer.java:206)
	at org.apache.maven.plugin.testing.AbstractMojoTestCase.setupContainer(AbstractMojoTestCase.java:264)
	at org.apache.maven.plugin.testing.AbstractMojoTestCase.getContainer(AbstractMojoTestCase.java:298)
	at org.apache.maven.plugin.testing.AbstractMojoTestCase.setUp(AbstractMojoTestCase.java:152)
	at org.apache.maven.plugin.testing.MojoRule$2.evaluate(MojoRule.java:304)
	at com.github.tomakehurst.wiremock.junit.WireMockRule$1.evaluate(WireMockRule.java:79)
	at org.junit.runners.ParentRunner$3.evaluate(ParentRunner.java:306)
	at org.junit.runners.BlockJUnit4ClassRunner$1.evaluate(BlockJUnit4ClassRunner.java:100)
	at org.junit.runners.ParentRunner.runLeaf(ParentRunner.java:366)
	at org.junit.runners.BlockJUnit4ClassRunner.runChild(BlockJUnit4ClassRunner.java:103)
	at org.junit.runners.BlockJUnit4ClassRunner.runChild(BlockJUnit4ClassRunner.java:63)
	at org.junit.runners.ParentRunner$4.run(ParentRunner.java:331)
	at org.junit.runners.ParentRunner$1.schedule(ParentRunner.java:79)
	at org.junit.runners.ParentRunner.runChildren(ParentRunner.java:329)
	at org.junit.runners.ParentRunner.access$100(ParentRunner.java:66)
	at org.junit.runners.ParentRunner$2.evaluate(ParentRunner.java:293)
	at org.junit.runners.ParentRunner$3.evaluate(ParentRunner.java:306)
	at org.junit.runners.ParentRunner.run(ParentRunner.java:413)
	at org.apache.maven.surefire.junit4.JUnit4Provider.execute(JUnit4Provider.java:316)
	at org.apache.maven.surefire.junit4.JUnit4Provider.executeWithRerun(JUnit4Provider.java:240)
	at org.apache.maven.surefire.junit4.JUnit4Provider.executeTestSet(JUnit4Provider.java:214)
	at org.apache.maven.surefire.junit4.JUnit4Provider.invoke(JUnit4Provider.java:155)
	at org.apache.maven.surefire.booter.ForkedBooter.runSuitesInProcess(ForkedBooter.java:385)
	at org.apache.maven.surefire.booter.ForkedBooter.execute(ForkedBooter.java:162)
	at org.apache.maven.surefire.booter.ForkedBooter.run(ForkedBooter.java:507)
	at org.apache.maven.surefire.booter.ForkedBooter.main(ForkedBooter.java:495)

[ERROR] io.github.pmckeown.dependencytrack.project.DeleteProjectMojoIntegrationTest.thatAProjectCanBeDeleted -- Time elapsed: 0.008 s <<< ERROR!
java.lang.NoClassDefFoundError: Could not initialize class org.eclipse.sisu.wire.ParameterKeys
	at org.eclipse.sisu.wire.DependencyAnalyzer.<init>(DependencyAnalyzer.java:93)
	at org.eclipse.sisu.wire.ElementAnalyzer.<init>(ElementAnalyzer.java:104)
	at org.eclipse.sisu.wire.WireModule.configure(WireModule.java:74)
	at com.google.inject.spi.Elements$RecordingBinder.install(Elements.java:426)
	at com.google.inject.spi.Elements.getElements(Elements.java:113)
	at com.google.inject.internal.InjectorShell$Builder.build(InjectorShell.java:160)
	at com.google.inject.internal.InternalInjectorCreator.build(InternalInjectorCreator.java:107)
	at com.google.inject.Guice.createInjector(Guice.java:87)
	at com.google.inject.Guice.createInjector(Guice.java:69)
	at com.google.inject.Guice.createInjector(Guice.java:59)
	at org.codehaus.plexus.DefaultPlexusContainer.addPlexusInjector(DefaultPlexusContainer.java:481)
	at org.codehaus.plexus.DefaultPlexusContainer.<init>(DefaultPlexusContainer.java:206)
	at org.apache.maven.plugin.testing.AbstractMojoTestCase.setupContainer(AbstractMojoTestCase.java:264)
	at org.apache.maven.plugin.testing.AbstractMojoTestCase.getContainer(AbstractMojoTestCase.java:298)
	at org.apache.maven.plugin.testing.AbstractMojoTestCase.setUp(AbstractMojoTestCase.java:152)
	at org.apache.maven.plugin.testing.MojoRule$2.evaluate(MojoRule.java:304)
	at com.github.tomakehurst.wiremock.junit.WireMockRule$1.evaluate(WireMockRule.java:79)
	at org.junit.runners.ParentRunner$3.evaluate(ParentRunner.java:306)
	at org.junit.runners.BlockJUnit4ClassRunner$1.evaluate(BlockJUnit4ClassRunner.java:100)
	at org.junit.runners.ParentRunner.runLeaf(ParentRunner.java:366)
	at org.junit.runners.BlockJUnit4ClassRunner.runChild(BlockJUnit4ClassRunner.java:103)
	at org.junit.runners.BlockJUnit4ClassRunner.runChild(BlockJUnit4ClassRunner.java:63)
	at org.junit.runners.ParentRunner$4.run(ParentRunner.java:331)
	at org.junit.runners.ParentRunner$1.schedule(ParentRunner.java:79)
	at org.junit.runners.ParentRunner.runChildren(ParentRunner.java:329)
	at org.junit.runners.ParentRunner.access$100(ParentRunner.java:66)
	at org.junit.runners.ParentRunner$2.evaluate(ParentRunner.java:293)
	at org.junit.runners.ParentRunner$3.evaluate(ParentRunner.java:306)
	at org.junit.runners.ParentRunner.run(ParentRunner.java:413)
	at org.apache.maven.surefire.junit4.JUnit4Provider.execute(JUnit4Provider.java:316)
	at org.apache.maven.surefire.junit4.JUnit4Provider.executeWithRerun(JUnit4Provider.java:240)
	at org.apache.maven.surefire.junit4.JUnit4Provider.executeTestSet(JUnit4Provider.java:214)
	at org.apache.maven.surefire.junit4.JUnit4Provider.invoke(JUnit4Provider.java:155)
	at org.apache.maven.surefire.booter.ForkedBooter.runSuitesInProcess(ForkedBooter.java:385)
	at org.apache.maven.surefire.booter.ForkedBooter.execute(ForkedBooter.java:162)
	at org.apache.maven.surefire.booter.ForkedBooter.run(ForkedBooter.java:507)
	at org.apache.maven.surefire.booter.ForkedBooter.main(ForkedBooter.java:495)

[ERROR] io.github.pmckeown.dependencytrack.project.DeleteProjectMojoIntegrationTest.thatWhenProjectDeleteErrorsAndFailOnErrorTrueThenMojoExecutionExceptionIsThrown -- Time elapsed: 0.009 s <<< ERROR!
java.lang.NoClassDefFoundError: Could not initialize class org.eclipse.sisu.wire.ParameterKeys
	at org.eclipse.sisu.wire.DependencyAnalyzer.<init>(DependencyAnalyzer.java:93)
	at org.eclipse.sisu.wire.ElementAnalyzer.<init>(ElementAnalyzer.java:104)
	at org.eclipse.sisu.wire.WireModule.configure(WireModule.java:74)
	at com.google.inject.spi.Elements$RecordingBinder.install(Elements.java:426)
	at com.google.inject.spi.Elements.getElements(Elements.java:113)
	at com.google.inject.internal.InjectorShell$Builder.build(InjectorShell.java:160)
	at com.google.inject.internal.InternalInjectorCreator.build(InternalInjectorCreator.java:107)
	at com.google.inject.Guice.createInjector(Guice.java:87)
	at com.google.inject.Guice.createInjector(Guice.java:69)
	at com.google.inject.Guice.createInjector(Guice.java:59)
	at org.codehaus.plexus.DefaultPlexusContainer.addPlexusInjector(DefaultPlexusContainer.java:481)
	at org.codehaus.plexus.DefaultPlexusContainer.<init>(DefaultPlexusContainer.java:206)
	at org.apache.maven.plugin.testing.AbstractMojoTestCase.setupContainer(AbstractMojoTestCase.java:264)
	at org.apache.maven.plugin.testing.AbstractMojoTestCase.getContainer(AbstractMojoTestCase.java:298)
	at org.apache.maven.plugin.testing.AbstractMojoTestCase.setUp(AbstractMojoTestCase.java:152)
	at org.apache.maven.plugin.testing.MojoRule$2.evaluate(MojoRule.java:304)
	at com.github.tomakehurst.wiremock.junit.WireMockRule$1.evaluate(WireMockRule.java:79)
	at org.junit.runners.ParentRunner$3.evaluate(ParentRunner.java:306)
	at org.junit.runners.BlockJUnit4ClassRunner$1.evaluate(BlockJUnit4ClassRunner.java:100)
	at org.junit.runners.ParentRunner.runLeaf(ParentRunner.java:366)
	at org.junit.runners.BlockJUnit4ClassRunner.runChild(BlockJUnit4ClassRunner.java:103)
	at org.junit.runners.BlockJUnit4ClassRunner.runChild(BlockJUnit4ClassRunner.java:63)
	at org.junit.runners.ParentRunner$4.run(ParentRunner.java:331)
	at org.junit.runners.ParentRunner$1.schedule(ParentRunner.java:79)
	at org.junit.runners.ParentRunner.runChildren(ParentRunner.java:329)
	at org.junit.runners.ParentRunner.access$100(ParentRunner.java:66)
	at org.junit.runners.ParentRunner$2.evaluate(ParentRunner.java:293)
	at org.junit.runners.ParentRunner$3.evaluate(ParentRunner.java:306)
	at org.junit.runners.ParentRunner.run(ParentRunner.java:413)
	at org.apache.maven.surefire.junit4.JUnit4Provider.execute(JUnit4Provider.java:316)
	at org.apache.maven.surefire.junit4.JUnit4Provider.executeWithRerun(JUnit4Provider.java:240)
	at org.apache.maven.surefire.junit4.JUnit4Provider.executeTestSet(JUnit4Provider.java:214)
	at org.apache.maven.surefire.junit4.JUnit4Provider.invoke(JUnit4Provider.java:155)
	at org.apache.maven.surefire.booter.ForkedBooter.runSuitesInProcess(ForkedBooter.java:385)
	at org.apache.maven.surefire.booter.ForkedBooter.execute(ForkedBooter.java:162)
	at org.apache.maven.surefire.booter.ForkedBooter.run(ForkedBooter.java:507)
	at org.apache.maven.surefire.booter.ForkedBooter.main(ForkedBooter.java:495)

[INFO] Running io.github.pmckeown.dependencytrack.project.ProjectActionTest
[INFO] Tests run: 11, Failures: 0, Errors: 0, Skipped: 0, Time elapsed: 0.030 s -- in io.github.pmckeown.dependencytrack.project.ProjectActionTest
[INFO] Running io.github.pmckeown.dependencytrack.project.DeleteProjectActionTest
[INFO] Tests run: 3, Failures: 0, Errors: 0, Skipped: 0, Time elapsed: 0.007 s -- in io.github.pmckeown.dependencytrack.project.DeleteProjectActionTest
[INFO] Running io.github.pmckeown.dependencytrack.project.ProjectClientIntegrationTest
[ERROR] Tests run: 4, Failures: 0, Errors: 4, Skipped: 0, Time elapsed: 0.039 s <<< FAILURE! -- in io.github.pmckeown.dependencytrack.project.ProjectClientIntegrationTest
[ERROR] io.github.pmckeown.dependencytrack.project.ProjectClientIntegrationTest.thatProjectInfoUpdateReturnsSuccessWhenServerReturnsSuccess -- Time elapsed: 0.008 s <<< ERROR!
java.lang.NoClassDefFoundError: Could not initialize class org.eclipse.sisu.wire.ParameterKeys
	at org.eclipse.sisu.wire.DependencyAnalyzer.<init>(DependencyAnalyzer.java:93)
	at org.eclipse.sisu.wire.ElementAnalyzer.<init>(ElementAnalyzer.java:104)
	at org.eclipse.sisu.wire.WireModule.configure(WireModule.java:74)
	at com.google.inject.spi.Elements$RecordingBinder.install(Elements.java:426)
	at com.google.inject.spi.Elements.getElements(Elements.java:113)
	at com.google.inject.internal.InjectorShell$Builder.build(InjectorShell.java:160)
	at com.google.inject.internal.InternalInjectorCreator.build(InternalInjectorCreator.java:107)
	at com.google.inject.Guice.createInjector(Guice.java:87)
	at com.google.inject.Guice.createInjector(Guice.java:69)
	at com.google.inject.Guice.createInjector(Guice.java:59)
	at org.codehaus.plexus.DefaultPlexusContainer.addPlexusInjector(DefaultPlexusContainer.java:481)
	at org.codehaus.plexus.DefaultPlexusContainer.<init>(DefaultPlexusContainer.java:206)
	at org.apache.maven.plugin.testing.AbstractMojoTestCase.setupContainer(AbstractMojoTestCase.java:264)
	at org.apache.maven.plugin.testing.AbstractMojoTestCase.getContainer(AbstractMojoTestCase.java:298)
	at org.apache.maven.plugin.testing.AbstractMojoTestCase.setUp(AbstractMojoTestCase.java:152)
	at org.apache.maven.plugin.testing.MojoRule$2.evaluate(MojoRule.java:304)
	at com.github.tomakehurst.wiremock.junit.WireMockRule$1.evaluate(WireMockRule.java:79)
	at org.junit.runners.ParentRunner$3.evaluate(ParentRunner.java:306)
	at org.junit.runners.BlockJUnit4ClassRunner$1.evaluate(BlockJUnit4ClassRunner.java:100)
	at org.junit.runners.ParentRunner.runLeaf(ParentRunner.java:366)
	at org.junit.runners.BlockJUnit4ClassRunner.runChild(BlockJUnit4ClassRunner.java:103)
	at org.junit.runners.BlockJUnit4ClassRunner.runChild(BlockJUnit4ClassRunner.java:63)
	at org.junit.runners.ParentRunner$4.run(ParentRunner.java:331)
	at org.junit.runners.ParentRunner$1.schedule(ParentRunner.java:79)
	at org.junit.runners.ParentRunner.runChildren(ParentRunner.java:329)
	at org.junit.runners.ParentRunner.access$100(ParentRunner.java:66)
	at org.junit.runners.ParentRunner$2.evaluate(ParentRunner.java:293)
	at org.junit.runners.ParentRunner$3.evaluate(ParentRunner.java:306)
	at org.junit.runners.ParentRunner.run(ParentRunner.java:413)
	at org.apache.maven.surefire.junit4.JUnit4Provider.execute(JUnit4Provider.java:316)
	at org.apache.maven.surefire.junit4.JUnit4Provider.executeWithRerun(JUnit4Provider.java:240)
	at org.apache.maven.surefire.junit4.JUnit4Provider.executeTestSet(JUnit4Provider.java:214)
	at org.apache.maven.surefire.junit4.JUnit4Provider.invoke(JUnit4Provider.java:155)
	at org.apache.maven.surefire.booter.ForkedBooter.runSuitesInProcess(ForkedBooter.java:385)
	at org.apache.maven.surefire.booter.ForkedBooter.execute(ForkedBooter.java:162)
	at org.apache.maven.surefire.booter.ForkedBooter.run(ForkedBooter.java:507)
	at org.apache.maven.surefire.booter.ForkedBooter.main(ForkedBooter.java:495)

[ERROR] io.github.pmckeown.dependencytrack.project.ProjectClientIntegrationTest.thatProjectInfoUpdateReturnsSuccessWhenServerReturnsNotModified -- Time elapsed: 0.012 s <<< ERROR!
java.lang.NoClassDefFoundError: Could not initialize class org.eclipse.sisu.wire.ParameterKeys
	at org.eclipse.sisu.wire.DependencyAnalyzer.<init>(DependencyAnalyzer.java:93)
	at org.eclipse.sisu.wire.ElementAnalyzer.<init>(ElementAnalyzer.java:104)
	at org.eclipse.sisu.wire.WireModule.configure(WireModule.java:74)
	at com.google.inject.spi.Elements$RecordingBinder.install(Elements.java:426)
	at com.google.inject.spi.Elements.getElements(Elements.java:113)
	at com.google.inject.internal.InjectorShell$Builder.build(InjectorShell.java:160)
	at com.google.inject.internal.InternalInjectorCreator.build(InternalInjectorCreator.java:107)
	at com.google.inject.Guice.createInjector(Guice.java:87)
	at com.google.inject.Guice.createInjector(Guice.java:69)
	at com.google.inject.Guice.createInjector(Guice.java:59)
	at org.codehaus.plexus.DefaultPlexusContainer.addPlexusInjector(DefaultPlexusContainer.java:481)
	at org.codehaus.plexus.DefaultPlexusContainer.<init>(DefaultPlexusContainer.java:206)
	at org.apache.maven.plugin.testing.AbstractMojoTestCase.setupContainer(AbstractMojoTestCase.java:264)
	at org.apache.maven.plugin.testing.AbstractMojoTestCase.getContainer(AbstractMojoTestCase.java:298)
	at org.apache.maven.plugin.testing.AbstractMojoTestCase.setUp(AbstractMojoTestCase.java:152)
	at org.apache.maven.plugin.testing.MojoRule$2.evaluate(MojoRule.java:304)
	at com.github.tomakehurst.wiremock.junit.WireMockRule$1.evaluate(WireMockRule.java:79)
	at org.junit.runners.ParentRunner$3.evaluate(ParentRunner.java:306)
	at org.junit.runners.BlockJUnit4ClassRunner$1.evaluate(BlockJUnit4ClassRunner.java:100)
	at org.junit.runners.ParentRunner.runLeaf(ParentRunner.java:366)
	at org.junit.runners.BlockJUnit4ClassRunner.runChild(BlockJUnit4ClassRunner.java:103)
	at org.junit.runners.BlockJUnit4ClassRunner.runChild(BlockJUnit4ClassRunner.java:63)
	at org.junit.runners.ParentRunner$4.run(ParentRunner.java:331)
	at org.junit.runners.ParentRunner$1.schedule(ParentRunner.java:79)
	at org.junit.runners.ParentRunner.runChildren(ParentRunner.java:329)
	at org.junit.runners.ParentRunner.access$100(ParentRunner.java:66)
	at org.junit.runners.ParentRunner$2.evaluate(ParentRunner.java:293)
	at org.junit.runners.ParentRunner$3.evaluate(ParentRunner.java:306)
	at org.junit.runners.ParentRunner.run(ParentRunner.java:413)
	at org.apache.maven.surefire.junit4.JUnit4Provider.execute(JUnit4Provider.java:316)
	at org.apache.maven.surefire.junit4.JUnit4Provider.executeWithRerun(JUnit4Provider.java:240)
	at org.apache.maven.surefire.junit4.JUnit4Provider.executeTestSet(JUnit4Provider.java:214)
	at org.apache.maven.surefire.junit4.JUnit4Provider.invoke(JUnit4Provider.java:155)
	at org.apache.maven.surefire.booter.ForkedBooter.runSuitesInProcess(ForkedBooter.java:385)
	at org.apache.maven.surefire.booter.ForkedBooter.execute(ForkedBooter.java:162)
	at org.apache.maven.surefire.booter.ForkedBooter.run(ForkedBooter.java:507)
	at org.apache.maven.surefire.booter.ForkedBooter.main(ForkedBooter.java:495)

[ERROR] io.github.pmckeown.dependencytrack.project.ProjectClientIntegrationTest.thatProjectInfoUpdateReturnsFailedWhenServerReturnsTeapot -- Time elapsed: 0.009 s <<< ERROR!
java.lang.NoClassDefFoundError: Could not initialize class org.eclipse.sisu.wire.ParameterKeys
	at org.eclipse.sisu.wire.DependencyAnalyzer.<init>(DependencyAnalyzer.java:93)
	at org.eclipse.sisu.wire.ElementAnalyzer.<init>(ElementAnalyzer.java:104)
	at org.eclipse.sisu.wire.WireModule.configure(WireModule.java:74)
	at com.google.inject.spi.Elements$RecordingBinder.install(Elements.java:426)
	at com.google.inject.spi.Elements.getElements(Elements.java:113)
	at com.google.inject.internal.InjectorShell$Builder.build(InjectorShell.java:160)
	at com.google.inject.internal.InternalInjectorCreator.build(InternalInjectorCreator.java:107)
	at com.google.inject.Guice.createInjector(Guice.java:87)
	at com.google.inject.Guice.createInjector(Guice.java:69)
	at com.google.inject.Guice.createInjector(Guice.java:59)
	at org.codehaus.plexus.DefaultPlexusContainer.addPlexusInjector(DefaultPlexusContainer.java:481)
	at org.codehaus.plexus.DefaultPlexusContainer.<init>(DefaultPlexusContainer.java:206)
	at org.apache.maven.plugin.testing.AbstractMojoTestCase.setupContainer(AbstractMojoTestCase.java:264)
	at org.apache.maven.plugin.testing.AbstractMojoTestCase.getContainer(AbstractMojoTestCase.java:298)
	at org.apache.maven.plugin.testing.AbstractMojoTestCase.setUp(AbstractMojoTestCase.java:152)
	at org.apache.maven.plugin.testing.MojoRule$2.evaluate(MojoRule.java:304)
	at com.github.tomakehurst.wiremock.junit.WireMockRule$1.evaluate(WireMockRule.java:79)
	at org.junit.runners.ParentRunner$3.evaluate(ParentRunner.java:306)
	at org.junit.runners.BlockJUnit4ClassRunner$1.evaluate(BlockJUnit4ClassRunner.java:100)
	at org.junit.runners.ParentRunner.runLeaf(ParentRunner.java:366)
	at org.junit.runners.BlockJUnit4ClassRunner.runChild(BlockJUnit4ClassRunner.java:103)
	at org.junit.runners.BlockJUnit4ClassRunner.runChild(BlockJUnit4ClassRunner.java:63)
	at org.junit.runners.ParentRunner$4.run(ParentRunner.java:331)
	at org.junit.runners.ParentRunner$1.schedule(ParentRunner.java:79)
	at org.junit.runners.ParentRunner.runChildren(ParentRunner.java:329)
	at org.junit.runners.ParentRunner.access$100(ParentRunner.java:66)
	at org.junit.runners.ParentRunner$2.evaluate(ParentRunner.java:293)
	at org.junit.runners.ParentRunner$3.evaluate(ParentRunner.java:306)
	at org.junit.runners.ParentRunner.run(ParentRunner.java:413)
	at org.apache.maven.surefire.junit4.JUnit4Provider.execute(JUnit4Provider.java:316)
	at org.apache.maven.surefire.junit4.JUnit4Provider.executeWithRerun(JUnit4Provider.java:240)
	at org.apache.maven.surefire.junit4.JUnit4Provider.executeTestSet(JUnit4Provider.java:214)
	at org.apache.maven.surefire.junit4.JUnit4Provider.invoke(JUnit4Provider.java:155)
	at org.apache.maven.surefire.booter.ForkedBooter.runSuitesInProcess(ForkedBooter.java:385)
	at org.apache.maven.surefire.booter.ForkedBooter.execute(ForkedBooter.java:162)
	at org.apache.maven.surefire.booter.ForkedBooter.run(ForkedBooter.java:507)
	at org.apache.maven.surefire.booter.ForkedBooter.main(ForkedBooter.java:495)

[ERROR] io.github.pmckeown.dependencytrack.project.ProjectClientIntegrationTest.thatCallingDependencyTrackWithAHighResponseLimitReturnsAllProjects -- Time elapsed: 0.009 s <<< ERROR!
java.lang.NoClassDefFoundError: Could not initialize class org.eclipse.sisu.wire.ParameterKeys
	at org.eclipse.sisu.wire.DependencyAnalyzer.<init>(DependencyAnalyzer.java:93)
	at org.eclipse.sisu.wire.ElementAnalyzer.<init>(ElementAnalyzer.java:104)
	at org.eclipse.sisu.wire.WireModule.configure(WireModule.java:74)
	at com.google.inject.spi.Elements$RecordingBinder.install(Elements.java:426)
	at com.google.inject.spi.Elements.getElements(Elements.java:113)
	at com.google.inject.internal.InjectorShell$Builder.build(InjectorShell.java:160)
	at com.google.inject.internal.InternalInjectorCreator.build(InternalInjectorCreator.java:107)
	at com.google.inject.Guice.createInjector(Guice.java:87)
	at com.google.inject.Guice.createInjector(Guice.java:69)
	at com.google.inject.Guice.createInjector(Guice.java:59)
	at org.codehaus.plexus.DefaultPlexusContainer.addPlexusInjector(DefaultPlexusContainer.java:481)
	at org.codehaus.plexus.DefaultPlexusContainer.<init>(DefaultPlexusContainer.java:206)
	at org.apache.maven.plugin.testing.AbstractMojoTestCase.setupContainer(AbstractMojoTestCase.java:264)
	at org.apache.maven.plugin.testing.AbstractMojoTestCase.getContainer(AbstractMojoTestCase.java:298)
	at org.apache.maven.plugin.testing.AbstractMojoTestCase.setUp(AbstractMojoTestCase.java:152)
	at org.apache.maven.plugin.testing.MojoRule$2.evaluate(MojoRule.java:304)
	at com.github.tomakehurst.wiremock.junit.WireMockRule$1.evaluate(WireMockRule.java:79)
	at org.junit.runners.ParentRunner$3.evaluate(ParentRunner.java:306)
	at org.junit.runners.BlockJUnit4ClassRunner$1.evaluate(BlockJUnit4ClassRunner.java:100)
	at org.junit.runners.ParentRunner.runLeaf(ParentRunner.java:366)
	at org.junit.runners.BlockJUnit4ClassRunner.runChild(BlockJUnit4ClassRunner.java:103)
	at org.junit.runners.BlockJUnit4ClassRunner.runChild(BlockJUnit4ClassRunner.java:63)
	at org.junit.runners.ParentRunner$4.run(ParentRunner.java:331)
	at org.junit.runners.ParentRunner$1.schedule(ParentRunner.java:79)
	at org.junit.runners.ParentRunner.runChildren(ParentRunner.java:329)
	at org.junit.runners.ParentRunner.access$100(ParentRunner.java:66)
	at org.junit.runners.ParentRunner$2.evaluate(ParentRunner.java:293)
	at org.junit.runners.ParentRunner$3.evaluate(ParentRunner.java:306)
	at org.junit.runners.ParentRunner.run(ParentRunner.java:413)
	at org.apache.maven.surefire.junit4.JUnit4Provider.execute(JUnit4Provider.java:316)
	at org.apache.maven.surefire.junit4.JUnit4Provider.executeWithRerun(JUnit4Provider.java:240)
	at org.apache.maven.surefire.junit4.JUnit4Provider.executeTestSet(JUnit4Provider.java:214)
	at org.apache.maven.surefire.junit4.JUnit4Provider.invoke(JUnit4Provider.java:155)
	at org.apache.maven.surefire.booter.ForkedBooter.runSuitesInProcess(ForkedBooter.java:385)
	at org.apache.maven.surefire.booter.ForkedBooter.execute(ForkedBooter.java:162)
	at org.apache.maven.surefire.booter.ForkedBooter.run(ForkedBooter.java:507)
	at org.apache.maven.surefire.booter.ForkedBooter.main(ForkedBooter.java:495)

[INFO] Running io.github.pmckeown.dependencytrack.ObjectMapperFactoryTest
[INFO] Tests run: 1, Failures: 0, Errors: 0, Skipped: 0, Time elapsed: 0.020 s -- in io.github.pmckeown.dependencytrack.ObjectMapperFactoryTest
[INFO] Running io.github.pmckeown.dependencytrack.metrics.MetricsAnalyserTest
[INFO] Tests run: 6, Failures: 0, Errors: 0, Skipped: 0, Time elapsed: 0.007 s -- in io.github.pmckeown.dependencytrack.metrics.MetricsAnalyserTest
[INFO] Running io.github.pmckeown.dependencytrack.metrics.MetricsMojoIntegrationTest
[ERROR] Tests run: 5, Failures: 0, Errors: 5, Skipped: 0, Time elapsed: 0.041 s <<< FAILURE! -- in io.github.pmckeown.dependencytrack.metrics.MetricsMojoIntegrationTest
[ERROR] io.github.pmckeown.dependencytrack.metrics.MetricsMojoIntegrationTest.thatAnyCriticalIssuesPresentCanFailTheBuild -- Time elapsed: 0.006 s <<< ERROR!
java.lang.NoClassDefFoundError: Could not initialize class org.eclipse.sisu.wire.ParameterKeys
	at org.eclipse.sisu.wire.DependencyAnalyzer.<init>(DependencyAnalyzer.java:93)
	at org.eclipse.sisu.wire.ElementAnalyzer.<init>(ElementAnalyzer.java:104)
	at org.eclipse.sisu.wire.WireModule.configure(WireModule.java:74)
	at com.google.inject.spi.Elements$RecordingBinder.install(Elements.java:426)
	at com.google.inject.spi.Elements.getElements(Elements.java:113)
	at com.google.inject.internal.InjectorShell$Builder.build(InjectorShell.java:160)
	at com.google.inject.internal.InternalInjectorCreator.build(InternalInjectorCreator.java:107)
	at com.google.inject.Guice.createInjector(Guice.java:87)
	at com.google.inject.Guice.createInjector(Guice.java:69)
	at com.google.inject.Guice.createInjector(Guice.java:59)
	at org.codehaus.plexus.DefaultPlexusContainer.addPlexusInjector(DefaultPlexusContainer.java:481)
	at org.codehaus.plexus.DefaultPlexusContainer.<init>(DefaultPlexusContainer.java:206)
	at org.apache.maven.plugin.testing.AbstractMojoTestCase.setupContainer(AbstractMojoTestCase.java:264)
	at org.apache.maven.plugin.testing.AbstractMojoTestCase.getContainer(AbstractMojoTestCase.java:298)
	at org.apache.maven.plugin.testing.AbstractMojoTestCase.setUp(AbstractMojoTestCase.java:152)
	at org.apache.maven.plugin.testing.MojoRule$2.evaluate(MojoRule.java:304)
	at com.github.tomakehurst.wiremock.junit.WireMockRule$1.evaluate(WireMockRule.java:79)
	at org.junit.runners.ParentRunner$3.evaluate(ParentRunner.java:306)
	at org.junit.runners.BlockJUnit4ClassRunner$1.evaluate(BlockJUnit4ClassRunner.java:100)
	at org.junit.runners.ParentRunner.runLeaf(ParentRunner.java:366)
	at org.junit.runners.BlockJUnit4ClassRunner.runChild(BlockJUnit4ClassRunner.java:103)
	at org.junit.runners.BlockJUnit4ClassRunner.runChild(BlockJUnit4ClassRunner.java:63)
	at org.junit.runners.ParentRunner$4.run(ParentRunner.java:331)
	at org.junit.runners.ParentRunner$1.schedule(ParentRunner.java:79)
	at org.junit.runners.ParentRunner.runChildren(ParentRunner.java:329)
	at org.junit.runners.ParentRunner.access$100(ParentRunner.java:66)
	at org.junit.runners.ParentRunner$2.evaluate(ParentRunner.java:293)
	at org.junit.runners.ParentRunner$3.evaluate(ParentRunner.java:306)
	at org.junit.runners.ParentRunner.run(ParentRunner.java:413)
	at org.apache.maven.surefire.junit4.JUnit4Provider.execute(JUnit4Provider.java:316)
	at org.apache.maven.surefire.junit4.JUnit4Provider.executeWithRerun(JUnit4Provider.java:240)
	at org.apache.maven.surefire.junit4.JUnit4Provider.executeTestSet(JUnit4Provider.java:214)
	at org.apache.maven.surefire.junit4.JUnit4Provider.invoke(JUnit4Provider.java:155)
	at org.apache.maven.surefire.booter.ForkedBooter.runSuitesInProcess(ForkedBooter.java:385)
	at org.apache.maven.surefire.booter.ForkedBooter.execute(ForkedBooter.java:162)
	at org.apache.maven.surefire.booter.ForkedBooter.run(ForkedBooter.java:507)
	at org.apache.maven.surefire.booter.ForkedBooter.main(ForkedBooter.java:495)

[ERROR] io.github.pmckeown.dependencytrack.metrics.MetricsMojoIntegrationTest.thatMetricsCanBeRetrievedForCurrentProject -- Time elapsed: 0.008 s <<< ERROR!
java.lang.NoClassDefFoundError: Could not initialize class org.eclipse.sisu.wire.ParameterKeys
	at org.eclipse.sisu.wire.DependencyAnalyzer.<init>(DependencyAnalyzer.java:93)
	at org.eclipse.sisu.wire.ElementAnalyzer.<init>(ElementAnalyzer.java:104)
	at org.eclipse.sisu.wire.WireModule.configure(WireModule.java:74)
	at com.google.inject.spi.Elements$RecordingBinder.install(Elements.java:426)
	at com.google.inject.spi.Elements.getElements(Elements.java:113)
	at com.google.inject.internal.InjectorShell$Builder.build(InjectorShell.java:160)
	at com.google.inject.internal.InternalInjectorCreator.build(InternalInjectorCreator.java:107)
	at com.google.inject.Guice.createInjector(Guice.java:87)
	at com.google.inject.Guice.createInjector(Guice.java:69)
	at com.google.inject.Guice.createInjector(Guice.java:59)
	at org.codehaus.plexus.DefaultPlexusContainer.addPlexusInjector(DefaultPlexusContainer.java:481)
	at org.codehaus.plexus.DefaultPlexusContainer.<init>(DefaultPlexusContainer.java:206)
	at org.apache.maven.plugin.testing.AbstractMojoTestCase.setupContainer(AbstractMojoTestCase.java:264)
	at org.apache.maven.plugin.testing.AbstractMojoTestCase.getContainer(AbstractMojoTestCase.java:298)
	at org.apache.maven.plugin.testing.AbstractMojoTestCase.setUp(AbstractMojoTestCase.java:152)
	at org.apache.maven.plugin.testing.MojoRule$2.evaluate(MojoRule.java:304)
	at com.github.tomakehurst.wiremock.junit.WireMockRule$1.evaluate(WireMockRule.java:79)
	at org.junit.runners.ParentRunner$3.evaluate(ParentRunner.java:306)
	at org.junit.runners.BlockJUnit4ClassRunner$1.evaluate(BlockJUnit4ClassRunner.java:100)
	at org.junit.runners.ParentRunner.runLeaf(ParentRunner.java:366)
	at org.junit.runners.BlockJUnit4ClassRunner.runChild(BlockJUnit4ClassRunner.java:103)
	at org.junit.runners.BlockJUnit4ClassRunner.runChild(BlockJUnit4ClassRunner.java:63)
	at org.junit.runners.ParentRunner$4.run(ParentRunner.java:331)
	at org.junit.runners.ParentRunner$1.schedule(ParentRunner.java:79)
	at org.junit.runners.ParentRunner.runChildren(ParentRunner.java:329)
	at org.junit.runners.ParentRunner.access$100(ParentRunner.java:66)
	at org.junit.runners.ParentRunner$2.evaluate(ParentRunner.java:293)
	at org.junit.runners.ParentRunner$3.evaluate(ParentRunner.java:306)
	at org.junit.runners.ParentRunner.run(ParentRunner.java:413)
	at org.apache.maven.surefire.junit4.JUnit4Provider.execute(JUnit4Provider.java:316)
	at org.apache.maven.surefire.junit4.JUnit4Provider.executeWithRerun(JUnit4Provider.java:240)
	at org.apache.maven.surefire.junit4.JUnit4Provider.executeTestSet(JUnit4Provider.java:214)
	at org.apache.maven.surefire.junit4.JUnit4Provider.invoke(JUnit4Provider.java:155)
	at org.apache.maven.surefire.booter.ForkedBooter.runSuitesInProcess(ForkedBooter.java:385)
	at org.apache.maven.surefire.booter.ForkedBooter.execute(ForkedBooter.java:162)
	at org.apache.maven.surefire.booter.ForkedBooter.run(ForkedBooter.java:507)
	at org.apache.maven.surefire.booter.ForkedBooter.main(ForkedBooter.java:495)

[ERROR] io.github.pmckeown.dependencytrack.metrics.MetricsMojoIntegrationTest.thatWhenMetricsAreNotInProjectTheyAreRetrievedExplicitly -- Time elapsed: 0.008 s <<< ERROR!
java.lang.NoClassDefFoundError: Could not initialize class org.eclipse.sisu.wire.ParameterKeys
	at org.eclipse.sisu.wire.DependencyAnalyzer.<init>(DependencyAnalyzer.java:93)
	at org.eclipse.sisu.wire.ElementAnalyzer.<init>(ElementAnalyzer.java:104)
	at org.eclipse.sisu.wire.WireModule.configure(WireModule.java:74)
	at com.google.inject.spi.Elements$RecordingBinder.install(Elements.java:426)
	at com.google.inject.spi.Elements.getElements(Elements.java:113)
	at com.google.inject.internal.InjectorShell$Builder.build(InjectorShell.java:160)
	at com.google.inject.internal.InternalInjectorCreator.build(InternalInjectorCreator.java:107)
	at com.google.inject.Guice.createInjector(Guice.java:87)
	at com.google.inject.Guice.createInjector(Guice.java:69)
	at com.google.inject.Guice.createInjector(Guice.java:59)
	at org.codehaus.plexus.DefaultPlexusContainer.addPlexusInjector(DefaultPlexusContainer.java:481)
	at org.codehaus.plexus.DefaultPlexusContainer.<init>(DefaultPlexusContainer.java:206)
	at org.apache.maven.plugin.testing.AbstractMojoTestCase.setupContainer(AbstractMojoTestCase.java:264)
	at org.apache.maven.plugin.testing.AbstractMojoTestCase.getContainer(AbstractMojoTestCase.java:298)
	at org.apache.maven.plugin.testing.AbstractMojoTestCase.setUp(AbstractMojoTestCase.java:152)
	at org.apache.maven.plugin.testing.MojoRule$2.evaluate(MojoRule.java:304)
	at com.github.tomakehurst.wiremock.junit.WireMockRule$1.evaluate(WireMockRule.java:79)
	at org.junit.runners.ParentRunner$3.evaluate(ParentRunner.java:306)
	at org.junit.runners.BlockJUnit4ClassRunner$1.evaluate(BlockJUnit4ClassRunner.java:100)
	at org.junit.runners.ParentRunner.runLeaf(ParentRunner.java:366)
	at org.junit.runners.BlockJUnit4ClassRunner.runChild(BlockJUnit4ClassRunner.java:103)
	at org.junit.runners.BlockJUnit4ClassRunner.runChild(BlockJUnit4ClassRunner.java:63)
	at org.junit.runners.ParentRunner$4.run(ParentRunner.java:331)
	at org.junit.runners.ParentRunner$1.schedule(ParentRunner.java:79)
	at org.junit.runners.ParentRunner.runChildren(ParentRunner.java:329)
	at org.junit.runners.ParentRunner.access$100(ParentRunner.java:66)
	at org.junit.runners.ParentRunner$2.evaluate(ParentRunner.java:293)
	at org.junit.runners.ParentRunner$3.evaluate(ParentRunner.java:306)
	at org.junit.runners.ParentRunner.run(ParentRunner.java:413)
	at org.apache.maven.surefire.junit4.JUnit4Provider.execute(JUnit4Provider.java:316)
	at org.apache.maven.surefire.junit4.JUnit4Provider.executeWithRerun(JUnit4Provider.java:240)
	at org.apache.maven.surefire.junit4.JUnit4Provider.executeTestSet(JUnit4Provider.java:214)
	at org.apache.maven.surefire.junit4.JUnit4Provider.invoke(JUnit4Provider.java:155)
	at org.apache.maven.surefire.booter.ForkedBooter.runSuitesInProcess(ForkedBooter.java:385)
	at org.apache.maven.surefire.booter.ForkedBooter.execute(ForkedBooter.java:162)
	at org.apache.maven.surefire.booter.ForkedBooter.run(ForkedBooter.java:507)
	at org.apache.maven.surefire.booter.ForkedBooter.main(ForkedBooter.java:495)

[ERROR] io.github.pmckeown.dependencytrack.metrics.MetricsMojoIntegrationTest.thatTheMetricsIsSkippedWhenSkipIsTrue -- Time elapsed: 0.009 s <<< ERROR!
java.lang.NoClassDefFoundError: Could not initialize class org.eclipse.sisu.wire.ParameterKeys
	at org.eclipse.sisu.wire.DependencyAnalyzer.<init>(DependencyAnalyzer.java:93)
	at org.eclipse.sisu.wire.ElementAnalyzer.<init>(ElementAnalyzer.java:104)
	at org.eclipse.sisu.wire.WireModule.configure(WireModule.java:74)
	at com.google.inject.spi.Elements$RecordingBinder.install(Elements.java:426)
	at com.google.inject.spi.Elements.getElements(Elements.java:113)
	at com.google.inject.internal.InjectorShell$Builder.build(InjectorShell.java:160)
	at com.google.inject.internal.InternalInjectorCreator.build(InternalInjectorCreator.java:107)
	at com.google.inject.Guice.createInjector(Guice.java:87)
	at com.google.inject.Guice.createInjector(Guice.java:69)
	at com.google.inject.Guice.createInjector(Guice.java:59)
	at org.codehaus.plexus.DefaultPlexusContainer.addPlexusInjector(DefaultPlexusContainer.java:481)
	at org.codehaus.plexus.DefaultPlexusContainer.<init>(DefaultPlexusContainer.java:206)
	at org.apache.maven.plugin.testing.AbstractMojoTestCase.setupContainer(AbstractMojoTestCase.java:264)
	at org.apache.maven.plugin.testing.AbstractMojoTestCase.getContainer(AbstractMojoTestCase.java:298)
	at org.apache.maven.plugin.testing.AbstractMojoTestCase.setUp(AbstractMojoTestCase.java:152)
	at org.apache.maven.plugin.testing.MojoRule$2.evaluate(MojoRule.java:304)
	at com.github.tomakehurst.wiremock.junit.WireMockRule$1.evaluate(WireMockRule.java:79)
	at org.junit.runners.ParentRunner$3.evaluate(ParentRunner.java:306)
	at org.junit.runners.BlockJUnit4ClassRunner$1.evaluate(BlockJUnit4ClassRunner.java:100)
	at org.junit.runners.ParentRunner.runLeaf(ParentRunner.java:366)
	at org.junit.runners.BlockJUnit4ClassRunner.runChild(BlockJUnit4ClassRunner.java:103)
	at org.junit.runners.BlockJUnit4ClassRunner.runChild(BlockJUnit4ClassRunner.java:63)
	at org.junit.runners.ParentRunner$4.run(ParentRunner.java:331)
	at org.junit.runners.ParentRunner$1.schedule(ParentRunner.java:79)
	at org.junit.runners.ParentRunner.runChildren(ParentRunner.java:329)
	at org.junit.runners.ParentRunner.access$100(ParentRunner.java:66)
	at org.junit.runners.ParentRunner$2.evaluate(ParentRunner.java:293)
	at org.junit.runners.ParentRunner$3.evaluate(ParentRunner.java:306)
	at org.junit.runners.ParentRunner.run(ParentRunner.java:413)
	at org.apache.maven.surefire.junit4.JUnit4Provider.execute(JUnit4Provider.java:316)
	at org.apache.maven.surefire.junit4.JUnit4Provider.executeWithRerun(JUnit4Provider.java:240)
	at org.apache.maven.surefire.junit4.JUnit4Provider.executeTestSet(JUnit4Provider.java:214)
	at org.apache.maven.surefire.junit4.JUnit4Provider.invoke(JUnit4Provider.java:155)
	at org.apache.maven.surefire.booter.ForkedBooter.runSuitesInProcess(ForkedBooter.java:385)
	at org.apache.maven.surefire.booter.ForkedBooter.execute(ForkedBooter.java:162)
	at org.apache.maven.surefire.booter.ForkedBooter.run(ForkedBooter.java:507)
	at org.apache.maven.surefire.booter.ForkedBooter.main(ForkedBooter.java:495)

[ERROR] io.github.pmckeown.dependencytrack.metrics.MetricsMojoIntegrationTest.thatExceptionIsThrownWhenMetricsCannotBeRetrievedForCurrentProject -- Time elapsed: 0.009 s <<< ERROR!
java.lang.NoClassDefFoundError: Could not initialize class org.eclipse.sisu.wire.ParameterKeys
	at org.eclipse.sisu.wire.DependencyAnalyzer.<init>(DependencyAnalyzer.java:93)
	at org.eclipse.sisu.wire.ElementAnalyzer.<init>(ElementAnalyzer.java:104)
	at org.eclipse.sisu.wire.WireModule.configure(WireModule.java:74)
	at com.google.inject.spi.Elements$RecordingBinder.install(Elements.java:426)
	at com.google.inject.spi.Elements.getElements(Elements.java:113)
	at com.google.inject.internal.InjectorShell$Builder.build(InjectorShell.java:160)
	at com.google.inject.internal.InternalInjectorCreator.build(InternalInjectorCreator.java:107)
	at com.google.inject.Guice.createInjector(Guice.java:87)
	at com.google.inject.Guice.createInjector(Guice.java:69)
	at com.google.inject.Guice.createInjector(Guice.java:59)
	at org.codehaus.plexus.DefaultPlexusContainer.addPlexusInjector(DefaultPlexusContainer.java:481)
	at org.codehaus.plexus.DefaultPlexusContainer.<init>(DefaultPlexusContainer.java:206)
	at org.apache.maven.plugin.testing.AbstractMojoTestCase.setupContainer(AbstractMojoTestCase.java:264)
	at org.apache.maven.plugin.testing.AbstractMojoTestCase.getContainer(AbstractMojoTestCase.java:298)
	at org.apache.maven.plugin.testing.AbstractMojoTestCase.setUp(AbstractMojoTestCase.java:152)
	at org.apache.maven.plugin.testing.MojoRule$2.evaluate(MojoRule.java:304)
	at com.github.tomakehurst.wiremock.junit.WireMockRule$1.evaluate(WireMockRule.java:79)
	at org.junit.runners.ParentRunner$3.evaluate(ParentRunner.java:306)
	at org.junit.runners.BlockJUnit4ClassRunner$1.evaluate(BlockJUnit4ClassRunner.java:100)
	at org.junit.runners.ParentRunner.runLeaf(ParentRunner.java:366)
	at org.junit.runners.BlockJUnit4ClassRunner.runChild(BlockJUnit4ClassRunner.java:103)
	at org.junit.runners.BlockJUnit4ClassRunner.runChild(BlockJUnit4ClassRunner.java:63)
	at org.junit.runners.ParentRunner$4.run(ParentRunner.java:331)
	at org.junit.runners.ParentRunner$1.schedule(ParentRunner.java:79)
	at org.junit.runners.ParentRunner.runChildren(ParentRunner.java:329)
	at org.junit.runners.ParentRunner.access$100(ParentRunner.java:66)
	at org.junit.runners.ParentRunner$2.evaluate(ParentRunner.java:293)
	at org.junit.runners.ParentRunner$3.evaluate(ParentRunner.java:306)
	at org.junit.runners.ParentRunner.run(ParentRunner.java:413)
	at org.apache.maven.surefire.junit4.JUnit4Provider.execute(JUnit4Provider.java:316)
	at org.apache.maven.surefire.junit4.JUnit4Provider.executeWithRerun(JUnit4Provider.java:240)
	at org.apache.maven.surefire.junit4.JUnit4Provider.executeTestSet(JUnit4Provider.java:214)
	at org.apache.maven.surefire.junit4.JUnit4Provider.invoke(JUnit4Provider.java:155)
	at org.apache.maven.surefire.booter.ForkedBooter.runSuitesInProcess(ForkedBooter.java:385)
	at org.apache.maven.surefire.booter.ForkedBooter.execute(ForkedBooter.java:162)
	at org.apache.maven.surefire.booter.ForkedBooter.run(ForkedBooter.java:507)
	at org.apache.maven.surefire.booter.ForkedBooter.main(ForkedBooter.java:495)

[INFO] Running io.github.pmckeown.dependencytrack.metrics.MetricsActionTest
[INFO] Tests run: 6, Failures: 0, Errors: 0, Skipped: 0, Time elapsed: 0.048 s -- in io.github.pmckeown.dependencytrack.metrics.MetricsActionTest
[INFO] Running io.github.pmckeown.dependencytrack.metrics.MetricsPrinterTest
[INFO] Tests run: 15, Failures: 0, Errors: 0, Skipped: 0, Time elapsed: 0.077 s -- in io.github.pmckeown.dependencytrack.metrics.MetricsPrinterTest
[INFO] Running io.github.pmckeown.dependencytrack.metrics.MetricsClientTest
[INFO] Tests run: 2, Failures: 0, Errors: 0, Skipped: 0, Time elapsed: 0.087 s -- in io.github.pmckeown.dependencytrack.metrics.MetricsClientTest
[INFO] Running io.github.pmckeown.dependencytrack.upload.UploadBomMojoIntegrationTest
[ERROR] Tests run: 13, Failures: 0, Errors: 13, Skipped: 0, Time elapsed: 0.114 s <<< FAILURE! -- in io.github.pmckeown.dependencytrack.upload.UploadBomMojoIntegrationTest
[ERROR] io.github.pmckeown.dependencytrack.upload.UploadBomMojoIntegrationTest.thatProjectVersionDefaultsToPomVersion -- Time elapsed: 0.008 s <<< ERROR!
java.lang.NoClassDefFoundError: Could not initialize class org.eclipse.sisu.wire.ParameterKeys
	at org.eclipse.sisu.wire.DependencyAnalyzer.<init>(DependencyAnalyzer.java:93)
	at org.eclipse.sisu.wire.ElementAnalyzer.<init>(ElementAnalyzer.java:104)
	at org.eclipse.sisu.wire.WireModule.configure(WireModule.java:74)
	at com.google.inject.spi.Elements$RecordingBinder.install(Elements.java:426)
	at com.google.inject.spi.Elements.getElements(Elements.java:113)
	at com.google.inject.internal.InjectorShell$Builder.build(InjectorShell.java:160)
	at com.google.inject.internal.InternalInjectorCreator.build(InternalInjectorCreator.java:107)
	at com.google.inject.Guice.createInjector(Guice.java:87)
	at com.google.inject.Guice.createInjector(Guice.java:69)
	at com.google.inject.Guice.createInjector(Guice.java:59)
	at org.codehaus.plexus.DefaultPlexusContainer.addPlexusInjector(DefaultPlexusContainer.java:481)
	at org.codehaus.plexus.DefaultPlexusContainer.<init>(DefaultPlexusContainer.java:206)
	at org.apache.maven.plugin.testing.AbstractMojoTestCase.setupContainer(AbstractMojoTestCase.java:264)
	at org.apache.maven.plugin.testing.AbstractMojoTestCase.getContainer(AbstractMojoTestCase.java:298)
	at org.apache.maven.plugin.testing.AbstractMojoTestCase.setUp(AbstractMojoTestCase.java:152)
	at org.apache.maven.plugin.testing.MojoRule$2.evaluate(MojoRule.java:304)
	at com.github.tomakehurst.wiremock.junit.WireMockRule$1.evaluate(WireMockRule.java:79)
	at org.junit.runners.ParentRunner$3.evaluate(ParentRunner.java:306)
	at org.junit.runners.BlockJUnit4ClassRunner$1.evaluate(BlockJUnit4ClassRunner.java:100)
	at org.junit.runners.ParentRunner.runLeaf(ParentRunner.java:366)
	at org.junit.runners.BlockJUnit4ClassRunner.runChild(BlockJUnit4ClassRunner.java:103)
	at org.junit.runners.BlockJUnit4ClassRunner.runChild(BlockJUnit4ClassRunner.java:63)
	at org.junit.runners.ParentRunner$4.run(ParentRunner.java:331)
	at org.junit.runners.ParentRunner$1.schedule(ParentRunner.java:79)
	at org.junit.runners.ParentRunner.runChildren(ParentRunner.java:329)
	at org.junit.runners.ParentRunner.access$100(ParentRunner.java:66)
	at org.junit.runners.ParentRunner$2.evaluate(ParentRunner.java:293)
	at org.junit.runners.ParentRunner$3.evaluate(ParentRunner.java:306)
	at org.junit.runners.ParentRunner.run(ParentRunner.java:413)
	at org.apache.maven.surefire.junit4.JUnit4Provider.execute(JUnit4Provider.java:316)
	at org.apache.maven.surefire.junit4.JUnit4Provider.executeWithRerun(JUnit4Provider.java:240)
	at org.apache.maven.surefire.junit4.JUnit4Provider.executeTestSet(JUnit4Provider.java:214)
	at org.apache.maven.surefire.junit4.JUnit4Provider.invoke(JUnit4Provider.java:155)
	at org.apache.maven.surefire.booter.ForkedBooter.runSuitesInProcess(ForkedBooter.java:385)
	at org.apache.maven.surefire.booter.ForkedBooter.execute(ForkedBooter.java:162)
	at org.apache.maven.surefire.booter.ForkedBooter.run(ForkedBooter.java:507)
	at org.apache.maven.surefire.booter.ForkedBooter.main(ForkedBooter.java:495)

[ERROR] io.github.pmckeown.dependencytrack.upload.UploadBomMojoIntegrationTest.thatWhenFailOnErrorIsTrueAFailureFromToDependencyTrackDoesFailTheBuild -- Time elapsed: 0.011 s <<< ERROR!
java.lang.NoClassDefFoundError: Could not initialize class org.eclipse.sisu.wire.ParameterKeys
	at org.eclipse.sisu.wire.DependencyAnalyzer.<init>(DependencyAnalyzer.java:93)
	at org.eclipse.sisu.wire.ElementAnalyzer.<init>(ElementAnalyzer.java:104)
	at org.eclipse.sisu.wire.WireModule.configure(WireModule.java:74)
	at com.google.inject.spi.Elements$RecordingBinder.install(Elements.java:426)
	at com.google.inject.spi.Elements.getElements(Elements.java:113)
	at com.google.inject.internal.InjectorShell$Builder.build(InjectorShell.java:160)
	at com.google.inject.internal.InternalInjectorCreator.build(InternalInjectorCreator.java:107)
	at com.google.inject.Guice.createInjector(Guice.java:87)
	at com.google.inject.Guice.createInjector(Guice.java:69)
	at com.google.inject.Guice.createInjector(Guice.java:59)
	at org.codehaus.plexus.DefaultPlexusContainer.addPlexusInjector(DefaultPlexusContainer.java:481)
	at org.codehaus.plexus.DefaultPlexusContainer.<init>(DefaultPlexusContainer.java:206)
	at org.apache.maven.plugin.testing.AbstractMojoTestCase.setupContainer(AbstractMojoTestCase.java:264)
	at org.apache.maven.plugin.testing.AbstractMojoTestCase.getContainer(AbstractMojoTestCase.java:298)
	at org.apache.maven.plugin.testing.AbstractMojoTestCase.setUp(AbstractMojoTestCase.java:152)
	at org.apache.maven.plugin.testing.MojoRule$2.evaluate(MojoRule.java:304)
	at com.github.tomakehurst.wiremock.junit.WireMockRule$1.evaluate(WireMockRule.java:79)
	at org.junit.runners.ParentRunner$3.evaluate(ParentRunner.java:306)
	at org.junit.runners.BlockJUnit4ClassRunner$1.evaluate(BlockJUnit4ClassRunner.java:100)
	at org.junit.runners.ParentRunner.runLeaf(ParentRunner.java:366)
	at org.junit.runners.BlockJUnit4ClassRunner.runChild(BlockJUnit4ClassRunner.java:103)
	at org.junit.runners.BlockJUnit4ClassRunner.runChild(BlockJUnit4ClassRunner.java:63)
	at org.junit.runners.ParentRunner$4.run(ParentRunner.java:331)
	at org.junit.runners.ParentRunner$1.schedule(ParentRunner.java:79)
	at org.junit.runners.ParentRunner.runChildren(ParentRunner.java:329)
	at org.junit.runners.ParentRunner.access$100(ParentRunner.java:66)
	at org.junit.runners.ParentRunner$2.evaluate(ParentRunner.java:293)
	at org.junit.runners.ParentRunner$3.evaluate(ParentRunner.java:306)
	at org.junit.runners.ParentRunner.run(ParentRunner.java:413)
	at org.apache.maven.surefire.junit4.JUnit4Provider.execute(JUnit4Provider.java:316)
	at org.apache.maven.surefire.junit4.JUnit4Provider.executeWithRerun(JUnit4Provider.java:240)
	at org.apache.maven.surefire.junit4.JUnit4Provider.executeTestSet(JUnit4Provider.java:214)
	at org.apache.maven.surefire.junit4.JUnit4Provider.invoke(JUnit4Provider.java:155)
	at org.apache.maven.surefire.booter.ForkedBooter.runSuitesInProcess(ForkedBooter.java:385)
	at org.apache.maven.surefire.booter.ForkedBooter.execute(ForkedBooter.java:162)
	at org.apache.maven.surefire.booter.ForkedBooter.run(ForkedBooter.java:507)
	at org.apache.maven.surefire.booter.ForkedBooter.main(ForkedBooter.java:495)

[ERROR] io.github.pmckeown.dependencytrack.upload.UploadBomMojoIntegrationTest.thatProjectVersionCanBeProvided -- Time elapsed: 0.009 s <<< ERROR!
java.lang.NoClassDefFoundError: Could not initialize class org.eclipse.sisu.wire.ParameterKeys
	at org.eclipse.sisu.wire.DependencyAnalyzer.<init>(DependencyAnalyzer.java:93)
	at org.eclipse.sisu.wire.ElementAnalyzer.<init>(ElementAnalyzer.java:104)
	at org.eclipse.sisu.wire.WireModule.configure(WireModule.java:74)
	at com.google.inject.spi.Elements$RecordingBinder.install(Elements.java:426)
	at com.google.inject.spi.Elements.getElements(Elements.java:113)
	at com.google.inject.internal.InjectorShell$Builder.build(InjectorShell.java:160)
	at com.google.inject.internal.InternalInjectorCreator.build(InternalInjectorCreator.java:107)
	at com.google.inject.Guice.createInjector(Guice.java:87)
	at com.google.inject.Guice.createInjector(Guice.java:69)
	at com.google.inject.Guice.createInjector(Guice.java:59)
	at org.codehaus.plexus.DefaultPlexusContainer.addPlexusInjector(DefaultPlexusContainer.java:481)
	at org.codehaus.plexus.DefaultPlexusContainer.<init>(DefaultPlexusContainer.java:206)
	at org.apache.maven.plugin.testing.AbstractMojoTestCase.setupContainer(AbstractMojoTestCase.java:264)
	at org.apache.maven.plugin.testing.AbstractMojoTestCase.getContainer(AbstractMojoTestCase.java:298)
	at org.apache.maven.plugin.testing.AbstractMojoTestCase.setUp(AbstractMojoTestCase.java:152)
	at org.apache.maven.plugin.testing.MojoRule$2.evaluate(MojoRule.java:304)
	at com.github.tomakehurst.wiremock.junit.WireMockRule$1.evaluate(WireMockRule.java:79)
	at org.junit.runners.ParentRunner$3.evaluate(ParentRunner.java:306)
	at org.junit.runners.BlockJUnit4ClassRunner$1.evaluate(BlockJUnit4ClassRunner.java:100)
	at org.junit.runners.ParentRunner.runLeaf(ParentRunner.java:366)
	at org.junit.runners.BlockJUnit4ClassRunner.runChild(BlockJUnit4ClassRunner.java:103)
	at org.junit.runners.BlockJUnit4ClassRunner.runChild(BlockJUnit4ClassRunner.java:63)
	at org.junit.runners.ParentRunner$4.run(ParentRunner.java:331)
	at org.junit.runners.ParentRunner$1.schedule(ParentRunner.java:79)
	at org.junit.runners.ParentRunner.runChildren(ParentRunner.java:329)
	at org.junit.runners.ParentRunner.access$100(ParentRunner.java:66)
	at org.junit.runners.ParentRunner$2.evaluate(ParentRunner.java:293)
	at org.junit.runners.ParentRunner$3.evaluate(ParentRunner.java:306)
	at org.junit.runners.ParentRunner.run(ParentRunner.java:413)
	at org.apache.maven.surefire.junit4.JUnit4Provider.execute(JUnit4Provider.java:316)
	at org.apache.maven.surefire.junit4.JUnit4Provider.executeWithRerun(JUnit4Provider.java:240)
	at org.apache.maven.surefire.junit4.JUnit4Provider.executeTestSet(JUnit4Provider.java:214)
	at org.apache.maven.surefire.junit4.JUnit4Provider.invoke(JUnit4Provider.java:155)
	at org.apache.maven.surefire.booter.ForkedBooter.runSuitesInProcess(ForkedBooter.java:385)
	at org.apache.maven.surefire.booter.ForkedBooter.execute(ForkedBooter.java:162)
	at org.apache.maven.surefire.booter.ForkedBooter.run(ForkedBooter.java:507)
	at org.apache.maven.surefire.booter.ForkedBooter.main(ForkedBooter.java:495)

[ERROR] io.github.pmckeown.dependencytrack.upload.UploadBomMojoIntegrationTest.thatWhenFailOnErrorIsFalseAFailureFromToDependencyTrackDoesNotFailTheBuild -- Time elapsed: 0.012 s <<< ERROR!
java.lang.NoClassDefFoundError: Could not initialize class org.eclipse.sisu.wire.ParameterKeys
	at org.eclipse.sisu.wire.DependencyAnalyzer.<init>(DependencyAnalyzer.java:93)
	at org.eclipse.sisu.wire.ElementAnalyzer.<init>(ElementAnalyzer.java:104)
	at org.eclipse.sisu.wire.WireModule.configure(WireModule.java:74)
	at com.google.inject.spi.Elements$RecordingBinder.install(Elements.java:426)
	at com.google.inject.spi.Elements.getElements(Elements.java:113)
	at com.google.inject.internal.InjectorShell$Builder.build(InjectorShell.java:160)
	at com.google.inject.internal.InternalInjectorCreator.build(InternalInjectorCreator.java:107)
	at com.google.inject.Guice.createInjector(Guice.java:87)
	at com.google.inject.Guice.createInjector(Guice.java:69)
	at com.google.inject.Guice.createInjector(Guice.java:59)
	at org.codehaus.plexus.DefaultPlexusContainer.addPlexusInjector(DefaultPlexusContainer.java:481)
	at org.codehaus.plexus.DefaultPlexusContainer.<init>(DefaultPlexusContainer.java:206)
	at org.apache.maven.plugin.testing.AbstractMojoTestCase.setupContainer(AbstractMojoTestCase.java:264)
	at org.apache.maven.plugin.testing.AbstractMojoTestCase.getContainer(AbstractMojoTestCase.java:298)
	at org.apache.maven.plugin.testing.AbstractMojoTestCase.setUp(AbstractMojoTestCase.java:152)
	at org.apache.maven.plugin.testing.MojoRule$2.evaluate(MojoRule.java:304)
	at com.github.tomakehurst.wiremock.junit.WireMockRule$1.evaluate(WireMockRule.java:79)
	at org.junit.runners.ParentRunner$3.evaluate(ParentRunner.java:306)
	at org.junit.runners.BlockJUnit4ClassRunner$1.evaluate(BlockJUnit4ClassRunner.java:100)
	at org.junit.runners.ParentRunner.runLeaf(ParentRunner.java:366)
	at org.junit.runners.BlockJUnit4ClassRunner.runChild(BlockJUnit4ClassRunner.java:103)
	at org.junit.runners.BlockJUnit4ClassRunner.runChild(BlockJUnit4ClassRunner.java:63)
	at org.junit.runners.ParentRunner$4.run(ParentRunner.java:331)
	at org.junit.runners.ParentRunner$1.schedule(ParentRunner.java:79)
	at org.junit.runners.ParentRunner.runChildren(ParentRunner.java:329)
	at org.junit.runners.ParentRunner.access$100(ParentRunner.java:66)
	at org.junit.runners.ParentRunner$2.evaluate(ParentRunner.java:293)
	at org.junit.runners.ParentRunner$3.evaluate(ParentRunner.java:306)
	at org.junit.runners.ParentRunner.run(ParentRunner.java:413)
	at org.apache.maven.surefire.junit4.JUnit4Provider.execute(JUnit4Provider.java:316)
	at org.apache.maven.surefire.junit4.JUnit4Provider.executeWithRerun(JUnit4Provider.java:240)
	at org.apache.maven.surefire.junit4.JUnit4Provider.executeTestSet(JUnit4Provider.java:214)
	at org.apache.maven.surefire.junit4.JUnit4Provider.invoke(JUnit4Provider.java:155)
	at org.apache.maven.surefire.booter.ForkedBooter.runSuitesInProcess(ForkedBooter.java:385)
	at org.apache.maven.surefire.booter.ForkedBooter.execute(ForkedBooter.java:162)
	at org.apache.maven.surefire.booter.ForkedBooter.run(ForkedBooter.java:507)
	at org.apache.maven.surefire.booter.ForkedBooter.main(ForkedBooter.java:495)

[ERROR] io.github.pmckeown.dependencytrack.upload.UploadBomMojoIntegrationTest.thatSslVerifyDefaultsToTrue -- Time elapsed: 0.010 s <<< ERROR!
java.lang.NoClassDefFoundError: Could not initialize class org.eclipse.sisu.wire.ParameterKeys
	at org.eclipse.sisu.wire.DependencyAnalyzer.<init>(DependencyAnalyzer.java:93)
	at org.eclipse.sisu.wire.ElementAnalyzer.<init>(ElementAnalyzer.java:104)
	at org.eclipse.sisu.wire.WireModule.configure(WireModule.java:74)
	at com.google.inject.spi.Elements$RecordingBinder.install(Elements.java:426)
	at com.google.inject.spi.Elements.getElements(Elements.java:113)
	at com.google.inject.internal.InjectorShell$Builder.build(InjectorShell.java:160)
	at com.google.inject.internal.InternalInjectorCreator.build(InternalInjectorCreator.java:107)
	at com.google.inject.Guice.createInjector(Guice.java:87)
	at com.google.inject.Guice.createInjector(Guice.java:69)
	at com.google.inject.Guice.createInjector(Guice.java:59)
	at org.codehaus.plexus.DefaultPlexusContainer.addPlexusInjector(DefaultPlexusContainer.java:481)
	at org.codehaus.plexus.DefaultPlexusContainer.<init>(DefaultPlexusContainer.java:206)
	at org.apache.maven.plugin.testing.AbstractMojoTestCase.setupContainer(AbstractMojoTestCase.java:264)
	at org.apache.maven.plugin.testing.AbstractMojoTestCase.getContainer(AbstractMojoTestCase.java:298)
	at org.apache.maven.plugin.testing.AbstractMojoTestCase.setUp(AbstractMojoTestCase.java:152)
	at org.apache.maven.plugin.testing.MojoRule$2.evaluate(MojoRule.java:304)
	at com.github.tomakehurst.wiremock.junit.WireMockRule$1.evaluate(WireMockRule.java:79)
	at org.junit.runners.ParentRunner$3.evaluate(ParentRunner.java:306)
	at org.junit.runners.BlockJUnit4ClassRunner$1.evaluate(BlockJUnit4ClassRunner.java:100)
	at org.junit.runners.ParentRunner.runLeaf(ParentRunner.java:366)
	at org.junit.runners.BlockJUnit4ClassRunner.runChild(BlockJUnit4ClassRunner.java:103)
	at org.junit.runners.BlockJUnit4ClassRunner.runChild(BlockJUnit4ClassRunner.java:63)
	at org.junit.runners.ParentRunner$4.run(ParentRunner.java:331)
	at org.junit.runners.ParentRunner$1.schedule(ParentRunner.java:79)
	at org.junit.runners.ParentRunner.runChildren(ParentRunner.java:329)
	at org.junit.runners.ParentRunner.access$100(ParentRunner.java:66)
	at org.junit.runners.ParentRunner$2.evaluate(ParentRunner.java:293)
	at org.junit.runners.ParentRunner$3.evaluate(ParentRunner.java:306)
	at org.junit.runners.ParentRunner.run(ParentRunner.java:413)
	at org.apache.maven.surefire.junit4.JUnit4Provider.execute(JUnit4Provider.java:316)
	at org.apache.maven.surefire.junit4.JUnit4Provider.executeWithRerun(JUnit4Provider.java:240)
	at org.apache.maven.surefire.junit4.JUnit4Provider.executeTestSet(JUnit4Provider.java:214)
	at org.apache.maven.surefire.junit4.JUnit4Provider.invoke(JUnit4Provider.java:155)
	at org.apache.maven.surefire.booter.ForkedBooter.runSuitesInProcess(ForkedBooter.java:385)
	at org.apache.maven.surefire.booter.ForkedBooter.execute(ForkedBooter.java:162)
	at org.apache.maven.surefire.booter.ForkedBooter.run(ForkedBooter.java:507)
	at org.apache.maven.surefire.booter.ForkedBooter.main(ForkedBooter.java:495)

[ERROR] io.github.pmckeown.dependencytrack.upload.UploadBomMojoIntegrationTest.thatWhenFailOnErrorIsFalseAFailureToConnectToDependencyTrackDoesNotFailTheBuild -- Time elapsed: 0.008 s <<< ERROR!
java.lang.NoClassDefFoundError: Could not initialize class org.eclipse.sisu.wire.ParameterKeys
	at org.eclipse.sisu.wire.DependencyAnalyzer.<init>(DependencyAnalyzer.java:93)
	at org.eclipse.sisu.wire.ElementAnalyzer.<init>(ElementAnalyzer.java:104)
	at org.eclipse.sisu.wire.WireModule.configure(WireModule.java:74)
	at com.google.inject.spi.Elements$RecordingBinder.install(Elements.java:426)
	at com.google.inject.spi.Elements.getElements(Elements.java:113)
	at com.google.inject.internal.InjectorShell$Builder.build(InjectorShell.java:160)
	at com.google.inject.internal.InternalInjectorCreator.build(InternalInjectorCreator.java:107)
	at com.google.inject.Guice.createInjector(Guice.java:87)
	at com.google.inject.Guice.createInjector(Guice.java:69)
	at com.google.inject.Guice.createInjector(Guice.java:59)
	at org.codehaus.plexus.DefaultPlexusContainer.addPlexusInjector(DefaultPlexusContainer.java:481)
	at org.codehaus.plexus.DefaultPlexusContainer.<init>(DefaultPlexusContainer.java:206)
	at org.apache.maven.plugin.testing.AbstractMojoTestCase.setupContainer(AbstractMojoTestCase.java:264)
	at org.apache.maven.plugin.testing.AbstractMojoTestCase.getContainer(AbstractMojoTestCase.java:298)
	at org.apache.maven.plugin.testing.AbstractMojoTestCase.setUp(AbstractMojoTestCase.java:152)
	at org.apache.maven.plugin.testing.MojoRule$2.evaluate(MojoRule.java:304)
	at com.github.tomakehurst.wiremock.junit.WireMockRule$1.evaluate(WireMockRule.java:79)
	at org.junit.runners.ParentRunner$3.evaluate(ParentRunner.java:306)
	at org.junit.runners.BlockJUnit4ClassRunner$1.evaluate(BlockJUnit4ClassRunner.java:100)
	at org.junit.runners.ParentRunner.runLeaf(ParentRunner.java:366)
	at org.junit.runners.BlockJUnit4ClassRunner.runChild(BlockJUnit4ClassRunner.java:103)
	at org.junit.runners.BlockJUnit4ClassRunner.runChild(BlockJUnit4ClassRunner.java:63)
	at org.junit.runners.ParentRunner$4.run(ParentRunner.java:331)
	at org.junit.runners.ParentRunner$1.schedule(ParentRunner.java:79)
	at org.junit.runners.ParentRunner.runChildren(ParentRunner.java:329)
	at org.junit.runners.ParentRunner.access$100(ParentRunner.java:66)
	at org.junit.runners.ParentRunner$2.evaluate(ParentRunner.java:293)
	at org.junit.runners.ParentRunner$3.evaluate(ParentRunner.java:306)
	at org.junit.runners.ParentRunner.run(ParentRunner.java:413)
	at org.apache.maven.surefire.junit4.JUnit4Provider.execute(JUnit4Provider.java:316)
	at org.apache.maven.surefire.junit4.JUnit4Provider.executeWithRerun(JUnit4Provider.java:240)
	at org.apache.maven.surefire.junit4.JUnit4Provider.executeTestSet(JUnit4Provider.java:214)
	at org.apache.maven.surefire.junit4.JUnit4Provider.invoke(JUnit4Provider.java:155)
	at org.apache.maven.surefire.booter.ForkedBooter.runSuitesInProcess(ForkedBooter.java:385)
	at org.apache.maven.surefire.booter.ForkedBooter.execute(ForkedBooter.java:162)
	at org.apache.maven.surefire.booter.ForkedBooter.run(ForkedBooter.java:507)
	at org.apache.maven.surefire.booter.ForkedBooter.main(ForkedBooter.java:495)

[ERROR] io.github.pmckeown.dependencytrack.upload.UploadBomMojoIntegrationTest.thatTheUploadIsSkippedWhenSkipIsTrue -- Time elapsed: 0.008 s <<< ERROR!
java.lang.NoClassDefFoundError: Could not initialize class org.eclipse.sisu.wire.ParameterKeys
	at org.eclipse.sisu.wire.DependencyAnalyzer.<init>(DependencyAnalyzer.java:93)
	at org.eclipse.sisu.wire.ElementAnalyzer.<init>(ElementAnalyzer.java:104)
	at org.eclipse.sisu.wire.WireModule.configure(WireModule.java:74)
	at com.google.inject.spi.Elements$RecordingBinder.install(Elements.java:426)
	at com.google.inject.spi.Elements.getElements(Elements.java:113)
	at com.google.inject.internal.InjectorShell$Builder.build(InjectorShell.java:160)
	at com.google.inject.internal.InternalInjectorCreator.build(InternalInjectorCreator.java:107)
	at com.google.inject.Guice.createInjector(Guice.java:87)
	at com.google.inject.Guice.createInjector(Guice.java:69)
	at com.google.inject.Guice.createInjector(Guice.java:59)
	at org.codehaus.plexus.DefaultPlexusContainer.addPlexusInjector(DefaultPlexusContainer.java:481)
	at org.codehaus.plexus.DefaultPlexusContainer.<init>(DefaultPlexusContainer.java:206)
	at org.apache.maven.plugin.testing.AbstractMojoTestCase.setupContainer(AbstractMojoTestCase.java:264)
	at org.apache.maven.plugin.testing.AbstractMojoTestCase.getContainer(AbstractMojoTestCase.java:298)
	at org.apache.maven.plugin.testing.AbstractMojoTestCase.setUp(AbstractMojoTestCase.java:152)
	at org.apache.maven.plugin.testing.MojoRule$2.evaluate(MojoRule.java:304)
	at com.github.tomakehurst.wiremock.junit.WireMockRule$1.evaluate(WireMockRule.java:79)
	at org.junit.runners.ParentRunner$3.evaluate(ParentRunner.java:306)
	at org.junit.runners.BlockJUnit4ClassRunner$1.evaluate(BlockJUnit4ClassRunner.java:100)
	at org.junit.runners.ParentRunner.runLeaf(ParentRunner.java:366)
	at org.junit.runners.BlockJUnit4ClassRunner.runChild(BlockJUnit4ClassRunner.java:103)
	at org.junit.runners.BlockJUnit4ClassRunner.runChild(BlockJUnit4ClassRunner.java:63)
	at org.junit.runners.ParentRunner$4.run(ParentRunner.java:331)
	at org.junit.runners.ParentRunner$1.schedule(ParentRunner.java:79)
	at org.junit.runners.ParentRunner.runChildren(ParentRunner.java:329)
	at org.junit.runners.ParentRunner.access$100(ParentRunner.java:66)
	at org.junit.runners.ParentRunner$2.evaluate(ParentRunner.java:293)
	at org.junit.runners.ParentRunner$3.evaluate(ParentRunner.java:306)
	at org.junit.runners.ParentRunner.run(ParentRunner.java:413)
	at org.apache.maven.surefire.junit4.JUnit4Provider.execute(JUnit4Provider.java:316)
	at org.apache.maven.surefire.junit4.JUnit4Provider.executeWithRerun(JUnit4Provider.java:240)
	at org.apache.maven.surefire.junit4.JUnit4Provider.executeTestSet(JUnit4Provider.java:214)
	at org.apache.maven.surefire.junit4.JUnit4Provider.invoke(JUnit4Provider.java:155)
	at org.apache.maven.surefire.booter.ForkedBooter.runSuitesInProcess(ForkedBooter.java:385)
	at org.apache.maven.surefire.booter.ForkedBooter.execute(ForkedBooter.java:162)
	at org.apache.maven.surefire.booter.ForkedBooter.run(ForkedBooter.java:507)
	at org.apache.maven.surefire.booter.ForkedBooter.main(ForkedBooter.java:495)

[ERROR] io.github.pmckeown.dependencytrack.upload.UploadBomMojoIntegrationTest.thatProjectParentNameAndVersionCanBeProvided -- Time elapsed: 0.007 s <<< ERROR!
java.lang.NoClassDefFoundError: Could not initialize class org.eclipse.sisu.wire.ParameterKeys
	at org.eclipse.sisu.wire.DependencyAnalyzer.<init>(DependencyAnalyzer.java:93)
	at org.eclipse.sisu.wire.ElementAnalyzer.<init>(ElementAnalyzer.java:104)
	at org.eclipse.sisu.wire.WireModule.configure(WireModule.java:74)
	at com.google.inject.spi.Elements$RecordingBinder.install(Elements.java:426)
	at com.google.inject.spi.Elements.getElements(Elements.java:113)
	at com.google.inject.internal.InjectorShell$Builder.build(InjectorShell.java:160)
	at com.google.inject.internal.InternalInjectorCreator.build(InternalInjectorCreator.java:107)
	at com.google.inject.Guice.createInjector(Guice.java:87)
	at com.google.inject.Guice.createInjector(Guice.java:69)
	at com.google.inject.Guice.createInjector(Guice.java:59)
	at org.codehaus.plexus.DefaultPlexusContainer.addPlexusInjector(DefaultPlexusContainer.java:481)
	at org.codehaus.plexus.DefaultPlexusContainer.<init>(DefaultPlexusContainer.java:206)
	at org.apache.maven.plugin.testing.AbstractMojoTestCase.setupContainer(AbstractMojoTestCase.java:264)
	at org.apache.maven.plugin.testing.AbstractMojoTestCase.getContainer(AbstractMojoTestCase.java:298)
	at org.apache.maven.plugin.testing.AbstractMojoTestCase.setUp(AbstractMojoTestCase.java:152)
	at org.apache.maven.plugin.testing.MojoRule$2.evaluate(MojoRule.java:304)
	at com.github.tomakehurst.wiremock.junit.WireMockRule$1.evaluate(WireMockRule.java:79)
	at org.junit.runners.ParentRunner$3.evaluate(ParentRunner.java:306)
	at org.junit.runners.BlockJUnit4ClassRunner$1.evaluate(BlockJUnit4ClassRunner.java:100)
	at org.junit.runners.ParentRunner.runLeaf(ParentRunner.java:366)
	at org.junit.runners.BlockJUnit4ClassRunner.runChild(BlockJUnit4ClassRunner.java:103)
	at org.junit.runners.BlockJUnit4ClassRunner.runChild(BlockJUnit4ClassRunner.java:63)
	at org.junit.runners.ParentRunner$4.run(ParentRunner.java:331)
	at org.junit.runners.ParentRunner$1.schedule(ParentRunner.java:79)
	at org.junit.runners.ParentRunner.runChildren(ParentRunner.java:329)
	at org.junit.runners.ParentRunner.access$100(ParentRunner.java:66)
	at org.junit.runners.ParentRunner$2.evaluate(ParentRunner.java:293)
	at org.junit.runners.ParentRunner$3.evaluate(ParentRunner.java:306)
	at org.junit.runners.ParentRunner.run(ParentRunner.java:413)
	at org.apache.maven.surefire.junit4.JUnit4Provider.execute(JUnit4Provider.java:316)
	at org.apache.maven.surefire.junit4.JUnit4Provider.executeWithRerun(JUnit4Provider.java:240)
	at org.apache.maven.surefire.junit4.JUnit4Provider.executeTestSet(JUnit4Provider.java:214)
	at org.apache.maven.surefire.junit4.JUnit4Provider.invoke(JUnit4Provider.java:155)
	at org.apache.maven.surefire.booter.ForkedBooter.runSuitesInProcess(ForkedBooter.java:385)
	at org.apache.maven.surefire.booter.ForkedBooter.execute(ForkedBooter.java:162)
	at org.apache.maven.surefire.booter.ForkedBooter.run(ForkedBooter.java:507)
	at org.apache.maven.surefire.booter.ForkedBooter.main(ForkedBooter.java:495)

[ERROR] io.github.pmckeown.dependencytrack.upload.UploadBomMojoIntegrationTest.thatBomCanBeUploadedSuccessfully -- Time elapsed: 0.007 s <<< ERROR!
java.lang.NoClassDefFoundError: Could not initialize class org.eclipse.sisu.wire.ParameterKeys
	at org.eclipse.sisu.wire.DependencyAnalyzer.<init>(DependencyAnalyzer.java:93)
	at org.eclipse.sisu.wire.ElementAnalyzer.<init>(ElementAnalyzer.java:104)
	at org.eclipse.sisu.wire.WireModule.configure(WireModule.java:74)
	at com.google.inject.spi.Elements$RecordingBinder.install(Elements.java:426)
	at com.google.inject.spi.Elements.getElements(Elements.java:113)
	at com.google.inject.internal.InjectorShell$Builder.build(InjectorShell.java:160)
	at com.google.inject.internal.InternalInjectorCreator.build(InternalInjectorCreator.java:107)
	at com.google.inject.Guice.createInjector(Guice.java:87)
	at com.google.inject.Guice.createInjector(Guice.java:69)
	at com.google.inject.Guice.createInjector(Guice.java:59)
	at org.codehaus.plexus.DefaultPlexusContainer.addPlexusInjector(DefaultPlexusContainer.java:481)
	at org.codehaus.plexus.DefaultPlexusContainer.<init>(DefaultPlexusContainer.java:206)
	at org.apache.maven.plugin.testing.AbstractMojoTestCase.setupContainer(AbstractMojoTestCase.java:264)
	at org.apache.maven.plugin.testing.AbstractMojoTestCase.getContainer(AbstractMojoTestCase.java:298)
	at org.apache.maven.plugin.testing.AbstractMojoTestCase.setUp(AbstractMojoTestCase.java:152)
	at org.apache.maven.plugin.testing.MojoRule$2.evaluate(MojoRule.java:304)
	at com.github.tomakehurst.wiremock.junit.WireMockRule$1.evaluate(WireMockRule.java:79)
	at org.junit.runners.ParentRunner$3.evaluate(ParentRunner.java:306)
	at org.junit.runners.BlockJUnit4ClassRunner$1.evaluate(BlockJUnit4ClassRunner.java:100)
	at org.junit.runners.ParentRunner.runLeaf(ParentRunner.java:366)
	at org.junit.runners.BlockJUnit4ClassRunner.runChild(BlockJUnit4ClassRunner.java:103)
	at org.junit.runners.BlockJUnit4ClassRunner.runChild(BlockJUnit4ClassRunner.java:63)
	at org.junit.runners.ParentRunner$4.run(ParentRunner.java:331)
	at org.junit.runners.ParentRunner$1.schedule(ParentRunner.java:79)
	at org.junit.runners.ParentRunner.runChildren(ParentRunner.java:329)
	at org.junit.runners.ParentRunner.access$100(ParentRunner.java:66)
	at org.junit.runners.ParentRunner$2.evaluate(ParentRunner.java:293)
	at org.junit.runners.ParentRunner$3.evaluate(ParentRunner.java:306)
	at org.junit.runners.ParentRunner.run(ParentRunner.java:413)
	at org.apache.maven.surefire.junit4.JUnit4Provider.execute(JUnit4Provider.java:316)
	at org.apache.maven.surefire.junit4.JUnit4Provider.executeWithRerun(JUnit4Provider.java:240)
	at org.apache.maven.surefire.junit4.JUnit4Provider.executeTestSet(JUnit4Provider.java:214)
	at org.apache.maven.surefire.junit4.JUnit4Provider.invoke(JUnit4Provider.java:155)
	at org.apache.maven.surefire.booter.ForkedBooter.runSuitesInProcess(ForkedBooter.java:385)
	at org.apache.maven.surefire.booter.ForkedBooter.execute(ForkedBooter.java:162)
	at org.apache.maven.surefire.booter.ForkedBooter.run(ForkedBooter.java:507)
	at org.apache.maven.surefire.booter.ForkedBooter.main(ForkedBooter.java:495)

[ERROR] io.github.pmckeown.dependencytrack.upload.UploadBomMojoIntegrationTest.thatProjectParentNameAndVersionCanBeIgnored -- Time elapsed: 0.007 s <<< ERROR!
java.lang.NoClassDefFoundError: Could not initialize class org.eclipse.sisu.wire.ParameterKeys
	at org.eclipse.sisu.wire.DependencyAnalyzer.<init>(DependencyAnalyzer.java:93)
	at org.eclipse.sisu.wire.ElementAnalyzer.<init>(ElementAnalyzer.java:104)
	at org.eclipse.sisu.wire.WireModule.configure(WireModule.java:74)
	at com.google.inject.spi.Elements$RecordingBinder.install(Elements.java:426)
	at com.google.inject.spi.Elements.getElements(Elements.java:113)
	at com.google.inject.internal.InjectorShell$Builder.build(InjectorShell.java:160)
	at com.google.inject.internal.InternalInjectorCreator.build(InternalInjectorCreator.java:107)
	at com.google.inject.Guice.createInjector(Guice.java:87)
	at com.google.inject.Guice.createInjector(Guice.java:69)
	at com.google.inject.Guice.createInjector(Guice.java:59)
	at org.codehaus.plexus.DefaultPlexusContainer.addPlexusInjector(DefaultPlexusContainer.java:481)
	at org.codehaus.plexus.DefaultPlexusContainer.<init>(DefaultPlexusContainer.java:206)
	at org.apache.maven.plugin.testing.AbstractMojoTestCase.setupContainer(AbstractMojoTestCase.java:264)
	at org.apache.maven.plugin.testing.AbstractMojoTestCase.getContainer(AbstractMojoTestCase.java:298)
	at org.apache.maven.plugin.testing.AbstractMojoTestCase.setUp(AbstractMojoTestCase.java:152)
	at org.apache.maven.plugin.testing.MojoRule$2.evaluate(MojoRule.java:304)
	at com.github.tomakehurst.wiremock.junit.WireMockRule$1.evaluate(WireMockRule.java:79)
	at org.junit.runners.ParentRunner$3.evaluate(ParentRunner.java:306)
	at org.junit.runners.BlockJUnit4ClassRunner$1.evaluate(BlockJUnit4ClassRunner.java:100)
	at org.junit.runners.ParentRunner.runLeaf(ParentRunner.java:366)
	at org.junit.runners.BlockJUnit4ClassRunner.runChild(BlockJUnit4ClassRunner.java:103)
	at org.junit.runners.BlockJUnit4ClassRunner.runChild(BlockJUnit4ClassRunner.java:63)
	at org.junit.runners.ParentRunner$4.run(ParentRunner.java:331)
	at org.junit.runners.ParentRunner$1.schedule(ParentRunner.java:79)
	at org.junit.runners.ParentRunner.runChildren(ParentRunner.java:329)
	at org.junit.runners.ParentRunner.access$100(ParentRunner.java:66)
	at org.junit.runners.ParentRunner$2.evaluate(ParentRunner.java:293)
	at org.junit.runners.ParentRunner$3.evaluate(ParentRunner.java:306)
	at org.junit.runners.ParentRunner.run(ParentRunner.java:413)
	at org.apache.maven.surefire.junit4.JUnit4Provider.execute(JUnit4Provider.java:316)
	at org.apache.maven.surefire.junit4.JUnit4Provider.executeWithRerun(JUnit4Provider.java:240)
	at org.apache.maven.surefire.junit4.JUnit4Provider.executeTestSet(JUnit4Provider.java:214)
	at org.apache.maven.surefire.junit4.JUnit4Provider.invoke(JUnit4Provider.java:155)
	at org.apache.maven.surefire.booter.ForkedBooter.runSuitesInProcess(ForkedBooter.java:385)
	at org.apache.maven.surefire.booter.ForkedBooter.execute(ForkedBooter.java:162)
	at org.apache.maven.surefire.booter.ForkedBooter.run(ForkedBooter.java:507)
	at org.apache.maven.surefire.booter.ForkedBooter.main(ForkedBooter.java:495)

[ERROR] io.github.pmckeown.dependencytrack.upload.UploadBomMojoIntegrationTest.thatWhenFailOnErrorIsTrueAFailureToConnectToDependencyTrackDoesFailTheBuild -- Time elapsed: 0.008 s <<< ERROR!
java.lang.NoClassDefFoundError: Could not initialize class org.eclipse.sisu.wire.ParameterKeys
	at org.eclipse.sisu.wire.DependencyAnalyzer.<init>(DependencyAnalyzer.java:93)
	at org.eclipse.sisu.wire.ElementAnalyzer.<init>(ElementAnalyzer.java:104)
	at org.eclipse.sisu.wire.WireModule.configure(WireModule.java:74)
	at com.google.inject.spi.Elements$RecordingBinder.install(Elements.java:426)
	at com.google.inject.spi.Elements.getElements(Elements.java:113)
	at com.google.inject.internal.InjectorShell$Builder.build(InjectorShell.java:160)
	at com.google.inject.internal.InternalInjectorCreator.build(InternalInjectorCreator.java:107)
	at com.google.inject.Guice.createInjector(Guice.java:87)
	at com.google.inject.Guice.createInjector(Guice.java:69)
	at com.google.inject.Guice.createInjector(Guice.java:59)
	at org.codehaus.plexus.DefaultPlexusContainer.addPlexusInjector(DefaultPlexusContainer.java:481)
	at org.codehaus.plexus.DefaultPlexusContainer.<init>(DefaultPlexusContainer.java:206)
	at org.apache.maven.plugin.testing.AbstractMojoTestCase.setupContainer(AbstractMojoTestCase.java:264)
	at org.apache.maven.plugin.testing.AbstractMojoTestCase.getContainer(AbstractMojoTestCase.java:298)
	at org.apache.maven.plugin.testing.AbstractMojoTestCase.setUp(AbstractMojoTestCase.java:152)
	at org.apache.maven.plugin.testing.MojoRule$2.evaluate(MojoRule.java:304)
	at com.github.tomakehurst.wiremock.junit.WireMockRule$1.evaluate(WireMockRule.java:79)
	at org.junit.runners.ParentRunner$3.evaluate(ParentRunner.java:306)
	at org.junit.runners.BlockJUnit4ClassRunner$1.evaluate(BlockJUnit4ClassRunner.java:100)
	at org.junit.runners.ParentRunner.runLeaf(ParentRunner.java:366)
	at org.junit.runners.BlockJUnit4ClassRunner.runChild(BlockJUnit4ClassRunner.java:103)
	at org.junit.runners.BlockJUnit4ClassRunner.runChild(BlockJUnit4ClassRunner.java:63)
	at org.junit.runners.ParentRunner$4.run(ParentRunner.java:331)
	at org.junit.runners.ParentRunner$1.schedule(ParentRunner.java:79)
	at org.junit.runners.ParentRunner.runChildren(ParentRunner.java:329)
	at org.junit.runners.ParentRunner.access$100(ParentRunner.java:66)
	at org.junit.runners.ParentRunner$2.evaluate(ParentRunner.java:293)
	at org.junit.runners.ParentRunner$3.evaluate(ParentRunner.java:306)
	at org.junit.runners.ParentRunner.run(ParentRunner.java:413)
	at org.apache.maven.surefire.junit4.JUnit4Provider.execute(JUnit4Provider.java:316)
	at org.apache.maven.surefire.junit4.JUnit4Provider.executeWithRerun(JUnit4Provider.java:240)
	at org.apache.maven.surefire.junit4.JUnit4Provider.executeTestSet(JUnit4Provider.java:214)
	at org.apache.maven.surefire.junit4.JUnit4Provider.invoke(JUnit4Provider.java:155)
	at org.apache.maven.surefire.booter.ForkedBooter.runSuitesInProcess(ForkedBooter.java:385)
	at org.apache.maven.surefire.booter.ForkedBooter.execute(ForkedBooter.java:162)
	at org.apache.maven.surefire.booter.ForkedBooter.run(ForkedBooter.java:507)
	at org.apache.maven.surefire.booter.ForkedBooter.main(ForkedBooter.java:495)

[ERROR] io.github.pmckeown.dependencytrack.upload.UploadBomMojoIntegrationTest.thatProjectNameDefaultsToArtifactId -- Time elapsed: 0.008 s <<< ERROR!
java.lang.NoClassDefFoundError: Could not initialize class org.eclipse.sisu.wire.ParameterKeys
	at org.eclipse.sisu.wire.DependencyAnalyzer.<init>(DependencyAnalyzer.java:93)
	at org.eclipse.sisu.wire.ElementAnalyzer.<init>(ElementAnalyzer.java:104)
	at org.eclipse.sisu.wire.WireModule.configure(WireModule.java:74)
	at com.google.inject.spi.Elements$RecordingBinder.install(Elements.java:426)
	at com.google.inject.spi.Elements.getElements(Elements.java:113)
	at com.google.inject.internal.InjectorShell$Builder.build(InjectorShell.java:160)
	at com.google.inject.internal.InternalInjectorCreator.build(InternalInjectorCreator.java:107)
	at com.google.inject.Guice.createInjector(Guice.java:87)
	at com.google.inject.Guice.createInjector(Guice.java:69)
	at com.google.inject.Guice.createInjector(Guice.java:59)
	at org.codehaus.plexus.DefaultPlexusContainer.addPlexusInjector(DefaultPlexusContainer.java:481)
	at org.codehaus.plexus.DefaultPlexusContainer.<init>(DefaultPlexusContainer.java:206)
	at org.apache.maven.plugin.testing.AbstractMojoTestCase.setupContainer(AbstractMojoTestCase.java:264)
	at org.apache.maven.plugin.testing.AbstractMojoTestCase.getContainer(AbstractMojoTestCase.java:298)
	at org.apache.maven.plugin.testing.AbstractMojoTestCase.setUp(AbstractMojoTestCase.java:152)
	at org.apache.maven.plugin.testing.MojoRule$2.evaluate(MojoRule.java:304)
	at com.github.tomakehurst.wiremock.junit.WireMockRule$1.evaluate(WireMockRule.java:79)
	at org.junit.runners.ParentRunner$3.evaluate(ParentRunner.java:306)
	at org.junit.runners.BlockJUnit4ClassRunner$1.evaluate(BlockJUnit4ClassRunner.java:100)
	at org.junit.runners.ParentRunner.runLeaf(ParentRunner.java:366)
	at org.junit.runners.BlockJUnit4ClassRunner.runChild(BlockJUnit4ClassRunner.java:103)
	at org.junit.runners.BlockJUnit4ClassRunner.runChild(BlockJUnit4ClassRunner.java:63)
	at org.junit.runners.ParentRunner$4.run(ParentRunner.java:331)
	at org.junit.runners.ParentRunner$1.schedule(ParentRunner.java:79)
	at org.junit.runners.ParentRunner.runChildren(ParentRunner.java:329)
	at org.junit.runners.ParentRunner.access$100(ParentRunner.java:66)
	at org.junit.runners.ParentRunner$2.evaluate(ParentRunner.java:293)
	at org.junit.runners.ParentRunner$3.evaluate(ParentRunner.java:306)
	at org.junit.runners.ParentRunner.run(ParentRunner.java:413)
	at org.apache.maven.surefire.junit4.JUnit4Provider.execute(JUnit4Provider.java:316)
	at org.apache.maven.surefire.junit4.JUnit4Provider.executeWithRerun(JUnit4Provider.java:240)
	at org.apache.maven.surefire.junit4.JUnit4Provider.executeTestSet(JUnit4Provider.java:214)
	at org.apache.maven.surefire.junit4.JUnit4Provider.invoke(JUnit4Provider.java:155)
	at org.apache.maven.surefire.booter.ForkedBooter.runSuitesInProcess(ForkedBooter.java:385)
	at org.apache.maven.surefire.booter.ForkedBooter.execute(ForkedBooter.java:162)
	at org.apache.maven.surefire.booter.ForkedBooter.run(ForkedBooter.java:507)
	at org.apache.maven.surefire.booter.ForkedBooter.main(ForkedBooter.java:495)

[ERROR] io.github.pmckeown.dependencytrack.upload.UploadBomMojoIntegrationTest.thatProjectNameCanBeProvided -- Time elapsed: 0.010 s <<< ERROR!
java.lang.NoClassDefFoundError: Could not initialize class org.eclipse.sisu.wire.ParameterKeys
	at org.eclipse.sisu.wire.DependencyAnalyzer.<init>(DependencyAnalyzer.java:93)
	at org.eclipse.sisu.wire.ElementAnalyzer.<init>(ElementAnalyzer.java:104)
	at org.eclipse.sisu.wire.WireModule.configure(WireModule.java:74)
	at com.google.inject.spi.Elements$RecordingBinder.install(Elements.java:426)
	at com.google.inject.spi.Elements.getElements(Elements.java:113)
	at com.google.inject.internal.InjectorShell$Builder.build(InjectorShell.java:160)
	at com.google.inject.internal.InternalInjectorCreator.build(InternalInjectorCreator.java:107)
	at com.google.inject.Guice.createInjector(Guice.java:87)
	at com.google.inject.Guice.createInjector(Guice.java:69)
	at com.google.inject.Guice.createInjector(Guice.java:59)
	at org.codehaus.plexus.DefaultPlexusContainer.addPlexusInjector(DefaultPlexusContainer.java:481)
	at org.codehaus.plexus.DefaultPlexusContainer.<init>(DefaultPlexusContainer.java:206)
	at org.apache.maven.plugin.testing.AbstractMojoTestCase.setupContainer(AbstractMojoTestCase.java:264)
	at org.apache.maven.plugin.testing.AbstractMojoTestCase.getContainer(AbstractMojoTestCase.java:298)
	at org.apache.maven.plugin.testing.AbstractMojoTestCase.setUp(AbstractMojoTestCase.java:152)
	at org.apache.maven.plugin.testing.MojoRule$2.evaluate(MojoRule.java:304)
	at com.github.tomakehurst.wiremock.junit.WireMockRule$1.evaluate(WireMockRule.java:79)
	at org.junit.runners.ParentRunner$3.evaluate(ParentRunner.java:306)
	at org.junit.runners.BlockJUnit4ClassRunner$1.evaluate(BlockJUnit4ClassRunner.java:100)
	at org.junit.runners.ParentRunner.runLeaf(ParentRunner.java:366)
	at org.junit.runners.BlockJUnit4ClassRunner.runChild(BlockJUnit4ClassRunner.java:103)
	at org.junit.runners.BlockJUnit4ClassRunner.runChild(BlockJUnit4ClassRunner.java:63)
	at org.junit.runners.ParentRunner$4.run(ParentRunner.java:331)
	at org.junit.runners.ParentRunner$1.schedule(ParentRunner.java:79)
	at org.junit.runners.ParentRunner.runChildren(ParentRunner.java:329)
	at org.junit.runners.ParentRunner.access$100(ParentRunner.java:66)
	at org.junit.runners.ParentRunner$2.evaluate(ParentRunner.java:293)
	at org.junit.runners.ParentRunner$3.evaluate(ParentRunner.java:306)
	at org.junit.runners.ParentRunner.run(ParentRunner.java:413)
	at org.apache.maven.surefire.junit4.JUnit4Provider.execute(JUnit4Provider.java:316)
	at org.apache.maven.surefire.junit4.JUnit4Provider.executeWithRerun(JUnit4Provider.java:240)
	at org.apache.maven.surefire.junit4.JUnit4Provider.executeTestSet(JUnit4Provider.java:214)
	at org.apache.maven.surefire.junit4.JUnit4Provider.invoke(JUnit4Provider.java:155)
	at org.apache.maven.surefire.booter.ForkedBooter.runSuitesInProcess(ForkedBooter.java:385)
	at org.apache.maven.surefire.booter.ForkedBooter.execute(ForkedBooter.java:162)
	at org.apache.maven.surefire.booter.ForkedBooter.run(ForkedBooter.java:507)
	at org.apache.maven.surefire.booter.ForkedBooter.main(ForkedBooter.java:495)

[INFO] Running io.github.pmckeown.dependencytrack.upload.UploadBomActionTest
[INFO] Tests run: 5, Failures: 0, Errors: 0, Skipped: 0, Time elapsed: 0.041 s -- in io.github.pmckeown.dependencytrack.upload.UploadBomActionTest
[INFO] Running io.github.pmckeown.dependencytrack.upload.UploadBomMojoTest
[debug] Error occurred during upload

io.github.pmckeown.dependencytrack.DependencyTrackException: No parent found.
	at io.github.pmckeown.dependencytrack.upload.UploadBomMojo.getProjectParent(UploadBomMojo.java:106)
	at io.github.pmckeown.dependencytrack.upload.UploadBomMojo.performAction(UploadBomMojo.java:86)
	at io.github.pmckeown.dependencytrack.upload.UploadBomMojoTest.thatUpdateParentFailsWhenParentNameIsNull(UploadBomMojoTest.java:137)
	at java.base/jdk.internal.reflect.NativeMethodAccessorImpl.invoke0(Native Method)
	at java.base/jdk.internal.reflect.NativeMethodAccessorImpl.invoke(NativeMethodAccessorImpl.java:62)
	at java.base/jdk.internal.reflect.DelegatingMethodAccessorImpl.invoke(DelegatingMethodAccessorImpl.java:43)
	at java.base/java.lang.reflect.Method.invoke(Method.java:566)
	at org.junit.runners.model.FrameworkMethod$1.runReflectiveCall(FrameworkMethod.java:59)
	at org.junit.internal.runners.model.ReflectiveCallable.run(ReflectiveCallable.java:12)
	at org.junit.runners.model.FrameworkMethod.invokeExplosively(FrameworkMethod.java:56)
	at org.junit.internal.runners.statements.InvokeMethod.evaluate(InvokeMethod.java:17)
	at org.junit.internal.runners.statements.RunBefores.evaluate(RunBefores.java:26)
	at org.mockito.internal.runners.DefaultInternalRunner$1$1.evaluate(DefaultInternalRunner.java:55)
	at org.junit.runners.ParentRunner$3.evaluate(ParentRunner.java:306)
	at org.junit.runners.BlockJUnit4ClassRunner$1.evaluate(BlockJUnit4ClassRunner.java:100)
	at org.junit.runners.ParentRunner.runLeaf(ParentRunner.java:366)
	at org.junit.runners.BlockJUnit4ClassRunner.runChild(BlockJUnit4ClassRunner.java:103)
	at org.junit.runners.BlockJUnit4ClassRunner.runChild(BlockJUnit4ClassRunner.java:63)
	at org.junit.runners.ParentRunner$4.run(ParentRunner.java:331)
	at org.junit.runners.ParentRunner$1.schedule(ParentRunner.java:79)
	at org.junit.runners.ParentRunner.runChildren(ParentRunner.java:329)
	at org.junit.runners.ParentRunner.access$100(ParentRunner.java:66)
	at org.junit.runners.ParentRunner$2.evaluate(ParentRunner.java:293)
	at org.junit.runners.ParentRunner$3.evaluate(ParentRunner.java:306)
	at org.junit.runners.ParentRunner.run(ParentRunner.java:413)
	at org.mockito.internal.runners.DefaultInternalRunner$1.run(DefaultInternalRunner.java:100)
	at org.mockito.internal.runners.DefaultInternalRunner.run(DefaultInternalRunner.java:107)
	at org.mockito.internal.runners.StrictRunner.run(StrictRunner.java:41)
	at org.mockito.junit.MockitoJUnitRunner.run(MockitoJUnitRunner.java:163)
	at org.apache.maven.surefire.junit4.JUnit4Provider.execute(JUnit4Provider.java:316)
	at org.apache.maven.surefire.junit4.JUnit4Provider.executeWithRerun(JUnit4Provider.java:240)
	at org.apache.maven.surefire.junit4.JUnit4Provider.executeTestSet(JUnit4Provider.java:214)
	at org.apache.maven.surefire.junit4.JUnit4Provider.invoke(JUnit4Provider.java:155)
	at org.apache.maven.surefire.booter.ForkedBooter.runSuitesInProcess(ForkedBooter.java:385)
	at org.apache.maven.surefire.booter.ForkedBooter.execute(ForkedBooter.java:162)
	at org.apache.maven.surefire.booter.ForkedBooter.run(ForkedBooter.java:507)
	at org.apache.maven.surefire.booter.ForkedBooter.main(ForkedBooter.java:495)

[debug] Error occurred during upload

io.github.pmckeown.dependencytrack.DependencyTrackException: Failed to update project info
	at io.github.pmckeown.dependencytrack.upload.UploadBomMojo.performAction(UploadBomMojo.java:92)
	at io.github.pmckeown.dependencytrack.upload.UploadBomMojoTest.thatWhenUpdateParentFailsTheLoggerIsCalledAndBuildFails(UploadBomMojoTest.java:119)
	at java.base/jdk.internal.reflect.NativeMethodAccessorImpl.invoke0(Native Method)
	at java.base/jdk.internal.reflect.NativeMethodAccessorImpl.invoke(NativeMethodAccessorImpl.java:62)
	at java.base/jdk.internal.reflect.DelegatingMethodAccessorImpl.invoke(DelegatingMethodAccessorImpl.java:43)
	at java.base/java.lang.reflect.Method.invoke(Method.java:566)
	at org.junit.runners.model.FrameworkMethod$1.runReflectiveCall(FrameworkMethod.java:59)
	at org.junit.internal.runners.model.ReflectiveCallable.run(ReflectiveCallable.java:12)
	at org.junit.runners.model.FrameworkMethod.invokeExplosively(FrameworkMethod.java:56)
	at org.junit.internal.runners.statements.InvokeMethod.evaluate(InvokeMethod.java:17)
	at org.junit.internal.runners.statements.RunBefores.evaluate(RunBefores.java:26)
	at org.mockito.internal.runners.DefaultInternalRunner$1$1.evaluate(DefaultInternalRunner.java:55)
	at org.junit.runners.ParentRunner$3.evaluate(ParentRunner.java:306)
	at org.junit.runners.BlockJUnit4ClassRunner$1.evaluate(BlockJUnit4ClassRunner.java:100)
	at org.junit.runners.ParentRunner.runLeaf(ParentRunner.java:366)
	at org.junit.runners.BlockJUnit4ClassRunner.runChild(BlockJUnit4ClassRunner.java:103)
	at org.junit.runners.BlockJUnit4ClassRunner.runChild(BlockJUnit4ClassRunner.java:63)
	at org.junit.runners.ParentRunner$4.run(ParentRunner.java:331)
	at org.junit.runners.ParentRunner$1.schedule(ParentRunner.java:79)
	at org.junit.runners.ParentRunner.runChildren(ParentRunner.java:329)
	at org.junit.runners.ParentRunner.access$100(ParentRunner.java:66)
	at org.junit.runners.ParentRunner$2.evaluate(ParentRunner.java:293)
	at org.junit.runners.ParentRunner$3.evaluate(ParentRunner.java:306)
	at org.junit.runners.ParentRunner.run(ParentRunner.java:413)
	at org.mockito.internal.runners.DefaultInternalRunner$1.run(DefaultInternalRunner.java:100)
	at org.mockito.internal.runners.DefaultInternalRunner.run(DefaultInternalRunner.java:107)
	at org.mockito.internal.runners.StrictRunner.run(StrictRunner.java:41)
	at org.mockito.junit.MockitoJUnitRunner.run(MockitoJUnitRunner.java:163)
	at org.apache.maven.surefire.junit4.JUnit4Provider.execute(JUnit4Provider.java:316)
	at org.apache.maven.surefire.junit4.JUnit4Provider.executeWithRerun(JUnit4Provider.java:240)
	at org.apache.maven.surefire.junit4.JUnit4Provider.executeTestSet(JUnit4Provider.java:214)
	at org.apache.maven.surefire.junit4.JUnit4Provider.invoke(JUnit4Provider.java:155)
	at org.apache.maven.surefire.booter.ForkedBooter.runSuitesInProcess(ForkedBooter.java:385)
	at org.apache.maven.surefire.booter.ForkedBooter.execute(ForkedBooter.java:162)
	at org.apache.maven.surefire.booter.ForkedBooter.run(ForkedBooter.java:507)
	at org.apache.maven.surefire.booter.ForkedBooter.main(ForkedBooter.java:495)

[error] Bom upload failed
[error] Bom upload failed
[INFO] Tests run: 6, Failures: 0, Errors: 0, Skipped: 0, Time elapsed: 0.387 s -- in io.github.pmckeown.dependencytrack.upload.UploadBomMojoTest
[INFO] Running io.github.pmckeown.dependencytrack.upload.BomClientIntegrationTest
[INFO] Tests run: 6, Failures: 0, Errors: 0, Skipped: 0, Time elapsed: 0.395 s -- in io.github.pmckeown.dependencytrack.upload.BomClientIntegrationTest
[INFO] Running io.github.pmckeown.dependencytrack.PollingConfigTest
[INFO] Tests run: 2, Failures: 0, Errors: 0, Skipped: 0, Time elapsed: 0 s -- in io.github.pmckeown.dependencytrack.PollingConfigTest
[INFO] Running io.github.pmckeown.dependencytrack.PollerTest
[INFO] Tests run: 4, Failures: 0, Errors: 0, Skipped: 0, Time elapsed: 0.006 s -- in io.github.pmckeown.dependencytrack.PollerTest
[INFO] Running io.github.pmckeown.dependencytrack.ThresholdsTest
[INFO] Tests run: 6, Failures: 0, Errors: 0, Skipped: 0, Time elapsed: 0.001 s -- in io.github.pmckeown.dependencytrack.ThresholdsTest
[INFO] Running io.github.pmckeown.dependencytrack.policyviolation.PolicyViolationsPrinterTest
[INFO] Tests run: 3, Failures: 0, Errors: 0, Skipped: 0, Time elapsed: 0.067 s -- in io.github.pmckeown.dependencytrack.policyviolation.PolicyViolationsPrinterTest
[INFO] Running io.github.pmckeown.dependencytrack.policyviolation.PolicyViolationsMojoIntegrationTest
[ERROR] Tests run: 7, Failures: 0, Errors: 7, Skipped: 0, Time elapsed: 0.084 s <<< FAILURE! -- in io.github.pmckeown.dependencytrack.policyviolation.PolicyViolationsMojoIntegrationTest
[ERROR] io.github.pmckeown.dependencytrack.policyviolation.PolicyViolationsMojoIntegrationTest.thatPolicyMojoCanRetrievePolicyViolationFailuresAndFailIfFailOnWarnFalse -- Time elapsed: 0.007 s <<< ERROR!
java.lang.NoClassDefFoundError: Could not initialize class org.eclipse.sisu.wire.ParameterKeys
	at org.eclipse.sisu.wire.DependencyAnalyzer.<init>(DependencyAnalyzer.java:93)
	at org.eclipse.sisu.wire.ElementAnalyzer.<init>(ElementAnalyzer.java:104)
	at org.eclipse.sisu.wire.WireModule.configure(WireModule.java:74)
	at com.google.inject.spi.Elements$RecordingBinder.install(Elements.java:426)
	at com.google.inject.spi.Elements.getElements(Elements.java:113)
	at com.google.inject.internal.InjectorShell$Builder.build(InjectorShell.java:160)
	at com.google.inject.internal.InternalInjectorCreator.build(InternalInjectorCreator.java:107)
	at com.google.inject.Guice.createInjector(Guice.java:87)
	at com.google.inject.Guice.createInjector(Guice.java:69)
	at com.google.inject.Guice.createInjector(Guice.java:59)
	at org.codehaus.plexus.DefaultPlexusContainer.addPlexusInjector(DefaultPlexusContainer.java:481)
	at org.codehaus.plexus.DefaultPlexusContainer.<init>(DefaultPlexusContainer.java:206)
	at org.apache.maven.plugin.testing.AbstractMojoTestCase.setupContainer(AbstractMojoTestCase.java:264)
	at org.apache.maven.plugin.testing.AbstractMojoTestCase.getContainer(AbstractMojoTestCase.java:298)
	at org.apache.maven.plugin.testing.AbstractMojoTestCase.setUp(AbstractMojoTestCase.java:152)
	at org.apache.maven.plugin.testing.MojoRule$2.evaluate(MojoRule.java:304)
	at com.github.tomakehurst.wiremock.junit.WireMockRule$1.evaluate(WireMockRule.java:79)
	at org.junit.runners.ParentRunner$3.evaluate(ParentRunner.java:306)
	at org.junit.runners.BlockJUnit4ClassRunner$1.evaluate(BlockJUnit4ClassRunner.java:100)
	at org.junit.runners.ParentRunner.runLeaf(ParentRunner.java:366)
	at org.junit.runners.BlockJUnit4ClassRunner.runChild(BlockJUnit4ClassRunner.java:103)
	at org.junit.runners.BlockJUnit4ClassRunner.runChild(BlockJUnit4ClassRunner.java:63)
	at org.junit.runners.ParentRunner$4.run(ParentRunner.java:331)
	at org.junit.runners.ParentRunner$1.schedule(ParentRunner.java:79)
	at org.junit.runners.ParentRunner.runChildren(ParentRunner.java:329)
	at org.junit.runners.ParentRunner.access$100(ParentRunner.java:66)
	at org.junit.runners.ParentRunner$2.evaluate(ParentRunner.java:293)
	at org.junit.runners.ParentRunner$3.evaluate(ParentRunner.java:306)
	at org.junit.runners.ParentRunner.run(ParentRunner.java:413)
	at org.apache.maven.surefire.junit4.JUnit4Provider.execute(JUnit4Provider.java:316)
	at org.apache.maven.surefire.junit4.JUnit4Provider.executeWithRerun(JUnit4Provider.java:240)
	at org.apache.maven.surefire.junit4.JUnit4Provider.executeTestSet(JUnit4Provider.java:214)
	at org.apache.maven.surefire.junit4.JUnit4Provider.invoke(JUnit4Provider.java:155)
	at org.apache.maven.surefire.booter.ForkedBooter.runSuitesInProcess(ForkedBooter.java:385)
	at org.apache.maven.surefire.booter.ForkedBooter.execute(ForkedBooter.java:162)
	at org.apache.maven.surefire.booter.ForkedBooter.run(ForkedBooter.java:507)
	at org.apache.maven.surefire.booter.ForkedBooter.main(ForkedBooter.java:495)

[ERROR] io.github.pmckeown.dependencytrack.policyviolation.PolicyViolationsMojoIntegrationTest.thatWhenExceptionOccursWhileGettingFindingsAndFailOnErrorIsTrueTheMojoErrors -- Time elapsed: 0.009 s <<< ERROR!
java.lang.NoClassDefFoundError: Could not initialize class org.eclipse.sisu.wire.ParameterKeys
	at org.eclipse.sisu.wire.DependencyAnalyzer.<init>(DependencyAnalyzer.java:93)
	at org.eclipse.sisu.wire.ElementAnalyzer.<init>(ElementAnalyzer.java:104)
	at org.eclipse.sisu.wire.WireModule.configure(WireModule.java:74)
	at com.google.inject.spi.Elements$RecordingBinder.install(Elements.java:426)
	at com.google.inject.spi.Elements.getElements(Elements.java:113)
	at com.google.inject.internal.InjectorShell$Builder.build(InjectorShell.java:160)
	at com.google.inject.internal.InternalInjectorCreator.build(InternalInjectorCreator.java:107)
	at com.google.inject.Guice.createInjector(Guice.java:87)
	at com.google.inject.Guice.createInjector(Guice.java:69)
	at com.google.inject.Guice.createInjector(Guice.java:59)
	at org.codehaus.plexus.DefaultPlexusContainer.addPlexusInjector(DefaultPlexusContainer.java:481)
	at org.codehaus.plexus.DefaultPlexusContainer.<init>(DefaultPlexusContainer.java:206)
	at org.apache.maven.plugin.testing.AbstractMojoTestCase.setupContainer(AbstractMojoTestCase.java:264)
	at org.apache.maven.plugin.testing.AbstractMojoTestCase.getContainer(AbstractMojoTestCase.java:298)
	at org.apache.maven.plugin.testing.AbstractMojoTestCase.setUp(AbstractMojoTestCase.java:152)
	at org.apache.maven.plugin.testing.MojoRule$2.evaluate(MojoRule.java:304)
	at com.github.tomakehurst.wiremock.junit.WireMockRule$1.evaluate(WireMockRule.java:79)
	at org.junit.runners.ParentRunner$3.evaluate(ParentRunner.java:306)
	at org.junit.runners.BlockJUnit4ClassRunner$1.evaluate(BlockJUnit4ClassRunner.java:100)
	at org.junit.runners.ParentRunner.runLeaf(ParentRunner.java:366)
	at org.junit.runners.BlockJUnit4ClassRunner.runChild(BlockJUnit4ClassRunner.java:103)
	at org.junit.runners.BlockJUnit4ClassRunner.runChild(BlockJUnit4ClassRunner.java:63)
	at org.junit.runners.ParentRunner$4.run(ParentRunner.java:331)
	at org.junit.runners.ParentRunner$1.schedule(ParentRunner.java:79)
	at org.junit.runners.ParentRunner.runChildren(ParentRunner.java:329)
	at org.junit.runners.ParentRunner.access$100(ParentRunner.java:66)
	at org.junit.runners.ParentRunner$2.evaluate(ParentRunner.java:293)
	at org.junit.runners.ParentRunner$3.evaluate(ParentRunner.java:306)
	at org.junit.runners.ParentRunner.run(ParentRunner.java:413)
	at org.apache.maven.surefire.junit4.JUnit4Provider.execute(JUnit4Provider.java:316)
	at org.apache.maven.surefire.junit4.JUnit4Provider.executeWithRerun(JUnit4Provider.java:240)
	at org.apache.maven.surefire.junit4.JUnit4Provider.executeTestSet(JUnit4Provider.java:214)
	at org.apache.maven.surefire.junit4.JUnit4Provider.invoke(JUnit4Provider.java:155)
	at org.apache.maven.surefire.booter.ForkedBooter.runSuitesInProcess(ForkedBooter.java:385)
	at org.apache.maven.surefire.booter.ForkedBooter.execute(ForkedBooter.java:162)
	at org.apache.maven.surefire.booter.ForkedBooter.run(ForkedBooter.java:507)
	at org.apache.maven.surefire.booter.ForkedBooter.main(ForkedBooter.java:495)

[ERROR] io.github.pmckeown.dependencytrack.policyviolation.PolicyViolationsMojoIntegrationTest.thatPolicyMojoCanRetrievePolicyViolationFailuresAndFailIfFailOnWarnTrue -- Time elapsed: 0.008 s <<< ERROR!
java.lang.NoClassDefFoundError: Could not initialize class org.eclipse.sisu.wire.ParameterKeys
	at org.eclipse.sisu.wire.DependencyAnalyzer.<init>(DependencyAnalyzer.java:93)
	at org.eclipse.sisu.wire.ElementAnalyzer.<init>(ElementAnalyzer.java:104)
	at org.eclipse.sisu.wire.WireModule.configure(WireModule.java:74)
	at com.google.inject.spi.Elements$RecordingBinder.install(Elements.java:426)
	at com.google.inject.spi.Elements.getElements(Elements.java:113)
	at com.google.inject.internal.InjectorShell$Builder.build(InjectorShell.java:160)
	at com.google.inject.internal.InternalInjectorCreator.build(InternalInjectorCreator.java:107)
	at com.google.inject.Guice.createInjector(Guice.java:87)
	at com.google.inject.Guice.createInjector(Guice.java:69)
	at com.google.inject.Guice.createInjector(Guice.java:59)
	at org.codehaus.plexus.DefaultPlexusContainer.addPlexusInjector(DefaultPlexusContainer.java:481)
	at org.codehaus.plexus.DefaultPlexusContainer.<init>(DefaultPlexusContainer.java:206)
	at org.apache.maven.plugin.testing.AbstractMojoTestCase.setupContainer(AbstractMojoTestCase.java:264)
	at org.apache.maven.plugin.testing.AbstractMojoTestCase.getContainer(AbstractMojoTestCase.java:298)
	at org.apache.maven.plugin.testing.AbstractMojoTestCase.setUp(AbstractMojoTestCase.java:152)
	at org.apache.maven.plugin.testing.MojoRule$2.evaluate(MojoRule.java:304)
	at com.github.tomakehurst.wiremock.junit.WireMockRule$1.evaluate(WireMockRule.java:79)
	at org.junit.runners.ParentRunner$3.evaluate(ParentRunner.java:306)
	at org.junit.runners.BlockJUnit4ClassRunner$1.evaluate(BlockJUnit4ClassRunner.java:100)
	at org.junit.runners.ParentRunner.runLeaf(ParentRunner.java:366)
	at org.junit.runners.BlockJUnit4ClassRunner.runChild(BlockJUnit4ClassRunner.java:103)
	at org.junit.runners.BlockJUnit4ClassRunner.runChild(BlockJUnit4ClassRunner.java:63)
	at org.junit.runners.ParentRunner$4.run(ParentRunner.java:331)
	at org.junit.runners.ParentRunner$1.schedule(ParentRunner.java:79)
	at org.junit.runners.ParentRunner.runChildren(ParentRunner.java:329)
	at org.junit.runners.ParentRunner.access$100(ParentRunner.java:66)
	at org.junit.runners.ParentRunner$2.evaluate(ParentRunner.java:293)
	at org.junit.runners.ParentRunner$3.evaluate(ParentRunner.java:306)
	at org.junit.runners.ParentRunner.run(ParentRunner.java:413)
	at org.apache.maven.surefire.junit4.JUnit4Provider.execute(JUnit4Provider.java:316)
	at org.apache.maven.surefire.junit4.JUnit4Provider.executeWithRerun(JUnit4Provider.java:240)
	at org.apache.maven.surefire.junit4.JUnit4Provider.executeTestSet(JUnit4Provider.java:214)
	at org.apache.maven.surefire.junit4.JUnit4Provider.invoke(JUnit4Provider.java:155)
	at org.apache.maven.surefire.booter.ForkedBooter.runSuitesInProcess(ForkedBooter.java:385)
	at org.apache.maven.surefire.booter.ForkedBooter.execute(ForkedBooter.java:162)
	at org.apache.maven.surefire.booter.ForkedBooter.run(ForkedBooter.java:507)
	at org.apache.maven.surefire.booter.ForkedBooter.main(ForkedBooter.java:495)

[ERROR] io.github.pmckeown.dependencytrack.policyviolation.PolicyViolationsMojoIntegrationTest.thatPolicyMojoCanRetrievePolicyViolationWarningsAndFailIfFailOnWarnTrue -- Time elapsed: 0.015 s <<< ERROR!
java.lang.NoClassDefFoundError: Could not initialize class org.eclipse.sisu.wire.ParameterKeys
	at org.eclipse.sisu.wire.DependencyAnalyzer.<init>(DependencyAnalyzer.java:93)
	at org.eclipse.sisu.wire.ElementAnalyzer.<init>(ElementAnalyzer.java:104)
	at org.eclipse.sisu.wire.WireModule.configure(WireModule.java:74)
	at com.google.inject.spi.Elements$RecordingBinder.install(Elements.java:426)
	at com.google.inject.spi.Elements.getElements(Elements.java:113)
	at com.google.inject.internal.InjectorShell$Builder.build(InjectorShell.java:160)
	at com.google.inject.internal.InternalInjectorCreator.build(InternalInjectorCreator.java:107)
	at com.google.inject.Guice.createInjector(Guice.java:87)
	at com.google.inject.Guice.createInjector(Guice.java:69)
	at com.google.inject.Guice.createInjector(Guice.java:59)
	at org.codehaus.plexus.DefaultPlexusContainer.addPlexusInjector(DefaultPlexusContainer.java:481)
	at org.codehaus.plexus.DefaultPlexusContainer.<init>(DefaultPlexusContainer.java:206)
	at org.apache.maven.plugin.testing.AbstractMojoTestCase.setupContainer(AbstractMojoTestCase.java:264)
	at org.apache.maven.plugin.testing.AbstractMojoTestCase.getContainer(AbstractMojoTestCase.java:298)
	at org.apache.maven.plugin.testing.AbstractMojoTestCase.setUp(AbstractMojoTestCase.java:152)
	at org.apache.maven.plugin.testing.MojoRule$2.evaluate(MojoRule.java:304)
	at com.github.tomakehurst.wiremock.junit.WireMockRule$1.evaluate(WireMockRule.java:79)
	at org.junit.runners.ParentRunner$3.evaluate(ParentRunner.java:306)
	at org.junit.runners.BlockJUnit4ClassRunner$1.evaluate(BlockJUnit4ClassRunner.java:100)
	at org.junit.runners.ParentRunner.runLeaf(ParentRunner.java:366)
	at org.junit.runners.BlockJUnit4ClassRunner.runChild(BlockJUnit4ClassRunner.java:103)
	at org.junit.runners.BlockJUnit4ClassRunner.runChild(BlockJUnit4ClassRunner.java:63)
	at org.junit.runners.ParentRunner$4.run(ParentRunner.java:331)
	at org.junit.runners.ParentRunner$1.schedule(ParentRunner.java:79)
	at org.junit.runners.ParentRunner.runChildren(ParentRunner.java:329)
	at org.junit.runners.ParentRunner.access$100(ParentRunner.java:66)
	at org.junit.runners.ParentRunner$2.evaluate(ParentRunner.java:293)
	at org.junit.runners.ParentRunner$3.evaluate(ParentRunner.java:306)
	at org.junit.runners.ParentRunner.run(ParentRunner.java:413)
	at org.apache.maven.surefire.junit4.JUnit4Provider.execute(JUnit4Provider.java:316)
	at org.apache.maven.surefire.junit4.JUnit4Provider.executeWithRerun(JUnit4Provider.java:240)
	at org.apache.maven.surefire.junit4.JUnit4Provider.executeTestSet(JUnit4Provider.java:214)
	at org.apache.maven.surefire.junit4.JUnit4Provider.invoke(JUnit4Provider.java:155)
	at org.apache.maven.surefire.booter.ForkedBooter.runSuitesInProcess(ForkedBooter.java:385)
	at org.apache.maven.surefire.booter.ForkedBooter.execute(ForkedBooter.java:162)
	at org.apache.maven.surefire.booter.ForkedBooter.run(ForkedBooter.java:507)
	at org.apache.maven.surefire.booter.ForkedBooter.main(ForkedBooter.java:495)

[ERROR] io.github.pmckeown.dependencytrack.policyviolation.PolicyViolationsMojoIntegrationTest.thatPolicyMojoCanRetrievePolicyViolationWarningsAndNotFailIfFailOnWarnFalse -- Time elapsed: 0.020 s <<< ERROR!
java.lang.NoClassDefFoundError: Could not initialize class org.eclipse.sisu.wire.ParameterKeys
	at org.eclipse.sisu.wire.DependencyAnalyzer.<init>(DependencyAnalyzer.java:93)
	at org.eclipse.sisu.wire.ElementAnalyzer.<init>(ElementAnalyzer.java:104)
	at org.eclipse.sisu.wire.WireModule.configure(WireModule.java:74)
	at com.google.inject.spi.Elements$RecordingBinder.install(Elements.java:426)
	at com.google.inject.spi.Elements.getElements(Elements.java:113)
	at com.google.inject.internal.InjectorShell$Builder.build(InjectorShell.java:160)
	at com.google.inject.internal.InternalInjectorCreator.build(InternalInjectorCreator.java:107)
	at com.google.inject.Guice.createInjector(Guice.java:87)
	at com.google.inject.Guice.createInjector(Guice.java:69)
	at com.google.inject.Guice.createInjector(Guice.java:59)
	at org.codehaus.plexus.DefaultPlexusContainer.addPlexusInjector(DefaultPlexusContainer.java:481)
	at org.codehaus.plexus.DefaultPlexusContainer.<init>(DefaultPlexusContainer.java:206)
	at org.apache.maven.plugin.testing.AbstractMojoTestCase.setupContainer(AbstractMojoTestCase.java:264)
	at org.apache.maven.plugin.testing.AbstractMojoTestCase.getContainer(AbstractMojoTestCase.java:298)
	at org.apache.maven.plugin.testing.AbstractMojoTestCase.setUp(AbstractMojoTestCase.java:152)
	at org.apache.maven.plugin.testing.MojoRule$2.evaluate(MojoRule.java:304)
	at com.github.tomakehurst.wiremock.junit.WireMockRule$1.evaluate(WireMockRule.java:79)
	at org.junit.runners.ParentRunner$3.evaluate(ParentRunner.java:306)
	at org.junit.runners.BlockJUnit4ClassRunner$1.evaluate(BlockJUnit4ClassRunner.java:100)
	at org.junit.runners.ParentRunner.runLeaf(ParentRunner.java:366)
	at org.junit.runners.BlockJUnit4ClassRunner.runChild(BlockJUnit4ClassRunner.java:103)
	at org.junit.runners.BlockJUnit4ClassRunner.runChild(BlockJUnit4ClassRunner.java:63)
	at org.junit.runners.ParentRunner$4.run(ParentRunner.java:331)
	at org.junit.runners.ParentRunner$1.schedule(ParentRunner.java:79)
	at org.junit.runners.ParentRunner.runChildren(ParentRunner.java:329)
	at org.junit.runners.ParentRunner.access$100(ParentRunner.java:66)
	at org.junit.runners.ParentRunner$2.evaluate(ParentRunner.java:293)
	at org.junit.runners.ParentRunner$3.evaluate(ParentRunner.java:306)
	at org.junit.runners.ParentRunner.run(ParentRunner.java:413)
	at org.apache.maven.surefire.junit4.JUnit4Provider.execute(JUnit4Provider.java:316)
	at org.apache.maven.surefire.junit4.JUnit4Provider.executeWithRerun(JUnit4Provider.java:240)
	at org.apache.maven.surefire.junit4.JUnit4Provider.executeTestSet(JUnit4Provider.java:214)
	at org.apache.maven.surefire.junit4.JUnit4Provider.invoke(JUnit4Provider.java:155)
	at org.apache.maven.surefire.booter.ForkedBooter.runSuitesInProcess(ForkedBooter.java:385)
	at org.apache.maven.surefire.booter.ForkedBooter.execute(ForkedBooter.java:162)
	at org.apache.maven.surefire.booter.ForkedBooter.run(ForkedBooter.java:507)
	at org.apache.maven.surefire.booter.ForkedBooter.main(ForkedBooter.java:495)

[ERROR] io.github.pmckeown.dependencytrack.policyviolation.PolicyViolationsMojoIntegrationTest.thatPolicyViolationsIsSkippedWhenSkipIsTrue -- Time elapsed: 0.015 s <<< ERROR!
java.lang.NoClassDefFoundError: Could not initialize class org.eclipse.sisu.wire.ParameterKeys
	at org.eclipse.sisu.wire.DependencyAnalyzer.<init>(DependencyAnalyzer.java:93)
	at org.eclipse.sisu.wire.ElementAnalyzer.<init>(ElementAnalyzer.java:104)
	at org.eclipse.sisu.wire.WireModule.configure(WireModule.java:74)
	at com.google.inject.spi.Elements$RecordingBinder.install(Elements.java:426)
	at com.google.inject.spi.Elements.getElements(Elements.java:113)
	at com.google.inject.internal.InjectorShell$Builder.build(InjectorShell.java:160)
	at com.google.inject.internal.InternalInjectorCreator.build(InternalInjectorCreator.java:107)
	at com.google.inject.Guice.createInjector(Guice.java:87)
	at com.google.inject.Guice.createInjector(Guice.java:69)
	at com.google.inject.Guice.createInjector(Guice.java:59)
	at org.codehaus.plexus.DefaultPlexusContainer.addPlexusInjector(DefaultPlexusContainer.java:481)
	at org.codehaus.plexus.DefaultPlexusContainer.<init>(DefaultPlexusContainer.java:206)
	at org.apache.maven.plugin.testing.AbstractMojoTestCase.setupContainer(AbstractMojoTestCase.java:264)
	at org.apache.maven.plugin.testing.AbstractMojoTestCase.getContainer(AbstractMojoTestCase.java:298)
	at org.apache.maven.plugin.testing.AbstractMojoTestCase.setUp(AbstractMojoTestCase.java:152)
	at org.apache.maven.plugin.testing.MojoRule$2.evaluate(MojoRule.java:304)
	at com.github.tomakehurst.wiremock.junit.WireMockRule$1.evaluate(WireMockRule.java:79)
	at org.junit.runners.ParentRunner$3.evaluate(ParentRunner.java:306)
	at org.junit.runners.BlockJUnit4ClassRunner$1.evaluate(BlockJUnit4ClassRunner.java:100)
	at org.junit.runners.ParentRunner.runLeaf(ParentRunner.java:366)
	at org.junit.runners.BlockJUnit4ClassRunner.runChild(BlockJUnit4ClassRunner.java:103)
	at org.junit.runners.BlockJUnit4ClassRunner.runChild(BlockJUnit4ClassRunner.java:63)
	at org.junit.runners.ParentRunner$4.run(ParentRunner.java:331)
	at org.junit.runners.ParentRunner$1.schedule(ParentRunner.java:79)
	at org.junit.runners.ParentRunner.runChildren(ParentRunner.java:329)
	at org.junit.runners.ParentRunner.access$100(ParentRunner.java:66)
	at org.junit.runners.ParentRunner$2.evaluate(ParentRunner.java:293)
	at org.junit.runners.ParentRunner$3.evaluate(ParentRunner.java:306)
	at org.junit.runners.ParentRunner.run(ParentRunner.java:413)
	at org.apache.maven.surefire.junit4.JUnit4Provider.execute(JUnit4Provider.java:316)
	at org.apache.maven.surefire.junit4.JUnit4Provider.executeWithRerun(JUnit4Provider.java:240)
	at org.apache.maven.surefire.junit4.JUnit4Provider.executeTestSet(JUnit4Provider.java:214)
	at org.apache.maven.surefire.junit4.JUnit4Provider.invoke(JUnit4Provider.java:155)
	at org.apache.maven.surefire.booter.ForkedBooter.runSuitesInProcess(ForkedBooter.java:385)
	at org.apache.maven.surefire.booter.ForkedBooter.execute(ForkedBooter.java:162)
	at org.apache.maven.surefire.booter.ForkedBooter.run(ForkedBooter.java:507)
	at org.apache.maven.surefire.booter.ForkedBooter.main(ForkedBooter.java:495)

[ERROR] io.github.pmckeown.dependencytrack.policyviolation.PolicyViolationsMojoIntegrationTest.thatWhenExceptionOccursWhileGettingFindingsAndFailOnErrorIsFalseTheMojoSucceeds -- Time elapsed: 0.009 s <<< ERROR!
java.lang.NoClassDefFoundError: Could not initialize class org.eclipse.sisu.wire.ParameterKeys
	at org.eclipse.sisu.wire.DependencyAnalyzer.<init>(DependencyAnalyzer.java:93)
	at org.eclipse.sisu.wire.ElementAnalyzer.<init>(ElementAnalyzer.java:104)
	at org.eclipse.sisu.wire.WireModule.configure(WireModule.java:74)
	at com.google.inject.spi.Elements$RecordingBinder.install(Elements.java:426)
	at com.google.inject.spi.Elements.getElements(Elements.java:113)
	at com.google.inject.internal.InjectorShell$Builder.build(InjectorShell.java:160)
	at com.google.inject.internal.InternalInjectorCreator.build(InternalInjectorCreator.java:107)
	at com.google.inject.Guice.createInjector(Guice.java:87)
	at com.google.inject.Guice.createInjector(Guice.java:69)
	at com.google.inject.Guice.createInjector(Guice.java:59)
	at org.codehaus.plexus.DefaultPlexusContainer.addPlexusInjector(DefaultPlexusContainer.java:481)
	at org.codehaus.plexus.DefaultPlexusContainer.<init>(DefaultPlexusContainer.java:206)
	at org.apache.maven.plugin.testing.AbstractMojoTestCase.setupContainer(AbstractMojoTestCase.java:264)
	at org.apache.maven.plugin.testing.AbstractMojoTestCase.getContainer(AbstractMojoTestCase.java:298)
	at org.apache.maven.plugin.testing.AbstractMojoTestCase.setUp(AbstractMojoTestCase.java:152)
	at org.apache.maven.plugin.testing.MojoRule$2.evaluate(MojoRule.java:304)
	at com.github.tomakehurst.wiremock.junit.WireMockRule$1.evaluate(WireMockRule.java:79)
	at org.junit.runners.ParentRunner$3.evaluate(ParentRunner.java:306)
	at org.junit.runners.BlockJUnit4ClassRunner$1.evaluate(BlockJUnit4ClassRunner.java:100)
	at org.junit.runners.ParentRunner.runLeaf(ParentRunner.java:366)
	at org.junit.runners.BlockJUnit4ClassRunner.runChild(BlockJUnit4ClassRunner.java:103)
	at org.junit.runners.BlockJUnit4ClassRunner.runChild(BlockJUnit4ClassRunner.java:63)
	at org.junit.runners.ParentRunner$4.run(ParentRunner.java:331)
	at org.junit.runners.ParentRunner$1.schedule(ParentRunner.java:79)
	at org.junit.runners.ParentRunner.runChildren(ParentRunner.java:329)
	at org.junit.runners.ParentRunner.access$100(ParentRunner.java:66)
	at org.junit.runners.ParentRunner$2.evaluate(ParentRunner.java:293)
	at org.junit.runners.ParentRunner$3.evaluate(ParentRunner.java:306)
	at org.junit.runners.ParentRunner.run(ParentRunner.java:413)
	at org.apache.maven.surefire.junit4.JUnit4Provider.execute(JUnit4Provider.java:316)
	at org.apache.maven.surefire.junit4.JUnit4Provider.executeWithRerun(JUnit4Provider.java:240)
	at org.apache.maven.surefire.junit4.JUnit4Provider.executeTestSet(JUnit4Provider.java:214)
	at org.apache.maven.surefire.junit4.JUnit4Provider.invoke(JUnit4Provider.java:155)
	at org.apache.maven.surefire.booter.ForkedBooter.runSuitesInProcess(ForkedBooter.java:385)
	at org.apache.maven.surefire.booter.ForkedBooter.execute(ForkedBooter.java:162)
	at org.apache.maven.surefire.booter.ForkedBooter.run(ForkedBooter.java:507)
	at org.apache.maven.surefire.booter.ForkedBooter.main(ForkedBooter.java:495)

[INFO] Running io.github.pmckeown.dependencytrack.policyviolation.PolicyViolationsActionTest
[INFO] Tests run: 4, Failures: 0, Errors: 0, Skipped: 0, Time elapsed: 0.011 s -- in io.github.pmckeown.dependencytrack.policyviolation.PolicyViolationsActionTest
[INFO] Running io.github.pmckeown.dependencytrack.policyviolation.report.PolicyViolationsReportTest
[INFO] Tests run: 1, Failures: 0, Errors: 0, Skipped: 0, Time elapsed: 0 s -- in io.github.pmckeown.dependencytrack.policyviolation.report.PolicyViolationsReportTest
[INFO] Running io.github.pmckeown.dependencytrack.policyviolation.report.PolicyViolationsReportGeneratorTest
[WARNING] Tests run: 3, Failures: 0, Errors: 0, Skipped: 2, Time elapsed: 0.020 s -- in io.github.pmckeown.dependencytrack.policyviolation.report.PolicyViolationsReportGeneratorTest
[INFO] Running io.github.pmckeown.dependencytrack.policyviolation.report.PolicyViolationsReportIntegrationTest
[WARNING] Tests run: 2, Failures: 0, Errors: 0, Skipped: 1, Time elapsed: 0.005 s -- in io.github.pmckeown.dependencytrack.policyviolation.report.PolicyViolationsReportIntegrationTest
[INFO] Running io.github.pmckeown.dependencytrack.policyviolation.PolicyViolationsAnalyserTest
[INFO] Tests run: 6, Failures: 0, Errors: 0, Skipped: 0, Time elapsed: 0.037 s -- in io.github.pmckeown.dependencytrack.policyviolation.PolicyViolationsAnalyserTest
[INFO] Running io.github.pmckeown.dependencytrack.policyviolation.PolicyViolationsMojoTest
[INFO] Tests run: 2, Failures: 0, Errors: 0, Skipped: 0, Time elapsed: 0.045 s -- in io.github.pmckeown.dependencytrack.policyviolation.PolicyViolationsMojoTest
[INFO] Running io.github.pmckeown.dependencytrack.policyviolation.PolicyViolationsClientTest
[INFO] Tests run: 3, Failures: 0, Errors: 0, Skipped: 0, Time elapsed: 0.159 s -- in io.github.pmckeown.dependencytrack.policyviolation.PolicyViolationsClientTest
[INFO] Running io.github.pmckeown.dependencytrack.bom.BomParserTest
[INFO] Tests run: 7, Failures: 0, Errors: 0, Skipped: 0, Time elapsed: 0.669 s -- in io.github.pmckeown.dependencytrack.bom.BomParserTest
[INFO] Running io.github.pmckeown.util.LoggerTest
[INFO] Tests run: 9, Failures: 0, Errors: 0, Skipped: 0, Time elapsed: 0.028 s -- in io.github.pmckeown.util.LoggerTest
[INFO] Running io.github.pmckeown.util.BomEncoderTest
[INFO] Tests run: 2, Failures: 0, Errors: 0, Skipped: 0, Time elapsed: 0.027 s -- in io.github.pmckeown.util.BomEncoderTest
[INFO] 
[INFO] Results:
[INFO] 
[ERROR] Errors: 
[ERROR]   FindingsMojoIntegrationTest.thatBuildDoesNotFailWhenOnlyUnassignedFindingExists  NoClassDefFound Could not initialize class org.eclipse.sisu.wire.ParameterKeys
[ERROR]   FindingsMojoIntegrationTest.thatBuildFailsWhenFindingsNumberBreachesDefinedThresholds  ExceptionInInitializer
[ERROR]   FindingsMojoIntegrationTest.thatFindingMojoCanRetrieveFindingsAndPrintThem  NoClassDefFound Could not initialize class org.eclipse.sisu.wire.ParameterKeys
[ERROR]   FindingsMojoIntegrationTest.thatFindingsIsSkippedWhenSkipIsTrue  NoClassDefFound Could not initialize class org.eclipse.sisu.wire.ParameterKeys
[ERROR]   FindingsMojoIntegrationTest.thatWhenExceptionOccursWhileGettingFindingsAndFailOnErrorIsTrueTheMojoErrors  NoClassDefFound Could not initialize class org.eclipse.sisu.wire.ParameterKeys
[ERROR]   FindingsMojoIntegrationTest.thatWhenNoFindingsAreFoundTheMojoDoesNotFail  NoClassDefFound Could not initialize class org.eclipse.sisu.wire.ParameterKeys
[ERROR]   MetricsMojoIntegrationTest.thatAnyCriticalIssuesPresentCanFailTheBuild  NoClassDefFound Could not initialize class org.eclipse.sisu.wire.ParameterKeys
[ERROR]   MetricsMojoIntegrationTest.thatExceptionIsThrownWhenMetricsCannotBeRetrievedForCurrentProject  NoClassDefFound Could not initialize class org.eclipse.sisu.wire.ParameterKeys
[ERROR]   MetricsMojoIntegrationTest.thatMetricsCanBeRetrievedForCurrentProject  NoClassDefFound Could not initialize class org.eclipse.sisu.wire.ParameterKeys
[ERROR]   MetricsMojoIntegrationTest.thatTheMetricsIsSkippedWhenSkipIsTrue  NoClassDefFound Could not initialize class org.eclipse.sisu.wire.ParameterKeys
[ERROR]   MetricsMojoIntegrationTest.thatWhenMetricsAreNotInProjectTheyAreRetrievedExplicitly  NoClassDefFound Could not initialize class org.eclipse.sisu.wire.ParameterKeys
[ERROR]   PolicyViolationsMojoIntegrationTest.thatPolicyMojoCanRetrievePolicyViolationFailuresAndFailIfFailOnWarnFalse  NoClassDefFound Could not initialize class org.eclipse.sisu.wire.ParameterKeys
[ERROR]   PolicyViolationsMojoIntegrationTest.thatPolicyMojoCanRetrievePolicyViolationFailuresAndFailIfFailOnWarnTrue  NoClassDefFound Could not initialize class org.eclipse.sisu.wire.ParameterKeys
[ERROR]   PolicyViolationsMojoIntegrationTest.thatPolicyMojoCanRetrievePolicyViolationWarningsAndFailIfFailOnWarnTrue  NoClassDefFound Could not initialize class org.eclipse.sisu.wire.ParameterKeys
[ERROR]   PolicyViolationsMojoIntegrationTest.thatPolicyMojoCanRetrievePolicyViolationWarningsAndNotFailIfFailOnWarnFalse  NoClassDefFound Could not initialize class org.eclipse.sisu.wire.ParameterKeys
[ERROR]   PolicyViolationsMojoIntegrationTest.thatPolicyViolationsIsSkippedWhenSkipIsTrue  NoClassDefFound Could not initialize class org.eclipse.sisu.wire.ParameterKeys
[ERROR]   PolicyViolationsMojoIntegrationTest.thatWhenExceptionOccursWhileGettingFindingsAndFailOnErrorIsFalseTheMojoSucceeds  NoClassDefFound Could not initialize class org.eclipse.sisu.wire.ParameterKeys
[ERROR]   PolicyViolationsMojoIntegrationTest.thatWhenExceptionOccursWhileGettingFindingsAndFailOnErrorIsTrueTheMojoErrors  NoClassDefFound Could not initialize class org.eclipse.sisu.wire.ParameterKeys
[ERROR]   DeleteProjectMojoIntegrationTest.thatAProjectCanBeDeleted  NoClassDefFound Could not initialize class org.eclipse.sisu.wire.ParameterKeys
[ERROR]   DeleteProjectMojoIntegrationTest.thatDeleteIsSkippedWhenSkipIsTrue  NoClassDefFound Could not initialize class org.eclipse.sisu.wire.ParameterKeys
[ERROR]   DeleteProjectMojoIntegrationTest.thatWhenProjectDeleteErrorsAndFailOnErrorFalseThenMojoSucceeds  NoClassDefFound Could not initialize class org.eclipse.sisu.wire.ParameterKeys
[ERROR]   DeleteProjectMojoIntegrationTest.thatWhenProjectDeleteErrorsAndFailOnErrorTrueThenMojoExecutionExceptionIsThrown  NoClassDefFound Could not initialize class org.eclipse.sisu.wire.ParameterKeys
[ERROR]   DeleteProjectMojoIntegrationTest.thatWhenProjectDeletionFailedAndFailOnErrorFalseThenMojoSucceeds  NoClassDefFound Could not initialize class org.eclipse.sisu.wire.ParameterKeys
[ERROR]   DeleteProjectMojoIntegrationTest.thatWhenProjectDeletionFailedAndFailOnErrorTrueThenMojoFailureExceptionIsThrown  NoClassDefFound Could not initialize class org.eclipse.sisu.wire.ParameterKeys
[ERROR]   DeleteProjectMojoIntegrationTest.thatWhenProjectIsNotFoundDeletionIsNotAttempted  NoClassDefFound Could not initialize class org.eclipse.sisu.wire.ParameterKeys
[ERROR]   ProjectClientIntegrationTest.thatCallingDependencyTrackWithAHighResponseLimitReturnsAllProjects  NoClassDefFound Could not initialize class org.eclipse.sisu.wire.ParameterKeys
[ERROR]   ProjectClientIntegrationTest.thatProjectInfoUpdateReturnsFailedWhenServerReturnsTeapot  NoClassDefFound Could not initialize class org.eclipse.sisu.wire.ParameterKeys
[ERROR]   ProjectClientIntegrationTest.thatProjectInfoUpdateReturnsSuccessWhenServerReturnsNotModified  NoClassDefFound Could not initialize class org.eclipse.sisu.wire.ParameterKeys
[ERROR]   ProjectClientIntegrationTest.thatProjectInfoUpdateReturnsSuccessWhenServerReturnsSuccess  NoClassDefFound Could not initialize class org.eclipse.sisu.wire.ParameterKeys
[ERROR]   ScoreMojoIntegrationTest.thatARiskScoreEqualToTheThresholdDoesNothing  NoClassDefFound Could not initialize class org.eclipse.sisu.wire.ParameterKeys
[ERROR]   ScoreMojoIntegrationTest.thatARiskScoreHigherThanTheThresholdCausesBuildToFailEvenWithFailOnErrorFalse  NoClassDefFound Could not initialize class org.eclipse.sisu.wire.ParameterKeys
[ERROR]   ScoreMojoIntegrationTest.thatARiskScoreLowerThanTheThresholdDoesNothing  NoClassDefFound Could not initialize class org.eclipse.sisu.wire.ParameterKeys
[ERROR]   ScoreMojoIntegrationTest.thatAllProjectsCanBeRetrieved  NoClassDefFound Could not initialize class org.eclipse.sisu.wire.ParameterKeys
[ERROR]   ScoreMojoIntegrationTest.thatFailureToGetARiskScoreEqualThrowsAnException  NoClassDefFound Could not initialize class org.eclipse.sisu.wire.ParameterKeys
[ERROR]   ScoreMojoIntegrationTest.thatTheScoreIsSkippedWhenSkipIsTrue  NoClassDefFound Could not initialize class org.eclipse.sisu.wire.ParameterKeys
[ERROR]   ScoreMojoIntegrationTest.thatWhenFailOnErrorIsFalseAFailureFromToDependencyTrackDoesNotFailTheBuild  NoClassDefFound Could not initialize class org.eclipse.sisu.wire.ParameterKeys
[ERROR]   ScoreMojoIntegrationTest.thatWhenFailOnErrorIsFalseAFailureToConnectToDependencyTrackDoesNotFailTheBuild  NoClassDefFound Could not initialize class org.eclipse.sisu.wire.ParameterKeys
[ERROR]   ScoreMojoIntegrationTest.thatWhenFailOnErrorIsTrueAFailureFromToDependencyTrackDoesFailTheBuild  NoClassDefFound Could not initialize class org.eclipse.sisu.wire.ParameterKeys
[ERROR]   ScoreMojoIntegrationTest.thatWhenFailOnErrorIsTrueAFailureToConnectToDependencyTrackDoesFailTheBuild  NoClassDefFound Could not initialize class org.eclipse.sisu.wire.ParameterKeys
[ERROR]   ScoreMojoIntegrationTest.thatWhenNoMetricsHaveBeenCalculatedThenTheMetricsAreRetrieved  NoClassDefFound Could not initialize class org.eclipse.sisu.wire.ParameterKeys
[ERROR]   ScoreMojoIntegrationTest.thatWhenNoMetricsHaveBeenTheTheCallIsRetriedTheCorrectNumberOfTimes  NoClassDefFound Could not initialize class org.eclipse.sisu.wire.ParameterKeys
[ERROR]   UploadBomMojoIntegrationTest.thatBomCanBeUploadedSuccessfully  NoClassDefFound Could not initialize class org.eclipse.sisu.wire.ParameterKeys
[ERROR]   UploadBomMojoIntegrationTest.thatProjectNameCanBeProvided  NoClassDefFound Could not initialize class org.eclipse.sisu.wire.ParameterKeys
[ERROR]   UploadBomMojoIntegrationTest.thatProjectNameDefaultsToArtifactId  NoClassDefFound Could not initialize class org.eclipse.sisu.wire.ParameterKeys
[ERROR]   UploadBomMojoIntegrationTest.thatProjectParentNameAndVersionCanBeIgnored  NoClassDefFound Could not initialize class org.eclipse.sisu.wire.ParameterKeys
[ERROR]   UploadBomMojoIntegrationTest.thatProjectParentNameAndVersionCanBeProvided  NoClassDefFound Could not initialize class org.eclipse.sisu.wire.ParameterKeys
[ERROR]   UploadBomMojoIntegrationTest.thatProjectVersionCanBeProvided  NoClassDefFound Could not initialize class org.eclipse.sisu.wire.ParameterKeys
[ERROR]   UploadBomMojoIntegrationTest.thatProjectVersionDefaultsToPomVersion  NoClassDefFound Could not initialize class org.eclipse.sisu.wire.ParameterKeys
[ERROR]   UploadBomMojoIntegrationTest.thatSslVerifyDefaultsToTrue  NoClassDefFound Could not initialize class org.eclipse.sisu.wire.ParameterKeys
[ERROR]   UploadBomMojoIntegrationTest.thatTheUploadIsSkippedWhenSkipIsTrue  NoClassDefFound Could not initialize class org.eclipse.sisu.wire.ParameterKeys
[ERROR]   UploadBomMojoIntegrationTest.thatWhenFailOnErrorIsFalseAFailureFromToDependencyTrackDoesNotFailTheBuild  NoClassDefFound Could not initialize class org.eclipse.sisu.wire.ParameterKeys
[ERROR]   UploadBomMojoIntegrationTest.thatWhenFailOnErrorIsFalseAFailureToConnectToDependencyTrackDoesNotFailTheBuild  NoClassDefFound Could not initialize class org.eclipse.sisu.wire.ParameterKeys
[ERROR]   UploadBomMojoIntegrationTest.thatWhenFailOnErrorIsTrueAFailureFromToDependencyTrackDoesFailTheBuild  NoClassDefFound Could not initialize class org.eclipse.sisu.wire.ParameterKeys
[ERROR]   UploadBomMojoIntegrationTest.thatWhenFailOnErrorIsTrueAFailureToConnectToDependencyTrackDoesFailTheBuild  NoClassDefFound Could not initialize class org.eclipse.sisu.wire.ParameterKeys
[INFO] 
[ERROR] Tests run: 223, Failures: 0, Errors: 54, Skipped: 3
[INFO] 
[INFO] ------------------------------------------------------------------------
[INFO] BUILD FAILURE
[INFO] ------------------------------------------------------------------------
[INFO] Total time:  15.544 s
[INFO] Finished at: 2025-10-01T13:54:46Z
[INFO] ------------------------------------------------------------------------
[WARNING] 
[WARNING] Plugin validation issues were detected in 2 plugin(s)
[WARNING] 
[WARNING]  * org.jacoco:jacoco-maven-plugin:0.8.10
[WARNING]  * org.apache.maven.plugins:maven-resources-plugin:3.3.0
[WARNING] 
[WARNING] For more or less details, use 'maven.plugin.validation' property with one of the values (case insensitive): [BRIEF, DEFAULT, VERBOSE]
[WARNING] 
[ERROR] Failed to execute goal org.apache.maven.plugins:maven-surefire-plugin:3.1.2:test (default-test) on project dependency-track-maven-plugin: 
[ERROR] 
[ERROR] Please refer to /dependency-track-maven-plugin/target/surefire-reports for the individual test results.
[ERROR] Please refer to dump files (if any exist) [date].dump, [date]-jvmRun[N].dump and [date].dumpstream.
[ERROR] -> [Help 1]
[ERROR] 
[ERROR] To see the full stack trace of the errors, re-run Maven with the -e switch.
[ERROR] Re-run Maven using the -X switch to enable full debug logging.
[ERROR] 
[ERROR] For more information about the errors and possible solutions, please read the following articles:
[ERROR] [Help 1] http://cwiki.apache.org/confluence/display/MAVEN/MojoFailureException
