[INFO] Scanning for projects...
[INFO] Inspecting build with total of 5 modules...
[INFO] Installing Nexus Staging features:
[INFO]   ... total of 5 executions of maven-deploy-plugin replaced with nexus-staging-maven-plugin
[INFO] ------------------------------------------------------------------------
[INFO] Reactor Build Order:
[INFO] 
[INFO] Incrementals Tools POM                                             [pom]
[INFO] lib                                                                [jar]
[INFO] incrementals-maven-plugin                                 [maven-plugin]
[INFO] Git Changelist Maven Extension                                     [jar]
[INFO] incrementals-enforcer-rules                                        [jar]
[INFO] 
[INFO] ----------------< io.jenkins.tools.incrementals:parent >----------------
[INFO] Building Incrementals Tools POM 1.8-SNAPSHOT                       [1/5]
[INFO]   from pom.xml
[INFO] --------------------------------[ pom ]---------------------------------
[INFO] 
[INFO] --- clean:3.2.0:clean (default-clean) @ parent ---
[INFO] 
[INFO] --- groovy:1.4:testCompile (default) @ parent ---
[INFO] No sources found to compile
[INFO] 
[INFO] -----------------< io.jenkins.tools.incrementals:lib >------------------
[INFO] Building lib 1.8-SNAPSHOT                                          [2/5]
[INFO]   from lib/pom.xml
[INFO] --------------------------------[ jar ]---------------------------------
[INFO] 
[INFO] --- clean:3.2.0:clean (default-clean) @ lib ---
[INFO] Deleting /incrementals-tools/lib/target
[INFO] 
[INFO] --- resources:3.3.0:resources (default-resources) @ lib ---
[INFO] skip non existing resourceDirectory /incrementals-tools/lib/src/main/resources
[INFO] 
[INFO] --- compiler:3.3:compile (default-compile) @ lib ---
[INFO] Changes detected - recompiling the module!
[INFO] Compiling 1 source file to /incrementals-tools/lib/target/classes
[INFO] 
[INFO] --- resources:3.3.0:testResources (default-testResources) @ lib ---
[INFO] skip non existing resourceDirectory /incrementals-tools/lib/src/test/resources
[INFO] 
[INFO] --- compiler:3.3:testCompile (default-testCompile) @ lib ---
[INFO] No sources to compile
[INFO] 
[INFO] --- groovy:1.4:testCompile (default) @ lib ---
[INFO] No sources found to compile
[INFO] 
[INFO] --- surefire:3.0.0:test (default-test) @ lib ---
[INFO] No tests to run.
[INFO] 
[INFO] ------< io.jenkins.tools.incrementals:incrementals-maven-plugin >-------
[INFO] Building incrementals-maven-plugin 1.8-SNAPSHOT                    [3/5]
[INFO]   from maven-plugin/pom.xml
[INFO] ----------------------------[ maven-plugin ]----------------------------
[INFO] 
[INFO] --- clean:3.2.0:clean (default-clean) @ incrementals-maven-plugin ---
[INFO] Deleting /incrementals-tools/maven-plugin/target
[INFO] 
[INFO] --- plugin:3.8.1:helpmojo (help-mojo) @ incrementals-maven-plugin ---
[INFO] 
[INFO] --- resources:3.3.0:resources (default-resources) @ incrementals-maven-plugin ---
[INFO] Copying 1 resource
[INFO] 
[INFO] --- compiler:3.3:compile (default-compile) @ incrementals-maven-plugin ---
[INFO] Changes detected - recompiling the module!
[INFO] Compiling 9 source files to /incrementals-tools/maven-plugin/target/classes
[INFO] /incrementals-tools/maven-plugin/src/main/java/io/jenkins/tools/incrementals/maven/IncrementalifyMojo.java: /incrementals-tools/maven-plugin/src/main/java/io/jenkins/tools/incrementals/maven/IncrementalifyMojo.java uses or overrides a deprecated API.
[INFO] /incrementals-tools/maven-plugin/src/main/java/io/jenkins/tools/incrementals/maven/IncrementalifyMojo.java: Recompile with -Xlint:deprecation for details.
[INFO] 
[INFO] --- plugin:3.8.1:descriptor (default-descriptor) @ incrementals-maven-plugin ---
[INFO] Using 'UTF-8' encoding to read mojo source files.
[INFO] java-annotations mojo extractor found 5 mojo descriptors.
[INFO] java-javadoc mojo extractor found 0 mojo descriptor.
[INFO] ant mojo extractor found 0 mojo descriptor.
[INFO] bsh mojo extractor found 0 mojo descriptor.
[INFO] 
[INFO] --- resources:3.3.0:testResources (default-testResources) @ incrementals-maven-plugin ---
[INFO] skip non existing resourceDirectory /incrementals-tools/maven-plugin/src/test/resources
[INFO] 
[INFO] --- compiler:3.3:testCompile (default-testCompile) @ incrementals-maven-plugin ---
[INFO] Changes detected - recompiling the module!
[INFO] Compiling 1 source file to /incrementals-tools/maven-plugin/target/test-classes
[INFO] 
[INFO] --- groovy:1.4:testCompile (default) @ incrementals-maven-plugin ---
[INFO] No sources found to compile
[INFO] 
[INFO] --- surefire:3.0.0:test (default-test) @ incrementals-maven-plugin ---
[INFO] Using auto detected provider org.apache.maven.surefire.junitplatform.JUnitPlatformProvider
[INFO] 
[INFO] -------------------------------------------------------
[INFO]  T E S T S
[INFO] -------------------------------------------------------
[ERROR] TestEngine with ID 'junit-vintage' failed to discover tests
[INFO] 
[INFO] Results:
[INFO] 
[INFO] Tests run: 0, Failures: 0, Errors: 0, Skipped: 0
[INFO] 
[INFO] ------------------------------------------------------------------------
[INFO] Reactor Summary for Incrementals Tools POM 1.8-SNAPSHOT:
[INFO] 
[INFO] Incrementals Tools POM ............................. SUCCESS [  0.691 s]
[INFO] lib ................................................ SUCCESS [  2.012 s]
[INFO] incrementals-maven-plugin .......................... FAILURE [  4.490 s]
[INFO] Git Changelist Maven Extension ..................... SKIPPED
[INFO] incrementals-enforcer-rules ........................ SKIPPED
[INFO] ------------------------------------------------------------------------
[INFO] BUILD FAILURE
[INFO] ------------------------------------------------------------------------
[INFO] Total time:  8.170 s
[INFO] Finished at: 2025-10-01T14:20:38Z
[INFO] ------------------------------------------------------------------------
[WARNING] 
[WARNING] Plugin validation issues were detected in 4 plugin(s)
[WARNING] 
[WARNING]  * org.codehaus.gmaven:gmaven-plugin:1.4
[WARNING]  * org.apache.maven.plugins:maven-plugin-plugin:3.8.1
[WARNING]  * org.apache.maven.plugins:maven-compiler-plugin:3.3
[WARNING]  * org.apache.maven.plugins:maven-resources-plugin:3.3.0
[WARNING] 
[WARNING] For more or less details, use 'maven.plugin.validation' property with one of the values (case insensitive): [BRIEF, DEFAULT, VERBOSE]
[WARNING] 
[ERROR] Failed to execute goal org.apache.maven.plugins:maven-surefire-plugin:3.0.0:test (default-test) on project incrementals-maven-plugin: 
[ERROR] 
[ERROR] Please refer to /incrementals-tools/maven-plugin/target/surefire-reports for the individual test results.
[ERROR] Please refer to dump files (if any exist) [date].dump, [date]-jvmRun[N].dump and [date].dumpstream.
[ERROR] There was an error in the forked process
[ERROR] TestEngine with ID 'junit-vintage' failed to discover tests
[ERROR] org.apache.maven.surefire.booter.SurefireBooterForkException: There was an error in the forked process
[ERROR] TestEngine with ID 'junit-vintage' failed to discover tests
[ERROR] 	at org.apache.maven.plugin.surefire.booterclient.ForkStarter.fork(ForkStarter.java:631)
[ERROR] 	at org.apache.maven.plugin.surefire.booterclient.ForkStarter.run(ForkStarter.java:285)
[ERROR] 	at org.apache.maven.plugin.surefire.booterclient.ForkStarter.run(ForkStarter.java:250)
[ERROR] 	at org.apache.maven.plugin.surefire.AbstractSurefireMojo.executeProvider(AbstractSurefireMojo.java:1203)
[ERROR] 	at org.apache.maven.plugin.surefire.AbstractSurefireMojo.executeAfterPreconditionsChecked(AbstractSurefireMojo.java:1055)
[ERROR] 	at org.apache.maven.plugin.surefire.AbstractSurefireMojo.execute(AbstractSurefireMojo.java:871)
[ERROR] 	at org.apache.maven.plugin.DefaultBuildPluginManager.executeMojo(DefaultBuildPluginManager.java:126)
[ERROR] 	at org.apache.maven.lifecycle.internal.MojoExecutor.doExecute2(MojoExecutor.java:342)
[ERROR] 	at org.apache.maven.lifecycle.internal.MojoExecutor.doExecute(MojoExecutor.java:330)
[ERROR] 	at org.apache.maven.lifecycle.internal.MojoExecutor.execute(MojoExecutor.java:213)
[ERROR] 	at org.apache.maven.lifecycle.internal.MojoExecutor.execute(MojoExecutor.java:175)
[ERROR] 	at org.apache.maven.lifecycle.internal.MojoExecutor.access$000(MojoExecutor.java:76)
[ERROR] 	at org.apache.maven.lifecycle.internal.MojoExecutor$1.run(MojoExecutor.java:163)
[ERROR] 	at org.apache.maven.plugin.DefaultMojosExecutionStrategy.execute(DefaultMojosExecutionStrategy.java:39)
[ERROR] 	at org.apache.maven.lifecycle.internal.MojoExecutor.execute(MojoExecutor.java:160)
[ERROR] 	at org.apache.maven.lifecycle.internal.LifecycleModuleBuilder.buildProject(LifecycleModuleBuilder.java:105)
[ERROR] 	at org.apache.maven.lifecycle.internal.LifecycleModuleBuilder.buildProject(LifecycleModuleBuilder.java:73)
[ERROR] 	at org.apache.maven.lifecycle.internal.builder.singlethreaded.SingleThreadedBuilder.build(SingleThreadedBuilder.java:53)
[ERROR] 	at org.apache.maven.lifecycle.internal.LifecycleStarter.execute(LifecycleStarter.java:118)
[ERROR] 	at org.apache.maven.DefaultMaven.doExecute(DefaultMaven.java:261)
[ERROR] 	at org.apache.maven.DefaultMaven.doExecute(DefaultMaven.java:173)
[ERROR] 	at org.apache.maven.DefaultMaven.execute(DefaultMaven.java:101)
[ERROR] 	at org.apache.maven.cli.MavenCli.execute(MavenCli.java:910)
[ERROR] 	at org.apache.maven.cli.MavenCli.doMain(MavenCli.java:283)
[ERROR] 	at org.apache.maven.cli.MavenCli.main(MavenCli.java:206)
[ERROR] 	at java.base/jdk.internal.reflect.NativeMethodAccessorImpl.invoke0(Native Method)
[ERROR] 	at java.base/jdk.internal.reflect.NativeMethodAccessorImpl.invoke(NativeMethodAccessorImpl.java:62)
[ERROR] 	at java.base/jdk.internal.reflect.DelegatingMethodAccessorImpl.invoke(DelegatingMethodAccessorImpl.java:43)
[ERROR] 	at java.base/java.lang.reflect.Method.invoke(Method.java:566)
[ERROR] 	at org.codehaus.plexus.classworlds.launcher.Launcher.launchEnhanced(Launcher.java:283)
[ERROR] 	at org.codehaus.plexus.classworlds.launcher.Launcher.launch(Launcher.java:226)
[ERROR] 	at org.codehaus.plexus.classworlds.launcher.Launcher.mainWithExitCode(Launcher.java:407)
[ERROR] 	at org.codehaus.plexus.classworlds.launcher.Launcher.main(Launcher.java:348)
[ERROR] -> [Help 1]
[ERROR] 
[ERROR] To see the full stack trace of the errors, re-run Maven with the -e switch.
[ERROR] Re-run Maven using the -X switch to enable full debug logging.
[ERROR] 
[ERROR] For more information about the errors and possible solutions, please read the following articles:
[ERROR] [Help 1] http://cwiki.apache.org/confluence/display/MAVEN/MojoExecutionException
[ERROR] 
[ERROR] After correcting the problems, you can resume the build with the command
[ERROR]   mvn <args> -rf :incrementals-maven-plugin
