[INFO] Scanning for projects...
[INFO] ------------------------------------------------------------------------
[INFO] Reactor Build Order:
[INFO] 
[INFO] jadler-pom                                                         [pom]
[INFO] jadler-core                                                        [jar]
[INFO] jadler-jetty                                                       [jar]
[INFO] jadler-junit                                                       [jar]
[INFO] jadler-jdk                                                         [jar]
[INFO] jadler-all                                                         [jar]
[INFO] 
[INFO] -----------------------< net.jadler:jadler-pom >------------------------
[INFO] Building jadler-pom 1.3.1-SNAPSHOT                                 [1/6]
[INFO]   from pom.xml
[INFO] --------------------------------[ pom ]---------------------------------
[INFO] 
[INFO] --- clean:3.2.0:clean (default-clean) @ jadler-pom ---
[INFO] 
[INFO] --- enforcer:1.0:enforce (enforce-maven) @ jadler-pom ---
[INFO] 
[INFO] -----------------------< net.jadler:jadler-core >-----------------------
[INFO] Building jadler-core 1.3.1-SNAPSHOT                                [2/6]
[INFO]   from jadler-core/pom.xml
[INFO] --------------------------------[ jar ]---------------------------------
[INFO] 
[INFO] --- clean:3.2.0:clean (default-clean) @ jadler-core ---
[INFO] Deleting /jadler/jadler-core/target
[INFO] 
[INFO] --- enforcer:1.0:enforce (enforce-maven) @ jadler-core ---
[INFO] 
[INFO] --- resources:3.3.0:resources (default-resources) @ jadler-core ---
[INFO] skip non existing resourceDirectory /jadler/jadler-core/src/main/resources
[INFO] 
[INFO] --- compiler:2.5.1:compile (default-compile) @ jadler-core ---
[INFO] Compiling 32 source files to /jadler/jadler-core/target/classes
[WARNING] Unable to autodetect 'javac' path, using 'javac' from the environment.
[WARNING] To suppress warnings about obsolete options, use -Xlint:-options.
/jadler/jadler-core/src/main/java/net/jadler/Jadler.java:[783,41] [deprecation] newInstance() in Class has been deprecated
[INFO] 
[INFO] --- resources:3.3.0:testResources (default-testResources) @ jadler-core ---
[INFO] Copying 1 resource
[INFO] 
[INFO] --- compiler:2.5.1:testCompile (default-testCompile) @ jadler-core ---
[INFO] Compiling 18 source files to /jadler/jadler-core/target/test-classes
[WARNING] Unable to autodetect 'javac' path, using 'javac' from the environment.
[WARNING] To suppress warnings about obsolete options, use -Xlint:-options.
/jadler/jadler-core/src/test/java/net/jadler/stubbing/StubbingTest.java:[31,25] [deprecation] Matchers in org.mockito has been deprecated
[WARNING] /jadler/jadler-core/src/test/java/net/jadler/stubbing/StubbingTest.java:[58,8] [deprecation] <T>assertThat(T,Matcher<? super T>) in Assert has been deprecated
[WARNING]   where T is a type-variable:
    T extends Object declared in method <T>assertThat(T,Matcher<? super T>)
/jadler/jadler-core/src/test/java/net/jadler/stubbing/StubbingTest.java:[66,8] [deprecation] <T>assertThat(T,Matcher<? super T>) in Assert has been deprecated
[WARNING]   where T is a type-variable:
    T extends Object declared in method <T>assertThat(T,Matcher<? super T>)
/jadler/jadler-core/src/test/java/net/jadler/stubbing/StubbingTest.java:[80,8] [deprecation] <T>assertThat(T,Matcher<? super T>) in Assert has been deprecated
[WARNING]   where T is a type-variable:
    T extends Object declared in method <T>assertThat(T,Matcher<? super T>)
/jadler/jadler-core/src/test/java/net/jadler/stubbing/StubbingTest.java:[81,8] [deprecation] <T>assertThat(T,Matcher<? super T>) in Assert has been deprecated
[WARNING]   where T is a type-variable:
    T extends Object declared in method <T>assertThat(T,Matcher<? super T>)
/jadler/jadler-core/src/test/java/net/jadler/stubbing/StubbingTest.java:[91,8] [deprecation] <T>assertThat(T,Matcher<? super T>) in Assert has been deprecated
[WARNING]   where T is a type-variable:
    T extends Object declared in method <T>assertThat(T,Matcher<? super T>)
/jadler/jadler-core/src/test/java/net/jadler/stubbing/StubbingTest.java:[102,8] [deprecation] <T>assertThat(T,Matcher<? super T>) in Assert has been deprecated
[WARNING]   where T is a type-variable:
    T extends Object declared in method <T>assertThat(T,Matcher<? super T>)
/jadler/jadler-core/src/test/java/net/jadler/stubbing/StubbingTest.java:[126,8] [deprecation] <T>assertThat(T,Matcher<? super T>) in Assert has been deprecated
[WARNING]   where T is a type-variable:
    T extends Object declared in method <T>assertThat(T,Matcher<? super T>)
/jadler/jadler-core/src/test/java/net/jadler/stubbing/StubbingTest.java:[137,8] [deprecation] <T>assertThat(T,Matcher<? super T>) in Assert has been deprecated
[WARNING]   where T is a type-variable:
    T extends Object declared in method <T>assertThat(T,Matcher<? super T>)
/jadler/jadler-core/src/test/java/net/jadler/stubbing/StubbingTest.java:[164,8] [deprecation] <T>assertThat(T,Matcher<? super T>) in Assert has been deprecated
[WARNING]   where T is a type-variable:
    T extends Object declared in method <T>assertThat(T,Matcher<? super T>)
/jadler/jadler-core/src/test/java/net/jadler/stubbing/StubbingTest.java:[167,8] [deprecation] <T>assertThat(T,Matcher<? super T>) in Assert has been deprecated
[WARNING]   where T is a type-variable:
    T extends Object declared in method <T>assertThat(T,Matcher<? super T>)
/jadler/jadler-core/src/test/java/net/jadler/stubbing/StubbingTest.java:[177,8] [deprecation] <T>assertThat(T,Matcher<? super T>) in Assert has been deprecated
[WARNING]   where T is a type-variable:
    T extends Object declared in method <T>assertThat(T,Matcher<? super T>)
/jadler/jadler-core/src/test/java/net/jadler/stubbing/StubbingTest.java:[186,8] [deprecation] <T>assertThat(T,Matcher<? super T>) in Assert has been deprecated
[WARNING]   where T is a type-variable:
    T extends Object declared in method <T>assertThat(T,Matcher<? super T>)
/jadler/jadler-core/src/test/java/net/jadler/stubbing/StubbingTest.java:[195,8] [deprecation] <T>assertThat(T,Matcher<? super T>) in Assert has been deprecated
[WARNING]   where T is a type-variable:
    T extends Object declared in method <T>assertThat(T,Matcher<? super T>)
/jadler/jadler-core/src/test/java/net/jadler/stubbing/StubbingTest.java:[204,8] [deprecation] <T>assertThat(T,Matcher<? super T>) in Assert has been deprecated
[WARNING]   where T is a type-variable:
    T extends Object declared in method <T>assertThat(T,Matcher<? super T>)
/jadler/jadler-core/src/test/java/net/jadler/stubbing/StubbingTest.java:[211,8] [deprecation] <T>assertThat(T,Matcher<? super T>) in Assert has been deprecated
[WARNING]   where T is a type-variable:
    T extends Object declared in method <T>assertThat(T,Matcher<? super T>)
/jadler/jadler-core/src/test/java/net/jadler/stubbing/StubbingTest.java:[212,8] [deprecation] <T>assertThat(T,Matcher<? super T>) in Assert has been deprecated
[WARNING]   where T is a type-variable:
    T extends Object declared in method <T>assertThat(T,Matcher<? super T>)
/jadler/jadler-core/src/test/java/net/jadler/stubbing/StubbingTest.java:[214,8] [deprecation] <T>assertThat(T,Matcher<? super T>) in Assert has been deprecated
[WARNING]   where T is a type-variable:
    T extends Object declared in method <T>assertThat(T,Matcher<? super T>)
/jadler/jadler-core/src/test/java/net/jadler/stubbing/StubbingTest.java:[215,8] [deprecation] <T>assertThat(T,Matcher<? super T>) in Assert has been deprecated
[WARNING]   where T is a type-variable:
    T extends Object declared in method <T>assertThat(T,Matcher<? super T>)
/jadler/jadler-core/src/test/java/net/jadler/stubbing/StubbingTest.java:[216,8] [deprecation] <T>assertThat(T,Matcher<? super T>) in Assert has been deprecated
[WARNING]   where T is a type-variable:
    T extends Object declared in method <T>assertThat(T,Matcher<? super T>)
/jadler/jadler-core/src/test/java/net/jadler/stubbing/StubbingTest.java:[221,8] [deprecation] <T>assertThat(T,Matcher<? super T>) in Assert has been deprecated
[WARNING]   where T is a type-variable:
    T extends Object declared in method <T>assertThat(T,Matcher<? super T>)
/jadler/jadler-core/src/test/java/net/jadler/stubbing/StubbingTest.java:[222,8] [deprecation] <T>assertThat(T,Matcher<? super T>) in Assert has been deprecated
[WARNING]   where T is a type-variable:
    T extends Object declared in method <T>assertThat(T,Matcher<? super T>)
/jadler/jadler-core/src/test/java/net/jadler/stubbing/StubbingTest.java:[224,8] [deprecation] <T>assertThat(T,Matcher<? super T>) in Assert has been deprecated
[WARNING]   where T is a type-variable:
    T extends Object declared in method <T>assertThat(T,Matcher<? super T>)
/jadler/jadler-core/src/test/java/net/jadler/stubbing/StubResponseTest.java:[41,8] [deprecation] <T>assertThat(T,Matcher<? super T>) in Assert has been deprecated
[WARNING]   where T is a type-variable:
    T extends Object declared in method <T>assertThat(T,Matcher<? super T>)
/jadler/jadler-core/src/test/java/net/jadler/stubbing/StubResponseTest.java:[42,8] [deprecation] <T>assertThat(T,Matcher<? super T>) in Assert has been deprecated
[WARNING]   where T is a type-variable:
    T extends Object declared in method <T>assertThat(T,Matcher<? super T>)
/jadler/jadler-core/src/test/java/net/jadler/stubbing/StubResponseTest.java:[43,8] [deprecation] <T>assertThat(T,Matcher<? super T>) in Assert has been deprecated
[WARNING]   where T is a type-variable:
    T extends Object declared in method <T>assertThat(T,Matcher<? super T>)
/jadler/jadler-core/src/test/java/net/jadler/stubbing/StubResponseTest.java:[44,8] [deprecation] <T>assertThat(T,Matcher<? super T>) in Assert has been deprecated
[WARNING]   where T is a type-variable:
    T extends Object declared in method <T>assertThat(T,Matcher<? super T>)
/jadler/jadler-core/src/test/java/net/jadler/stubbing/StubResponseTest.java:[45,8] [deprecation] <T>assertThat(T,Matcher<? super T>) in Assert has been deprecated
[WARNING]   where T is a type-variable:
    T extends Object declared in method <T>assertThat(T,Matcher<? super T>)
/jadler/jadler-core/src/test/java/net/jadler/stubbing/StubResponseTest.java:[46,8] [deprecation] <T>assertThat(T,Matcher<? super T>) in Assert has been deprecated
[WARNING]   where T is a type-variable:
    T extends Object declared in method <T>assertThat(T,Matcher<? super T>)
/jadler/jadler-core/src/test/java/net/jadler/stubbing/StubResponseTest.java:[52,8] [deprecation] <T>assertThat(T,Matcher<? super T>) in Assert has been deprecated
[WARNING]   where T is a type-variable:
    T extends Object declared in method <T>assertThat(T,Matcher<? super T>)
/jadler/jadler-core/src/test/java/net/jadler/stubbing/StubResponseTest.java:[66,8] [deprecation] <T>assertThat(T,Matcher<? super T>) in Assert has been deprecated
[WARNING]   where T is a type-variable:
    T extends Object declared in method <T>assertThat(T,Matcher<? super T>)
/jadler/jadler-core/src/test/java/net/jadler/stubbing/StubResponseTest.java:[67,8] [deprecation] <T>assertThat(T,Matcher<? super T>) in Assert has been deprecated
[WARNING]   where T is a type-variable:
    T extends Object declared in method <T>assertThat(T,Matcher<? super T>)
/jadler/jadler-core/src/test/java/net/jadler/stubbing/StubResponseTest.java:[86,8] [deprecation] <T>assertThat(T,Matcher<? super T>) in Assert has been deprecated
[WARNING]   where T is a type-variable:
    T extends Object declared in method <T>assertThat(T,Matcher<? super T>)
/jadler/jadler-core/src/test/java/net/jadler/stubbing/StubResponseTest.java:[87,8] [deprecation] <T>assertThat(T,Matcher<? super T>) in Assert has been deprecated
[WARNING]   where T is a type-variable:
    T extends Object declared in method <T>assertThat(T,Matcher<? super T>)
/jadler/jadler-core/src/test/java/net/jadler/stubbing/StubResponseTest.java:[105,8] [deprecation] <T>assertThat(T,Matcher<? super T>) in Assert has been deprecated
[WARNING]   where T is a type-variable:
    T extends Object declared in method <T>assertThat(T,Matcher<? super T>)
/jadler/jadler-core/src/test/java/net/jadler/stubbing/StubResponseTest.java:[147,8] [deprecation] <T>assertThat(T,Matcher<? super T>) in Assert has been deprecated
[WARNING]   where T is a type-variable:
    T extends Object declared in method <T>assertThat(T,Matcher<? super T>)
/jadler/jadler-core/src/test/java/net/jadler/stubbing/StubResponseTest.java:[165,8] [deprecation] <T>assertThat(T,Matcher<? super T>) in Assert has been deprecated
[WARNING]   where T is a type-variable:
    T extends Object declared in method <T>assertThat(T,Matcher<? super T>)
/jadler/jadler-core/src/test/java/net/jadler/stubbing/StubResponseTest.java:[172,8] [deprecation] <T>assertThat(T,Matcher<? super T>) in Assert has been deprecated
[WARNING]   where T is a type-variable:
    T extends Object declared in method <T>assertThat(T,Matcher<? super T>)
/jadler/jadler-core/src/test/java/net/jadler/stubbing/StubResponseTest.java:[179,8] [deprecation] <T>assertThat(T,Matcher<? super T>) in Assert has been deprecated
[WARNING]   where T is a type-variable:
    T extends Object declared in method <T>assertThat(T,Matcher<? super T>)
/jadler/jadler-core/src/test/java/net/jadler/stubbing/StubResponseTest.java:[187,8] [deprecation] <T>assertThat(T,Matcher<? super T>) in Assert has been deprecated
[WARNING]   where T is a type-variable:
    T extends Object declared in method <T>assertThat(T,Matcher<? super T>)
/jadler/jadler-core/src/test/java/net/jadler/stubbing/StubResponseTest.java:[194,8] [deprecation] <T>assertThat(T,Matcher<? super T>) in Assert has been deprecated
[WARNING]   where T is a type-variable:
    T extends Object declared in method <T>assertThat(T,Matcher<? super T>)
/jadler/jadler-core/src/test/java/net/jadler/stubbing/StubResponseTest.java:[203,8] [deprecation] <T>assertThat(T,Matcher<? super T>) in Assert has been deprecated
[WARNING]   where T is a type-variable:
    T extends Object declared in method <T>assertThat(T,Matcher<? super T>)
/jadler/jadler-core/src/test/java/net/jadler/stubbing/StubResponseTest.java:[211,8] [deprecation] <T>assertThat(T,Matcher<? super T>) in Assert has been deprecated
[WARNING]   where T is a type-variable:
    T extends Object declared in method <T>assertThat(T,Matcher<? super T>)
/jadler/jadler-core/src/test/java/net/jadler/JadlerMockerTest.java:[190,8] [deprecation] <T>assertThat(T,Matcher<? super T>) in Assert has been deprecated
[WARNING]   where T is a type-variable:
    T extends Object declared in method <T>assertThat(T,Matcher<? super T>)
/jadler/jadler-core/src/test/java/net/jadler/JadlerMockerTest.java:[192,8] [deprecation] <T>assertThat(T,Matcher<? super T>) in Assert has been deprecated
[WARNING]   where T is a type-variable:
    T extends Object declared in method <T>assertThat(T,Matcher<? super T>)
/jadler/jadler-core/src/test/java/net/jadler/JadlerMockerTest.java:[194,8] [deprecation] <T>assertThat(T,Matcher<? super T>) in Assert has been deprecated
[WARNING]   where T is a type-variable:
    T extends Object declared in method <T>assertThat(T,Matcher<? super T>)
/jadler/jadler-core/src/test/java/net/jadler/JadlerMockerTest.java:[213,8] [deprecation] <T>assertThat(T,Matcher<? super T>) in Assert has been deprecated
[WARNING]   where T is a type-variable:
    T extends Object declared in method <T>assertThat(T,Matcher<? super T>)
/jadler/jadler-core/src/test/java/net/jadler/JadlerMockerTest.java:[322,8] [deprecation] <T>assertThat(T,Matcher<? super T>) in Assert has been deprecated
[WARNING]   where T is a type-variable:
    T extends Object declared in method <T>assertThat(T,Matcher<? super T>)
/jadler/jadler-core/src/test/java/net/jadler/JadlerMockerTest.java:[431,8] [deprecation] <T>assertThat(T,Matcher<? super T>) in Assert has been deprecated
[WARNING]   where T is a type-variable:
    T extends Object declared in method <T>assertThat(T,Matcher<? super T>)
/jadler/jadler-core/src/test/java/net/jadler/JadlerMockerTest.java:[470,12] [deprecation] <T>assertThat(T,Matcher<? super T>) in Assert has been deprecated
[WARNING]   where T is a type-variable:
    T extends Object declared in method <T>assertThat(T,Matcher<? super T>)
/jadler/jadler-core/src/test/java/net/jadler/JadlerMockerTest.java:[471,12] [deprecation] <T>assertThat(T,Matcher<? super T>) in Assert has been deprecated
[WARNING]   where T is a type-variable:
    T extends Object declared in method <T>assertThat(T,Matcher<? super T>)
/jadler/jadler-core/src/test/java/net/jadler/JadlerMockerTest.java:[472,12] [deprecation] <T>assertThat(T,Matcher<? super T>) in Assert has been deprecated
[WARNING]   where T is a type-variable:
    T extends Object declared in method <T>assertThat(T,Matcher<? super T>)
/jadler/jadler-core/src/test/java/net/jadler/JadlerMockerTest.java:[473,12] [deprecation] <T>assertThat(T,Matcher<? super T>) in Assert has been deprecated
[WARNING]   where T is a type-variable:
    T extends Object declared in method <T>assertThat(T,Matcher<? super T>)
/jadler/jadler-core/src/test/java/net/jadler/JadlerMockerTest.java:[474,12] [deprecation] <T>assertThat(T,Matcher<? super T>) in Assert has been deprecated
[WARNING]   where T is a type-variable:
    T extends Object declared in method <T>assertThat(T,Matcher<? super T>)
/jadler/jadler-core/src/test/java/net/jadler/JadlerMockerTest.java:[477,12] [deprecation] <T>assertThat(T,Matcher<? super T>) in Assert has been deprecated
[WARNING]   where T is a type-variable:
    T extends Object declared in method <T>assertThat(T,Matcher<? super T>)
/jadler/jadler-core/src/test/java/net/jadler/JadlerMockerTest.java:[483,8] [deprecation] <T>assertThat(T,Matcher<? super T>) in Assert has been deprecated
[WARNING]   where T is a type-variable:
    T extends Object declared in method <T>assertThat(T,Matcher<? super T>)
/jadler/jadler-core/src/test/java/net/jadler/JadlerMockerTest.java:[520,8] [deprecation] <T>assertThat(T,Matcher<? super T>) in Assert has been deprecated
[WARNING]   where T is a type-variable:
    T extends Object declared in method <T>assertThat(T,Matcher<? super T>)
/jadler/jadler-core/src/test/java/net/jadler/JadlerMockerTest.java:[549,8] [deprecation] <T>assertThat(T,Matcher<? super T>) in Assert has been deprecated
[WARNING]   where T is a type-variable:
    T extends Object declared in method <T>assertThat(T,Matcher<? super T>)
/jadler/jadler-core/src/test/java/net/jadler/JadlerMockerTest.java:[555,8] [deprecation] <T>assertThat(T,Matcher<? super T>) in Assert has been deprecated
[WARNING]   where T is a type-variable:
    T extends Object declared in method <T>assertThat(T,Matcher<? super T>)
/jadler/jadler-core/src/test/java/net/jadler/JadlerMockerTest.java:[570,8] [deprecation] <T>assertThat(T,Matcher<? super T>) in Assert has been deprecated
[WARNING]   where T is a type-variable:
    T extends Object declared in method <T>assertThat(T,Matcher<? super T>)
/jadler/jadler-core/src/test/java/net/jadler/JadlerMockerTest.java:[734,12] [deprecation] <T>assertThat(T,Matcher<? super T>) in Assert has been deprecated
[WARNING]   where T is a type-variable:
    T extends Object declared in method <T>assertThat(T,Matcher<? super T>)
/jadler/jadler-core/src/test/java/net/jadler/JadlerMockerTest.java:[735,12] [deprecation] <T>assertThat(T,Matcher<? super T>) in Assert has been deprecated
[WARNING]   where T is a type-variable:
    T extends Object declared in method <T>assertThat(T,Matcher<? super T>)
/jadler/jadler-core/src/test/java/net/jadler/JadlerMockerTest.java:[811,12] [deprecation] <T>assertThat(T,Matcher<? super T>) in Assert has been deprecated
[WARNING]   where T is a type-variable:
    T extends Object declared in method <T>assertThat(T,Matcher<? super T>)
/jadler/jadler-core/src/test/java/net/jadler/JadlerMockerTest.java:[812,12] [deprecation] <T>assertThat(T,Matcher<? super T>) in Assert has been deprecated
[WARNING]   where T is a type-variable:
    T extends Object declared in method <T>assertThat(T,Matcher<? super T>)
/jadler/jadler-core/src/test/java/net/jadler/JadlerMockerTest.java:[865,12] [deprecation] <T>assertThat(T,Matcher<? super T>) in Assert has been deprecated
[WARNING]   where T is a type-variable:
    T extends Object declared in method <T>assertThat(T,Matcher<? super T>)
/jadler/jadler-core/src/test/java/net/jadler/JadlerMockerTest.java:[868,12] [deprecation] <T>assertThat(T,Matcher<? super T>) in Assert has been deprecated
[WARNING]   where T is a type-variable:
    T extends Object declared in method <T>assertThat(T,Matcher<? super T>)
/jadler/jadler-core/src/test/java/net/jadler/JadlerMockerTest.java:[910,12] [deprecation] <T>assertThat(T,Matcher<? super T>) in Assert has been deprecated
[WARNING]   where T is a type-variable:
    T extends Object declared in method <T>assertThat(T,Matcher<? super T>)
/jadler/jadler-core/src/test/java/net/jadler/JadlerMockerTest.java:[911,12] [deprecation] <T>assertThat(T,Matcher<? super T>) in Assert has been deprecated
[WARNING]   where T is a type-variable:
    T extends Object declared in method <T>assertThat(T,Matcher<? super T>)
/jadler/jadler-core/src/test/java/net/jadler/JadlerMockerTest.java:[942,24] [deprecation] <T>anyObject() in Mockito has been deprecated
[WARNING]   where T is a type-variable:
    T extends Object declared in method <T>anyObject()
/jadler/jadler-core/src/test/java/net/jadler/JadlerMockerTest.java:[948,8] [deprecation] <T>assertThat(T,Matcher<? super T>) in Assert has been deprecated
[WARNING]   where T is a type-variable:
    T extends Object declared in method <T>assertThat(T,Matcher<? super T>)
/jadler/jadler-core/src/test/java/net/jadler/JadlerMockerTest.java:[964,8] [deprecation] <T>assertThat(T,Matcher<? super T>) in Assert has been deprecated
[WARNING]   where T is a type-variable:
    T extends Object declared in method <T>assertThat(T,Matcher<? super T>)
/jadler/jadler-core/src/test/java/net/jadler/matchers/ParameterRequestMatcherTest.java:[42,8] [deprecation] <T>assertThat(T,Matcher<? super T>) in Assert has been deprecated
[WARNING]   where T is a type-variable:
    T extends Object declared in method <T>assertThat(T,Matcher<? super T>)
/jadler/jadler-core/src/test/java/net/jadler/matchers/ParameterRequestMatcherTest.java:[52,8] [deprecation] <T>assertThat(T,Matcher<? super T>) in Assert has been deprecated
[WARNING]   where T is a type-variable:
    T extends Object declared in method <T>assertThat(T,Matcher<? super T>)
/jadler/jadler-core/src/test/java/net/jadler/matchers/ParameterRequestMatcherTest.java:[60,8] [deprecation] <T>assertThat(T,Matcher<? super T>) in Assert has been deprecated
[WARNING]   where T is a type-variable:
    T extends Object declared in method <T>assertThat(T,Matcher<? super T>)
/jadler/jadler-core/src/test/java/net/jadler/matchers/ParameterRequestMatcherTest.java:[67,8] [deprecation] <T>assertThat(T,Matcher<? super T>) in Assert has been deprecated
[WARNING]   where T is a type-variable:
    T extends Object declared in method <T>assertThat(T,Matcher<? super T>)
/jadler/jadler-core/src/test/java/net/jadler/RequestTest.java:[56,8] [deprecation] <T>assertThat(T,Matcher<? super T>) in Assert has been deprecated
[WARNING]   where T is a type-variable:
    T extends Object declared in method <T>assertThat(T,Matcher<? super T>)
/jadler/jadler-core/src/test/java/net/jadler/RequestTest.java:[57,8] [deprecation] <T>assertThat(T,Matcher<? super T>) in Assert has been deprecated
[WARNING]   where T is a type-variable:
    T extends Object declared in method <T>assertThat(T,Matcher<? super T>)
/jadler/jadler-core/src/test/java/net/jadler/RequestTest.java:[59,8] [deprecation] <T>assertThat(T,Matcher<? super T>) in Assert has been deprecated
[WARNING]   where T is a type-variable:
    T extends Object declared in method <T>assertThat(T,Matcher<? super T>)
/jadler/jadler-core/src/test/java/net/jadler/RequestTest.java:[60,8] [deprecation] <T>assertThat(T,Matcher<? super T>) in Assert has been deprecated
[WARNING]   where T is a type-variable:
    T extends Object declared in method <T>assertThat(T,Matcher<? super T>)
/jadler/jadler-core/src/test/java/net/jadler/RequestTest.java:[62,8] [deprecation] <T>assertThat(T,Matcher<? super T>) in Assert has been deprecated
[WARNING]   where T is a type-variable:
    T extends Object declared in method <T>assertThat(T,Matcher<? super T>)
/jadler/jadler-core/src/test/java/net/jadler/RequestTest.java:[63,8] [deprecation] <T>assertThat(T,Matcher<? super T>) in Assert has been deprecated
[WARNING]   where T is a type-variable:
    T extends Object declared in method <T>assertThat(T,Matcher<? super T>)
/jadler/jadler-core/src/test/java/net/jadler/RequestTest.java:[65,8] [deprecation] <T>assertThat(T,Matcher<? super T>) in Assert has been deprecated
[WARNING]   where T is a type-variable:
    T extends Object declared in method <T>assertThat(T,Matcher<? super T>)
/jadler/jadler-core/src/test/java/net/jadler/RequestTest.java:[66,8] [deprecation] <T>assertThat(T,Matcher<? super T>) in Assert has been deprecated
[WARNING]   where T is a type-variable:
    T extends Object declared in method <T>assertThat(T,Matcher<? super T>)
/jadler/jadler-core/src/test/java/net/jadler/RequestTest.java:[102,8] [deprecation] <T>assertThat(T,Matcher<? super T>) in Assert has been deprecated
[WARNING]   where T is a type-variable:
    T extends Object declared in method <T>assertThat(T,Matcher<? super T>)
/jadler/jadler-core/src/test/java/net/jadler/RequestTest.java:[113,8] [deprecation] <T>assertThat(T,Matcher<? super T>) in Assert has been deprecated
[WARNING]   where T is a type-variable:
    T extends Object declared in method <T>assertThat(T,Matcher<? super T>)
/jadler/jadler-core/src/test/java/net/jadler/RequestTest.java:[127,8] [deprecation] <T>assertThat(T,Matcher<? super T>) in Assert has been deprecated
[WARNING]   where T is a type-variable:
    T extends Object declared in method <T>assertThat(T,Matcher<? super T>)
/jadler/jadler-core/src/test/java/net/jadler/RequestTest.java:[165,8] [deprecation] <T>assertThat(T,Matcher<? super T>) in Assert has been deprecated
[WARNING]   where T is a type-variable:
    T extends Object declared in method <T>assertThat(T,Matcher<? super T>)
/jadler/jadler-core/src/test/java/net/jadler/RequestTest.java:[189,8] [deprecation] <T>assertThat(T,Matcher<? super T>) in Assert has been deprecated
[WARNING]   where T is a type-variable:
    T extends Object declared in method <T>assertThat(T,Matcher<? super T>)
/jadler/jadler-core/src/test/java/net/jadler/RequestTest.java:[202,8] [deprecation] <T>assertThat(T,Matcher<? super T>) in Assert has been deprecated
[WARNING]   where T is a type-variable:
    T extends Object declared in method <T>assertThat(T,Matcher<? super T>)
/jadler/jadler-core/src/test/java/net/jadler/RequestTest.java:[214,8] [deprecation] <T>assertThat(T,Matcher<? super T>) in Assert has been deprecated
[WARNING]   where T is a type-variable:
    T extends Object declared in method <T>assertThat(T,Matcher<? super T>)
/jadler/jadler-core/src/test/java/net/jadler/RequestTest.java:[235,8] [deprecation] <T>assertThat(T,Matcher<? super T>) in Assert has been deprecated
[WARNING]   where T is a type-variable:
    T extends Object declared in method <T>assertThat(T,Matcher<? super T>)
/jadler/jadler-core/src/test/java/net/jadler/RequestTest.java:[255,8] [deprecation] <T>assertThat(T,Matcher<? super T>) in Assert has been deprecated
[WARNING]   where T is a type-variable:
    T extends Object declared in method <T>assertThat(T,Matcher<? super T>)
/jadler/jadler-core/src/test/java/net/jadler/RequestTest.java:[266,8] [deprecation] <T>assertThat(T,Matcher<? super T>) in Assert has been deprecated
[WARNING]   where T is a type-variable:
    T extends Object declared in method <T>assertThat(T,Matcher<? super T>)
/jadler/jadler-core/src/test/java/net/jadler/RequestTest.java:[279,8] [deprecation] <T>assertThat(T,Matcher<? super T>) in Assert has been deprecated
[WARNING]   where T is a type-variable:
    T extends Object declared in method <T>assertThat(T,Matcher<? super T>)
/jadler/jadler-core/src/test/java/net/jadler/RequestTest.java:[291,8] [deprecation] <T>assertThat(T,Matcher<? super T>) in Assert has been deprecated
[WARNING]   where T is a type-variable:
    T extends Object declared in method <T>assertThat(T,Matcher<? super T>)
/jadler/jadler-core/src/test/java/net/jadler/RequestTest.java:[303,8] [deprecation] <T>assertThat(T,Matcher<? super T>) in Assert has been deprecated
[INFO] 
[INFO] --- surefire:3.0.0:test (default-test) @ jadler-core ---
[INFO] Using auto detected provider org.apache.maven.surefire.junit4.JUnit4Provider
[INFO] 
[INFO] -------------------------------------------------------
[INFO]  T E S T S
[INFO] -------------------------------------------------------
[INFO] Running net.jadler.JadlerMockerTest
[main] [INFO] JadlerMocker.java(264) net.jadler.JadlerMocker: No suitable rule found. Reason:

[main] [INFO] JadlerMocker.java(264) net.jadler.JadlerMocker: No suitable rule found. Reason:

[main] [INFO] JadlerMocker.java(264) net.jadler.JadlerMocker: No suitable rule found. Reason:

[main] [INFO] JadlerMocker.java(264) net.jadler.JadlerMocker: No suitable rule found. Reason:

[main] [INFO] JadlerMocker.java(264) net.jadler.JadlerMocker: No suitable rule found. Reason:

[main] [INFO] JadlerMocker.java(264) net.jadler.JadlerMocker: No suitable rule found. Reason:

[main] [INFO] JadlerMocker.java(264) net.jadler.JadlerMocker: No suitable rule found. Reason:

[main] [INFO] JadlerMocker.java(264) net.jadler.JadlerMocker: No suitable rule found. Reason:

[main] [INFO] JadlerMocker.java(264) net.jadler.JadlerMocker: No suitable rule found. Reason:

[main] [INFO] JadlerMocker.java(264) net.jadler.JadlerMocker: No suitable rule found. Reason:

[main] [INFO] JadlerMocker.java(264) net.jadler.JadlerMocker: No suitable rule found. Reason:

[main] [INFO] JadlerMocker.java(264) net.jadler.JadlerMocker: No suitable rule found. Reason:

[main] [INFO] JadlerMocker.java(264) net.jadler.JadlerMocker: No suitable rule found. Reason:

[main] [INFO] JadlerMocker.java(264) net.jadler.JadlerMocker: No suitable rule found. Reason:

[main] [INFO] JadlerMocker.java(264) net.jadler.JadlerMocker: No suitable rule found. Reason:

[main] [INFO] JadlerMocker.java(264) net.jadler.JadlerMocker: No suitable rule found. Reason:

[main] [INFO] JadlerMocker.java(264) net.jadler.JadlerMocker: No suitable rule found. Reason:

[main] [INFO] JadlerMocker.java(264) net.jadler.JadlerMocker: No suitable rule found. Reason:

[main] [INFO] JadlerMocker.java(264) net.jadler.JadlerMocker: No suitable rule found. Reason:

[main] [INFO] JadlerMocker.java(264) net.jadler.JadlerMocker: No suitable rule found. Reason:

[main] [INFO] JadlerMocker.java(454) net.jadler.JadlerMocker: Verification failed, here is a list of requests received so far:
Request #1: {method=GET, URI=/r1, parameters=[], headers=[], encoding=<none>, body=<empty>}
  matching predicates: <none>
  clashing predicates: <none>
Request #2: {method=GET, URI=/r2, parameters=[], headers=[], encoding=<none>, body=<empty>}
  matching predicates: <none>
  clashing predicates: <none>
Request #3: {method=GET, URI=/r3, parameters=[], headers=[], encoding=<none>, body=<empty>}
  matching predicates: <none>
  clashing predicates: <none>
Request #4: {method=GET, URI=/r4, parameters=[], headers=[], encoding=<none>, body=<empty>}
  matching predicates: <none>
  clashing predicates: <none>
Request #5: {method=GET, URI=/r5, parameters=[], headers=[], encoding=<none>, body=<empty>}
  matching predicates: <none>
  clashing predicates: <none>
log4j:WARN No appenders could be found for logger (net.jadler.JadlerMocker).
log4j:WARN Please initialize the log4j system properly.
log4j:WARN See http://logging.apache.org/log4j/1.2/faq.html#noconfig for more info.
[INFO] Tests run: 54, Failures: 0, Errors: 0, Skipped: 0, Time elapsed: 2.226 s - in net.jadler.JadlerMockerTest
[INFO] Running net.jadler.AbstractRequestMatchingTest
[INFO] Tests run: 22, Failures: 0, Errors: 0, Skipped: 0, Time elapsed: 0.072 s - in net.jadler.AbstractRequestMatchingTest
[INFO] Running net.jadler.stubbing.StubResponseTest
[INFO] Tests run: 24, Failures: 0, Errors: 0, Skipped: 0, Time elapsed: 0.059 s - in net.jadler.stubbing.StubResponseTest
[INFO] Running net.jadler.stubbing.HttpStubTest
[INFO] Tests run: 6, Failures: 0, Errors: 0, Skipped: 0, Time elapsed: 0.037 s - in net.jadler.stubbing.HttpStubTest
[INFO] Running net.jadler.stubbing.StubbingTest
WARNING: An illegal reflective access operation has occurred
WARNING: Illegal reflective access by org.mockito.internal.util.reflection.ReflectionMemberAccessor (file:/root/.m2/repository/org/mockito/mockito-core/3.12.4/mockito-core-3.12.4.jar) to field java.io.ByteArrayInputStream.buf
WARNING: Please consider reporting this to the maintainers of org.mockito.internal.util.reflection.ReflectionMemberAccessor
WARNING: Use --illegal-access=warn to enable warnings of further illegal reflective access operations
WARNING: All illegal access operations will be denied in a future release
[INFO] Tests run: 15, Failures: 0, Errors: 0, Skipped: 0, Time elapsed: 0.305 s - in net.jadler.stubbing.StubbingTest
[INFO] Running net.jadler.stubbing.StaticResponderTest
[INFO] Tests run: 5, Failures: 0, Errors: 0, Skipped: 0, Time elapsed: 0.032 s - in net.jadler.stubbing.StaticResponderTest
[INFO] Running net.jadler.stubbing.MutableStubResponseTest
[INFO] Tests run: 11, Failures: 0, Errors: 0, Skipped: 0, Time elapsed: 0.015 s - in net.jadler.stubbing.MutableStubResponseTest
[INFO] Running net.jadler.mocking.VerifyingTest
[INFO] Tests run: 12, Failures: 0, Errors: 0, Skipped: 0, Time elapsed: 0.039 s - in net.jadler.mocking.VerifyingTest
[INFO] Running net.jadler.KeyValuesTest
[INFO] Tests run: 22, Failures: 0, Errors: 0, Skipped: 0, Time elapsed: 0.041 s - in net.jadler.KeyValuesTest
[INFO] Running net.jadler.matchers.PathRequestMatcherTest
[INFO] Tests run: 3, Failures: 0, Errors: 0, Skipped: 0, Time elapsed: 0 s - in net.jadler.matchers.PathRequestMatcherTest
[INFO] Running net.jadler.matchers.MethodRequestMatcherTest
[INFO] Tests run: 2, Failures: 0, Errors: 0, Skipped: 0, Time elapsed: 0 s - in net.jadler.matchers.MethodRequestMatcherTest
[INFO] Running net.jadler.matchers.HeaderRequestMatcherTest
[INFO] Tests run: 4, Failures: 0, Errors: 0, Skipped: 0, Time elapsed: 0 s - in net.jadler.matchers.HeaderRequestMatcherTest
[INFO] Running net.jadler.matchers.ParameterRequestMatcherTest
[INFO] Tests run: 4, Failures: 0, Errors: 0, Skipped: 0, Time elapsed: 0 s - in net.jadler.matchers.ParameterRequestMatcherTest
[INFO] Running net.jadler.matchers.QueryStringRequestMatcherTest
[INFO] Tests run: 4, Failures: 0, Errors: 0, Skipped: 0, Time elapsed: 0 s - in net.jadler.matchers.QueryStringRequestMatcherTest
[INFO] Running net.jadler.matchers.RawBodyRequestMatcherTest
[INFO] Tests run: 3, Failures: 0, Errors: 0, Skipped: 0, Time elapsed: 0.001 s - in net.jadler.matchers.RawBodyRequestMatcherTest
[INFO] Running net.jadler.matchers.BodyRequestMatcherTest
[INFO] Tests run: 3, Failures: 0, Errors: 0, Skipped: 0, Time elapsed: 0.001 s - in net.jadler.matchers.BodyRequestMatcherTest
[INFO] Running net.jadler.matchers.RequestMatcherTest
[INFO] Tests run: 8, Failures: 0, Errors: 0, Skipped: 0, Time elapsed: 0.007 s - in net.jadler.matchers.RequestMatcherTest
[INFO] Running net.jadler.RequestTest
[INFO] Tests run: 33, Failures: 0, Errors: 0, Skipped: 0, Time elapsed: 0.017 s - in net.jadler.RequestTest
[INFO] 
[INFO] Results:
[INFO] 
[INFO] Tests run: 235, Failures: 0, Errors: 0, Skipped: 0
[INFO] 
[INFO] 
[INFO] ----------------------< net.jadler:jadler-jetty >-----------------------
[INFO] Building jadler-jetty 1.3.1-SNAPSHOT                               [3/6]
[INFO]   from jadler-jetty/pom.xml
[INFO] --------------------------------[ jar ]---------------------------------
[INFO] 
[INFO] --- clean:3.2.0:clean (default-clean) @ jadler-jetty ---
[INFO] Deleting /jadler/jadler-jetty/target
[INFO] 
[INFO] --- enforcer:1.0:enforce (enforce-maven) @ jadler-jetty ---
[INFO] 
[INFO] --- resources:3.3.0:resources (default-resources) @ jadler-jetty ---
[INFO] skip non existing resourceDirectory /jadler/jadler-jetty/src/main/resources
[INFO] 
[INFO] --- compiler:2.5.1:compile (default-compile) @ jadler-jetty ---
[INFO] Compiling 3 source files to /jadler/jadler-jetty/target/classes
[WARNING] Unable to autodetect 'javac' path, using 'javac' from the environment.
[INFO] -------------------------------------------------------------
[ERROR] COMPILATION ERROR : 
[INFO] -------------------------------------------------------------
[ERROR] To suppress warnings about obsolete options, use -Xlint:-options.
/jadler/jadler-jetty/src/main/java/net/jadler/stubbing/server/jetty/JettyStubHttpServer.java:[14,35] error: cannot find symbol
[ERROR]   symbol:   class SelectChannelConnector
  location: package org.eclipse.jetty.server.nio
/jadler/jadler-jetty/src/main/java/net/jadler/stubbing/server/jetty/JettyStubHttpServer.java:[33,19] error: cannot find symbol
[ERROR]   symbol:   method setSendServerVersion(boolean)
  location: variable server of type Server
/jadler/jadler-jetty/src/main/java/net/jadler/stubbing/server/jetty/JettyStubHttpServer.java:[34,19] error: cannot find symbol
[ERROR]   symbol:   method setSendDateHeader(boolean)
  location: variable server of type Server
/jadler/jadler-jetty/src/main/java/net/jadler/stubbing/server/jetty/JettyStubHttpServer.java:[36,33] error: cannot find symbol
[ERROR]   symbol:   class SelectChannelConnector
  location: class JettyStubHttpServer
/jadler/jadler-jetty/src/main/java/net/jadler/stubbing/server/jetty/JettyStubHttpServer.java:[37,26] error: cannot find symbol
[ERROR]   symbol:   method setPort(int)
  location: variable httpConnector of type Connector
/jadler/jadler-jetty/src/main/java/net/jadler/stubbing/server/jetty/JettyStubHttpServer.java:[80,28] error: cannot find symbol
[INFO] 6 errors 
[INFO] -------------------------------------------------------------
[INFO] ------------------------------------------------------------------------
[INFO] Reactor Summary for jadler-pom 1.3.1-SNAPSHOT:
[INFO] 
[INFO] jadler-pom ......................................... SUCCESS [  0.871 s]
[INFO] jadler-core ........................................ SUCCESS [ 10.968 s]
[INFO] jadler-jetty ....................................... FAILURE [  2.275 s]
[INFO] jadler-junit ....................................... SKIPPED
[INFO] jadler-jdk ......................................... SKIPPED
[INFO] jadler-all ......................................... SKIPPED
[INFO] ------------------------------------------------------------------------
[INFO] BUILD FAILURE
[INFO] ------------------------------------------------------------------------
[INFO] Total time:  14.514 s
[INFO] Finished at: 2025-10-01T14:43:25Z
[INFO] ------------------------------------------------------------------------
[WARNING] 
[WARNING] Plugin validation issues were detected in 3 plugin(s)
[WARNING] 
[WARNING]  * org.apache.maven.plugins:maven-resources-plugin:3.3.0
[WARNING]  * org.apache.maven.plugins:maven-compiler-plugin:2.5.1
[WARNING]  * org.apache.maven.plugins:maven-enforcer-plugin:1.0
[WARNING] 
[WARNING] For more or less details, use 'maven.plugin.validation' property with one of the values (case insensitive): [BRIEF, DEFAULT, VERBOSE]
[WARNING] 
[ERROR] Failed to execute goal org.apache.maven.plugins:maven-compiler-plugin:2.5.1:compile (default-compile) on project jadler-jetty: Compilation failure: Compilation failure: 
[ERROR] To suppress warnings about obsolete options, use -Xlint:-options.
[ERROR] /jadler/jadler-jetty/src/main/java/net/jadler/stubbing/server/jetty/JettyStubHttpServer.java:[14,35] error: cannot find symbol
[ERROR]   symbol:   class SelectChannelConnector
[ERROR]   location: package org.eclipse.jetty.server.nio
[ERROR] /jadler/jadler-jetty/src/main/java/net/jadler/stubbing/server/jetty/JettyStubHttpServer.java:[33,19] error: cannot find symbol
[ERROR]   symbol:   method setSendServerVersion(boolean)
[ERROR]   location: variable server of type Server
[ERROR] /jadler/jadler-jetty/src/main/java/net/jadler/stubbing/server/jetty/JettyStubHttpServer.java:[34,19] error: cannot find symbol
[ERROR]   symbol:   method setSendDateHeader(boolean)
[ERROR]   location: variable server of type Server
[ERROR] /jadler/jadler-jetty/src/main/java/net/jadler/stubbing/server/jetty/JettyStubHttpServer.java:[36,33] error: cannot find symbol
[ERROR]   symbol:   class SelectChannelConnector
[ERROR]   location: class JettyStubHttpServer
[ERROR] /jadler/jadler-jetty/src/main/java/net/jadler/stubbing/server/jetty/JettyStubHttpServer.java:[37,26] error: cannot find symbol
[ERROR]   symbol:   method setPort(int)
[ERROR]   location: variable httpConnector of type Connector
[ERROR] /jadler/jadler-jetty/src/main/java/net/jadler/stubbing/server/jetty/JettyStubHttpServer.java:[80,28] error: cannot find symbol
[ERROR] -> [Help 1]
[ERROR] 
[ERROR] To see the full stack trace of the errors, re-run Maven with the -e switch.
[ERROR] Re-run Maven using the -X switch to enable full debug logging.
[ERROR] 
[ERROR] For more information about the errors and possible solutions, please read the following articles:
[ERROR] [Help 1] http://cwiki.apache.org/confluence/display/MAVEN/MojoFailureException
[ERROR] 
[ERROR] After correcting the problems, you can resume the build with the command
[ERROR]   mvn <args> -rf :jadler-jetty
