[INFO] Scanning for projects...
[INFO] 
[INFO] ----------------------< org.versly:versly-wsdoc >-----------------------
[INFO] Building Web Service Documentation Generator 1.2-SNAPSHOT
[INFO]   from pom.xml
[INFO] --------------------------------[ jar ]---------------------------------
[INFO] Downloading from mulesoft-repo: https://repository-master.mulesoft.org/nexus/content/repositories/public/org/raml/raml-parser/0.9-SNAPSHOT/maven-metadata.xml
[INFO] Downloaded from mulesoft-repo: https://repository-master.mulesoft.org/nexus/content/repositories/public/org/raml/raml-parser/0.9-SNAPSHOT/maven-metadata.xml (769 B at 606 B/s)
[INFO] 
[INFO] --- clean:3.2.0:clean (default-clean) @ versly-wsdoc ---
[INFO] Deleting /wsdoc/target
[INFO] 
[INFO] --- resources:3.3.0:resources (default-resources) @ versly-wsdoc ---
[WARNING] Using platform encoding (UTF-8 actually) to copy filtered resources, i.e. build is platform dependent!
[INFO] Copying 2 resources
[INFO] 
[INFO] --- compiler:3.3:compile (default-compile) @ versly-wsdoc ---
[INFO] Changes detected - recompiling the module!
[WARNING] File encoding has not been set, using platform encoding UTF-8, i.e. build is platform dependent!
[INFO] Compiling 19 source files to /wsdoc/target/classes
[INFO] /wsdoc/src/main/java/org/versly/rest/wsdoc/AnnotationProcessor.java: /wsdoc/src/main/java/org/versly/rest/wsdoc/AnnotationProcessor.java uses or overrides a deprecated API.
[INFO] /wsdoc/src/main/java/org/versly/rest/wsdoc/AnnotationProcessor.java: Recompile with -Xlint:deprecation for details.
[INFO] /wsdoc/src/main/java/org/versly/rest/wsdoc/impl/JsonObject.java: Some input files use unchecked or unsafe operations.
[INFO] /wsdoc/src/main/java/org/versly/rest/wsdoc/impl/JsonObject.java: Recompile with -Xlint:unchecked for details.
[INFO] 
[INFO] --- resources:3.3.0:testResources (default-testResources) @ versly-wsdoc ---
[WARNING] Using platform encoding (UTF-8 actually) to copy filtered resources, i.e. build is platform dependent!
[INFO] Copying 35 resources
[INFO] 
[INFO] --- compiler:3.3:testCompile (default-testCompile) @ versly-wsdoc ---
[INFO] Changes detected - recompiling the module!
[WARNING] File encoding has not been set, using platform encoding UTF-8, i.e. build is platform dependent!
[INFO] Compiling 13 source files to /wsdoc/target/test-classes
[INFO] 
[INFO] --- surefire:3.0.0:test (default-test) @ versly-wsdoc ---
[INFO] Using auto detected provider org.apache.maven.surefire.testng.TestNGProvider
[INFO] 
[INFO] -------------------------------------------------------
[INFO]  T E S T S
[INFO] -------------------------------------------------------
[INFO] Running TestSuite
Note: Wrote REST docs for 1 apis to new file at /tmp/wsdoc-1759330539449/org.versly.rest.wsdoc.web-service-api.ser
log4j:WARN No appenders could be found for logger (freemarker.cache).
log4j:WARN Please initialize the log4j system properly.
log4j:WARN See http://logging.apache.org/log4j/1.2/faq.html#noconfig for more info.
Wrote REST docs to /tmp/wsdoc-1759330539449/ApiLevelDocs-UltimateApi.raml
Note: Wrote REST docs for 1 apis to existing file at /tmp/wsdoc-1759330539449/org.versly.rest.wsdoc.web-service-api.ser
Wrote REST docs to /tmp/wsdoc-1759330539449/AllMethods.html
Note: Wrote REST docs for 1 apis to existing file at /tmp/wsdoc-1759330539449/org.versly.rest.wsdoc.web-service-api.ser
Wrote REST docs to /tmp/wsdoc-1759330539449/AllMethods.raml
Note: Wrote REST docs for 1 apis to existing file at /tmp/wsdoc-1759330539449/org.versly.rest.wsdoc.web-service-api.ser
Wrote REST docs to /tmp/wsdoc-1759330539449/GenericResponse.html
Note: Wrote REST docs for 1 apis to existing file at /tmp/wsdoc-1759330539449/org.versly.rest.wsdoc.web-service-api.ser
Wrote REST docs to /tmp/wsdoc-1759330539449/GenericResponse.raml
warning: cannot generate json-schema for class org.versly.rest.wsdoc.jaxrs.RestDocEndpoint.ValueWithRecursion (erasure org$versly$rest$wsdoc$jaxrs$RestDocEndpoint$ValueWithRecursion), class not found
warning: cannot generate json-schema for class org.versly.rest.wsdoc.jaxrs.RestDocEndpoint.ValueWithListRecursion (erasure org$versly$rest$wsdoc$jaxrs$RestDocEndpoint$ValueWithListRecursion), class not found
warning: cannot generate json-schema for class org.versly.rest.wsdoc.jaxrs.RestDocEndpoint.ValueWithListRecursion (erasure org$versly$rest$wsdoc$jaxrs$RestDocEndpoint$ValueWithListRecursion), class not found
warning: cannot generate json-schema for class org.versly.rest.wsdoc.jaxrs.RestDocEndpoint.ValueWithRecursion (erasure org$versly$rest$wsdoc$jaxrs$RestDocEndpoint$ValueWithRecursion), class not found
warning: cannot generate json-schema for class org.versly.rest.wsdoc.jaxrs.RestDocEndpoint.ValueWithListRecursion (erasure org$versly$rest$wsdoc$jaxrs$RestDocEndpoint$ValueWithListRecursion), class not found
warning: cannot generate json-schema for class org.versly.rest.wsdoc.jaxrs.RestDocEndpoint.ValueWithListRecursion (erasure org$versly$rest$wsdoc$jaxrs$RestDocEndpoint$ValueWithListRecursion), class not found
Note: Wrote REST docs for 1 apis to existing file at /tmp/wsdoc-1759330539449/org.versly.rest.wsdoc.web-service-api.ser
6 warnings
Wrote REST docs to /tmp/wsdoc-1759330539449/RestDocEndpoint.html
warning: cannot generate json-schema for class org.versly.rest.wsdoc.jaxrs.RestDocEndpoint.ValueWithRecursion (erasure org$versly$rest$wsdoc$jaxrs$RestDocEndpoint$ValueWithRecursion), class not found
warning: cannot generate json-schema for class org.versly.rest.wsdoc.jaxrs.RestDocEndpoint.ValueWithListRecursion (erasure org$versly$rest$wsdoc$jaxrs$RestDocEndpoint$ValueWithListRecursion), class not found
warning: cannot generate json-schema for class org.versly.rest.wsdoc.jaxrs.RestDocEndpoint.ValueWithListRecursion (erasure org$versly$rest$wsdoc$jaxrs$RestDocEndpoint$ValueWithListRecursion), class not found
warning: cannot generate json-schema for class org.versly.rest.wsdoc.jaxrs.RestDocEndpoint.ValueWithRecursion (erasure org$versly$rest$wsdoc$jaxrs$RestDocEndpoint$ValueWithRecursion), class not found
warning: cannot generate json-schema for class org.versly.rest.wsdoc.jaxrs.RestDocEndpoint.ValueWithListRecursion (erasure org$versly$rest$wsdoc$jaxrs$RestDocEndpoint$ValueWithListRecursion), class not found
warning: cannot generate json-schema for class org.versly.rest.wsdoc.jaxrs.RestDocEndpoint.ValueWithListRecursion (erasure org$versly$rest$wsdoc$jaxrs$RestDocEndpoint$ValueWithListRecursion), class not found
Note: Wrote REST docs for 1 apis to existing file at /tmp/wsdoc-1759330539449/org.versly.rest.wsdoc.web-service-api.ser
6 warnings
Wrote REST docs to /tmp/wsdoc-1759330539449/RestDocEndpoint.raml
warning: cannot generate json-schema for class org.versly.rest.wsdoc.jaxrs.RestDocEndpoint.ValueWithRecursion (erasure org$versly$rest$wsdoc$jaxrs$RestDocEndpoint$ValueWithRecursion), class not found
warning: cannot generate json-schema for class org.versly.rest.wsdoc.jaxrs.RestDocEndpoint.ValueWithListRecursion (erasure org$versly$rest$wsdoc$jaxrs$RestDocEndpoint$ValueWithListRecursion), class not found
warning: cannot generate json-schema for class org.versly.rest.wsdoc.jaxrs.RestDocEndpoint.ValueWithListRecursion (erasure org$versly$rest$wsdoc$jaxrs$RestDocEndpoint$ValueWithListRecursion), class not found
warning: cannot generate json-schema for class org.versly.rest.wsdoc.jaxrs.RestDocEndpoint.ValueWithRecursion (erasure org$versly$rest$wsdoc$jaxrs$RestDocEndpoint$ValueWithRecursion), class not found
warning: cannot generate json-schema for class org.versly.rest.wsdoc.jaxrs.RestDocEndpoint.ValueWithListRecursion (erasure org$versly$rest$wsdoc$jaxrs$RestDocEndpoint$ValueWithListRecursion), class not found
warning: cannot generate json-schema for class org.versly.rest.wsdoc.jaxrs.RestDocEndpoint.ValueWithListRecursion (erasure org$versly$rest$wsdoc$jaxrs$RestDocEndpoint$ValueWithListRecursion), class not found
Note: Wrote REST docs for 1 apis to existing file at /tmp/wsdoc-1759330539449/org.versly.rest.wsdoc.web-service-api.ser
6 warnings
Wrote REST docs to /tmp/wsdoc-1759330539449/RestDocEndpoint.raml
warning: cannot generate json-schema for class org.versly.rest.wsdoc.jaxrs.RestDocEndpoint.ValueWithRecursion (erasure org$versly$rest$wsdoc$jaxrs$RestDocEndpoint$ValueWithRecursion), class not found
warning: cannot generate json-schema for class org.versly.rest.wsdoc.jaxrs.RestDocEndpoint.ValueWithListRecursion (erasure org$versly$rest$wsdoc$jaxrs$RestDocEndpoint$ValueWithListRecursion), class not found
warning: cannot generate json-schema for class org.versly.rest.wsdoc.jaxrs.RestDocEndpoint.ValueWithListRecursion (erasure org$versly$rest$wsdoc$jaxrs$RestDocEndpoint$ValueWithListRecursion), class not found
warning: cannot generate json-schema for class org.versly.rest.wsdoc.jaxrs.RestDocEndpoint.ValueWithRecursion (erasure org$versly$rest$wsdoc$jaxrs$RestDocEndpoint$ValueWithRecursion), class not found
warning: cannot generate json-schema for class org.versly.rest.wsdoc.jaxrs.RestDocEndpoint.ValueWithListRecursion (erasure org$versly$rest$wsdoc$jaxrs$RestDocEndpoint$ValueWithListRecursion), class not found
warning: cannot generate json-schema for class org.versly.rest.wsdoc.jaxrs.RestDocEndpoint.ValueWithListRecursion (erasure org$versly$rest$wsdoc$jaxrs$RestDocEndpoint$ValueWithListRecursion), class not found
Note: Wrote REST docs for 1 apis to existing file at /tmp/wsdoc-1759330539449/org.versly.rest.wsdoc.web-service-api.ser
6 warnings
Wrote REST docs to /tmp/wsdoc-1759330539449/RestDocEndpoint.html
warning: cannot generate json-schema for class org.versly.rest.wsdoc.jaxrs.RestDocEndpoint.ValueWithRecursion (erasure org$versly$rest$wsdoc$jaxrs$RestDocEndpoint$ValueWithRecursion), class not found
warning: cannot generate json-schema for class org.versly.rest.wsdoc.jaxrs.RestDocEndpoint.ValueWithListRecursion (erasure org$versly$rest$wsdoc$jaxrs$RestDocEndpoint$ValueWithListRecursion), class not found
warning: cannot generate json-schema for class org.versly.rest.wsdoc.jaxrs.RestDocEndpoint.ValueWithListRecursion (erasure org$versly$rest$wsdoc$jaxrs$RestDocEndpoint$ValueWithListRecursion), class not found
warning: cannot generate json-schema for class org.versly.rest.wsdoc.jaxrs.RestDocEndpoint.ValueWithRecursion (erasure org$versly$rest$wsdoc$jaxrs$RestDocEndpoint$ValueWithRecursion), class not found
warning: cannot generate json-schema for class org.versly.rest.wsdoc.jaxrs.RestDocEndpoint.ValueWithListRecursion (erasure org$versly$rest$wsdoc$jaxrs$RestDocEndpoint$ValueWithListRecursion), class not found
warning: cannot generate json-schema for class org.versly.rest.wsdoc.jaxrs.RestDocEndpoint.ValueWithListRecursion (erasure org$versly$rest$wsdoc$jaxrs$RestDocEndpoint$ValueWithListRecursion), class not found
Note: Wrote REST docs for 1 apis to existing file at /tmp/wsdoc-1759330539449/org.versly.rest.wsdoc.web-service-api.ser
6 warnings
Wrote REST docs to /tmp/wsdoc-1759330539449/RestDocEndpoint.html
warning: cannot generate json-schema for class org.versly.rest.wsdoc.jaxrs.RestDocEndpoint.ValueWithRecursion (erasure org$versly$rest$wsdoc$jaxrs$RestDocEndpoint$ValueWithRecursion), class not found
warning: cannot generate json-schema for class org.versly.rest.wsdoc.jaxrs.RestDocEndpoint.ValueWithListRecursion (erasure org$versly$rest$wsdoc$jaxrs$RestDocEndpoint$ValueWithListRecursion), class not found
warning: cannot generate json-schema for class org.versly.rest.wsdoc.jaxrs.RestDocEndpoint.ValueWithListRecursion (erasure org$versly$rest$wsdoc$jaxrs$RestDocEndpoint$ValueWithListRecursion), class not found
warning: cannot generate json-schema for class org.versly.rest.wsdoc.jaxrs.RestDocEndpoint.ValueWithRecursion (erasure org$versly$rest$wsdoc$jaxrs$RestDocEndpoint$ValueWithRecursion), class not found
warning: cannot generate json-schema for class org.versly.rest.wsdoc.jaxrs.RestDocEndpoint.ValueWithListRecursion (erasure org$versly$rest$wsdoc$jaxrs$RestDocEndpoint$ValueWithListRecursion), class not found
warning: cannot generate json-schema for class org.versly.rest.wsdoc.jaxrs.RestDocEndpoint.ValueWithListRecursion (erasure org$versly$rest$wsdoc$jaxrs$RestDocEndpoint$ValueWithListRecursion), class not found
Note: Wrote REST docs for 1 apis to existing file at /tmp/wsdoc-1759330539449/org.versly.rest.wsdoc.web-service-api.ser
6 warnings
Wrote REST docs to /tmp/wsdoc-1759330539449/RestDocEndpoint.html
warning: cannot generate json-schema for class org.versly.rest.wsdoc.jaxrs.RestDocEndpoint.ValueWithRecursion (erasure org$versly$rest$wsdoc$jaxrs$RestDocEndpoint$ValueWithRecursion), class not found
warning: cannot generate json-schema for class org.versly.rest.wsdoc.jaxrs.RestDocEndpoint.ValueWithListRecursion (erasure org$versly$rest$wsdoc$jaxrs$RestDocEndpoint$ValueWithListRecursion), class not found
warning: cannot generate json-schema for class org.versly.rest.wsdoc.jaxrs.RestDocEndpoint.ValueWithListRecursion (erasure org$versly$rest$wsdoc$jaxrs$RestDocEndpoint$ValueWithListRecursion), class not found
warning: cannot generate json-schema for class org.versly.rest.wsdoc.jaxrs.RestDocEndpoint.ValueWithRecursion (erasure org$versly$rest$wsdoc$jaxrs$RestDocEndpoint$ValueWithRecursion), class not found
warning: cannot generate json-schema for class org.versly.rest.wsdoc.jaxrs.RestDocEndpoint.ValueWithListRecursion (erasure org$versly$rest$wsdoc$jaxrs$RestDocEndpoint$ValueWithListRecursion), class not found
warning: cannot generate json-schema for class org.versly.rest.wsdoc.jaxrs.RestDocEndpoint.ValueWithListRecursion (erasure org$versly$rest$wsdoc$jaxrs$RestDocEndpoint$ValueWithListRecursion), class not found
Note: Wrote REST docs for 1 apis to existing file at /tmp/wsdoc-1759330539449/org.versly.rest.wsdoc.web-service-api.ser
6 warnings
Wrote REST docs to /tmp/wsdoc-1759330539449/RestDocEndpoint.raml
warning: cannot generate json-schema for class org.versly.rest.wsdoc.jaxrs.RestDocEndpoint.ValueWithRecursion (erasure org$versly$rest$wsdoc$jaxrs$RestDocEndpoint$ValueWithRecursion), class not found
warning: cannot generate json-schema for class org.versly.rest.wsdoc.jaxrs.RestDocEndpoint.ValueWithListRecursion (erasure org$versly$rest$wsdoc$jaxrs$RestDocEndpoint$ValueWithListRecursion), class not found
warning: cannot generate json-schema for class org.versly.rest.wsdoc.jaxrs.RestDocEndpoint.ValueWithListRecursion (erasure org$versly$rest$wsdoc$jaxrs$RestDocEndpoint$ValueWithListRecursion), class not found
warning: cannot generate json-schema for class org.versly.rest.wsdoc.jaxrs.RestDocEndpoint.ValueWithRecursion (erasure org$versly$rest$wsdoc$jaxrs$RestDocEndpoint$ValueWithRecursion), class not found
warning: cannot generate json-schema for class org.versly.rest.wsdoc.jaxrs.RestDocEndpoint.ValueWithListRecursion (erasure org$versly$rest$wsdoc$jaxrs$RestDocEndpoint$ValueWithListRecursion), class not found
warning: cannot generate json-schema for class org.versly.rest.wsdoc.jaxrs.RestDocEndpoint.ValueWithListRecursion (erasure org$versly$rest$wsdoc$jaxrs$RestDocEndpoint$ValueWithListRecursion), class not found
Note: Wrote REST docs for 1 apis to existing file at /tmp/wsdoc-1759330539449/org.versly.rest.wsdoc.web-service-api.ser
6 warnings
Wrote REST docs to /tmp/wsdoc-1759330539449/RestDocEndpoint.html
Note: Wrote REST docs for 1 apis to existing file at /tmp/wsdoc-1759330539449/org.versly.rest.wsdoc.web-service-api.ser
Wrote REST docs to /tmp/wsdoc-1759330539449/UriFirstParameterValidation.raml
Note: Wrote REST docs for 1 apis to existing file at /tmp/wsdoc-1759330539449/org.versly.rest.wsdoc.web-service-api.ser
Wrote REST docs to /tmp/wsdoc-1759330539449/UriParameterNormalization.raml
warning: cannot generate json-schema for class org.versly.rest.wsdoc.jaxrs.RestDocEndpoint.ValueWithRecursion (erasure org$versly$rest$wsdoc$jaxrs$RestDocEndpoint$ValueWithRecursion), class not found
warning: cannot generate json-schema for class org.versly.rest.wsdoc.jaxrs.RestDocEndpoint.ValueWithListRecursion (erasure org$versly$rest$wsdoc$jaxrs$RestDocEndpoint$ValueWithListRecursion), class not found
warning: cannot generate json-schema for class org.versly.rest.wsdoc.jaxrs.RestDocEndpoint.ValueWithListRecursion (erasure org$versly$rest$wsdoc$jaxrs$RestDocEndpoint$ValueWithListRecursion), class not found
warning: cannot generate json-schema for class org.versly.rest.wsdoc.jaxrs.RestDocEndpoint.ValueWithRecursion (erasure org$versly$rest$wsdoc$jaxrs$RestDocEndpoint$ValueWithRecursion), class not found
warning: cannot generate json-schema for class org.versly.rest.wsdoc.jaxrs.RestDocEndpoint.ValueWithListRecursion (erasure org$versly$rest$wsdoc$jaxrs$RestDocEndpoint$ValueWithListRecursion), class not found
warning: cannot generate json-schema for class org.versly.rest.wsdoc.jaxrs.RestDocEndpoint.ValueWithListRecursion (erasure org$versly$rest$wsdoc$jaxrs$RestDocEndpoint$ValueWithListRecursion), class not found
Note: Wrote REST docs for 1 apis to existing file at /tmp/wsdoc-1759330539449/org.versly.rest.wsdoc.web-service-api.ser
6 warnings
Wrote REST docs to /tmp/wsdoc-1759330539449/RestDocEndpoint.html
Note: Wrote REST docs for 1 apis to existing file at /tmp/wsdoc-1759330539449/org.versly.rest.wsdoc.web-service-api.ser
Wrote REST docs to /tmp/wsdoc-1759330539449/AuthorizationScopes.raml
Note: Wrote REST docs for 1 apis to existing file at /tmp/wsdoc-1759330539449/org.versly.rest.wsdoc.web-service-api.ser
Wrote REST docs to /tmp/wsdoc-1759330539449/ApiLevelTemplateDocs-fooID.raml
warning: cannot generate json-schema for class org.versly.rest.wsdoc.jaxrs.SnowReportController.SnowReport (erasure org$versly$rest$wsdoc$jaxrs$SnowReportController$SnowReport), class not found
warning: cannot generate json-schema for class org.versly.rest.wsdoc.jaxrs.SnowReportController.SnowReport (erasure org$versly$rest$wsdoc$jaxrs$SnowReportController$SnowReport), class not found
Note: Wrote REST docs for 1 apis to existing file at /tmp/wsdoc-1759330539449/org.versly.rest.wsdoc.web-service-api.ser
2 warnings
Wrote REST docs to /tmp/wsdoc-1759330539449/SnowReportController.html
warning: cannot generate json-schema for class org.versly.rest.wsdoc.jaxrs.SnowReportController.SnowReport (erasure org$versly$rest$wsdoc$jaxrs$SnowReportController$SnowReport), class not found
warning: cannot generate json-schema for class org.versly.rest.wsdoc.jaxrs.SnowReportController.SnowReport (erasure org$versly$rest$wsdoc$jaxrs$SnowReportController$SnowReport), class not found
Note: Wrote REST docs for 1 apis to existing file at /tmp/wsdoc-1759330539449/org.versly.rest.wsdoc.web-service-api.ser
2 warnings
Wrote REST docs to /tmp/wsdoc-1759330539449/SnowReportController.raml
warning: cannot generate json-schema for class org.versly.rest.wsdoc.jaxrs.SnowReportController.SnowReport (erasure org$versly$rest$wsdoc$jaxrs$SnowReportController$SnowReport), class not found
warning: cannot generate json-schema for class org.versly.rest.wsdoc.jaxrs.SnowReportController.SnowReport (erasure org$versly$rest$wsdoc$jaxrs$SnowReportController$SnowReport), class not found
Note: Wrote REST docs for 1 apis to existing file at /tmp/wsdoc-1759330539449/org.versly.rest.wsdoc.web-service-api.ser
2 warnings
Wrote REST docs to /tmp/wsdoc-1759330539449/SnowReportController.html
warning: cannot generate json-schema for class org.versly.rest.wsdoc.jaxrs.SnowReportController.SnowReport (erasure org$versly$rest$wsdoc$jaxrs$SnowReportController$SnowReport), class not found
warning: cannot generate json-schema for class org.versly.rest.wsdoc.jaxrs.SnowReportController.SnowReport (erasure org$versly$rest$wsdoc$jaxrs$SnowReportController$SnowReport), class not found
Note: Wrote REST docs for 1 apis to existing file at /tmp/wsdoc-1759330539449/org.versly.rest.wsdoc.web-service-api.ser
2 warnings
Wrote REST docs to /tmp/wsdoc-1759330539449/SnowReportController.raml
warning: cannot generate json-schema for class org.versly.rest.wsdoc.jaxrs.RestDocEndpoint.ValueWithRecursion (erasure org$versly$rest$wsdoc$jaxrs$RestDocEndpoint$ValueWithRecursion), class not found
warning: cannot generate json-schema for class org.versly.rest.wsdoc.jaxrs.RestDocEndpoint.ValueWithListRecursion (erasure org$versly$rest$wsdoc$jaxrs$RestDocEndpoint$ValueWithListRecursion), class not found
warning: cannot generate json-schema for class org.versly.rest.wsdoc.jaxrs.RestDocEndpoint.ValueWithListRecursion (erasure org$versly$rest$wsdoc$jaxrs$RestDocEndpoint$ValueWithListRecursion), class not found
warning: cannot generate json-schema for class org.versly.rest.wsdoc.jaxrs.RestDocEndpoint.ValueWithRecursion (erasure org$versly$rest$wsdoc$jaxrs$RestDocEndpoint$ValueWithRecursion), class not found
warning: cannot generate json-schema for class org.versly.rest.wsdoc.jaxrs.RestDocEndpoint.ValueWithListRecursion (erasure org$versly$rest$wsdoc$jaxrs$RestDocEndpoint$ValueWithListRecursion), class not found
warning: cannot generate json-schema for class org.versly.rest.wsdoc.jaxrs.RestDocEndpoint.ValueWithListRecursion (erasure org$versly$rest$wsdoc$jaxrs$RestDocEndpoint$ValueWithListRecursion), class not found
Note: Wrote REST docs for 1 apis to existing file at /tmp/wsdoc-1759330539449/org.versly.rest.wsdoc.web-service-api.ser
6 warnings
Wrote REST docs to /tmp/wsdoc-1759330539449/RestDocEndpoint.html
warning: cannot generate json-schema for class org.versly.rest.wsdoc.jaxrs.RestDocEndpoint.ValueWithRecursion (erasure org$versly$rest$wsdoc$jaxrs$RestDocEndpoint$ValueWithRecursion), class not found
warning: cannot generate json-schema for class org.versly.rest.wsdoc.jaxrs.RestDocEndpoint.ValueWithListRecursion (erasure org$versly$rest$wsdoc$jaxrs$RestDocEndpoint$ValueWithListRecursion), class not found
warning: cannot generate json-schema for class org.versly.rest.wsdoc.jaxrs.RestDocEndpoint.ValueWithListRecursion (erasure org$versly$rest$wsdoc$jaxrs$RestDocEndpoint$ValueWithListRecursion), class not found
warning: cannot generate json-schema for class org.versly.rest.wsdoc.jaxrs.RestDocEndpoint.ValueWithRecursion (erasure org$versly$rest$wsdoc$jaxrs$RestDocEndpoint$ValueWithRecursion), class not found
warning: cannot generate json-schema for class org.versly.rest.wsdoc.jaxrs.RestDocEndpoint.ValueWithListRecursion (erasure org$versly$rest$wsdoc$jaxrs$RestDocEndpoint$ValueWithListRecursion), class not found
warning: cannot generate json-schema for class org.versly.rest.wsdoc.jaxrs.RestDocEndpoint.ValueWithListRecursion (erasure org$versly$rest$wsdoc$jaxrs$RestDocEndpoint$ValueWithListRecursion), class not found
Note: Wrote REST docs for 1 apis to existing file at /tmp/wsdoc-1759330539449/org.versly.rest.wsdoc.web-service-api.ser
6 warnings
Wrote REST docs to /tmp/wsdoc-1759330539449/RestDocEndpoint.raml
Note: Wrote REST docs for 2 apis to existing file at /tmp/wsdoc-1759330539449/org.versly.rest.wsdoc.web-service-api.ser
Wrote REST docs to /tmp/wsdoc-1759330539449/MultiApiLevelDocs-RestApi1.raml
Wrote REST docs to /tmp/wsdoc-1759330539449/MultiApiLevelDocs-RestApi2.raml
warning: cannot generate json-schema for class org.versly.rest.wsdoc.jaxrs.NonRecursiveMultiUse.NonRecursiveParent (erasure org$versly$rest$wsdoc$jaxrs$NonRecursiveMultiUse$NonRecursiveParent), class not found
warning: cannot generate json-schema for class org.versly.rest.wsdoc.jaxrs.NonRecursiveMultiUse.NonRecursiveParent (erasure org$versly$rest$wsdoc$jaxrs$NonRecursiveMultiUse$NonRecursiveParent), class not found
Note: Wrote REST docs for 1 apis to existing file at /tmp/wsdoc-1759330539449/org.versly.rest.wsdoc.web-service-api.ser
2 warnings
Wrote REST docs to /tmp/wsdoc-1759330539449/NonRecursiveMultiUse.html
warning: cannot generate json-schema for class org.versly.rest.wsdoc.jaxrs.NonRecursiveMultiUse.NonRecursiveParent (erasure org$versly$rest$wsdoc$jaxrs$NonRecursiveMultiUse$NonRecursiveParent), class not found
warning: cannot generate json-schema for class org.versly.rest.wsdoc.jaxrs.NonRecursiveMultiUse.NonRecursiveParent (erasure org$versly$rest$wsdoc$jaxrs$NonRecursiveMultiUse$NonRecursiveParent), class not found
Note: Wrote REST docs for 1 apis to existing file at /tmp/wsdoc-1759330539449/org.versly.rest.wsdoc.web-service-api.ser
2 warnings
Wrote REST docs to /tmp/wsdoc-1759330539449/NonRecursiveMultiUse.raml
Note: Wrote REST docs for 1 apis to existing file at /tmp/wsdoc-1759330539449/org.versly.rest.wsdoc.web-service-api.ser
Wrote REST docs to /tmp/wsdoc-1759330539449/TraitsAnnotations.raml
warning: cannot generate json-schema for class org.versly.rest.wsdoc.jaxrs.RestDocEndpoint.ValueWithRecursion (erasure org$versly$rest$wsdoc$jaxrs$RestDocEndpoint$ValueWithRecursion), class not found
warning: cannot generate json-schema for class org.versly.rest.wsdoc.jaxrs.RestDocEndpoint.ValueWithListRecursion (erasure org$versly$rest$wsdoc$jaxrs$RestDocEndpoint$ValueWithListRecursion), class not found
warning: cannot generate json-schema for class org.versly.rest.wsdoc.jaxrs.RestDocEndpoint.ValueWithListRecursion (erasure org$versly$rest$wsdoc$jaxrs$RestDocEndpoint$ValueWithListRecursion), class not found
warning: cannot generate json-schema for class org.versly.rest.wsdoc.jaxrs.RestDocEndpoint.ValueWithRecursion (erasure org$versly$rest$wsdoc$jaxrs$RestDocEndpoint$ValueWithRecursion), class not found
warning: cannot generate json-schema for class org.versly.rest.wsdoc.jaxrs.RestDocEndpoint.ValueWithListRecursion (erasure org$versly$rest$wsdoc$jaxrs$RestDocEndpoint$ValueWithListRecursion), class not found
warning: cannot generate json-schema for class org.versly.rest.wsdoc.jaxrs.RestDocEndpoint.ValueWithListRecursion (erasure org$versly$rest$wsdoc$jaxrs$RestDocEndpoint$ValueWithListRecursion), class not found
Note: Wrote REST docs for 1 apis to existing file at /tmp/wsdoc-1759330539449/org.versly.rest.wsdoc.web-service-api.ser
6 warnings
Wrote REST docs to /tmp/wsdoc-1759330539449/RestDocEndpoint.raml
warning: cannot generate json-schema for class org.versly.rest.wsdoc.jaxrs.RestDocEndpoint.ValueWithRecursion (erasure org$versly$rest$wsdoc$jaxrs$RestDocEndpoint$ValueWithRecursion), class not found
warning: cannot generate json-schema for class org.versly.rest.wsdoc.jaxrs.RestDocEndpoint.ValueWithListRecursion (erasure org$versly$rest$wsdoc$jaxrs$RestDocEndpoint$ValueWithListRecursion), class not found
warning: cannot generate json-schema for class org.versly.rest.wsdoc.jaxrs.RestDocEndpoint.ValueWithListRecursion (erasure org$versly$rest$wsdoc$jaxrs$RestDocEndpoint$ValueWithListRecursion), class not found
warning: cannot generate json-schema for class org.versly.rest.wsdoc.jaxrs.RestDocEndpoint.ValueWithRecursion (erasure org$versly$rest$wsdoc$jaxrs$RestDocEndpoint$ValueWithRecursion), class not found
warning: cannot generate json-schema for class org.versly.rest.wsdoc.jaxrs.RestDocEndpoint.ValueWithListRecursion (erasure org$versly$rest$wsdoc$jaxrs$RestDocEndpoint$ValueWithListRecursion), class not found
warning: cannot generate json-schema for class org.versly.rest.wsdoc.jaxrs.RestDocEndpoint.ValueWithListRecursion (erasure org$versly$rest$wsdoc$jaxrs$RestDocEndpoint$ValueWithListRecursion), class not found
Note: Wrote REST docs for 1 apis to existing file at /tmp/wsdoc-1759330539449/org.versly.rest.wsdoc.web-service-api.ser
6 warnings
Wrote REST docs to /tmp/wsdoc-1759330539449/RestDocEndpoint.raml
Note: Wrote REST docs for 1 apis to existing file at /tmp/wsdoc-1759330539449/org.versly.rest.wsdoc.web-service-api.ser
Wrote REST docs to /tmp/wsdoc-1759330539449/PublicationScopes.html
Note: Wrote REST docs for 1 apis to existing file at /tmp/wsdoc-1759330539449/org.versly.rest.wsdoc.web-service-api.ser
Wrote REST docs to /tmp/wsdoc-1759330539449/PublicationScopes.html
Note: Wrote REST docs for 1 apis to existing file at /tmp/wsdoc-1759330539449/org.versly.rest.wsdoc.web-service-api.ser
Wrote REST docs to /tmp/wsdoc-1759330539449/PublicationScopes.html
Note: Wrote REST docs for 1 apis to existing file at /tmp/wsdoc-1759330539449/org.versly.rest.wsdoc.web-service-api.ser
Wrote REST docs to /tmp/wsdoc-1759330539449/PublicationScopes.html
Note: Wrote REST docs for 1 apis to existing file at /tmp/wsdoc-1759330539449/org.versly.rest.wsdoc.web-service-api.ser
Wrote REST docs to /tmp/wsdoc-1759330539449/PublicationScopes.raml
Note: Wrote REST docs for 1 apis to existing file at /tmp/wsdoc-1759330539449/org.versly.rest.wsdoc.web-service-api.ser
Wrote REST docs to /tmp/wsdoc-1759330539449/PublicationScopes.raml
Note: Wrote REST docs for 1 apis to existing file at /tmp/wsdoc-1759330539449/org.versly.rest.wsdoc.web-service-api.ser
Wrote REST docs to /tmp/wsdoc-1759330539449/PublicationScopes.raml
Note: Wrote REST docs for 1 apis to existing file at /tmp/wsdoc-1759330539449/org.versly.rest.wsdoc.web-service-api.ser
Wrote REST docs to /tmp/wsdoc-1759330539449/PublicationScopes.raml
Note: Wrote REST docs for 1 apis to existing file at /tmp/wsdoc-1759330539449/org.versly.rest.wsdoc.web-service-api.ser
Wrote REST docs to /tmp/wsdoc-1759330539449/ClassPathOnly.html
Note: Wrote REST docs for 1 apis to existing file at /tmp/wsdoc-1759330539449/org.versly.rest.wsdoc.web-service-api.ser
Wrote REST docs to /tmp/wsdoc-1759330539449/ClassPathOnly.raml
Note: Wrote REST docs for 1 apis to existing file at /tmp/wsdoc-1759330539449/org.versly.rest.wsdoc.web-service-api.ser
Wrote REST docs to /tmp/wsdoc-1759330539449/NoPath.html
Note: Wrote REST docs for 1 apis to existing file at /tmp/wsdoc-1759330539449/org.versly.rest.wsdoc.web-service-api.ser
Wrote REST docs to /tmp/wsdoc-1759330539449/NoPath.raml
warning: cannot generate json-schema for class org.versly.rest.wsdoc.jaxrs.PostWithRequestBody.ComplexBody (erasure org$versly$rest$wsdoc$jaxrs$PostWithRequestBody$ComplexBody), class not found
warning: cannot generate json-schema for class org.versly.rest.wsdoc.jaxrs.PostWithRequestBody.ComplexBody (erasure org$versly$rest$wsdoc$jaxrs$PostWithRequestBody$ComplexBody), class not found
Note: Wrote REST docs for 1 apis to existing file at /tmp/wsdoc-1759330539449/org.versly.rest.wsdoc.web-service-api.ser
2 warnings
Wrote REST docs to /tmp/wsdoc-1759330539449/PostWithRequestBody.html
Note: Wrote REST docs for 1 apis to new file at /tmp/wsdoc-1759330552282/org.versly.rest.wsdoc.web-service-api.ser
Wrote REST docs to /tmp/wsdoc-1759330552282/ApiLevelDocs-UltimateApi.raml
Note: Wrote REST docs for 1 apis to existing file at /tmp/wsdoc-1759330552282/org.versly.rest.wsdoc.web-service-api.ser
Wrote REST docs to /tmp/wsdoc-1759330552282/GenericResponse.html
Note: Wrote REST docs for 1 apis to existing file at /tmp/wsdoc-1759330552282/org.versly.rest.wsdoc.web-service-api.ser
Wrote REST docs to /tmp/wsdoc-1759330552282/GenericResponse.raml
warning: cannot generate json-schema for class org.versly.rest.wsdoc.springmvc.RestDocEndpoint.ValueWithRecursion (erasure org$versly$rest$wsdoc$springmvc$RestDocEndpoint$ValueWithRecursion), class not found
warning: cannot generate json-schema for class org.versly.rest.wsdoc.springmvc.RestDocEndpoint.ValueWithListRecursion (erasure org$versly$rest$wsdoc$springmvc$RestDocEndpoint$ValueWithListRecursion), class not found
Note: Wrote REST docs for 1 apis to existing file at /tmp/wsdoc-1759330552282/org.versly.rest.wsdoc.web-service-api.ser
2 warnings
Wrote REST docs to /tmp/wsdoc-1759330552282/RestDocEndpoint.html
warning: cannot generate json-schema for class org.versly.rest.wsdoc.springmvc.RestDocEndpoint.ValueWithRecursion (erasure org$versly$rest$wsdoc$springmvc$RestDocEndpoint$ValueWithRecursion), class not found
warning: cannot generate json-schema for class org.versly.rest.wsdoc.springmvc.RestDocEndpoint.ValueWithListRecursion (erasure org$versly$rest$wsdoc$springmvc$RestDocEndpoint$ValueWithListRecursion), class not found
Note: Wrote REST docs for 1 apis to existing file at /tmp/wsdoc-1759330552282/org.versly.rest.wsdoc.web-service-api.ser
2 warnings
Wrote REST docs to /tmp/wsdoc-1759330552282/RestDocEndpoint.raml
warning: cannot generate json-schema for class org.versly.rest.wsdoc.springmvc.RestDocEndpoint.ValueWithRecursion (erasure org$versly$rest$wsdoc$springmvc$RestDocEndpoint$ValueWithRecursion), class not found
warning: cannot generate json-schema for class org.versly.rest.wsdoc.springmvc.RestDocEndpoint.ValueWithListRecursion (erasure org$versly$rest$wsdoc$springmvc$RestDocEndpoint$ValueWithListRecursion), class not found
Note: Wrote REST docs for 1 apis to existing file at /tmp/wsdoc-1759330552282/org.versly.rest.wsdoc.web-service-api.ser
2 warnings
Wrote REST docs to /tmp/wsdoc-1759330552282/RestDocEndpoint.raml
warning: cannot generate json-schema for class org.versly.rest.wsdoc.springmvc.RestDocEndpoint.ValueWithRecursion (erasure org$versly$rest$wsdoc$springmvc$RestDocEndpoint$ValueWithRecursion), class not found
warning: cannot generate json-schema for class org.versly.rest.wsdoc.springmvc.RestDocEndpoint.ValueWithListRecursion (erasure org$versly$rest$wsdoc$springmvc$RestDocEndpoint$ValueWithListRecursion), class not found
Note: Wrote REST docs for 1 apis to existing file at /tmp/wsdoc-1759330552282/org.versly.rest.wsdoc.web-service-api.ser
2 warnings
Wrote REST docs to /tmp/wsdoc-1759330552282/RestDocEndpoint.html
warning: cannot generate json-schema for class org.versly.rest.wsdoc.springmvc.RestDocEndpoint.ValueWithRecursion (erasure org$versly$rest$wsdoc$springmvc$RestDocEndpoint$ValueWithRecursion), class not found
warning: cannot generate json-schema for class org.versly.rest.wsdoc.springmvc.RestDocEndpoint.ValueWithListRecursion (erasure org$versly$rest$wsdoc$springmvc$RestDocEndpoint$ValueWithListRecursion), class not found
Note: Wrote REST docs for 1 apis to existing file at /tmp/wsdoc-1759330552282/org.versly.rest.wsdoc.web-service-api.ser
2 warnings
Wrote REST docs to /tmp/wsdoc-1759330552282/RestDocEndpoint.html
warning: cannot generate json-schema for class org.versly.rest.wsdoc.springmvc.RestDocEndpoint.ValueWithRecursion (erasure org$versly$rest$wsdoc$springmvc$RestDocEndpoint$ValueWithRecursion), class not found
warning: cannot generate json-schema for class org.versly.rest.wsdoc.springmvc.RestDocEndpoint.ValueWithListRecursion (erasure org$versly$rest$wsdoc$springmvc$RestDocEndpoint$ValueWithListRecursion), class not found
Note: Wrote REST docs for 1 apis to existing file at /tmp/wsdoc-1759330552282/org.versly.rest.wsdoc.web-service-api.ser
2 warnings
Wrote REST docs to /tmp/wsdoc-1759330552282/RestDocEndpoint.html
warning: cannot generate json-schema for class org.versly.rest.wsdoc.springmvc.RestDocEndpoint.ValueWithRecursion (erasure org$versly$rest$wsdoc$springmvc$RestDocEndpoint$ValueWithRecursion), class not found
warning: cannot generate json-schema for class org.versly.rest.wsdoc.springmvc.RestDocEndpoint.ValueWithListRecursion (erasure org$versly$rest$wsdoc$springmvc$RestDocEndpoint$ValueWithListRecursion), class not found
Note: Wrote REST docs for 1 apis to existing file at /tmp/wsdoc-1759330552282/org.versly.rest.wsdoc.web-service-api.ser
2 warnings
Wrote REST docs to /tmp/wsdoc-1759330552282/RestDocEndpoint.raml
warning: cannot generate json-schema for class org.versly.rest.wsdoc.springmvc.RestDocEndpoint.ValueWithRecursion (erasure org$versly$rest$wsdoc$springmvc$RestDocEndpoint$ValueWithRecursion), class not found
warning: cannot generate json-schema for class org.versly.rest.wsdoc.springmvc.RestDocEndpoint.ValueWithListRecursion (erasure org$versly$rest$wsdoc$springmvc$RestDocEndpoint$ValueWithListRecursion), class not found
Note: Wrote REST docs for 1 apis to existing file at /tmp/wsdoc-1759330552282/org.versly.rest.wsdoc.web-service-api.ser
2 warnings
Wrote REST docs to /tmp/wsdoc-1759330552282/RestDocEndpoint.html
Note: Wrote REST docs for 1 apis to existing file at /tmp/wsdoc-1759330552282/org.versly.rest.wsdoc.web-service-api.ser
Wrote REST docs to /tmp/wsdoc-1759330552282/UriFirstParameterValidation.raml
Note: Wrote REST docs for 1 apis to existing file at /tmp/wsdoc-1759330552282/org.versly.rest.wsdoc.web-service-api.ser
Wrote REST docs to /tmp/wsdoc-1759330552282/UriParameterNormalization.raml
warning: cannot generate json-schema for class org.versly.rest.wsdoc.springmvc.RestDocEndpoint.ValueWithRecursion (erasure org$versly$rest$wsdoc$springmvc$RestDocEndpoint$ValueWithRecursion), class not found
warning: cannot generate json-schema for class org.versly.rest.wsdoc.springmvc.RestDocEndpoint.ValueWithListRecursion (erasure org$versly$rest$wsdoc$springmvc$RestDocEndpoint$ValueWithListRecursion), class not found
Note: Wrote REST docs for 1 apis to existing file at /tmp/wsdoc-1759330552282/org.versly.rest.wsdoc.web-service-api.ser
2 warnings
Wrote REST docs to /tmp/wsdoc-1759330552282/RestDocEndpoint.html
Note: Wrote REST docs for 1 apis to existing file at /tmp/wsdoc-1759330552282/org.versly.rest.wsdoc.web-service-api.ser
Wrote REST docs to /tmp/wsdoc-1759330552282/AuthorizationScopes.raml
Note: Wrote REST docs for 1 apis to existing file at /tmp/wsdoc-1759330552282/org.versly.rest.wsdoc.web-service-api.ser
Wrote REST docs to /tmp/wsdoc-1759330552282/ApiLevelTemplateDocs-fooID.raml
warning: cannot generate json-schema for class org.versly.rest.wsdoc.springmvc.SnowReportController.SnowReport (erasure org$versly$rest$wsdoc$springmvc$SnowReportController$SnowReport), class not found
Note: Wrote REST docs for 1 apis to existing file at /tmp/wsdoc-1759330552282/org.versly.rest.wsdoc.web-service-api.ser
1 warning
Wrote REST docs to /tmp/wsdoc-1759330552282/SnowReportController.html
warning: cannot generate json-schema for class org.versly.rest.wsdoc.springmvc.SnowReportController.SnowReport (erasure org$versly$rest$wsdoc$springmvc$SnowReportController$SnowReport), class not found
Note: Wrote REST docs for 1 apis to existing file at /tmp/wsdoc-1759330552282/org.versly.rest.wsdoc.web-service-api.ser
1 warning
Wrote REST docs to /tmp/wsdoc-1759330552282/SnowReportController.raml
warning: cannot generate json-schema for class org.versly.rest.wsdoc.springmvc.SnowReportController.SnowReport (erasure org$versly$rest$wsdoc$springmvc$SnowReportController$SnowReport), class not found
Note: Wrote REST docs for 1 apis to existing file at /tmp/wsdoc-1759330552282/org.versly.rest.wsdoc.web-service-api.ser
1 warning
Wrote REST docs to /tmp/wsdoc-1759330552282/SnowReportController.html
warning: cannot generate json-schema for class org.versly.rest.wsdoc.springmvc.SnowReportController.SnowReport (erasure org$versly$rest$wsdoc$springmvc$SnowReportController$SnowReport), class not found
Note: Wrote REST docs for 1 apis to existing file at /tmp/wsdoc-1759330552282/org.versly.rest.wsdoc.web-service-api.ser
1 warning
Wrote REST docs to /tmp/wsdoc-1759330552282/SnowReportController.raml
warning: cannot generate json-schema for class org.versly.rest.wsdoc.springmvc.RestDocEndpoint.ValueWithRecursion (erasure org$versly$rest$wsdoc$springmvc$RestDocEndpoint$ValueWithRecursion), class not found
warning: cannot generate json-schema for class org.versly.rest.wsdoc.springmvc.RestDocEndpoint.ValueWithListRecursion (erasure org$versly$rest$wsdoc$springmvc$RestDocEndpoint$ValueWithListRecursion), class not found
Note: Wrote REST docs for 1 apis to existing file at /tmp/wsdoc-1759330552282/org.versly.rest.wsdoc.web-service-api.ser
2 warnings
Wrote REST docs to /tmp/wsdoc-1759330552282/RestDocEndpoint.html
warning: cannot generate json-schema for class org.versly.rest.wsdoc.springmvc.RestDocEndpoint.ValueWithRecursion (erasure org$versly$rest$wsdoc$springmvc$RestDocEndpoint$ValueWithRecursion), class not found
warning: cannot generate json-schema for class org.versly.rest.wsdoc.springmvc.RestDocEndpoint.ValueWithListRecursion (erasure org$versly$rest$wsdoc$springmvc$RestDocEndpoint$ValueWithListRecursion), class not found
Note: Wrote REST docs for 1 apis to existing file at /tmp/wsdoc-1759330552282/org.versly.rest.wsdoc.web-service-api.ser
2 warnings
Wrote REST docs to /tmp/wsdoc-1759330552282/RestDocEndpoint.raml
Note: Wrote REST docs for 2 apis to existing file at /tmp/wsdoc-1759330552282/org.versly.rest.wsdoc.web-service-api.ser
Wrote REST docs to /tmp/wsdoc-1759330552282/MultiApiLevelDocs-RestApi1.raml
Wrote REST docs to /tmp/wsdoc-1759330552282/MultiApiLevelDocs-RestApi2.raml
warning: cannot generate json-schema for class org.versly.rest.wsdoc.springmvc.NonRecursiveMultiUse.NonRecursiveParent (erasure org$versly$rest$wsdoc$springmvc$NonRecursiveMultiUse$NonRecursiveParent), class not found
Note: Wrote REST docs for 1 apis to existing file at /tmp/wsdoc-1759330552282/org.versly.rest.wsdoc.web-service-api.ser
1 warning
Wrote REST docs to /tmp/wsdoc-1759330552282/NonRecursiveMultiUse.html
warning: cannot generate json-schema for class org.versly.rest.wsdoc.springmvc.NonRecursiveMultiUse.NonRecursiveParent (erasure org$versly$rest$wsdoc$springmvc$NonRecursiveMultiUse$NonRecursiveParent), class not found
Note: Wrote REST docs for 1 apis to existing file at /tmp/wsdoc-1759330552282/org.versly.rest.wsdoc.web-service-api.ser
1 warning
Wrote REST docs to /tmp/wsdoc-1759330552282/NonRecursiveMultiUse.raml
Note: Wrote REST docs for 1 apis to existing file at /tmp/wsdoc-1759330552282/org.versly.rest.wsdoc.web-service-api.ser
Wrote REST docs to /tmp/wsdoc-1759330552282/TraitsAnnotations.raml
warning: cannot generate json-schema for class org.versly.rest.wsdoc.springmvc.RestDocEndpoint.ValueWithRecursion (erasure org$versly$rest$wsdoc$springmvc$RestDocEndpoint$ValueWithRecursion), class not found
warning: cannot generate json-schema for class org.versly.rest.wsdoc.springmvc.RestDocEndpoint.ValueWithListRecursion (erasure org$versly$rest$wsdoc$springmvc$RestDocEndpoint$ValueWithListRecursion), class not found
Note: Wrote REST docs for 1 apis to existing file at /tmp/wsdoc-1759330552282/org.versly.rest.wsdoc.web-service-api.ser
2 warnings
Wrote REST docs to /tmp/wsdoc-1759330552282/RestDocEndpoint.raml
warning: cannot generate json-schema for class org.versly.rest.wsdoc.springmvc.RestDocEndpoint.ValueWithRecursion (erasure org$versly$rest$wsdoc$springmvc$RestDocEndpoint$ValueWithRecursion), class not found
warning: cannot generate json-schema for class org.versly.rest.wsdoc.springmvc.RestDocEndpoint.ValueWithListRecursion (erasure org$versly$rest$wsdoc$springmvc$RestDocEndpoint$ValueWithListRecursion), class not found
Note: Wrote REST docs for 1 apis to existing file at /tmp/wsdoc-1759330552282/org.versly.rest.wsdoc.web-service-api.ser
2 warnings
Wrote REST docs to /tmp/wsdoc-1759330552282/RestDocEndpoint.raml
Note: Wrote REST docs for 1 apis to existing file at /tmp/wsdoc-1759330552282/org.versly.rest.wsdoc.web-service-api.ser
Wrote REST docs to /tmp/wsdoc-1759330552282/PublicationScopes.html
Note: Wrote REST docs for 1 apis to existing file at /tmp/wsdoc-1759330552282/org.versly.rest.wsdoc.web-service-api.ser
Wrote REST docs to /tmp/wsdoc-1759330552282/PublicationScopes.html
Note: Wrote REST docs for 1 apis to existing file at /tmp/wsdoc-1759330552282/org.versly.rest.wsdoc.web-service-api.ser
Wrote REST docs to /tmp/wsdoc-1759330552282/PublicationScopes.html
Note: Wrote REST docs for 1 apis to existing file at /tmp/wsdoc-1759330552282/org.versly.rest.wsdoc.web-service-api.ser
Wrote REST docs to /tmp/wsdoc-1759330552282/PublicationScopes.html
Note: Wrote REST docs for 1 apis to existing file at /tmp/wsdoc-1759330552282/org.versly.rest.wsdoc.web-service-api.ser
Wrote REST docs to /tmp/wsdoc-1759330552282/PublicationScopes.raml
Note: Wrote REST docs for 1 apis to existing file at /tmp/wsdoc-1759330552282/org.versly.rest.wsdoc.web-service-api.ser
Wrote REST docs to /tmp/wsdoc-1759330552282/PublicationScopes.raml
Note: Wrote REST docs for 1 apis to existing file at /tmp/wsdoc-1759330552282/org.versly.rest.wsdoc.web-service-api.ser
Wrote REST docs to /tmp/wsdoc-1759330552282/PublicationScopes.raml
Note: Wrote REST docs for 1 apis to existing file at /tmp/wsdoc-1759330552282/org.versly.rest.wsdoc.web-service-api.ser
Wrote REST docs to /tmp/wsdoc-1759330552282/PublicationScopes.raml
Note: Wrote REST docs for 1 apis to existing file at /tmp/wsdoc-1759330552282/org.versly.rest.wsdoc.web-service-api.ser
Wrote REST docs to /tmp/wsdoc-1759330552282/AllMethods.html
Note: Wrote REST docs for 1 apis to existing file at /tmp/wsdoc-1759330552282/org.versly.rest.wsdoc.web-service-api.ser
Wrote REST docs to /tmp/wsdoc-1759330552282/AllMethods.raml
Note: Wrote REST docs for 1 apis to existing file at /tmp/wsdoc-1759330552282/org.versly.rest.wsdoc.web-service-api.ser
Wrote REST docs to /tmp/wsdoc-1759330552282/AllMethods.html
Note: Wrote REST docs for 1 apis to existing file at /tmp/wsdoc-1759330552282/org.versly.rest.wsdoc.web-service-api.ser
Wrote REST docs to /tmp/wsdoc-1759330552282/AllMethods.raml
Note: Wrote REST docs for 1 apis to existing file at /tmp/wsdoc-1759330552282/org.versly.rest.wsdoc.web-service-api.ser
Wrote REST docs to /tmp/wsdoc-1759330552282/genericdomain/AsyncController.html
warning: cannot generate json-schema for class org.versly.rest.wsdoc.springmvc.RestDocEndpoint.ValueWithRecursion (erasure org$versly$rest$wsdoc$springmvc$RestDocEndpoint$ValueWithRecursion), class not found
warning: cannot generate json-schema for class org.versly.rest.wsdoc.springmvc.RestDocEndpoint.ValueWithListRecursion (erasure org$versly$rest$wsdoc$springmvc$RestDocEndpoint$ValueWithListRecursion), class not found
Note: Wrote REST docs for 1 apis to existing file at /tmp/wsdoc-1759330552282/org.versly.rest.wsdoc.web-service-api.ser
2 warnings
Wrote REST docs to /tmp/wsdoc-1759330552282/RestDocEndpoint.html
warning: cannot generate json-schema for class org.versly.rest.wsdoc.springmvc.RestDocEndpoint.ValueWithRecursion (erasure org$versly$rest$wsdoc$springmvc$RestDocEndpoint$ValueWithRecursion), class not found
warning: cannot generate json-schema for class org.versly.rest.wsdoc.springmvc.RestDocEndpoint.ValueWithListRecursion (erasure org$versly$rest$wsdoc$springmvc$RestDocEndpoint$ValueWithListRecursion), class not found
Note: Wrote REST docs for 1 apis to existing file at /tmp/wsdoc-1759330552282/org.versly.rest.wsdoc.web-service-api.ser
2 warnings
Wrote REST docs to /tmp/wsdoc-1759330552282/RestDocEndpoint.raml
warning: cannot generate json-schema for class org.versly.rest.wsdoc.springmvc.RestDocEndpoint.ValueWithRecursion (erasure org$versly$rest$wsdoc$springmvc$RestDocEndpoint$ValueWithRecursion), class not found
warning: cannot generate json-schema for class org.versly.rest.wsdoc.springmvc.RestDocEndpoint.ValueWithListRecursion (erasure org$versly$rest$wsdoc$springmvc$RestDocEndpoint$ValueWithListRecursion), class not found
Note: Wrote REST docs for 1 apis to existing file at /tmp/wsdoc-1759330552282/org.versly.rest.wsdoc.web-service-api.ser
2 warnings
Wrote REST docs to /tmp/wsdoc-1759330552282/RestDocEndpoint.html
Note: Wrote REST docs for 1 apis to existing file at /tmp/wsdoc-1759330552282/org.versly.rest.wsdoc.web-service-api.ser
Wrote REST docs to /tmp/wsdoc-1759330552282/AllMethods.html
Note: Wrote REST docs for 1 apis to existing file at /tmp/wsdoc-1759330552282/org.versly.rest.wsdoc.web-service-api.ser
Wrote REST docs to /tmp/wsdoc-1759330552282/AllMethods.raml
Note: Wrote REST docs for 1 apis to existing file at /tmp/wsdoc-1759330552282/org.versly.rest.wsdoc.web-service-api.ser
Wrote REST docs to /tmp/wsdoc-1759330552282/Spring43ComposedAnnotationController.html
Note: Wrote REST docs for 1 apis to existing file at /tmp/wsdoc-1759330552282/org.versly.rest.wsdoc.web-service-api.ser
Wrote REST docs to /tmp/wsdoc-1759330552282/Spring43ComposedAnnotationController.raml
warning: wsdoc encountered an unsupported generics construct while processing type java.util.concurrent.Callable<?>. Generic: ?
Note: Wrote REST docs for 1 apis to existing file at /tmp/wsdoc-1759330552282/org.versly.rest.wsdoc.web-service-api.ser
1 warning
Wrote REST docs to /tmp/wsdoc-1759330552282/genericdomain/WildcardController.html
warning: cannot generate json-schema for class org.versly.rest.wsdoc.springmvc.RestDocEndpoint.ValueWithRecursion (erasure org$versly$rest$wsdoc$springmvc$RestDocEndpoint$ValueWithRecursion), class not found
warning: cannot generate json-schema for class org.versly.rest.wsdoc.springmvc.RestDocEndpoint.ValueWithListRecursion (erasure org$versly$rest$wsdoc$springmvc$RestDocEndpoint$ValueWithListRecursion), class not found
Note: Wrote REST docs for 1 apis to existing file at /tmp/wsdoc-1759330552282/org.versly.rest.wsdoc.web-service-api.ser
2 warnings
Wrote REST docs to /tmp/wsdoc-1759330552282/RestDocEndpoint.html
Note: Wrote REST docs for 1 apis to existing file at /tmp/wsdoc-1759330552282/org.versly.rest.wsdoc.web-service-api.ser
Wrote REST docs to /tmp/wsdoc-1759330552282/genericdomain/ChildController.html
Note: Wrote REST docs for 1 apis to existing file at /tmp/wsdoc-1759330552282/org.versly.rest.wsdoc.web-service-api.ser
Wrote REST docs to /tmp/wsdoc-1759330552282/EnumSetController.html
Note: Wrote REST docs for 1 apis to existing file at /tmp/wsdoc-1759330552282/org.versly.rest.wsdoc.web-service-api.ser
Wrote REST docs to /tmp/wsdoc-1759330552282/genericdomain/ParentController.html
[ERROR] Tests run: 59, Failures: 20, Errors: 0, Skipped: 0, Time elapsed: 17.897 s <<< FAILURE! - in TestSuite
[ERROR] org.versly.rest.wsdoc.JaxRSRestAnnotationProcessorTest.apiLevelDocs  Time elapsed: 2.888 s  <<< FAILURE!
java.lang.NoSuchMethodError: 'java.lang.Boolean org.yaml.snakeyaml.nodes.SequenceNode.getFlowStyle()'
	at org.raml.parser.visitor.TemplateResolver$ResourceTemplateMerger.cloneSequenceNode(TemplateResolver.java:679)
	at org.raml.parser.visitor.TemplateResolver$ResourceTemplateMerger.extractTemplateReferences(TemplateResolver.java:394)
	at org.raml.parser.visitor.TemplateResolver$ResourceTemplateMerger.mergeTemplatesIfNeeded(TemplateResolver.java:290)
	at org.raml.parser.visitor.TemplateResolver$ResourceTemplateMerger.merge(TemplateResolver.java:281)
	at org.raml.parser.visitor.TemplateResolver.resolve(TemplateResolver.java:246)
	at org.raml.parser.visitor.RamlDocumentBuilder.onMappingNodeStart(RamlDocumentBuilder.java:76)
	at org.raml.parser.visitor.NodeVisitor.visitMappingNode(NodeVisitor.java:92)
	at org.raml.parser.visitor.NodeVisitor.visit(NodeVisitor.java:227)
	at org.raml.parser.visitor.NodeVisitor.visitResolvedNode(NodeVisitor.java:189)
	at org.raml.parser.visitor.NodeVisitor.doVisitMappingNode(NodeVisitor.java:160)
	at org.raml.parser.visitor.NodeVisitor.visitMappingNode(NodeVisitor.java:95)
	at org.raml.parser.visitor.NodeVisitor.visit(NodeVisitor.java:227)
	at org.raml.parser.visitor.NodeVisitor.visitResolvedNode(NodeVisitor.java:189)
	at org.raml.parser.visitor.NodeVisitor.doVisitMappingNode(NodeVisitor.java:160)
	at org.raml.parser.visitor.NodeVisitor.visitDocument(NodeVisitor.java:218)
	at org.raml.parser.visitor.YamlDocumentBuilder.build(YamlDocumentBuilder.java:95)
	at org.raml.parser.visitor.YamlDocumentBuilder.build(YamlDocumentBuilder.java:116)
	at org.versly.rest.wsdoc.AbstractRestAnnotationProcessorTest.apiLevelDocs(AbstractRestAnnotationProcessorTest.java:402)
	at java.base/jdk.internal.reflect.NativeMethodAccessorImpl.invoke0(Native Method)
	at java.base/jdk.internal.reflect.NativeMethodAccessorImpl.invoke(NativeMethodAccessorImpl.java:62)
	at java.base/jdk.internal.reflect.DelegatingMethodAccessorImpl.invoke(DelegatingMethodAccessorImpl.java:43)
	at java.base/java.lang.reflect.Method.invoke(Method.java:566)
	at org.testng.internal.MethodInvocationHelper.invokeMethod(MethodInvocationHelper.java:84)
	at org.testng.internal.Invoker.invokeMethod(Invoker.java:714)
	at org.testng.internal.Invoker.invokeTestMethod(Invoker.java:901)
	at org.testng.internal.Invoker.invokeTestMethods(Invoker.java:1231)
	at org.testng.internal.TestMethodWorker.invokeTestMethods(TestMethodWorker.java:127)
	at org.testng.internal.TestMethodWorker.run(TestMethodWorker.java:111)
	at org.testng.TestRunner.privateRun(TestRunner.java:767)
	at org.testng.TestRunner.run(TestRunner.java:617)
	at org.testng.SuiteRunner.runTest(SuiteRunner.java:348)
	at org.testng.SuiteRunner.runSequentially(SuiteRunner.java:343)
	at org.testng.SuiteRunner.privateRun(SuiteRunner.java:305)
	at org.testng.SuiteRunner.run(SuiteRunner.java:254)
	at org.testng.SuiteRunnerWorker.runSuite(SuiteRunnerWorker.java:52)
	at org.testng.SuiteRunnerWorker.run(SuiteRunnerWorker.java:86)
	at org.testng.TestNG.runSuitesSequentially(TestNG.java:1224)
	at org.testng.TestNG.runSuitesLocally(TestNG.java:1149)
	at org.testng.TestNG.run(TestNG.java:1057)
	at org.apache.maven.surefire.testng.TestNGExecutor.run(TestNGExecutor.java:155)
	at org.apache.maven.surefire.testng.TestNGDirectoryTestSuite.executeMulti(TestNGDirectoryTestSuite.java:169)
	at org.apache.maven.surefire.testng.TestNGDirectoryTestSuite.execute(TestNGDirectoryTestSuite.java:88)
	at org.apache.maven.surefire.testng.TestNGProvider.invoke(TestNGProvider.java:137)
	at org.apache.maven.surefire.booter.ForkedBooter.runSuitesInProcess(ForkedBooter.java:385)
	at org.apache.maven.surefire.booter.ForkedBooter.execute(ForkedBooter.java:162)
	at org.apache.maven.surefire.booter.ForkedBooter.run(ForkedBooter.java:507)
	at org.apache.maven.surefire.booter.ForkedBooter.main(ForkedBooter.java:495)

[ERROR] org.versly.rest.wsdoc.JaxRSRestAnnotationProcessorTest.assertNoRedundantUriParametersForResource  Time elapsed: 0.38 s  <<< FAILURE!
java.lang.NoSuchMethodError: 'java.lang.Boolean org.yaml.snakeyaml.nodes.SequenceNode.getFlowStyle()'
	at org.raml.parser.visitor.TemplateResolver$ResourceTemplateMerger.cloneSequenceNode(TemplateResolver.java:679)
	at org.raml.parser.visitor.TemplateResolver$ResourceTemplateMerger.extractTemplateReferences(TemplateResolver.java:394)
	at org.raml.parser.visitor.TemplateResolver$ResourceTemplateMerger.mergeTemplatesIfNeeded(TemplateResolver.java:290)
	at org.raml.parser.visitor.TemplateResolver$ResourceTemplateMerger.merge(TemplateResolver.java:281)
	at org.raml.parser.visitor.TemplateResolver.resolve(TemplateResolver.java:246)
	at org.raml.parser.visitor.RamlDocumentBuilder.onMappingNodeStart(RamlDocumentBuilder.java:76)
	at org.raml.parser.visitor.NodeVisitor.visitMappingNode(NodeVisitor.java:92)
	at org.raml.parser.visitor.NodeVisitor.visit(NodeVisitor.java:227)
	at org.raml.parser.visitor.NodeVisitor.visitResolvedNode(NodeVisitor.java:189)
	at org.raml.parser.visitor.NodeVisitor.doVisitMappingNode(NodeVisitor.java:160)
	at org.raml.parser.visitor.NodeVisitor.visitDocument(NodeVisitor.java:218)
	at org.raml.parser.visitor.YamlDocumentBuilder.build(YamlDocumentBuilder.java:95)
	at org.raml.parser.visitor.YamlDocumentBuilder.build(YamlDocumentBuilder.java:116)
	at org.versly.rest.wsdoc.AbstractRestAnnotationProcessorTest.assertNoRedundantUriParametersForResource(AbstractRestAnnotationProcessorTest.java:276)
	at java.base/jdk.internal.reflect.NativeMethodAccessorImpl.invoke0(Native Method)
	at java.base/jdk.internal.reflect.NativeMethodAccessorImpl.invoke(NativeMethodAccessorImpl.java:62)
	at java.base/jdk.internal.reflect.DelegatingMethodAccessorImpl.invoke(DelegatingMethodAccessorImpl.java:43)
	at java.base/java.lang.reflect.Method.invoke(Method.java:566)
	at org.testng.internal.MethodInvocationHelper.invokeMethod(MethodInvocationHelper.java:84)
	at org.testng.internal.Invoker.invokeMethod(Invoker.java:714)
	at org.testng.internal.Invoker.invokeTestMethod(Invoker.java:901)
	at org.testng.internal.Invoker.invokeTestMethods(Invoker.java:1231)
	at org.testng.internal.TestMethodWorker.invokeTestMethods(TestMethodWorker.java:127)
	at org.testng.internal.TestMethodWorker.run(TestMethodWorker.java:111)
	at org.testng.TestRunner.privateRun(TestRunner.java:767)
	at org.testng.TestRunner.run(TestRunner.java:617)
	at org.testng.SuiteRunner.runTest(SuiteRunner.java:348)
	at org.testng.SuiteRunner.runSequentially(SuiteRunner.java:343)
	at org.testng.SuiteRunner.privateRun(SuiteRunner.java:305)
	at org.testng.SuiteRunner.run(SuiteRunner.java:254)
	at org.testng.SuiteRunnerWorker.runSuite(SuiteRunnerWorker.java:52)
	at org.testng.SuiteRunnerWorker.run(SuiteRunnerWorker.java:86)
	at org.testng.TestNG.runSuitesSequentially(TestNG.java:1224)
	at org.testng.TestNG.runSuitesLocally(TestNG.java:1149)
	at org.testng.TestNG.run(TestNG.java:1057)
	at org.apache.maven.surefire.testng.TestNGExecutor.run(TestNGExecutor.java:155)
	at org.apache.maven.surefire.testng.TestNGDirectoryTestSuite.executeMulti(TestNGDirectoryTestSuite.java:169)
	at org.apache.maven.surefire.testng.TestNGDirectoryTestSuite.execute(TestNGDirectoryTestSuite.java:88)
	at org.apache.maven.surefire.testng.TestNGProvider.invoke(TestNGProvider.java:137)
	at org.apache.maven.surefire.booter.ForkedBooter.runSuitesInProcess(ForkedBooter.java:385)
	at org.apache.maven.surefire.booter.ForkedBooter.execute(ForkedBooter.java:162)
	at org.apache.maven.surefire.booter.ForkedBooter.run(ForkedBooter.java:507)
	at org.apache.maven.surefire.booter.ForkedBooter.main(ForkedBooter.java:495)

[ERROR] org.versly.rest.wsdoc.JaxRSRestAnnotationProcessorTest.assertUriFirstParameterValidation  Time elapsed: 0.209 s  <<< FAILURE!
java.lang.NoSuchMethodError: 'java.lang.Boolean org.yaml.snakeyaml.nodes.SequenceNode.getFlowStyle()'
	at org.raml.parser.visitor.TemplateResolver$ResourceTemplateMerger.cloneSequenceNode(TemplateResolver.java:679)
	at org.raml.parser.visitor.TemplateResolver$ResourceTemplateMerger.extractTemplateReferences(TemplateResolver.java:394)
	at org.raml.parser.visitor.TemplateResolver$ResourceTemplateMerger.mergeTemplatesIfNeeded(TemplateResolver.java:290)
	at org.raml.parser.visitor.TemplateResolver$ResourceTemplateMerger.merge(TemplateResolver.java:281)
	at org.raml.parser.visitor.TemplateResolver.resolve(TemplateResolver.java:246)
	at org.raml.parser.visitor.RamlDocumentBuilder.onMappingNodeStart(RamlDocumentBuilder.java:76)
	at org.raml.parser.visitor.NodeVisitor.visitMappingNode(NodeVisitor.java:92)
	at org.raml.parser.visitor.NodeVisitor.visit(NodeVisitor.java:227)
	at org.raml.parser.visitor.NodeVisitor.visitResolvedNode(NodeVisitor.java:189)
	at org.raml.parser.visitor.NodeVisitor.doVisitMappingNode(NodeVisitor.java:160)
	at org.raml.parser.visitor.NodeVisitor.visitDocument(NodeVisitor.java:218)
	at org.raml.parser.visitor.YamlDocumentBuilder.build(YamlDocumentBuilder.java:95)
	at org.raml.parser.visitor.YamlDocumentBuilder.build(YamlDocumentBuilder.java:116)
	at org.versly.rest.wsdoc.AbstractRestAnnotationProcessorTest.assertUriFirstParameterValidation(AbstractRestAnnotationProcessorTest.java:305)
	at java.base/jdk.internal.reflect.NativeMethodAccessorImpl.invoke0(Native Method)
	at java.base/jdk.internal.reflect.NativeMethodAccessorImpl.invoke(NativeMethodAccessorImpl.java:62)
	at java.base/jdk.internal.reflect.DelegatingMethodAccessorImpl.invoke(DelegatingMethodAccessorImpl.java:43)
	at java.base/java.lang.reflect.Method.invoke(Method.java:566)
	at org.testng.internal.MethodInvocationHelper.invokeMethod(MethodInvocationHelper.java:84)
	at org.testng.internal.Invoker.invokeMethod(Invoker.java:714)
	at org.testng.internal.Invoker.invokeTestMethod(Invoker.java:901)
	at org.testng.internal.Invoker.invokeTestMethods(Invoker.java:1231)
	at org.testng.internal.TestMethodWorker.invokeTestMethods(TestMethodWorker.java:127)
	at org.testng.internal.TestMethodWorker.run(TestMethodWorker.java:111)
	at org.testng.TestRunner.privateRun(TestRunner.java:767)
	at org.testng.TestRunner.run(TestRunner.java:617)
	at org.testng.SuiteRunner.runTest(SuiteRunner.java:348)
	at org.testng.SuiteRunner.runSequentially(SuiteRunner.java:343)
	at org.testng.SuiteRunner.privateRun(SuiteRunner.java:305)
	at org.testng.SuiteRunner.run(SuiteRunner.java:254)
	at org.testng.SuiteRunnerWorker.runSuite(SuiteRunnerWorker.java:52)
	at org.testng.SuiteRunnerWorker.run(SuiteRunnerWorker.java:86)
	at org.testng.TestNG.runSuitesSequentially(TestNG.java:1224)
	at org.testng.TestNG.runSuitesLocally(TestNG.java:1149)
	at org.testng.TestNG.run(TestNG.java:1057)
	at org.apache.maven.surefire.testng.TestNGExecutor.run(TestNGExecutor.java:155)
	at org.apache.maven.surefire.testng.TestNGDirectoryTestSuite.executeMulti(TestNGDirectoryTestSuite.java:169)
	at org.apache.maven.surefire.testng.TestNGDirectoryTestSuite.execute(TestNGDirectoryTestSuite.java:88)
	at org.apache.maven.surefire.testng.TestNGProvider.invoke(TestNGProvider.java:137)
	at org.apache.maven.surefire.booter.ForkedBooter.runSuitesInProcess(ForkedBooter.java:385)
	at org.apache.maven.surefire.booter.ForkedBooter.execute(ForkedBooter.java:162)
	at org.apache.maven.surefire.booter.ForkedBooter.run(ForkedBooter.java:507)
	at org.apache.maven.surefire.booter.ForkedBooter.main(ForkedBooter.java:495)

[ERROR] org.versly.rest.wsdoc.JaxRSRestAnnotationProcessorTest.assertUriParameterNormalization  Time elapsed: 0.189 s  <<< FAILURE!
java.lang.NoSuchMethodError: 'java.lang.Boolean org.yaml.snakeyaml.nodes.SequenceNode.getFlowStyle()'
	at org.raml.parser.visitor.TemplateResolver$ResourceTemplateMerger.cloneSequenceNode(TemplateResolver.java:679)
	at org.raml.parser.visitor.TemplateResolver$ResourceTemplateMerger.extractTemplateReferences(TemplateResolver.java:394)
	at org.raml.parser.visitor.TemplateResolver$ResourceTemplateMerger.mergeTemplatesIfNeeded(TemplateResolver.java:290)
	at org.raml.parser.visitor.TemplateResolver$ResourceTemplateMerger.merge(TemplateResolver.java:281)
	at org.raml.parser.visitor.TemplateResolver.resolve(TemplateResolver.java:246)
	at org.raml.parser.visitor.RamlDocumentBuilder.onMappingNodeStart(RamlDocumentBuilder.java:76)
	at org.raml.parser.visitor.NodeVisitor.visitMappingNode(NodeVisitor.java:92)
	at org.raml.parser.visitor.NodeVisitor.visit(NodeVisitor.java:227)
	at org.raml.parser.visitor.NodeVisitor.visitResolvedNode(NodeVisitor.java:189)
	at org.raml.parser.visitor.NodeVisitor.doVisitMappingNode(NodeVisitor.java:160)
	at org.raml.parser.visitor.NodeVisitor.visitDocument(NodeVisitor.java:218)
	at org.raml.parser.visitor.YamlDocumentBuilder.build(YamlDocumentBuilder.java:95)
	at org.raml.parser.visitor.YamlDocumentBuilder.build(YamlDocumentBuilder.java:116)
	at org.versly.rest.wsdoc.AbstractRestAnnotationProcessorTest.assertUriParameterNormalization(AbstractRestAnnotationProcessorTest.java:287)
	at java.base/jdk.internal.reflect.NativeMethodAccessorImpl.invoke0(Native Method)
	at java.base/jdk.internal.reflect.NativeMethodAccessorImpl.invoke(NativeMethodAccessorImpl.java:62)
	at java.base/jdk.internal.reflect.DelegatingMethodAccessorImpl.invoke(DelegatingMethodAccessorImpl.java:43)
	at java.base/java.lang.reflect.Method.invoke(Method.java:566)
	at org.testng.internal.MethodInvocationHelper.invokeMethod(MethodInvocationHelper.java:84)
	at org.testng.internal.Invoker.invokeMethod(Invoker.java:714)
	at org.testng.internal.Invoker.invokeTestMethod(Invoker.java:901)
	at org.testng.internal.Invoker.invokeTestMethods(Invoker.java:1231)
	at org.testng.internal.TestMethodWorker.invokeTestMethods(TestMethodWorker.java:127)
	at org.testng.internal.TestMethodWorker.run(TestMethodWorker.java:111)
	at org.testng.TestRunner.privateRun(TestRunner.java:767)
	at org.testng.TestRunner.run(TestRunner.java:617)
	at org.testng.SuiteRunner.runTest(SuiteRunner.java:348)
	at org.testng.SuiteRunner.runSequentially(SuiteRunner.java:343)
	at org.testng.SuiteRunner.privateRun(SuiteRunner.java:305)
	at org.testng.SuiteRunner.run(SuiteRunner.java:254)
	at org.testng.SuiteRunnerWorker.runSuite(SuiteRunnerWorker.java:52)
	at org.testng.SuiteRunnerWorker.run(SuiteRunnerWorker.java:86)
	at org.testng.TestNG.runSuitesSequentially(TestNG.java:1224)
	at org.testng.TestNG.runSuitesLocally(TestNG.java:1149)
	at org.testng.TestNG.run(TestNG.java:1057)
	at org.apache.maven.surefire.testng.TestNGExecutor.run(TestNGExecutor.java:155)
	at org.apache.maven.surefire.testng.TestNGDirectoryTestSuite.executeMulti(TestNGDirectoryTestSuite.java:169)
	at org.apache.maven.surefire.testng.TestNGDirectoryTestSuite.execute(TestNGDirectoryTestSuite.java:88)
	at org.apache.maven.surefire.testng.TestNGProvider.invoke(TestNGProvider.java:137)
	at org.apache.maven.surefire.booter.ForkedBooter.runSuitesInProcess(ForkedBooter.java:385)
	at org.apache.maven.surefire.booter.ForkedBooter.execute(ForkedBooter.java:162)
	at org.apache.maven.surefire.booter.ForkedBooter.run(ForkedBooter.java:507)
	at org.apache.maven.surefire.booter.ForkedBooter.main(ForkedBooter.java:495)

[ERROR] org.versly.rest.wsdoc.JaxRSRestAnnotationProcessorTest.authScopeDocs  Time elapsed: 0.186 s  <<< FAILURE!
java.lang.NoSuchMethodError: 'java.lang.Boolean org.yaml.snakeyaml.nodes.SequenceNode.getFlowStyle()'
	at org.raml.parser.visitor.TemplateResolver$ResourceTemplateMerger.cloneSequenceNode(TemplateResolver.java:679)
	at org.raml.parser.visitor.TemplateResolver$ResourceTemplateMerger.extractTemplateReferences(TemplateResolver.java:394)
	at org.raml.parser.visitor.TemplateResolver$ResourceTemplateMerger.mergeTemplatesIfNeeded(TemplateResolver.java:290)
	at org.raml.parser.visitor.TemplateResolver$ResourceTemplateMerger.merge(TemplateResolver.java:281)
	at org.raml.parser.visitor.TemplateResolver.resolve(TemplateResolver.java:246)
	at org.raml.parser.visitor.RamlDocumentBuilder.onMappingNodeStart(RamlDocumentBuilder.java:76)
	at org.raml.parser.visitor.NodeVisitor.visitMappingNode(NodeVisitor.java:92)
	at org.raml.parser.visitor.NodeVisitor.visit(NodeVisitor.java:227)
	at org.raml.parser.visitor.NodeVisitor.visitResolvedNode(NodeVisitor.java:189)
	at org.raml.parser.visitor.NodeVisitor.doVisitMappingNode(NodeVisitor.java:160)
	at org.raml.parser.visitor.NodeVisitor.visitDocument(NodeVisitor.java:218)
	at org.raml.parser.visitor.YamlDocumentBuilder.build(YamlDocumentBuilder.java:95)
	at org.raml.parser.visitor.YamlDocumentBuilder.build(YamlDocumentBuilder.java:116)
	at org.versly.rest.wsdoc.AbstractRestAnnotationProcessorTest.authScopeDocs(AbstractRestAnnotationProcessorTest.java:526)
	at java.base/jdk.internal.reflect.NativeMethodAccessorImpl.invoke0(Native Method)
	at java.base/jdk.internal.reflect.NativeMethodAccessorImpl.invoke(NativeMethodAccessorImpl.java:62)
	at java.base/jdk.internal.reflect.DelegatingMethodAccessorImpl.invoke(DelegatingMethodAccessorImpl.java:43)
	at java.base/java.lang.reflect.Method.invoke(Method.java:566)
	at org.testng.internal.MethodInvocationHelper.invokeMethod(MethodInvocationHelper.java:84)
	at org.testng.internal.Invoker.invokeMethod(Invoker.java:714)
	at org.testng.internal.Invoker.invokeTestMethod(Invoker.java:901)
	at org.testng.internal.Invoker.invokeTestMethods(Invoker.java:1231)
	at org.testng.internal.TestMethodWorker.invokeTestMethods(TestMethodWorker.java:127)
	at org.testng.internal.TestMethodWorker.run(TestMethodWorker.java:111)
	at org.testng.TestRunner.privateRun(TestRunner.java:767)
	at org.testng.TestRunner.run(TestRunner.java:617)
	at org.testng.SuiteRunner.runTest(SuiteRunner.java:348)
	at org.testng.SuiteRunner.runSequentially(SuiteRunner.java:343)
	at org.testng.SuiteRunner.privateRun(SuiteRunner.java:305)
	at org.testng.SuiteRunner.run(SuiteRunner.java:254)
	at org.testng.SuiteRunnerWorker.runSuite(SuiteRunnerWorker.java:52)
	at org.testng.SuiteRunnerWorker.run(SuiteRunnerWorker.java:86)
	at org.testng.TestNG.runSuitesSequentially(TestNG.java:1224)
	at org.testng.TestNG.runSuitesLocally(TestNG.java:1149)
	at org.testng.TestNG.run(TestNG.java:1057)
	at org.apache.maven.surefire.testng.TestNGExecutor.run(TestNGExecutor.java:155)
	at org.apache.maven.surefire.testng.TestNGDirectoryTestSuite.executeMulti(TestNGDirectoryTestSuite.java:169)
	at org.apache.maven.surefire.testng.TestNGDirectoryTestSuite.execute(TestNGDirectoryTestSuite.java:88)
	at org.apache.maven.surefire.testng.TestNGProvider.invoke(TestNGProvider.java:137)
	at org.apache.maven.surefire.booter.ForkedBooter.runSuitesInProcess(ForkedBooter.java:385)
	at org.apache.maven.surefire.booter.ForkedBooter.execute(ForkedBooter.java:162)
	at org.apache.maven.surefire.booter.ForkedBooter.run(ForkedBooter.java:507)
	at org.apache.maven.surefire.booter.ForkedBooter.main(ForkedBooter.java:495)

[ERROR] org.versly.rest.wsdoc.JaxRSRestAnnotationProcessorTest.docTemplate  Time elapsed: 0.166 s  <<< FAILURE!
java.lang.NoSuchMethodError: 'java.lang.Boolean org.yaml.snakeyaml.nodes.SequenceNode.getFlowStyle()'
	at org.raml.parser.visitor.TemplateResolver$ResourceTemplateMerger.cloneSequenceNode(TemplateResolver.java:679)
	at org.raml.parser.visitor.TemplateResolver$ResourceTemplateMerger.extractTemplateReferences(TemplateResolver.java:394)
	at org.raml.parser.visitor.TemplateResolver$ResourceTemplateMerger.mergeTemplatesIfNeeded(TemplateResolver.java:290)
	at org.raml.parser.visitor.TemplateResolver$ResourceTemplateMerger.merge(TemplateResolver.java:281)
	at org.raml.parser.visitor.TemplateResolver.resolve(TemplateResolver.java:246)
	at org.raml.parser.visitor.RamlDocumentBuilder.onMappingNodeStart(RamlDocumentBuilder.java:76)
	at org.raml.parser.visitor.NodeVisitor.visitMappingNode(NodeVisitor.java:92)
	at org.raml.parser.visitor.NodeVisitor.visit(NodeVisitor.java:227)
	at org.raml.parser.visitor.NodeVisitor.visitResolvedNode(NodeVisitor.java:189)
	at org.raml.parser.visitor.NodeVisitor.doVisitMappingNode(NodeVisitor.java:160)
	at org.raml.parser.visitor.NodeVisitor.visitMappingNode(NodeVisitor.java:95)
	at org.raml.parser.visitor.NodeVisitor.visit(NodeVisitor.java:227)
	at org.raml.parser.visitor.NodeVisitor.visitResolvedNode(NodeVisitor.java:189)
	at org.raml.parser.visitor.NodeVisitor.doVisitMappingNode(NodeVisitor.java:160)
	at org.raml.parser.visitor.NodeVisitor.visitDocument(NodeVisitor.java:218)
	at org.raml.parser.visitor.YamlDocumentBuilder.build(YamlDocumentBuilder.java:95)
	at org.raml.parser.visitor.YamlDocumentBuilder.build(YamlDocumentBuilder.java:116)
	at org.versly.rest.wsdoc.AbstractRestAnnotationProcessorTest.docTemplate(AbstractRestAnnotationProcessorTest.java:580)
	at java.base/jdk.internal.reflect.NativeMethodAccessorImpl.invoke0(Native Method)
	at java.base/jdk.internal.reflect.NativeMethodAccessorImpl.invoke(NativeMethodAccessorImpl.java:62)
	at java.base/jdk.internal.reflect.DelegatingMethodAccessorImpl.invoke(DelegatingMethodAccessorImpl.java:43)
	at java.base/java.lang.reflect.Method.invoke(Method.java:566)
	at org.testng.internal.MethodInvocationHelper.invokeMethod(MethodInvocationHelper.java:84)
	at org.testng.internal.Invoker.invokeMethod(Invoker.java:714)
	at org.testng.internal.Invoker.invokeTestMethod(Invoker.java:901)
	at org.testng.internal.Invoker.invokeTestMethods(Invoker.java:1231)
	at org.testng.internal.TestMethodWorker.invokeTestMethods(TestMethodWorker.java:127)
	at org.testng.internal.TestMethodWorker.run(TestMethodWorker.java:111)
	at org.testng.TestRunner.privateRun(TestRunner.java:767)
	at org.testng.TestRunner.run(TestRunner.java:617)
	at org.testng.SuiteRunner.runTest(SuiteRunner.java:348)
	at org.testng.SuiteRunner.runSequentially(SuiteRunner.java:343)
	at org.testng.SuiteRunner.privateRun(SuiteRunner.java:305)
	at org.testng.SuiteRunner.run(SuiteRunner.java:254)
	at org.testng.SuiteRunnerWorker.runSuite(SuiteRunnerWorker.java:52)
	at org.testng.SuiteRunnerWorker.run(SuiteRunnerWorker.java:86)
	at org.testng.TestNG.runSuitesSequentially(TestNG.java:1224)
	at org.testng.TestNG.runSuitesLocally(TestNG.java:1149)
	at org.testng.TestNG.run(TestNG.java:1057)
	at org.apache.maven.surefire.testng.TestNGExecutor.run(TestNGExecutor.java:155)
	at org.apache.maven.surefire.testng.TestNGDirectoryTestSuite.executeMulti(TestNGDirectoryTestSuite.java:169)
	at org.apache.maven.surefire.testng.TestNGDirectoryTestSuite.execute(TestNGDirectoryTestSuite.java:88)
	at org.apache.maven.surefire.testng.TestNGProvider.invoke(TestNGProvider.java:137)
	at org.apache.maven.surefire.booter.ForkedBooter.runSuitesInProcess(ForkedBooter.java:385)
	at org.apache.maven.surefire.booter.ForkedBooter.execute(ForkedBooter.java:162)
	at org.apache.maven.surefire.booter.ForkedBooter.run(ForkedBooter.java:507)
	at org.apache.maven.surefire.booter.ForkedBooter.main(ForkedBooter.java:495)

[ERROR] org.versly.rest.wsdoc.JaxRSRestAnnotationProcessorTest.multiApiLevelDocs  Time elapsed: 0.078 s  <<< FAILURE!
java.lang.NoSuchMethodError: 'java.lang.Boolean org.yaml.snakeyaml.nodes.SequenceNode.getFlowStyle()'
	at org.raml.parser.visitor.TemplateResolver$ResourceTemplateMerger.cloneSequenceNode(TemplateResolver.java:679)
	at org.raml.parser.visitor.TemplateResolver$ResourceTemplateMerger.extractTemplateReferences(TemplateResolver.java:394)
	at org.raml.parser.visitor.TemplateResolver$ResourceTemplateMerger.mergeTemplatesIfNeeded(TemplateResolver.java:290)
	at org.raml.parser.visitor.TemplateResolver$ResourceTemplateMerger.merge(TemplateResolver.java:281)
	at org.raml.parser.visitor.TemplateResolver.resolve(TemplateResolver.java:246)
	at org.raml.parser.visitor.RamlDocumentBuilder.onMappingNodeStart(RamlDocumentBuilder.java:76)
	at org.raml.parser.visitor.NodeVisitor.visitMappingNode(NodeVisitor.java:92)
	at org.raml.parser.visitor.NodeVisitor.visit(NodeVisitor.java:227)
	at org.raml.parser.visitor.NodeVisitor.visitResolvedNode(NodeVisitor.java:189)
	at org.raml.parser.visitor.NodeVisitor.doVisitMappingNode(NodeVisitor.java:160)
	at org.raml.parser.visitor.NodeVisitor.visitMappingNode(NodeVisitor.java:95)
	at org.raml.parser.visitor.NodeVisitor.visit(NodeVisitor.java:227)
	at org.raml.parser.visitor.NodeVisitor.visitResolvedNode(NodeVisitor.java:189)
	at org.raml.parser.visitor.NodeVisitor.doVisitMappingNode(NodeVisitor.java:160)
	at org.raml.parser.visitor.NodeVisitor.visitDocument(NodeVisitor.java:218)
	at org.raml.parser.visitor.YamlDocumentBuilder.build(YamlDocumentBuilder.java:95)
	at org.raml.parser.visitor.YamlDocumentBuilder.build(YamlDocumentBuilder.java:116)
	at org.versly.rest.wsdoc.AbstractRestAnnotationProcessorTest.multiApiLevelDocs(AbstractRestAnnotationProcessorTest.java:424)
	at java.base/jdk.internal.reflect.NativeMethodAccessorImpl.invoke0(Native Method)
	at java.base/jdk.internal.reflect.NativeMethodAccessorImpl.invoke(NativeMethodAccessorImpl.java:62)
	at java.base/jdk.internal.reflect.DelegatingMethodAccessorImpl.invoke(DelegatingMethodAccessorImpl.java:43)
	at java.base/java.lang.reflect.Method.invoke(Method.java:566)
	at org.testng.internal.MethodInvocationHelper.invokeMethod(MethodInvocationHelper.java:84)
	at org.testng.internal.Invoker.invokeMethod(Invoker.java:714)
	at org.testng.internal.Invoker.invokeTestMethod(Invoker.java:901)
	at org.testng.internal.Invoker.invokeTestMethods(Invoker.java:1231)
	at org.testng.internal.TestMethodWorker.invokeTestMethods(TestMethodWorker.java:127)
	at org.testng.internal.TestMethodWorker.run(TestMethodWorker.java:111)
	at org.testng.TestRunner.privateRun(TestRunner.java:767)
	at org.testng.TestRunner.run(TestRunner.java:617)
	at org.testng.SuiteRunner.runTest(SuiteRunner.java:348)
	at org.testng.SuiteRunner.runSequentially(SuiteRunner.java:343)
	at org.testng.SuiteRunner.privateRun(SuiteRunner.java:305)
	at org.testng.SuiteRunner.run(SuiteRunner.java:254)
	at org.testng.SuiteRunnerWorker.runSuite(SuiteRunnerWorker.java:52)
	at org.testng.SuiteRunnerWorker.run(SuiteRunnerWorker.java:86)
	at org.testng.TestNG.runSuitesSequentially(TestNG.java:1224)
	at org.testng.TestNG.runSuitesLocally(TestNG.java:1149)
	at org.testng.TestNG.run(TestNG.java:1057)
	at org.apache.maven.surefire.testng.TestNGExecutor.run(TestNGExecutor.java:155)
	at org.apache.maven.surefire.testng.TestNGDirectoryTestSuite.executeMulti(TestNGDirectoryTestSuite.java:169)
	at org.apache.maven.surefire.testng.TestNGDirectoryTestSuite.execute(TestNGDirectoryTestSuite.java:88)
	at org.apache.maven.surefire.testng.TestNGProvider.invoke(TestNGProvider.java:137)
	at org.apache.maven.surefire.booter.ForkedBooter.runSuitesInProcess(ForkedBooter.java:385)
	at org.apache.maven.surefire.booter.ForkedBooter.execute(ForkedBooter.java:162)
	at org.apache.maven.surefire.booter.ForkedBooter.run(ForkedBooter.java:507)
	at org.apache.maven.surefire.booter.ForkedBooter.main(ForkedBooter.java:495)

[ERROR] org.versly.rest.wsdoc.JaxRSRestAnnotationProcessorTest.stabilitySettings  Time elapsed: 0.079 s  <<< FAILURE!
java.lang.NoSuchMethodError: 'java.lang.Boolean org.yaml.snakeyaml.nodes.SequenceNode.getFlowStyle()'
	at org.raml.parser.visitor.TemplateResolver$ResourceTemplateMerger.cloneSequenceNode(TemplateResolver.java:679)
	at org.raml.parser.visitor.TemplateResolver$ResourceTemplateMerger.extractTemplateReferences(TemplateResolver.java:394)
	at org.raml.parser.visitor.TemplateResolver$ResourceTemplateMerger.mergeTemplatesIfNeeded(TemplateResolver.java:290)
	at org.raml.parser.visitor.TemplateResolver$ResourceTemplateMerger.merge(TemplateResolver.java:281)
	at org.raml.parser.visitor.TemplateResolver.resolve(TemplateResolver.java:246)
	at org.raml.parser.visitor.RamlDocumentBuilder.onMappingNodeStart(RamlDocumentBuilder.java:76)
	at org.raml.parser.visitor.NodeVisitor.visitMappingNode(NodeVisitor.java:92)
	at org.raml.parser.visitor.NodeVisitor.visit(NodeVisitor.java:227)
	at org.raml.parser.visitor.NodeVisitor.visitResolvedNode(NodeVisitor.java:189)
	at org.raml.parser.visitor.NodeVisitor.doVisitMappingNode(NodeVisitor.java:160)
	at org.raml.parser.visitor.NodeVisitor.visitDocument(NodeVisitor.java:218)
	at org.raml.parser.visitor.YamlDocumentBuilder.build(YamlDocumentBuilder.java:95)
	at org.raml.parser.visitor.YamlDocumentBuilder.build(YamlDocumentBuilder.java:116)
	at org.versly.rest.wsdoc.AbstractRestAnnotationProcessorTest.stabilitySettings(AbstractRestAnnotationProcessorTest.java:464)
	at java.base/jdk.internal.reflect.NativeMethodAccessorImpl.invoke0(Native Method)
	at java.base/jdk.internal.reflect.NativeMethodAccessorImpl.invoke(NativeMethodAccessorImpl.java:62)
	at java.base/jdk.internal.reflect.DelegatingMethodAccessorImpl.invoke(DelegatingMethodAccessorImpl.java:43)
	at java.base/java.lang.reflect.Method.invoke(Method.java:566)
	at org.testng.internal.MethodInvocationHelper.invokeMethod(MethodInvocationHelper.java:84)
	at org.testng.internal.Invoker.invokeMethod(Invoker.java:714)
	at org.testng.internal.Invoker.invokeTestMethod(Invoker.java:901)
	at org.testng.internal.Invoker.invokeTestMethods(Invoker.java:1231)
	at org.testng.internal.TestMethodWorker.invokeTestMethods(TestMethodWorker.java:127)
	at org.testng.internal.TestMethodWorker.run(TestMethodWorker.java:111)
	at org.testng.TestRunner.privateRun(TestRunner.java:767)
	at org.testng.TestRunner.run(TestRunner.java:617)
	at org.testng.SuiteRunner.runTest(SuiteRunner.java:348)
	at org.testng.SuiteRunner.runSequentially(SuiteRunner.java:343)
	at org.testng.SuiteRunner.privateRun(SuiteRunner.java:305)
	at org.testng.SuiteRunner.run(SuiteRunner.java:254)
	at org.testng.SuiteRunnerWorker.runSuite(SuiteRunnerWorker.java:52)
	at org.testng.SuiteRunnerWorker.run(SuiteRunnerWorker.java:86)
	at org.testng.TestNG.runSuitesSequentially(TestNG.java:1224)
	at org.testng.TestNG.runSuitesLocally(TestNG.java:1149)
	at org.testng.TestNG.run(TestNG.java:1057)
	at org.apache.maven.surefire.testng.TestNGExecutor.run(TestNGExecutor.java:155)
	at org.apache.maven.surefire.testng.TestNGDirectoryTestSuite.executeMulti(TestNGDirectoryTestSuite.java:169)
	at org.apache.maven.surefire.testng.TestNGDirectoryTestSuite.execute(TestNGDirectoryTestSuite.java:88)
	at org.apache.maven.surefire.testng.TestNGProvider.invoke(TestNGProvider.java:137)
	at org.apache.maven.surefire.booter.ForkedBooter.runSuitesInProcess(ForkedBooter.java:385)
	at org.apache.maven.surefire.booter.ForkedBooter.execute(ForkedBooter.java:162)
	at org.apache.maven.surefire.booter.ForkedBooter.run(ForkedBooter.java:507)
	at org.apache.maven.surefire.booter.ForkedBooter.main(ForkedBooter.java:495)

[ERROR] org.versly.rest.wsdoc.JaxRSRestAnnotationProcessorTest.testEnumsTypesInPathForRaml  Time elapsed: 0.122 s  <<< FAILURE!
java.lang.NoSuchMethodError: 'java.lang.Boolean org.yaml.snakeyaml.nodes.SequenceNode.getFlowStyle()'
	at org.raml.parser.visitor.TemplateResolver$ResourceTemplateMerger.cloneSequenceNode(TemplateResolver.java:679)
	at org.raml.parser.visitor.TemplateResolver$ResourceTemplateMerger.extractTemplateReferences(TemplateResolver.java:394)
	at org.raml.parser.visitor.TemplateResolver$ResourceTemplateMerger.mergeTemplatesIfNeeded(TemplateResolver.java:290)
	at org.raml.parser.visitor.TemplateResolver$ResourceTemplateMerger.merge(TemplateResolver.java:281)
	at org.raml.parser.visitor.TemplateResolver.resolve(TemplateResolver.java:246)
	at org.raml.parser.visitor.RamlDocumentBuilder.onMappingNodeStart(RamlDocumentBuilder.java:76)
	at org.raml.parser.visitor.NodeVisitor.visitMappingNode(NodeVisitor.java:92)
	at org.raml.parser.visitor.NodeVisitor.visit(NodeVisitor.java:227)
	at org.raml.parser.visitor.NodeVisitor.visitResolvedNode(NodeVisitor.java:189)
	at org.raml.parser.visitor.NodeVisitor.doVisitMappingNode(NodeVisitor.java:160)
	at org.raml.parser.visitor.NodeVisitor.visitDocument(NodeVisitor.java:218)
	at org.raml.parser.visitor.YamlDocumentBuilder.build(YamlDocumentBuilder.java:95)
	at org.raml.parser.visitor.YamlDocumentBuilder.build(YamlDocumentBuilder.java:116)
	at org.versly.rest.wsdoc.AbstractRestAnnotationProcessorTest.testEnumsTypesInPathForRaml(AbstractRestAnnotationProcessorTest.java:332)
	at java.base/jdk.internal.reflect.NativeMethodAccessorImpl.invoke0(Native Method)
	at java.base/jdk.internal.reflect.NativeMethodAccessorImpl.invoke(NativeMethodAccessorImpl.java:62)
	at java.base/jdk.internal.reflect.DelegatingMethodAccessorImpl.invoke(DelegatingMethodAccessorImpl.java:43)
	at java.base/java.lang.reflect.Method.invoke(Method.java:566)
	at org.testng.internal.MethodInvocationHelper.invokeMethod(MethodInvocationHelper.java:84)
	at org.testng.internal.Invoker.invokeMethod(Invoker.java:714)
	at org.testng.internal.Invoker.invokeTestMethod(Invoker.java:901)
	at org.testng.internal.Invoker.invokeTestMethods(Invoker.java:1231)
	at org.testng.internal.TestMethodWorker.invokeTestMethods(TestMethodWorker.java:127)
	at org.testng.internal.TestMethodWorker.run(TestMethodWorker.java:111)
	at org.testng.TestRunner.privateRun(TestRunner.java:767)
	at org.testng.TestRunner.run(TestRunner.java:617)
	at org.testng.SuiteRunner.runTest(SuiteRunner.java:348)
	at org.testng.SuiteRunner.runSequentially(SuiteRunner.java:343)
	at org.testng.SuiteRunner.privateRun(SuiteRunner.java:305)
	at org.testng.SuiteRunner.run(SuiteRunner.java:254)
	at org.testng.SuiteRunnerWorker.runSuite(SuiteRunnerWorker.java:52)
	at org.testng.SuiteRunnerWorker.run(SuiteRunnerWorker.java:86)
	at org.testng.TestNG.runSuitesSequentially(TestNG.java:1224)
	at org.testng.TestNG.runSuitesLocally(TestNG.java:1149)
	at org.testng.TestNG.run(TestNG.java:1057)
	at org.apache.maven.surefire.testng.TestNGExecutor.run(TestNGExecutor.java:155)
	at org.apache.maven.surefire.testng.TestNGDirectoryTestSuite.executeMulti(TestNGDirectoryTestSuite.java:169)
	at org.apache.maven.surefire.testng.TestNGDirectoryTestSuite.execute(TestNGDirectoryTestSuite.java:88)
	at org.apache.maven.surefire.testng.TestNGProvider.invoke(TestNGProvider.java:137)
	at org.apache.maven.surefire.booter.ForkedBooter.runSuitesInProcess(ForkedBooter.java:385)
	at org.apache.maven.surefire.booter.ForkedBooter.execute(ForkedBooter.java:162)
	at org.apache.maven.surefire.booter.ForkedBooter.run(ForkedBooter.java:507)
	at org.apache.maven.surefire.booter.ForkedBooter.main(ForkedBooter.java:495)

[ERROR] org.versly.rest.wsdoc.JaxRSRestAnnotationProcessorTest.testEnumsTypesQueryForRaml  Time elapsed: 0.123 s  <<< FAILURE!
java.lang.NoSuchMethodError: 'java.lang.Boolean org.yaml.snakeyaml.nodes.SequenceNode.getFlowStyle()'
	at org.raml.parser.visitor.TemplateResolver$ResourceTemplateMerger.cloneSequenceNode(TemplateResolver.java:679)
	at org.raml.parser.visitor.TemplateResolver$ResourceTemplateMerger.extractTemplateReferences(TemplateResolver.java:394)
	at org.raml.parser.visitor.TemplateResolver$ResourceTemplateMerger.mergeTemplatesIfNeeded(TemplateResolver.java:290)
	at org.raml.parser.visitor.TemplateResolver$ResourceTemplateMerger.merge(TemplateResolver.java:281)
	at org.raml.parser.visitor.TemplateResolver.resolve(TemplateResolver.java:246)
	at org.raml.parser.visitor.RamlDocumentBuilder.onMappingNodeStart(RamlDocumentBuilder.java:76)
	at org.raml.parser.visitor.NodeVisitor.visitMappingNode(NodeVisitor.java:92)
	at org.raml.parser.visitor.NodeVisitor.visit(NodeVisitor.java:227)
	at org.raml.parser.visitor.NodeVisitor.visitResolvedNode(NodeVisitor.java:189)
	at org.raml.parser.visitor.NodeVisitor.doVisitMappingNode(NodeVisitor.java:160)
	at org.raml.parser.visitor.NodeVisitor.visitDocument(NodeVisitor.java:218)
	at org.raml.parser.visitor.YamlDocumentBuilder.build(YamlDocumentBuilder.java:95)
	at org.raml.parser.visitor.YamlDocumentBuilder.build(YamlDocumentBuilder.java:116)
	at org.versly.rest.wsdoc.AbstractRestAnnotationProcessorTest.testEnumsTypesQueryForRaml(AbstractRestAnnotationProcessorTest.java:316)
	at java.base/jdk.internal.reflect.NativeMethodAccessorImpl.invoke0(Native Method)
	at java.base/jdk.internal.reflect.NativeMethodAccessorImpl.invoke(NativeMethodAccessorImpl.java:62)
	at java.base/jdk.internal.reflect.DelegatingMethodAccessorImpl.invoke(DelegatingMethodAccessorImpl.java:43)
	at java.base/java.lang.reflect.Method.invoke(Method.java:566)
	at org.testng.internal.MethodInvocationHelper.invokeMethod(MethodInvocationHelper.java:84)
	at org.testng.internal.Invoker.invokeMethod(Invoker.java:714)
	at org.testng.internal.Invoker.invokeTestMethod(Invoker.java:901)
	at org.testng.internal.Invoker.invokeTestMethods(Invoker.java:1231)
	at org.testng.internal.TestMethodWorker.invokeTestMethods(TestMethodWorker.java:127)
	at org.testng.internal.TestMethodWorker.run(TestMethodWorker.java:111)
	at org.testng.TestRunner.privateRun(TestRunner.java:767)
	at org.testng.TestRunner.run(TestRunner.java:617)
	at org.testng.SuiteRunner.runTest(SuiteRunner.java:348)
	at org.testng.SuiteRunner.runSequentially(SuiteRunner.java:343)
	at org.testng.SuiteRunner.privateRun(SuiteRunner.java:305)
	at org.testng.SuiteRunner.run(SuiteRunner.java:254)
	at org.testng.SuiteRunnerWorker.runSuite(SuiteRunnerWorker.java:52)
	at org.testng.SuiteRunnerWorker.run(SuiteRunnerWorker.java:86)
	at org.testng.TestNG.runSuitesSequentially(TestNG.java:1224)
	at org.testng.TestNG.runSuitesLocally(TestNG.java:1149)
	at org.testng.TestNG.run(TestNG.java:1057)
	at org.apache.maven.surefire.testng.TestNGExecutor.run(TestNGExecutor.java:155)
	at org.apache.maven.surefire.testng.TestNGDirectoryTestSuite.executeMulti(TestNGDirectoryTestSuite.java:169)
	at org.apache.maven.surefire.testng.TestNGDirectoryTestSuite.execute(TestNGDirectoryTestSuite.java:88)
	at org.apache.maven.surefire.testng.TestNGProvider.invoke(TestNGProvider.java:137)
	at org.apache.maven.surefire.booter.ForkedBooter.runSuitesInProcess(ForkedBooter.java:385)
	at org.apache.maven.surefire.booter.ForkedBooter.execute(ForkedBooter.java:162)
	at org.apache.maven.surefire.booter.ForkedBooter.run(ForkedBooter.java:507)
	at org.apache.maven.surefire.booter.ForkedBooter.main(ForkedBooter.java:495)

[ERROR] org.versly.rest.wsdoc.SpringMVCRestAnnotationProcessorTest.apiLevelDocs  Time elapsed: 0.079 s  <<< FAILURE!
java.lang.NoSuchMethodError: 'java.lang.Boolean org.yaml.snakeyaml.nodes.SequenceNode.getFlowStyle()'
	at org.raml.parser.visitor.TemplateResolver$ResourceTemplateMerger.cloneSequenceNode(TemplateResolver.java:679)
	at org.raml.parser.visitor.TemplateResolver$ResourceTemplateMerger.extractTemplateReferences(TemplateResolver.java:394)
	at org.raml.parser.visitor.TemplateResolver$ResourceTemplateMerger.mergeTemplatesIfNeeded(TemplateResolver.java:290)
	at org.raml.parser.visitor.TemplateResolver$ResourceTemplateMerger.merge(TemplateResolver.java:281)
	at org.raml.parser.visitor.TemplateResolver.resolve(TemplateResolver.java:246)
	at org.raml.parser.visitor.RamlDocumentBuilder.onMappingNodeStart(RamlDocumentBuilder.java:76)
	at org.raml.parser.visitor.NodeVisitor.visitMappingNode(NodeVisitor.java:92)
	at org.raml.parser.visitor.NodeVisitor.visit(NodeVisitor.java:227)
	at org.raml.parser.visitor.NodeVisitor.visitResolvedNode(NodeVisitor.java:189)
	at org.raml.parser.visitor.NodeVisitor.doVisitMappingNode(NodeVisitor.java:160)
	at org.raml.parser.visitor.NodeVisitor.visitMappingNode(NodeVisitor.java:95)
	at org.raml.parser.visitor.NodeVisitor.visit(NodeVisitor.java:227)
	at org.raml.parser.visitor.NodeVisitor.visitResolvedNode(NodeVisitor.java:189)
	at org.raml.parser.visitor.NodeVisitor.doVisitMappingNode(NodeVisitor.java:160)
	at org.raml.parser.visitor.NodeVisitor.visitDocument(NodeVisitor.java:218)
	at org.raml.parser.visitor.YamlDocumentBuilder.build(YamlDocumentBuilder.java:95)
	at org.raml.parser.visitor.YamlDocumentBuilder.build(YamlDocumentBuilder.java:116)
	at org.versly.rest.wsdoc.AbstractRestAnnotationProcessorTest.apiLevelDocs(AbstractRestAnnotationProcessorTest.java:402)
	at java.base/jdk.internal.reflect.NativeMethodAccessorImpl.invoke0(Native Method)
	at java.base/jdk.internal.reflect.NativeMethodAccessorImpl.invoke(NativeMethodAccessorImpl.java:62)
	at java.base/jdk.internal.reflect.DelegatingMethodAccessorImpl.invoke(DelegatingMethodAccessorImpl.java:43)
	at java.base/java.lang.reflect.Method.invoke(Method.java:566)
	at org.testng.internal.MethodInvocationHelper.invokeMethod(MethodInvocationHelper.java:84)
	at org.testng.internal.Invoker.invokeMethod(Invoker.java:714)
	at org.testng.internal.Invoker.invokeTestMethod(Invoker.java:901)
	at org.testng.internal.Invoker.invokeTestMethods(Invoker.java:1231)
	at org.testng.internal.TestMethodWorker.invokeTestMethods(TestMethodWorker.java:127)
	at org.testng.internal.TestMethodWorker.run(TestMethodWorker.java:111)
	at org.testng.TestRunner.privateRun(TestRunner.java:767)
	at org.testng.TestRunner.run(TestRunner.java:617)
	at org.testng.SuiteRunner.runTest(SuiteRunner.java:348)
	at org.testng.SuiteRunner.runSequentially(SuiteRunner.java:343)
	at org.testng.SuiteRunner.privateRun(SuiteRunner.java:305)
	at org.testng.SuiteRunner.run(SuiteRunner.java:254)
	at org.testng.SuiteRunnerWorker.runSuite(SuiteRunnerWorker.java:52)
	at org.testng.SuiteRunnerWorker.run(SuiteRunnerWorker.java:86)
	at org.testng.TestNG.runSuitesSequentially(TestNG.java:1224)
	at org.testng.TestNG.runSuitesLocally(TestNG.java:1149)
	at org.testng.TestNG.run(TestNG.java:1057)
	at org.apache.maven.surefire.testng.TestNGExecutor.run(TestNGExecutor.java:155)
	at org.apache.maven.surefire.testng.TestNGDirectoryTestSuite.executeMulti(TestNGDirectoryTestSuite.java:169)
	at org.apache.maven.surefire.testng.TestNGDirectoryTestSuite.execute(TestNGDirectoryTestSuite.java:88)
	at org.apache.maven.surefire.testng.TestNGProvider.invoke(TestNGProvider.java:137)
	at org.apache.maven.surefire.booter.ForkedBooter.runSuitesInProcess(ForkedBooter.java:385)
	at org.apache.maven.surefire.booter.ForkedBooter.execute(ForkedBooter.java:162)
	at org.apache.maven.surefire.booter.ForkedBooter.run(ForkedBooter.java:507)
	at org.apache.maven.surefire.booter.ForkedBooter.main(ForkedBooter.java:495)

[ERROR] org.versly.rest.wsdoc.SpringMVCRestAnnotationProcessorTest.assertNoRedundantUriParametersForResource  Time elapsed: 0.11 s  <<< FAILURE!
java.lang.NoSuchMethodError: 'java.lang.Boolean org.yaml.snakeyaml.nodes.SequenceNode.getFlowStyle()'
	at org.raml.parser.visitor.TemplateResolver$ResourceTemplateMerger.cloneSequenceNode(TemplateResolver.java:679)
	at org.raml.parser.visitor.TemplateResolver$ResourceTemplateMerger.extractTemplateReferences(TemplateResolver.java:394)
	at org.raml.parser.visitor.TemplateResolver$ResourceTemplateMerger.mergeTemplatesIfNeeded(TemplateResolver.java:290)
	at org.raml.parser.visitor.TemplateResolver$ResourceTemplateMerger.merge(TemplateResolver.java:281)
	at org.raml.parser.visitor.TemplateResolver.resolve(TemplateResolver.java:246)
	at org.raml.parser.visitor.RamlDocumentBuilder.onMappingNodeStart(RamlDocumentBuilder.java:76)
	at org.raml.parser.visitor.NodeVisitor.visitMappingNode(NodeVisitor.java:92)
	at org.raml.parser.visitor.NodeVisitor.visit(NodeVisitor.java:227)
	at org.raml.parser.visitor.NodeVisitor.visitResolvedNode(NodeVisitor.java:189)
	at org.raml.parser.visitor.NodeVisitor.doVisitMappingNode(NodeVisitor.java:160)
	at org.raml.parser.visitor.NodeVisitor.visitDocument(NodeVisitor.java:218)
	at org.raml.parser.visitor.YamlDocumentBuilder.build(YamlDocumentBuilder.java:95)
	at org.raml.parser.visitor.YamlDocumentBuilder.build(YamlDocumentBuilder.java:116)
	at org.versly.rest.wsdoc.AbstractRestAnnotationProcessorTest.assertNoRedundantUriParametersForResource(AbstractRestAnnotationProcessorTest.java:276)
	at java.base/jdk.internal.reflect.NativeMethodAccessorImpl.invoke0(Native Method)
	at java.base/jdk.internal.reflect.NativeMethodAccessorImpl.invoke(NativeMethodAccessorImpl.java:62)
	at java.base/jdk.internal.reflect.DelegatingMethodAccessorImpl.invoke(DelegatingMethodAccessorImpl.java:43)
	at java.base/java.lang.reflect.Method.invoke(Method.java:566)
	at org.testng.internal.MethodInvocationHelper.invokeMethod(MethodInvocationHelper.java:84)
	at org.testng.internal.Invoker.invokeMethod(Invoker.java:714)
	at org.testng.internal.Invoker.invokeTestMethod(Invoker.java:901)
	at org.testng.internal.Invoker.invokeTestMethods(Invoker.java:1231)
	at org.testng.internal.TestMethodWorker.invokeTestMethods(TestMethodWorker.java:127)
	at org.testng.internal.TestMethodWorker.run(TestMethodWorker.java:111)
	at org.testng.TestRunner.privateRun(TestRunner.java:767)
	at org.testng.TestRunner.run(TestRunner.java:617)
	at org.testng.SuiteRunner.runTest(SuiteRunner.java:348)
	at org.testng.SuiteRunner.runSequentially(SuiteRunner.java:343)
	at org.testng.SuiteRunner.privateRun(SuiteRunner.java:305)
	at org.testng.SuiteRunner.run(SuiteRunner.java:254)
	at org.testng.SuiteRunnerWorker.runSuite(SuiteRunnerWorker.java:52)
	at org.testng.SuiteRunnerWorker.run(SuiteRunnerWorker.java:86)
	at org.testng.TestNG.runSuitesSequentially(TestNG.java:1224)
	at org.testng.TestNG.runSuitesLocally(TestNG.java:1149)
	at org.testng.TestNG.run(TestNG.java:1057)
	at org.apache.maven.surefire.testng.TestNGExecutor.run(TestNGExecutor.java:155)
	at org.apache.maven.surefire.testng.TestNGDirectoryTestSuite.executeMulti(TestNGDirectoryTestSuite.java:169)
	at org.apache.maven.surefire.testng.TestNGDirectoryTestSuite.execute(TestNGDirectoryTestSuite.java:88)
	at org.apache.maven.surefire.testng.TestNGProvider.invoke(TestNGProvider.java:137)
	at org.apache.maven.surefire.booter.ForkedBooter.runSuitesInProcess(ForkedBooter.java:385)
	at org.apache.maven.surefire.booter.ForkedBooter.execute(ForkedBooter.java:162)
	at org.apache.maven.surefire.booter.ForkedBooter.run(ForkedBooter.java:507)
	at org.apache.maven.surefire.booter.ForkedBooter.main(ForkedBooter.java:495)

[ERROR] org.versly.rest.wsdoc.SpringMVCRestAnnotationProcessorTest.assertUriFirstParameterValidation  Time elapsed: 0.093 s  <<< FAILURE!
java.lang.NoSuchMethodError: 'java.lang.Boolean org.yaml.snakeyaml.nodes.SequenceNode.getFlowStyle()'
	at org.raml.parser.visitor.TemplateResolver$ResourceTemplateMerger.cloneSequenceNode(TemplateResolver.java:679)
	at org.raml.parser.visitor.TemplateResolver$ResourceTemplateMerger.extractTemplateReferences(TemplateResolver.java:394)
	at org.raml.parser.visitor.TemplateResolver$ResourceTemplateMerger.mergeTemplatesIfNeeded(TemplateResolver.java:290)
	at org.raml.parser.visitor.TemplateResolver$ResourceTemplateMerger.merge(TemplateResolver.java:281)
	at org.raml.parser.visitor.TemplateResolver.resolve(TemplateResolver.java:246)
	at org.raml.parser.visitor.RamlDocumentBuilder.onMappingNodeStart(RamlDocumentBuilder.java:76)
	at org.raml.parser.visitor.NodeVisitor.visitMappingNode(NodeVisitor.java:92)
	at org.raml.parser.visitor.NodeVisitor.visit(NodeVisitor.java:227)
	at org.raml.parser.visitor.NodeVisitor.visitResolvedNode(NodeVisitor.java:189)
	at org.raml.parser.visitor.NodeVisitor.doVisitMappingNode(NodeVisitor.java:160)
	at org.raml.parser.visitor.NodeVisitor.visitDocument(NodeVisitor.java:218)
	at org.raml.parser.visitor.YamlDocumentBuilder.build(YamlDocumentBuilder.java:95)
	at org.raml.parser.visitor.YamlDocumentBuilder.build(YamlDocumentBuilder.java:116)
	at org.versly.rest.wsdoc.AbstractRestAnnotationProcessorTest.assertUriFirstParameterValidation(AbstractRestAnnotationProcessorTest.java:305)
	at java.base/jdk.internal.reflect.NativeMethodAccessorImpl.invoke0(Native Method)
	at java.base/jdk.internal.reflect.NativeMethodAccessorImpl.invoke(NativeMethodAccessorImpl.java:62)
	at java.base/jdk.internal.reflect.DelegatingMethodAccessorImpl.invoke(DelegatingMethodAccessorImpl.java:43)
	at java.base/java.lang.reflect.Method.invoke(Method.java:566)
	at org.testng.internal.MethodInvocationHelper.invokeMethod(MethodInvocationHelper.java:84)
	at org.testng.internal.Invoker.invokeMethod(Invoker.java:714)
	at org.testng.internal.Invoker.invokeTestMethod(Invoker.java:901)
	at org.testng.internal.Invoker.invokeTestMethods(Invoker.java:1231)
	at org.testng.internal.TestMethodWorker.invokeTestMethods(TestMethodWorker.java:127)
	at org.testng.internal.TestMethodWorker.run(TestMethodWorker.java:111)
	at org.testng.TestRunner.privateRun(TestRunner.java:767)
	at org.testng.TestRunner.run(TestRunner.java:617)
	at org.testng.SuiteRunner.runTest(SuiteRunner.java:348)
	at org.testng.SuiteRunner.runSequentially(SuiteRunner.java:343)
	at org.testng.SuiteRunner.privateRun(SuiteRunner.java:305)
	at org.testng.SuiteRunner.run(SuiteRunner.java:254)
	at org.testng.SuiteRunnerWorker.runSuite(SuiteRunnerWorker.java:52)
	at org.testng.SuiteRunnerWorker.run(SuiteRunnerWorker.java:86)
	at org.testng.TestNG.runSuitesSequentially(TestNG.java:1224)
	at org.testng.TestNG.runSuitesLocally(TestNG.java:1149)
	at org.testng.TestNG.run(TestNG.java:1057)
	at org.apache.maven.surefire.testng.TestNGExecutor.run(TestNGExecutor.java:155)
	at org.apache.maven.surefire.testng.TestNGDirectoryTestSuite.executeMulti(TestNGDirectoryTestSuite.java:169)
	at org.apache.maven.surefire.testng.TestNGDirectoryTestSuite.execute(TestNGDirectoryTestSuite.java:88)
	at org.apache.maven.surefire.testng.TestNGProvider.invoke(TestNGProvider.java:137)
	at org.apache.maven.surefire.booter.ForkedBooter.runSuitesInProcess(ForkedBooter.java:385)
	at org.apache.maven.surefire.booter.ForkedBooter.execute(ForkedBooter.java:162)
	at org.apache.maven.surefire.booter.ForkedBooter.run(ForkedBooter.java:507)
	at org.apache.maven.surefire.booter.ForkedBooter.main(ForkedBooter.java:495)

[ERROR] org.versly.rest.wsdoc.SpringMVCRestAnnotationProcessorTest.assertUriParameterNormalization  Time elapsed: 0.102 s  <<< FAILURE!
java.lang.NoSuchMethodError: 'java.lang.Boolean org.yaml.snakeyaml.nodes.SequenceNode.getFlowStyle()'
	at org.raml.parser.visitor.TemplateResolver$ResourceTemplateMerger.cloneSequenceNode(TemplateResolver.java:679)
	at org.raml.parser.visitor.TemplateResolver$ResourceTemplateMerger.extractTemplateReferences(TemplateResolver.java:394)
	at org.raml.parser.visitor.TemplateResolver$ResourceTemplateMerger.mergeTemplatesIfNeeded(TemplateResolver.java:290)
	at org.raml.parser.visitor.TemplateResolver$ResourceTemplateMerger.merge(TemplateResolver.java:281)
	at org.raml.parser.visitor.TemplateResolver.resolve(TemplateResolver.java:246)
	at org.raml.parser.visitor.RamlDocumentBuilder.onMappingNodeStart(RamlDocumentBuilder.java:76)
	at org.raml.parser.visitor.NodeVisitor.visitMappingNode(NodeVisitor.java:92)
	at org.raml.parser.visitor.NodeVisitor.visit(NodeVisitor.java:227)
	at org.raml.parser.visitor.NodeVisitor.visitResolvedNode(NodeVisitor.java:189)
	at org.raml.parser.visitor.NodeVisitor.doVisitMappingNode(NodeVisitor.java:160)
	at org.raml.parser.visitor.NodeVisitor.visitDocument(NodeVisitor.java:218)
	at org.raml.parser.visitor.YamlDocumentBuilder.build(YamlDocumentBuilder.java:95)
	at org.raml.parser.visitor.YamlDocumentBuilder.build(YamlDocumentBuilder.java:116)
	at org.versly.rest.wsdoc.AbstractRestAnnotationProcessorTest.assertUriParameterNormalization(AbstractRestAnnotationProcessorTest.java:287)
	at java.base/jdk.internal.reflect.NativeMethodAccessorImpl.invoke0(Native Method)
	at java.base/jdk.internal.reflect.NativeMethodAccessorImpl.invoke(NativeMethodAccessorImpl.java:62)
	at java.base/jdk.internal.reflect.DelegatingMethodAccessorImpl.invoke(DelegatingMethodAccessorImpl.java:43)
	at java.base/java.lang.reflect.Method.invoke(Method.java:566)
	at org.testng.internal.MethodInvocationHelper.invokeMethod(MethodInvocationHelper.java:84)
	at org.testng.internal.Invoker.invokeMethod(Invoker.java:714)
	at org.testng.internal.Invoker.invokeTestMethod(Invoker.java:901)
	at org.testng.internal.Invoker.invokeTestMethods(Invoker.java:1231)
	at org.testng.internal.TestMethodWorker.invokeTestMethods(TestMethodWorker.java:127)
	at org.testng.internal.TestMethodWorker.run(TestMethodWorker.java:111)
	at org.testng.TestRunner.privateRun(TestRunner.java:767)
	at org.testng.TestRunner.run(TestRunner.java:617)
	at org.testng.SuiteRunner.runTest(SuiteRunner.java:348)
	at org.testng.SuiteRunner.runSequentially(SuiteRunner.java:343)
	at org.testng.SuiteRunner.privateRun(SuiteRunner.java:305)
	at org.testng.SuiteRunner.run(SuiteRunner.java:254)
	at org.testng.SuiteRunnerWorker.runSuite(SuiteRunnerWorker.java:52)
	at org.testng.SuiteRunnerWorker.run(SuiteRunnerWorker.java:86)
	at org.testng.TestNG.runSuitesSequentially(TestNG.java:1224)
	at org.testng.TestNG.runSuitesLocally(TestNG.java:1149)
	at org.testng.TestNG.run(TestNG.java:1057)
	at org.apache.maven.surefire.testng.TestNGExecutor.run(TestNGExecutor.java:155)
	at org.apache.maven.surefire.testng.TestNGDirectoryTestSuite.executeMulti(TestNGDirectoryTestSuite.java:169)
	at org.apache.maven.surefire.testng.TestNGDirectoryTestSuite.execute(TestNGDirectoryTestSuite.java:88)
	at org.apache.maven.surefire.testng.TestNGProvider.invoke(TestNGProvider.java:137)
	at org.apache.maven.surefire.booter.ForkedBooter.runSuitesInProcess(ForkedBooter.java:385)
	at org.apache.maven.surefire.booter.ForkedBooter.execute(ForkedBooter.java:162)
	at org.apache.maven.surefire.booter.ForkedBooter.run(ForkedBooter.java:507)
	at org.apache.maven.surefire.booter.ForkedBooter.main(ForkedBooter.java:495)

[ERROR] org.versly.rest.wsdoc.SpringMVCRestAnnotationProcessorTest.authScopeDocs  Time elapsed: 0.068 s  <<< FAILURE!
java.lang.NoSuchMethodError: 'java.lang.Boolean org.yaml.snakeyaml.nodes.SequenceNode.getFlowStyle()'
	at org.raml.parser.visitor.TemplateResolver$ResourceTemplateMerger.cloneSequenceNode(TemplateResolver.java:679)
	at org.raml.parser.visitor.TemplateResolver$ResourceTemplateMerger.extractTemplateReferences(TemplateResolver.java:394)
	at org.raml.parser.visitor.TemplateResolver$ResourceTemplateMerger.mergeTemplatesIfNeeded(TemplateResolver.java:290)
	at org.raml.parser.visitor.TemplateResolver$ResourceTemplateMerger.merge(TemplateResolver.java:281)
	at org.raml.parser.visitor.TemplateResolver.resolve(TemplateResolver.java:246)
	at org.raml.parser.visitor.RamlDocumentBuilder.onMappingNodeStart(RamlDocumentBuilder.java:76)
	at org.raml.parser.visitor.NodeVisitor.visitMappingNode(NodeVisitor.java:92)
	at org.raml.parser.visitor.NodeVisitor.visit(NodeVisitor.java:227)
	at org.raml.parser.visitor.NodeVisitor.visitResolvedNode(NodeVisitor.java:189)
	at org.raml.parser.visitor.NodeVisitor.doVisitMappingNode(NodeVisitor.java:160)
	at org.raml.parser.visitor.NodeVisitor.visitDocument(NodeVisitor.java:218)
	at org.raml.parser.visitor.YamlDocumentBuilder.build(YamlDocumentBuilder.java:95)
	at org.raml.parser.visitor.YamlDocumentBuilder.build(YamlDocumentBuilder.java:116)
	at org.versly.rest.wsdoc.AbstractRestAnnotationProcessorTest.authScopeDocs(AbstractRestAnnotationProcessorTest.java:526)
	at java.base/jdk.internal.reflect.NativeMethodAccessorImpl.invoke0(Native Method)
	at java.base/jdk.internal.reflect.NativeMethodAccessorImpl.invoke(NativeMethodAccessorImpl.java:62)
	at java.base/jdk.internal.reflect.DelegatingMethodAccessorImpl.invoke(DelegatingMethodAccessorImpl.java:43)
	at java.base/java.lang.reflect.Method.invoke(Method.java:566)
	at org.testng.internal.MethodInvocationHelper.invokeMethod(MethodInvocationHelper.java:84)
	at org.testng.internal.Invoker.invokeMethod(Invoker.java:714)
	at org.testng.internal.Invoker.invokeTestMethod(Invoker.java:901)
	at org.testng.internal.Invoker.invokeTestMethods(Invoker.java:1231)
	at org.testng.internal.TestMethodWorker.invokeTestMethods(TestMethodWorker.java:127)
	at org.testng.internal.TestMethodWorker.run(TestMethodWorker.java:111)
	at org.testng.TestRunner.privateRun(TestRunner.java:767)
	at org.testng.TestRunner.run(TestRunner.java:617)
	at org.testng.SuiteRunner.runTest(SuiteRunner.java:348)
	at org.testng.SuiteRunner.runSequentially(SuiteRunner.java:343)
	at org.testng.SuiteRunner.privateRun(SuiteRunner.java:305)
	at org.testng.SuiteRunner.run(SuiteRunner.java:254)
	at org.testng.SuiteRunnerWorker.runSuite(SuiteRunnerWorker.java:52)
	at org.testng.SuiteRunnerWorker.run(SuiteRunnerWorker.java:86)
	at org.testng.TestNG.runSuitesSequentially(TestNG.java:1224)
	at org.testng.TestNG.runSuitesLocally(TestNG.java:1149)
	at org.testng.TestNG.run(TestNG.java:1057)
	at org.apache.maven.surefire.testng.TestNGExecutor.run(TestNGExecutor.java:155)
	at org.apache.maven.surefire.testng.TestNGDirectoryTestSuite.executeMulti(TestNGDirectoryTestSuite.java:169)
	at org.apache.maven.surefire.testng.TestNGDirectoryTestSuite.execute(TestNGDirectoryTestSuite.java:88)
	at org.apache.maven.surefire.testng.TestNGProvider.invoke(TestNGProvider.java:137)
	at org.apache.maven.surefire.booter.ForkedBooter.runSuitesInProcess(ForkedBooter.java:385)
	at org.apache.maven.surefire.booter.ForkedBooter.execute(ForkedBooter.java:162)
	at org.apache.maven.surefire.booter.ForkedBooter.run(ForkedBooter.java:507)
	at org.apache.maven.surefire.booter.ForkedBooter.main(ForkedBooter.java:495)

[ERROR] org.versly.rest.wsdoc.SpringMVCRestAnnotationProcessorTest.docTemplate  Time elapsed: 0.069 s  <<< FAILURE!
java.lang.NoSuchMethodError: 'java.lang.Boolean org.yaml.snakeyaml.nodes.SequenceNode.getFlowStyle()'
	at org.raml.parser.visitor.TemplateResolver$ResourceTemplateMerger.cloneSequenceNode(TemplateResolver.java:679)
	at org.raml.parser.visitor.TemplateResolver$ResourceTemplateMerger.extractTemplateReferences(TemplateResolver.java:394)
	at org.raml.parser.visitor.TemplateResolver$ResourceTemplateMerger.mergeTemplatesIfNeeded(TemplateResolver.java:290)
	at org.raml.parser.visitor.TemplateResolver$ResourceTemplateMerger.merge(TemplateResolver.java:281)
	at org.raml.parser.visitor.TemplateResolver.resolve(TemplateResolver.java:246)
	at org.raml.parser.visitor.RamlDocumentBuilder.onMappingNodeStart(RamlDocumentBuilder.java:76)
	at org.raml.parser.visitor.NodeVisitor.visitMappingNode(NodeVisitor.java:92)
	at org.raml.parser.visitor.NodeVisitor.visit(NodeVisitor.java:227)
	at org.raml.parser.visitor.NodeVisitor.visitResolvedNode(NodeVisitor.java:189)
	at org.raml.parser.visitor.NodeVisitor.doVisitMappingNode(NodeVisitor.java:160)
	at org.raml.parser.visitor.NodeVisitor.visitMappingNode(NodeVisitor.java:95)
	at org.raml.parser.visitor.NodeVisitor.visit(NodeVisitor.java:227)
	at org.raml.parser.visitor.NodeVisitor.visitResolvedNode(NodeVisitor.java:189)
	at org.raml.parser.visitor.NodeVisitor.doVisitMappingNode(NodeVisitor.java:160)
	at org.raml.parser.visitor.NodeVisitor.visitDocument(NodeVisitor.java:218)
	at org.raml.parser.visitor.YamlDocumentBuilder.build(YamlDocumentBuilder.java:95)
	at org.raml.parser.visitor.YamlDocumentBuilder.build(YamlDocumentBuilder.java:116)
	at org.versly.rest.wsdoc.AbstractRestAnnotationProcessorTest.docTemplate(AbstractRestAnnotationProcessorTest.java:580)
	at java.base/jdk.internal.reflect.NativeMethodAccessorImpl.invoke0(Native Method)
	at java.base/jdk.internal.reflect.NativeMethodAccessorImpl.invoke(NativeMethodAccessorImpl.java:62)
	at java.base/jdk.internal.reflect.DelegatingMethodAccessorImpl.invoke(DelegatingMethodAccessorImpl.java:43)
	at java.base/java.lang.reflect.Method.invoke(Method.java:566)
	at org.testng.internal.MethodInvocationHelper.invokeMethod(MethodInvocationHelper.java:84)
	at org.testng.internal.Invoker.invokeMethod(Invoker.java:714)
	at org.testng.internal.Invoker.invokeTestMethod(Invoker.java:901)
	at org.testng.internal.Invoker.invokeTestMethods(Invoker.java:1231)
	at org.testng.internal.TestMethodWorker.invokeTestMethods(TestMethodWorker.java:127)
	at org.testng.internal.TestMethodWorker.run(TestMethodWorker.java:111)
	at org.testng.TestRunner.privateRun(TestRunner.java:767)
	at org.testng.TestRunner.run(TestRunner.java:617)
	at org.testng.SuiteRunner.runTest(SuiteRunner.java:348)
	at org.testng.SuiteRunner.runSequentially(SuiteRunner.java:343)
	at org.testng.SuiteRunner.privateRun(SuiteRunner.java:305)
	at org.testng.SuiteRunner.run(SuiteRunner.java:254)
	at org.testng.SuiteRunnerWorker.runSuite(SuiteRunnerWorker.java:52)
	at org.testng.SuiteRunnerWorker.run(SuiteRunnerWorker.java:86)
	at org.testng.TestNG.runSuitesSequentially(TestNG.java:1224)
	at org.testng.TestNG.runSuitesLocally(TestNG.java:1149)
	at org.testng.TestNG.run(TestNG.java:1057)
	at org.apache.maven.surefire.testng.TestNGExecutor.run(TestNGExecutor.java:155)
	at org.apache.maven.surefire.testng.TestNGDirectoryTestSuite.executeMulti(TestNGDirectoryTestSuite.java:169)
	at org.apache.maven.surefire.testng.TestNGDirectoryTestSuite.execute(TestNGDirectoryTestSuite.java:88)
	at org.apache.maven.surefire.testng.TestNGProvider.invoke(TestNGProvider.java:137)
	at org.apache.maven.surefire.booter.ForkedBooter.runSuitesInProcess(ForkedBooter.java:385)
	at org.apache.maven.surefire.booter.ForkedBooter.execute(ForkedBooter.java:162)
	at org.apache.maven.surefire.booter.ForkedBooter.run(ForkedBooter.java:507)
	at org.apache.maven.surefire.booter.ForkedBooter.main(ForkedBooter.java:495)

[ERROR] org.versly.rest.wsdoc.SpringMVCRestAnnotationProcessorTest.multiApiLevelDocs  Time elapsed: 0.064 s  <<< FAILURE!
java.lang.NoSuchMethodError: 'java.lang.Boolean org.yaml.snakeyaml.nodes.SequenceNode.getFlowStyle()'
	at org.raml.parser.visitor.TemplateResolver$ResourceTemplateMerger.cloneSequenceNode(TemplateResolver.java:679)
	at org.raml.parser.visitor.TemplateResolver$ResourceTemplateMerger.extractTemplateReferences(TemplateResolver.java:394)
	at org.raml.parser.visitor.TemplateResolver$ResourceTemplateMerger.mergeTemplatesIfNeeded(TemplateResolver.java:290)
	at org.raml.parser.visitor.TemplateResolver$ResourceTemplateMerger.merge(TemplateResolver.java:281)
	at org.raml.parser.visitor.TemplateResolver.resolve(TemplateResolver.java:246)
	at org.raml.parser.visitor.RamlDocumentBuilder.onMappingNodeStart(RamlDocumentBuilder.java:76)
	at org.raml.parser.visitor.NodeVisitor.visitMappingNode(NodeVisitor.java:92)
	at org.raml.parser.visitor.NodeVisitor.visit(NodeVisitor.java:227)
	at org.raml.parser.visitor.NodeVisitor.visitResolvedNode(NodeVisitor.java:189)
	at org.raml.parser.visitor.NodeVisitor.doVisitMappingNode(NodeVisitor.java:160)
	at org.raml.parser.visitor.NodeVisitor.visitMappingNode(NodeVisitor.java:95)
	at org.raml.parser.visitor.NodeVisitor.visit(NodeVisitor.java:227)
	at org.raml.parser.visitor.NodeVisitor.visitResolvedNode(NodeVisitor.java:189)
	at org.raml.parser.visitor.NodeVisitor.doVisitMappingNode(NodeVisitor.java:160)
	at org.raml.parser.visitor.NodeVisitor.visitDocument(NodeVisitor.java:218)
	at org.raml.parser.visitor.YamlDocumentBuilder.build(YamlDocumentBuilder.java:95)
	at org.raml.parser.visitor.YamlDocumentBuilder.build(YamlDocumentBuilder.java:116)
	at org.versly.rest.wsdoc.AbstractRestAnnotationProcessorTest.multiApiLevelDocs(AbstractRestAnnotationProcessorTest.java:424)
	at java.base/jdk.internal.reflect.NativeMethodAccessorImpl.invoke0(Native Method)
	at java.base/jdk.internal.reflect.NativeMethodAccessorImpl.invoke(NativeMethodAccessorImpl.java:62)
	at java.base/jdk.internal.reflect.DelegatingMethodAccessorImpl.invoke(DelegatingMethodAccessorImpl.java:43)
	at java.base/java.lang.reflect.Method.invoke(Method.java:566)
	at org.testng.internal.MethodInvocationHelper.invokeMethod(MethodInvocationHelper.java:84)
	at org.testng.internal.Invoker.invokeMethod(Invoker.java:714)
	at org.testng.internal.Invoker.invokeTestMethod(Invoker.java:901)
	at org.testng.internal.Invoker.invokeTestMethods(Invoker.java:1231)
	at org.testng.internal.TestMethodWorker.invokeTestMethods(TestMethodWorker.java:127)
	at org.testng.internal.TestMethodWorker.run(TestMethodWorker.java:111)
	at org.testng.TestRunner.privateRun(TestRunner.java:767)
	at org.testng.TestRunner.run(TestRunner.java:617)
	at org.testng.SuiteRunner.runTest(SuiteRunner.java:348)
	at org.testng.SuiteRunner.runSequentially(SuiteRunner.java:343)
	at org.testng.SuiteRunner.privateRun(SuiteRunner.java:305)
	at org.testng.SuiteRunner.run(SuiteRunner.java:254)
	at org.testng.SuiteRunnerWorker.runSuite(SuiteRunnerWorker.java:52)
	at org.testng.SuiteRunnerWorker.run(SuiteRunnerWorker.java:86)
	at org.testng.TestNG.runSuitesSequentially(TestNG.java:1224)
	at org.testng.TestNG.runSuitesLocally(TestNG.java:1149)
	at org.testng.TestNG.run(TestNG.java:1057)
	at org.apache.maven.surefire.testng.TestNGExecutor.run(TestNGExecutor.java:155)
	at org.apache.maven.surefire.testng.TestNGDirectoryTestSuite.executeMulti(TestNGDirectoryTestSuite.java:169)
	at org.apache.maven.surefire.testng.TestNGDirectoryTestSuite.execute(TestNGDirectoryTestSuite.java:88)
	at org.apache.maven.surefire.testng.TestNGProvider.invoke(TestNGProvider.java:137)
	at org.apache.maven.surefire.booter.ForkedBooter.runSuitesInProcess(ForkedBooter.java:385)
	at org.apache.maven.surefire.booter.ForkedBooter.execute(ForkedBooter.java:162)
	at org.apache.maven.surefire.booter.ForkedBooter.run(ForkedBooter.java:507)
	at org.apache.maven.surefire.booter.ForkedBooter.main(ForkedBooter.java:495)

[ERROR] org.versly.rest.wsdoc.SpringMVCRestAnnotationProcessorTest.stabilitySettings  Time elapsed: 0.057 s  <<< FAILURE!
java.lang.NoSuchMethodError: 'java.lang.Boolean org.yaml.snakeyaml.nodes.SequenceNode.getFlowStyle()'
	at org.raml.parser.visitor.TemplateResolver$ResourceTemplateMerger.cloneSequenceNode(TemplateResolver.java:679)
	at org.raml.parser.visitor.TemplateResolver$ResourceTemplateMerger.extractTemplateReferences(TemplateResolver.java:394)
	at org.raml.parser.visitor.TemplateResolver$ResourceTemplateMerger.mergeTemplatesIfNeeded(TemplateResolver.java:290)
	at org.raml.parser.visitor.TemplateResolver$ResourceTemplateMerger.merge(TemplateResolver.java:281)
	at org.raml.parser.visitor.TemplateResolver.resolve(TemplateResolver.java:246)
	at org.raml.parser.visitor.RamlDocumentBuilder.onMappingNodeStart(RamlDocumentBuilder.java:76)
	at org.raml.parser.visitor.NodeVisitor.visitMappingNode(NodeVisitor.java:92)
	at org.raml.parser.visitor.NodeVisitor.visit(NodeVisitor.java:227)
	at org.raml.parser.visitor.NodeVisitor.visitResolvedNode(NodeVisitor.java:189)
	at org.raml.parser.visitor.NodeVisitor.doVisitMappingNode(NodeVisitor.java:160)
	at org.raml.parser.visitor.NodeVisitor.visitDocument(NodeVisitor.java:218)
	at org.raml.parser.visitor.YamlDocumentBuilder.build(YamlDocumentBuilder.java:95)
	at org.raml.parser.visitor.YamlDocumentBuilder.build(YamlDocumentBuilder.java:116)
	at org.versly.rest.wsdoc.AbstractRestAnnotationProcessorTest.stabilitySettings(AbstractRestAnnotationProcessorTest.java:464)
	at java.base/jdk.internal.reflect.NativeMethodAccessorImpl.invoke0(Native Method)
	at java.base/jdk.internal.reflect.NativeMethodAccessorImpl.invoke(NativeMethodAccessorImpl.java:62)
	at java.base/jdk.internal.reflect.DelegatingMethodAccessorImpl.invoke(DelegatingMethodAccessorImpl.java:43)
	at java.base/java.lang.reflect.Method.invoke(Method.java:566)
	at org.testng.internal.MethodInvocationHelper.invokeMethod(MethodInvocationHelper.java:84)
	at org.testng.internal.Invoker.invokeMethod(Invoker.java:714)
	at org.testng.internal.Invoker.invokeTestMethod(Invoker.java:901)
	at org.testng.internal.Invoker.invokeTestMethods(Invoker.java:1231)
	at org.testng.internal.TestMethodWorker.invokeTestMethods(TestMethodWorker.java:127)
	at org.testng.internal.TestMethodWorker.run(TestMethodWorker.java:111)
	at org.testng.TestRunner.privateRun(TestRunner.java:767)
	at org.testng.TestRunner.run(TestRunner.java:617)
	at org.testng.SuiteRunner.runTest(SuiteRunner.java:348)
	at org.testng.SuiteRunner.runSequentially(SuiteRunner.java:343)
	at org.testng.SuiteRunner.privateRun(SuiteRunner.java:305)
	at org.testng.SuiteRunner.run(SuiteRunner.java:254)
	at org.testng.SuiteRunnerWorker.runSuite(SuiteRunnerWorker.java:52)
	at org.testng.SuiteRunnerWorker.run(SuiteRunnerWorker.java:86)
	at org.testng.TestNG.runSuitesSequentially(TestNG.java:1224)
	at org.testng.TestNG.runSuitesLocally(TestNG.java:1149)
	at org.testng.TestNG.run(TestNG.java:1057)
	at org.apache.maven.surefire.testng.TestNGExecutor.run(TestNGExecutor.java:155)
	at org.apache.maven.surefire.testng.TestNGDirectoryTestSuite.executeMulti(TestNGDirectoryTestSuite.java:169)
	at org.apache.maven.surefire.testng.TestNGDirectoryTestSuite.execute(TestNGDirectoryTestSuite.java:88)
	at org.apache.maven.surefire.testng.TestNGProvider.invoke(TestNGProvider.java:137)
	at org.apache.maven.surefire.booter.ForkedBooter.runSuitesInProcess(ForkedBooter.java:385)
	at org.apache.maven.surefire.booter.ForkedBooter.execute(ForkedBooter.java:162)
	at org.apache.maven.surefire.booter.ForkedBooter.run(ForkedBooter.java:507)
	at org.apache.maven.surefire.booter.ForkedBooter.main(ForkedBooter.java:495)

[ERROR] org.versly.rest.wsdoc.SpringMVCRestAnnotationProcessorTest.testEnumsTypesInPathForRaml  Time elapsed: 0.096 s  <<< FAILURE!
java.lang.NoSuchMethodError: 'java.lang.Boolean org.yaml.snakeyaml.nodes.SequenceNode.getFlowStyle()'
	at org.raml.parser.visitor.TemplateResolver$ResourceTemplateMerger.cloneSequenceNode(TemplateResolver.java:679)
	at org.raml.parser.visitor.TemplateResolver$ResourceTemplateMerger.extractTemplateReferences(TemplateResolver.java:394)
	at org.raml.parser.visitor.TemplateResolver$ResourceTemplateMerger.mergeTemplatesIfNeeded(TemplateResolver.java:290)
	at org.raml.parser.visitor.TemplateResolver$ResourceTemplateMerger.merge(TemplateResolver.java:281)
	at org.raml.parser.visitor.TemplateResolver.resolve(TemplateResolver.java:246)
	at org.raml.parser.visitor.RamlDocumentBuilder.onMappingNodeStart(RamlDocumentBuilder.java:76)
	at org.raml.parser.visitor.NodeVisitor.visitMappingNode(NodeVisitor.java:92)
	at org.raml.parser.visitor.NodeVisitor.visit(NodeVisitor.java:227)
	at org.raml.parser.visitor.NodeVisitor.visitResolvedNode(NodeVisitor.java:189)
	at org.raml.parser.visitor.NodeVisitor.doVisitMappingNode(NodeVisitor.java:160)
	at org.raml.parser.visitor.NodeVisitor.visitDocument(NodeVisitor.java:218)
	at org.raml.parser.visitor.YamlDocumentBuilder.build(YamlDocumentBuilder.java:95)
	at org.raml.parser.visitor.YamlDocumentBuilder.build(YamlDocumentBuilder.java:116)
	at org.versly.rest.wsdoc.AbstractRestAnnotationProcessorTest.testEnumsTypesInPathForRaml(AbstractRestAnnotationProcessorTest.java:332)
	at java.base/jdk.internal.reflect.NativeMethodAccessorImpl.invoke0(Native Method)
	at java.base/jdk.internal.reflect.NativeMethodAccessorImpl.invoke(NativeMethodAccessorImpl.java:62)
	at java.base/jdk.internal.reflect.DelegatingMethodAccessorImpl.invoke(DelegatingMethodAccessorImpl.java:43)
	at java.base/java.lang.reflect.Method.invoke(Method.java:566)
	at org.testng.internal.MethodInvocationHelper.invokeMethod(MethodInvocationHelper.java:84)
	at org.testng.internal.Invoker.invokeMethod(Invoker.java:714)
	at org.testng.internal.Invoker.invokeTestMethod(Invoker.java:901)
	at org.testng.internal.Invoker.invokeTestMethods(Invoker.java:1231)
	at org.testng.internal.TestMethodWorker.invokeTestMethods(TestMethodWorker.java:127)
	at org.testng.internal.TestMethodWorker.run(TestMethodWorker.java:111)
	at org.testng.TestRunner.privateRun(TestRunner.java:767)
	at org.testng.TestRunner.run(TestRunner.java:617)
	at org.testng.SuiteRunner.runTest(SuiteRunner.java:348)
	at org.testng.SuiteRunner.runSequentially(SuiteRunner.java:343)
	at org.testng.SuiteRunner.privateRun(SuiteRunner.java:305)
	at org.testng.SuiteRunner.run(SuiteRunner.java:254)
	at org.testng.SuiteRunnerWorker.runSuite(SuiteRunnerWorker.java:52)
	at org.testng.SuiteRunnerWorker.run(SuiteRunnerWorker.java:86)
	at org.testng.TestNG.runSuitesSequentially(TestNG.java:1224)
	at org.testng.TestNG.runSuitesLocally(TestNG.java:1149)
	at org.testng.TestNG.run(TestNG.java:1057)
	at org.apache.maven.surefire.testng.TestNGExecutor.run(TestNGExecutor.java:155)
	at org.apache.maven.surefire.testng.TestNGDirectoryTestSuite.executeMulti(TestNGDirectoryTestSuite.java:169)
	at org.apache.maven.surefire.testng.TestNGDirectoryTestSuite.execute(TestNGDirectoryTestSuite.java:88)
	at org.apache.maven.surefire.testng.TestNGProvider.invoke(TestNGProvider.java:137)
	at org.apache.maven.surefire.booter.ForkedBooter.runSuitesInProcess(ForkedBooter.java:385)
	at org.apache.maven.surefire.booter.ForkedBooter.execute(ForkedBooter.java:162)
	at org.apache.maven.surefire.booter.ForkedBooter.run(ForkedBooter.java:507)
	at org.apache.maven.surefire.booter.ForkedBooter.main(ForkedBooter.java:495)

[ERROR] org.versly.rest.wsdoc.SpringMVCRestAnnotationProcessorTest.testEnumsTypesQueryForRaml  Time elapsed: 0.1 s  <<< FAILURE!
java.lang.NoSuchMethodError: 'java.lang.Boolean org.yaml.snakeyaml.nodes.SequenceNode.getFlowStyle()'
	at org.raml.parser.visitor.TemplateResolver$ResourceTemplateMerger.cloneSequenceNode(TemplateResolver.java:679)
	at org.raml.parser.visitor.TemplateResolver$ResourceTemplateMerger.extractTemplateReferences(TemplateResolver.java:394)
	at org.raml.parser.visitor.TemplateResolver$ResourceTemplateMerger.mergeTemplatesIfNeeded(TemplateResolver.java:290)
	at org.raml.parser.visitor.TemplateResolver$ResourceTemplateMerger.merge(TemplateResolver.java:281)
	at org.raml.parser.visitor.TemplateResolver.resolve(TemplateResolver.java:246)
	at org.raml.parser.visitor.RamlDocumentBuilder.onMappingNodeStart(RamlDocumentBuilder.java:76)
	at org.raml.parser.visitor.NodeVisitor.visitMappingNode(NodeVisitor.java:92)
	at org.raml.parser.visitor.NodeVisitor.visit(NodeVisitor.java:227)
	at org.raml.parser.visitor.NodeVisitor.visitResolvedNode(NodeVisitor.java:189)
	at org.raml.parser.visitor.NodeVisitor.doVisitMappingNode(NodeVisitor.java:160)
	at org.raml.parser.visitor.NodeVisitor.visitDocument(NodeVisitor.java:218)
	at org.raml.parser.visitor.YamlDocumentBuilder.build(YamlDocumentBuilder.java:95)
	at org.raml.parser.visitor.YamlDocumentBuilder.build(YamlDocumentBuilder.java:116)
	at org.versly.rest.wsdoc.AbstractRestAnnotationProcessorTest.testEnumsTypesQueryForRaml(AbstractRestAnnotationProcessorTest.java:316)
	at java.base/jdk.internal.reflect.NativeMethodAccessorImpl.invoke0(Native Method)
	at java.base/jdk.internal.reflect.NativeMethodAccessorImpl.invoke(NativeMethodAccessorImpl.java:62)
	at java.base/jdk.internal.reflect.DelegatingMethodAccessorImpl.invoke(DelegatingMethodAccessorImpl.java:43)
	at java.base/java.lang.reflect.Method.invoke(Method.java:566)
	at org.testng.internal.MethodInvocationHelper.invokeMethod(MethodInvocationHelper.java:84)
	at org.testng.internal.Invoker.invokeMethod(Invoker.java:714)
	at org.testng.internal.Invoker.invokeTestMethod(Invoker.java:901)
	at org.testng.internal.Invoker.invokeTestMethods(Invoker.java:1231)
	at org.testng.internal.TestMethodWorker.invokeTestMethods(TestMethodWorker.java:127)
	at org.testng.internal.TestMethodWorker.run(TestMethodWorker.java:111)
	at org.testng.TestRunner.privateRun(TestRunner.java:767)
	at org.testng.TestRunner.run(TestRunner.java:617)
	at org.testng.SuiteRunner.runTest(SuiteRunner.java:348)
	at org.testng.SuiteRunner.runSequentially(SuiteRunner.java:343)
	at org.testng.SuiteRunner.privateRun(SuiteRunner.java:305)
	at org.testng.SuiteRunner.run(SuiteRunner.java:254)
	at org.testng.SuiteRunnerWorker.runSuite(SuiteRunnerWorker.java:52)
	at org.testng.SuiteRunnerWorker.run(SuiteRunnerWorker.java:86)
	at org.testng.TestNG.runSuitesSequentially(TestNG.java:1224)
	at org.testng.TestNG.runSuitesLocally(TestNG.java:1149)
	at org.testng.TestNG.run(TestNG.java:1057)
	at org.apache.maven.surefire.testng.TestNGExecutor.run(TestNGExecutor.java:155)
	at org.apache.maven.surefire.testng.TestNGDirectoryTestSuite.executeMulti(TestNGDirectoryTestSuite.java:169)
	at org.apache.maven.surefire.testng.TestNGDirectoryTestSuite.execute(TestNGDirectoryTestSuite.java:88)
	at org.apache.maven.surefire.testng.TestNGProvider.invoke(TestNGProvider.java:137)
	at org.apache.maven.surefire.booter.ForkedBooter.runSuitesInProcess(ForkedBooter.java:385)
	at org.apache.maven.surefire.booter.ForkedBooter.execute(ForkedBooter.java:162)
	at org.apache.maven.surefire.booter.ForkedBooter.run(ForkedBooter.java:507)
	at org.apache.maven.surefire.booter.ForkedBooter.main(ForkedBooter.java:495)

[INFO] 
[INFO] Results:
[INFO] 
[ERROR] Failures: 
[ERROR]   JaxRSRestAnnotationProcessorTest>AbstractRestAnnotationProcessorTest.apiLevelDocs:402  NoSuchMethod 'java.lang.Boolean org.yaml.snakeyaml.nodes.SequenceNode.getFlowStyle()'
[ERROR]   JaxRSRestAnnotationProcessorTest>AbstractRestAnnotationProcessorTest.assertNoRedundantUriParametersForResource:276  NoSuchMethod 'java.lang.Boolean org.yaml.snakeyaml.nodes.SequenceNode.getFlowStyle()'
[ERROR]   JaxRSRestAnnotationProcessorTest>AbstractRestAnnotationProcessorTest.assertUriFirstParameterValidation:305  NoSuchMethod 'java.lang.Boolean org.yaml.snakeyaml.nodes.SequenceNode.getFlowStyle()'
[ERROR]   JaxRSRestAnnotationProcessorTest>AbstractRestAnnotationProcessorTest.assertUriParameterNormalization:287  NoSuchMethod 'java.lang.Boolean org.yaml.snakeyaml.nodes.SequenceNode.getFlowStyle()'
[ERROR]   JaxRSRestAnnotationProcessorTest>AbstractRestAnnotationProcessorTest.authScopeDocs:526  NoSuchMethod 'java.lang.Boolean org.yaml.snakeyaml.nodes.SequenceNode.getFlowStyle()'
[ERROR]   JaxRSRestAnnotationProcessorTest>AbstractRestAnnotationProcessorTest.docTemplate:580  NoSuchMethod 'java.lang.Boolean org.yaml.snakeyaml.nodes.SequenceNode.getFlowStyle()'
[ERROR]   JaxRSRestAnnotationProcessorTest>AbstractRestAnnotationProcessorTest.multiApiLevelDocs:424  NoSuchMethod 'java.lang.Boolean org.yaml.snakeyaml.nodes.SequenceNode.getFlowStyle()'
[ERROR]   JaxRSRestAnnotationProcessorTest>AbstractRestAnnotationProcessorTest.stabilitySettings:464  NoSuchMethod 'java.lang.Boolean org.yaml.snakeyaml.nodes.SequenceNode.getFlowStyle()'
[ERROR]   JaxRSRestAnnotationProcessorTest>AbstractRestAnnotationProcessorTest.testEnumsTypesInPathForRaml:332  NoSuchMethod 'java.lang.Boolean org.yaml.snakeyaml.nodes.SequenceNode.getFlowStyle()'
[ERROR]   JaxRSRestAnnotationProcessorTest>AbstractRestAnnotationProcessorTest.testEnumsTypesQueryForRaml:316  NoSuchMethod 'java.lang.Boolean org.yaml.snakeyaml.nodes.SequenceNode.getFlowStyle()'
[ERROR]   SpringMVCRestAnnotationProcessorTest>AbstractRestAnnotationProcessorTest.apiLevelDocs:402  NoSuchMethod 'java.lang.Boolean org.yaml.snakeyaml.nodes.SequenceNode.getFlowStyle()'
[ERROR]   SpringMVCRestAnnotationProcessorTest>AbstractRestAnnotationProcessorTest.assertNoRedundantUriParametersForResource:276  NoSuchMethod 'java.lang.Boolean org.yaml.snakeyaml.nodes.SequenceNode.getFlowStyle()'
[ERROR]   SpringMVCRestAnnotationProcessorTest>AbstractRestAnnotationProcessorTest.assertUriFirstParameterValidation:305  NoSuchMethod 'java.lang.Boolean org.yaml.snakeyaml.nodes.SequenceNode.getFlowStyle()'
[ERROR]   SpringMVCRestAnnotationProcessorTest>AbstractRestAnnotationProcessorTest.assertUriParameterNormalization:287  NoSuchMethod 'java.lang.Boolean org.yaml.snakeyaml.nodes.SequenceNode.getFlowStyle()'
[ERROR]   SpringMVCRestAnnotationProcessorTest>AbstractRestAnnotationProcessorTest.authScopeDocs:526  NoSuchMethod 'java.lang.Boolean org.yaml.snakeyaml.nodes.SequenceNode.getFlowStyle()'
[ERROR]   SpringMVCRestAnnotationProcessorTest>AbstractRestAnnotationProcessorTest.docTemplate:580  NoSuchMethod 'java.lang.Boolean org.yaml.snakeyaml.nodes.SequenceNode.getFlowStyle()'
[ERROR]   SpringMVCRestAnnotationProcessorTest>AbstractRestAnnotationProcessorTest.multiApiLevelDocs:424  NoSuchMethod 'java.lang.Boolean org.yaml.snakeyaml.nodes.SequenceNode.getFlowStyle()'
[ERROR]   SpringMVCRestAnnotationProcessorTest>AbstractRestAnnotationProcessorTest.stabilitySettings:464  NoSuchMethod 'java.lang.Boolean org.yaml.snakeyaml.nodes.SequenceNode.getFlowStyle()'
[ERROR]   SpringMVCRestAnnotationProcessorTest>AbstractRestAnnotationProcessorTest.testEnumsTypesInPathForRaml:332  NoSuchMethod 'java.lang.Boolean org.yaml.snakeyaml.nodes.SequenceNode.getFlowStyle()'
[ERROR]   SpringMVCRestAnnotationProcessorTest>AbstractRestAnnotationProcessorTest.testEnumsTypesQueryForRaml:316  NoSuchMethod 'java.lang.Boolean org.yaml.snakeyaml.nodes.SequenceNode.getFlowStyle()'
[INFO] 
[ERROR] Tests run: 59, Failures: 20, Errors: 0, Skipped: 0
[INFO] 
[INFO] ------------------------------------------------------------------------
[INFO] BUILD FAILURE
[INFO] ------------------------------------------------------------------------
[INFO] Total time:  27.661 s
[INFO] Finished at: 2025-10-01T14:55:57Z
[INFO] ------------------------------------------------------------------------
[WARNING] 
[WARNING] Plugin validation issues were detected in 2 plugin(s)
[WARNING] 
[WARNING]  * org.apache.maven.plugins:maven-compiler-plugin:3.3
[WARNING]  * org.apache.maven.plugins:maven-resources-plugin:3.3.0
[WARNING] 
[WARNING] For more or less details, use 'maven.plugin.validation' property with one of the values (case insensitive): [BRIEF, DEFAULT, VERBOSE]
[WARNING] 
[ERROR] Failed to execute goal org.apache.maven.plugins:maven-surefire-plugin:3.0.0:test (default-test) on project versly-wsdoc: There are test failures.
[ERROR] 
[ERROR] Please refer to /wsdoc/target/surefire-reports for the individual test results.
[ERROR] Please refer to dump files (if any exist) [date].dump, [date]-jvmRun[N].dump and [date].dumpstream.
[ERROR] -> [Help 1]
[ERROR] 
[ERROR] To see the full stack trace of the errors, re-run Maven with the -e switch.
[ERROR] Re-run Maven using the -X switch to enable full debug logging.
[ERROR] 
[ERROR] For more information about the errors and possible solutions, please read the following articles:
[ERROR] [Help 1] http://cwiki.apache.org/confluence/display/MAVEN/MojoFailureException
