[INFO] Scanning for projects...
[INFO] 
[INFO] -------------------------< de.uniwue:ocr4all >--------------------------
[INFO] Building OCR4all Maven Webapp 0.6.1
[INFO]   from pom.xml
[INFO] --------------------------------[ war ]---------------------------------
[INFO] 
[INFO] --- clean:3.2.0:clean (default-clean) @ ocr4all ---
[INFO] Deleting /OCR4all/target
[INFO] 
[INFO] --- resources:3.3.0:resources (default-resources) @ ocr4all ---
[WARNING] Using platform encoding (UTF-8 actually) to copy filtered resources, i.e. build is platform dependent!
[INFO] skip non existing resourceDirectory /OCR4all/src/main/resources
[INFO] 
[INFO] --- compiler:3.10.1:compile (default-compile) @ ocr4all ---
[INFO] Changes detected - recompiling the module!
[WARNING] File encoding has not been set, using platform encoding UTF-8, i.e. build is platform dependent!
[INFO] Compiling 60 source files to /OCR4all/target/classes
[INFO] -------------------------------------------------------------
[ERROR] COMPILATION ERROR : 
[INFO] -------------------------------------------------------------
[ERROR] /OCR4all/src/main/java/de/uniwue/helper/RecognitionHelper.java:[242,42] cannot access com.fasterxml.jackson.core.exc.StreamWriteException
  class file for com.fasterxml.jackson.core.exc.StreamWriteException not found
[INFO] 1 error
[INFO] -------------------------------------------------------------
[INFO] ------------------------------------------------------------------------
[INFO] BUILD FAILURE
[INFO] ------------------------------------------------------------------------
[INFO] Total time:  4.907 s
[INFO] Finished at: 2025-10-01T14:58:23Z
[INFO] ------------------------------------------------------------------------
[WARNING] 
[WARNING] Plugin validation issues were detected in 2 plugin(s)
[WARNING] 
[WARNING]  * org.apache.maven.plugins:maven-compiler-plugin:3.10.1
[WARNING]  * org.apache.maven.plugins:maven-resources-plugin:3.3.0
[WARNING] 
[WARNING] For more or less details, use 'maven.plugin.validation' property with one of the values (case insensitive): [BRIEF, DEFAULT, VERBOSE]
[WARNING] 
[ERROR] Failed to execute goal org.apache.maven.plugins:maven-compiler-plugin:3.10.1:compile (default-compile) on project ocr4all: Compilation failure
[ERROR] /OCR4all/src/main/java/de/uniwue/helper/RecognitionHelper.java:[242,42] cannot access com.fasterxml.jackson.core.exc.StreamWriteException
[ERROR]   class file for com.fasterxml.jackson.core.exc.StreamWriteException not found
[ERROR] -> [Help 1]
[ERROR] 
[ERROR] To see the full stack trace of the errors, re-run Maven with the -e switch.
[ERROR] Re-run Maven using the -X switch to enable full debug logging.
[ERROR] 
[ERROR] For more information about the errors and possible solutions, please read the following articles:
[ERROR] [Help 1] http://cwiki.apache.org/confluence/display/MAVEN/MojoFailureException
