[INFO] Scanning for projects...
[WARNING] 
[WARNING] Some problems were encountered while building the effective model for net.javacrumbs.future-converter:future-converter-common-test:jar:1.2.1-SNAPSHOT
[WARNING] 'build.plugins.plugin.version' for org.apache.maven.plugins:maven-deploy-plugin is missing. @ line 62, column 21
[WARNING] 
[WARNING] It is highly recommended to fix these problems because they threaten the stability of your build.
[WARNING] 
[WARNING] For this reason, future Maven versions might no longer support building such malformed projects.
[WARNING] 
[INFO] ------------------------------------------------------------------------
[INFO] Reactor Build Order:
[INFO] 
[INFO] future-converter                                                   [pom]
[INFO] future-converter-common                                            [jar]
[INFO] future-converter-common-test                                       [jar]
[INFO] future-converter-java8-common                                      [jar]
[INFO] future-converter-guava-common                                      [jar]
[INFO] future-converter-java8-guava                                       [jar]
[INFO] future-converter-apifuture-common                                  [jar]
[INFO] future-converter-java8-apifuture                                   [jar]
[INFO] future-converter-rxjava-common                                     [jar]
[INFO] future-converter-rxjava-java8                                      [jar]
[INFO] future-converter-rxjava2-common                                    [jar]
[INFO] future-converter-rxjava2-java8                                     [jar]
[INFO] future-converter-guava-rxjava                                      [jar]
[INFO] future-converter-guava-rxjava2                                     [jar]
[INFO] future-converter-spring-common                                     [jar]
[INFO] future-converter-spring-rxjava                                     [jar]
[INFO] future-converter-spring-rxjava2                                    [jar]
[INFO] future-converter-spring-guava                                      [jar]
[INFO] future-converter-spring-java8                                      [jar]
[INFO] 
[INFO] ----------< net.javacrumbs.future-converter:future-converter >----------
[INFO] Building future-converter 1.2.1-SNAPSHOT                          [1/19]
[INFO]   from pom.xml
[INFO] --------------------------------[ pom ]---------------------------------
[INFO] 
[INFO] --- clean:3.2.0:clean (default-clean) @ future-converter ---
[INFO] 
[INFO] --- enforcer:1.2:enforce (enforce-maven) @ future-converter ---
[INFO] 
[INFO] --- license:4.1:format (update-license) @ future-converter ---
[INFO] Updating license headers...
[INFO] 
[INFO] ------< net.javacrumbs.future-converter:future-converter-common >-------
[INFO] Building future-converter-common 1.2.1-SNAPSHOT                   [2/19]
[INFO]   from common/pom.xml
[INFO] --------------------------------[ jar ]---------------------------------
[INFO] 
[INFO] --- clean:3.2.0:clean (default-clean) @ future-converter-common ---
[INFO] Deleting /future-converter/common/target
[INFO] 
[INFO] --- enforcer:1.2:enforce (enforce-maven) @ future-converter-common ---
[INFO] 
[INFO] --- license:4.1:format (update-license) @ future-converter-common ---
[INFO] Updating license headers...
[INFO] 
[INFO] --- resources:3.3.0:resources (default-resources) @ future-converter-common ---
[INFO] skip non existing resourceDirectory /future-converter/common/src/main/resources
[INFO] 
[INFO] --- compiler:3.10.1:compile (default-compile) @ future-converter-common ---
[INFO] Changes detected - recompiling the module!
[INFO] Compiling 3 source files to /future-converter/common/target/classes
[INFO] 
[INFO] --- resources:3.3.0:testResources (default-testResources) @ future-converter-common ---
[INFO] skip non existing resourceDirectory /future-converter/common/src/test/resources
[INFO] 
[INFO] --- compiler:3.10.1:testCompile (default-testCompile) @ future-converter-common ---
[INFO] No sources to compile
[INFO] 
[INFO] --- surefire:3.0.0:test (default-test) @ future-converter-common ---
[INFO] No tests to run.
[INFO] 
[INFO] ----< net.javacrumbs.future-converter:future-converter-common-test >----
[INFO] Building future-converter-common-test 1.2.1-SNAPSHOT              [3/19]
[INFO]   from common-test/pom.xml
[INFO] --------------------------------[ jar ]---------------------------------
[INFO] 
[INFO] --- clean:3.2.0:clean (default-clean) @ future-converter-common-test ---
[INFO] Deleting /future-converter/common-test/target
[INFO] 
[INFO] --- enforcer:1.2:enforce (enforce-maven) @ future-converter-common-test ---
[INFO] 
[INFO] --- license:4.1:format (update-license) @ future-converter-common-test ---
[INFO] Updating license headers...
[INFO] 
[INFO] --- resources:3.3.0:resources (default-resources) @ future-converter-common-test ---
[INFO] skip non existing resourceDirectory /future-converter/common-test/src/main/resources
[INFO] 
[INFO] --- compiler:3.10.1:compile (default-compile) @ future-converter-common-test ---
[INFO] Changes detected - recompiling the module!
[INFO] Compiling 18 source files to /future-converter/common-test/target/classes
[INFO] /future-converter/common-test/src/main/java/net/javacrumbs/futureconverter/common/test/apicommon/ApiCommonConvertedFutureTestHelper.java: /future-converter/common-test/src/main/java/net/javacrumbs/futureconverter/common/test/apicommon/ApiCommonConvertedFutureTestHelper.java uses or overrides a deprecated API.
[INFO] /future-converter/common-test/src/main/java/net/javacrumbs/futureconverter/common/test/apicommon/ApiCommonConvertedFutureTestHelper.java: Recompile with -Xlint:deprecation for details.
[INFO] /future-converter/common-test/src/main/java/net/javacrumbs/futureconverter/common/test/guava/GuavaConvertedFutureTestHelper.java: Some input files use unchecked or unsafe operations.
[INFO] /future-converter/common-test/src/main/java/net/javacrumbs/futureconverter/common/test/guava/GuavaConvertedFutureTestHelper.java: Recompile with -Xlint:unchecked for details.
[INFO] -------------------------------------------------------------
[ERROR] COMPILATION ERROR : 
[INFO] -------------------------------------------------------------
[ERROR] /future-converter/common-test/src/main/java/net/javacrumbs/futureconverter/common/test/spring/SpringOriginalFutureTestHelper.java:[21,37] cannot access org.springframework.core.task.AsyncListenableTaskExecutor
  bad class file: /root/.m2/repository/org/springframework/spring-core/6.0.4/spring-core-6.0.4.jar(/org/springframework/core/task/AsyncListenableTaskExecutor.class)
    class file has wrong version 61.0, should be 55.0
    Please remove or make sure it appears in the correct subdirectory of the classpath.
[ERROR] /future-converter/common-test/src/main/java/net/javacrumbs/futureconverter/common/test/spring/SpringOriginalFutureTestHelper.java:[22,45] cannot access org.springframework.core.task.support.TaskExecutorAdapter
  bad class file: /root/.m2/repository/org/springframework/spring-core/6.0.4/spring-core-6.0.4.jar(/org/springframework/core/task/support/TaskExecutorAdapter.class)
    class file has wrong version 61.0, should be 55.0
    Please remove or make sure it appears in the correct subdirectory of the classpath.
[ERROR] /future-converter/common-test/src/main/java/net/javacrumbs/futureconverter/common/test/spring/SpringOriginalFutureTestHelper.java:[23,43] cannot access org.springframework.util.concurrent.ListenableFuture
  bad class file: /root/.m2/repository/org/springframework/spring-core/6.0.4/spring-core-6.0.4.jar(/org/springframework/util/concurrent/ListenableFuture.class)
    class file has wrong version 61.0, should be 55.0
    Please remove or make sure it appears in the correct subdirectory of the classpath.
[ERROR] /future-converter/common-test/src/main/java/net/javacrumbs/futureconverter/common/test/spring/SpringOriginalFutureTestHelper.java:[24,43] cannot access org.springframework.util.concurrent.SettableListenableFuture
  bad class file: /root/.m2/repository/org/springframework/spring-core/6.0.4/spring-core-6.0.4.jar(/org/springframework/util/concurrent/SettableListenableFuture.class)
    class file has wrong version 61.0, should be 55.0
    Please remove or make sure it appears in the correct subdirectory of the classpath.
[ERROR] /future-converter/common-test/src/main/java/net/javacrumbs/futureconverter/common/test/spring/SpringOriginalFutureTestHelper.java:[29,120] cannot find symbol
  symbol: class ListenableFuture
[ERROR] /future-converter/common-test/src/main/java/net/javacrumbs/futureconverter/common/test/spring/SpringOriginalFutureTestHelper.java:[31,19] cannot find symbol
  symbol:   class AsyncListenableTaskExecutor
  location: class net.javacrumbs.futureconverter.common.test.spring.SpringOriginalFutureTestHelper
[ERROR] /future-converter/common-test/src/main/java/net/javacrumbs/futureconverter/common/test/spring/SpringOriginalFutureTestHelper.java:[34,12] cannot find symbol
  symbol:   class ListenableFuture
  location: class net.javacrumbs.futureconverter.common.test.spring.SpringOriginalFutureTestHelper
[ERROR] /future-converter/common-test/src/main/java/net/javacrumbs/futureconverter/common/test/spring/SpringOriginalFutureTestHelper.java:[44,12] cannot find symbol
  symbol:   class ListenableFuture
  location: class net.javacrumbs.futureconverter.common.test.spring.SpringOriginalFutureTestHelper
[ERROR] /future-converter/common-test/src/main/java/net/javacrumbs/futureconverter/common/test/spring/SpringOriginalFutureTestHelper.java:[51,12] cannot find symbol
  symbol:   class ListenableFuture
  location: class net.javacrumbs.futureconverter.common.test.spring.SpringOriginalFutureTestHelper
[ERROR] /future-converter/common-test/src/main/java/net/javacrumbs/futureconverter/common/test/spring/SpringConvertedFutureTestHelper.java:[22,43] cannot access org.springframework.util.concurrent.ListenableFutureCallback
  bad class file: /root/.m2/repository/org/springframework/spring-core/6.0.4/spring-core-6.0.4.jar(/org/springframework/util/concurrent/ListenableFutureCallback.class)
    class file has wrong version 61.0, should be 55.0
    Please remove or make sure it appears in the correct subdirectory of the classpath.
[ERROR] /future-converter/common-test/src/main/java/net/javacrumbs/futureconverter/common/test/spring/SpringConvertedFutureTestHelper.java:[31,123] cannot find symbol
  symbol: class ListenableFuture
[ERROR] /future-converter/common-test/src/main/java/net/javacrumbs/futureconverter/common/test/spring/SpringConvertedFutureTestHelper.java:[32,19] cannot find symbol
  symbol:   class ListenableFutureCallback
  location: class net.javacrumbs.futureconverter.common.test.spring.SpringConvertedFutureTestHelper
[ERROR] /future-converter/common-test/src/main/java/net/javacrumbs/futureconverter/common/test/spring/SpringConvertedFutureTestHelper.java:[35,44] cannot find symbol
  symbol:   class ListenableFuture
  location: class net.javacrumbs.futureconverter.common.test.spring.SpringConvertedFutureTestHelper
[ERROR] /future-converter/common-test/src/main/java/net/javacrumbs/futureconverter/common/test/spring/SpringConvertedFutureTestHelper.java:[72,31] cannot find symbol
  symbol:   class ListenableFuture
  location: class net.javacrumbs.futureconverter.common.test.spring.SpringConvertedFutureTestHelper
[ERROR] /future-converter/common-test/src/main/java/net/javacrumbs/futureconverter/common/test/spring/SpringOriginalFutureTestHelper.java:[31,62] cannot find symbol
  symbol:   class TaskExecutorAdapter
  location: class net.javacrumbs.futureconverter.common.test.spring.SpringOriginalFutureTestHelper
[ERROR] /future-converter/common-test/src/main/java/net/javacrumbs/futureconverter/common/test/spring/SpringOriginalFutureTestHelper.java:[45,9] cannot find symbol
  symbol:   class SettableListenableFuture
  location: class net.javacrumbs.futureconverter.common.test.spring.SpringOriginalFutureTestHelper
[ERROR] /future-converter/common-test/src/main/java/net/javacrumbs/futureconverter/common/test/spring/SpringOriginalFutureTestHelper.java:[45,55] cannot find symbol
  symbol:   class SettableListenableFuture
  location: class net.javacrumbs.futureconverter.common.test.spring.SpringOriginalFutureTestHelper
[ERROR] /future-converter/common-test/src/main/java/net/javacrumbs/futureconverter/common/test/spring/SpringConvertedFutureTestHelper.java:[32,68] cannot find symbol
  symbol:   class ListenableFutureCallback
  location: class net.javacrumbs.futureconverter.common.test.spring.SpringConvertedFutureTestHelper
[ERROR] /future-converter/common-test/src/main/java/net/javacrumbs/futureconverter/common/test/spring/SpringConvertedFutureTestHelper.java:[37,41] cannot find symbol
  symbol:   class ListenableFutureCallback
  location: class net.javacrumbs.futureconverter.common.test.spring.SpringConvertedFutureTestHelper
[ERROR] /future-converter/common-test/src/main/java/net/javacrumbs/futureconverter/common/test/spring/SpringConvertedFutureTestHelper.java:[38,13] method does not override or implement a method from a supertype
[ERROR] /future-converter/common-test/src/main/java/net/javacrumbs/futureconverter/common/test/spring/SpringConvertedFutureTestHelper.java:[43,13] method does not override or implement a method from a supertype
[ERROR] /future-converter/common-test/src/main/java/net/javacrumbs/futureconverter/common/test/spring/SpringConvertedFutureTestHelper.java:[73,41] cannot find symbol
  symbol:   class ListenableFutureCallback
  location: class net.javacrumbs.futureconverter.common.test.spring.SpringConvertedFutureTestHelper
[ERROR] /future-converter/common-test/src/main/java/net/javacrumbs/futureconverter/common/test/spring/SpringConvertedFutureTestHelper.java:[74,13] method does not override or implement a method from a supertype
[ERROR] /future-converter/common-test/src/main/java/net/javacrumbs/futureconverter/common/test/spring/SpringConvertedFutureTestHelper.java:[80,13] method does not override or implement a method from a supertype
[INFO] 24 errors 
[INFO] -------------------------------------------------------------
[INFO] ------------------------------------------------------------------------
[INFO] Reactor Summary for future-converter 1.2.1-SNAPSHOT:
[INFO] 
[INFO] future-converter ................................... SUCCESS [  1.858 s]
[INFO] future-converter-common ............................ SUCCESS [  1.705 s]
[INFO] future-converter-common-test ....................... FAILURE [  1.344 s]
[INFO] future-converter-java8-common ...................... SKIPPED
[INFO] future-converter-guava-common ...................... SKIPPED
[INFO] future-converter-java8-guava ....................... SKIPPED
[INFO] future-converter-apifuture-common .................. SKIPPED
[INFO] future-converter-java8-apifuture ................... SKIPPED
[INFO] future-converter-rxjava-common ..................... SKIPPED
[INFO] future-converter-rxjava-java8 ...................... SKIPPED
[INFO] future-converter-rxjava2-common .................... SKIPPED
[INFO] future-converter-rxjava2-java8 ..................... SKIPPED
[INFO] future-converter-guava-rxjava ...................... SKIPPED
[INFO] future-converter-guava-rxjava2 ..................... SKIPPED
[INFO] future-converter-spring-common ..................... SKIPPED
[INFO] future-converter-spring-rxjava ..................... SKIPPED
[INFO] future-converter-spring-rxjava2 .................... SKIPPED
[INFO] future-converter-spring-guava ...................... SKIPPED
[INFO] future-converter-spring-java8 ...................... SKIPPED
[INFO] ------------------------------------------------------------------------
[INFO] BUILD FAILURE
[INFO] ------------------------------------------------------------------------
[INFO] Total time:  5.365 s
[INFO] Finished at: 2025-10-01T15:08:19Z
[INFO] ------------------------------------------------------------------------
[WARNING] 
[WARNING] Plugin validation issues were detected in 4 plugin(s)
[WARNING] 
[WARNING]  * org.apache.maven.plugins:maven-compiler-plugin:3.10.1
[WARNING]  * org.apache.maven.plugins:maven-enforcer-plugin:1.2
[WARNING]  * org.apache.maven.plugins:maven-resources-plugin:3.3.0
[WARNING]  * com.mycila:license-maven-plugin:4.1
[WARNING] 
[WARNING] For more or less details, use 'maven.plugin.validation' property with one of the values (case insensitive): [BRIEF, DEFAULT, VERBOSE]
[WARNING] 
[ERROR] Failed to execute goal org.apache.maven.plugins:maven-compiler-plugin:3.10.1:compile (default-compile) on project future-converter-common-test: Compilation failure: Compilation failure: 
[ERROR] /future-converter/common-test/src/main/java/net/javacrumbs/futureconverter/common/test/spring/SpringOriginalFutureTestHelper.java:[21,37] cannot access org.springframework.core.task.AsyncListenableTaskExecutor
[ERROR]   bad class file: /root/.m2/repository/org/springframework/spring-core/6.0.4/spring-core-6.0.4.jar(/org/springframework/core/task/AsyncListenableTaskExecutor.class)
[ERROR]     class file has wrong version 61.0, should be 55.0
[ERROR]     Please remove or make sure it appears in the correct subdirectory of the classpath.
[ERROR] /future-converter/common-test/src/main/java/net/javacrumbs/futureconverter/common/test/spring/SpringOriginalFutureTestHelper.java:[22,45] cannot access org.springframework.core.task.support.TaskExecutorAdapter
[ERROR]   bad class file: /root/.m2/repository/org/springframework/spring-core/6.0.4/spring-core-6.0.4.jar(/org/springframework/core/task/support/TaskExecutorAdapter.class)
[ERROR]     class file has wrong version 61.0, should be 55.0
[ERROR]     Please remove or make sure it appears in the correct subdirectory of the classpath.
[ERROR] /future-converter/common-test/src/main/java/net/javacrumbs/futureconverter/common/test/spring/SpringOriginalFutureTestHelper.java:[23,43] cannot access org.springframework.util.concurrent.ListenableFuture
[ERROR]   bad class file: /root/.m2/repository/org/springframework/spring-core/6.0.4/spring-core-6.0.4.jar(/org/springframework/util/concurrent/ListenableFuture.class)
[ERROR]     class file has wrong version 61.0, should be 55.0
[ERROR]     Please remove or make sure it appears in the correct subdirectory of the classpath.
[ERROR] /future-converter/common-test/src/main/java/net/javacrumbs/futureconverter/common/test/spring/SpringOriginalFutureTestHelper.java:[24,43] cannot access org.springframework.util.concurrent.SettableListenableFuture
[ERROR]   bad class file: /root/.m2/repository/org/springframework/spring-core/6.0.4/spring-core-6.0.4.jar(/org/springframework/util/concurrent/SettableListenableFuture.class)
[ERROR]     class file has wrong version 61.0, should be 55.0
[ERROR]     Please remove or make sure it appears in the correct subdirectory of the classpath.
[ERROR] /future-converter/common-test/src/main/java/net/javacrumbs/futureconverter/common/test/spring/SpringOriginalFutureTestHelper.java:[29,120] cannot find symbol
[ERROR]   symbol: class ListenableFuture
[ERROR] /future-converter/common-test/src/main/java/net/javacrumbs/futureconverter/common/test/spring/SpringOriginalFutureTestHelper.java:[31,19] cannot find symbol
[ERROR]   symbol:   class AsyncListenableTaskExecutor
[ERROR]   location: class net.javacrumbs.futureconverter.common.test.spring.SpringOriginalFutureTestHelper
[ERROR] /future-converter/common-test/src/main/java/net/javacrumbs/futureconverter/common/test/spring/SpringOriginalFutureTestHelper.java:[34,12] cannot find symbol
[ERROR]   symbol:   class ListenableFuture
[ERROR]   location: class net.javacrumbs.futureconverter.common.test.spring.SpringOriginalFutureTestHelper
[ERROR] /future-converter/common-test/src/main/java/net/javacrumbs/futureconverter/common/test/spring/SpringOriginalFutureTestHelper.java:[44,12] cannot find symbol
[ERROR]   symbol:   class ListenableFuture
[ERROR]   location: class net.javacrumbs.futureconverter.common.test.spring.SpringOriginalFutureTestHelper
[ERROR] /future-converter/common-test/src/main/java/net/javacrumbs/futureconverter/common/test/spring/SpringOriginalFutureTestHelper.java:[51,12] cannot find symbol
[ERROR]   symbol:   class ListenableFuture
[ERROR]   location: class net.javacrumbs.futureconverter.common.test.spring.SpringOriginalFutureTestHelper
[ERROR] /future-converter/common-test/src/main/java/net/javacrumbs/futureconverter/common/test/spring/SpringConvertedFutureTestHelper.java:[22,43] cannot access org.springframework.util.concurrent.ListenableFutureCallback
[ERROR]   bad class file: /root/.m2/repository/org/springframework/spring-core/6.0.4/spring-core-6.0.4.jar(/org/springframework/util/concurrent/ListenableFutureCallback.class)
[ERROR]     class file has wrong version 61.0, should be 55.0
[ERROR]     Please remove or make sure it appears in the correct subdirectory of the classpath.
[ERROR] /future-converter/common-test/src/main/java/net/javacrumbs/futureconverter/common/test/spring/SpringConvertedFutureTestHelper.java:[31,123] cannot find symbol
[ERROR]   symbol: class ListenableFuture
[ERROR] /future-converter/common-test/src/main/java/net/javacrumbs/futureconverter/common/test/spring/SpringConvertedFutureTestHelper.java:[32,19] cannot find symbol
[ERROR]   symbol:   class ListenableFutureCallback
[ERROR]   location: class net.javacrumbs.futureconverter.common.test.spring.SpringConvertedFutureTestHelper
[ERROR] /future-converter/common-test/src/main/java/net/javacrumbs/futureconverter/common/test/spring/SpringConvertedFutureTestHelper.java:[35,44] cannot find symbol
[ERROR]   symbol:   class ListenableFuture
[ERROR]   location: class net.javacrumbs.futureconverter.common.test.spring.SpringConvertedFutureTestHelper
[ERROR] /future-converter/common-test/src/main/java/net/javacrumbs/futureconverter/common/test/spring/SpringConvertedFutureTestHelper.java:[72,31] cannot find symbol
[ERROR]   symbol:   class ListenableFuture
[ERROR]   location: class net.javacrumbs.futureconverter.common.test.spring.SpringConvertedFutureTestHelper
[ERROR] /future-converter/common-test/src/main/java/net/javacrumbs/futureconverter/common/test/spring/SpringOriginalFutureTestHelper.java:[31,62] cannot find symbol
[ERROR]   symbol:   class TaskExecutorAdapter
[ERROR]   location: class net.javacrumbs.futureconverter.common.test.spring.SpringOriginalFutureTestHelper
[ERROR] /future-converter/common-test/src/main/java/net/javacrumbs/futureconverter/common/test/spring/SpringOriginalFutureTestHelper.java:[45,9] cannot find symbol
[ERROR]   symbol:   class SettableListenableFuture
[ERROR]   location: class net.javacrumbs.futureconverter.common.test.spring.SpringOriginalFutureTestHelper
[ERROR] /future-converter/common-test/src/main/java/net/javacrumbs/futureconverter/common/test/spring/SpringOriginalFutureTestHelper.java:[45,55] cannot find symbol
[ERROR]   symbol:   class SettableListenableFuture
[ERROR]   location: class net.javacrumbs.futureconverter.common.test.spring.SpringOriginalFutureTestHelper
[ERROR] /future-converter/common-test/src/main/java/net/javacrumbs/futureconverter/common/test/spring/SpringConvertedFutureTestHelper.java:[32,68] cannot find symbol
[ERROR]   symbol:   class ListenableFutureCallback
[ERROR]   location: class net.javacrumbs.futureconverter.common.test.spring.SpringConvertedFutureTestHelper
[ERROR] /future-converter/common-test/src/main/java/net/javacrumbs/futureconverter/common/test/spring/SpringConvertedFutureTestHelper.java:[37,41] cannot find symbol
[ERROR]   symbol:   class ListenableFutureCallback
[ERROR]   location: class net.javacrumbs.futureconverter.common.test.spring.SpringConvertedFutureTestHelper
[ERROR] /future-converter/common-test/src/main/java/net/javacrumbs/futureconverter/common/test/spring/SpringConvertedFutureTestHelper.java:[38,13] method does not override or implement a method from a supertype
[ERROR] /future-converter/common-test/src/main/java/net/javacrumbs/futureconverter/common/test/spring/SpringConvertedFutureTestHelper.java:[43,13] method does not override or implement a method from a supertype
[ERROR] /future-converter/common-test/src/main/java/net/javacrumbs/futureconverter/common/test/spring/SpringConvertedFutureTestHelper.java:[73,41] cannot find symbol
[ERROR]   symbol:   class ListenableFutureCallback
[ERROR]   location: class net.javacrumbs.futureconverter.common.test.spring.SpringConvertedFutureTestHelper
[ERROR] /future-converter/common-test/src/main/java/net/javacrumbs/futureconverter/common/test/spring/SpringConvertedFutureTestHelper.java:[74,13] method does not override or implement a method from a supertype
[ERROR] /future-converter/common-test/src/main/java/net/javacrumbs/futureconverter/common/test/spring/SpringConvertedFutureTestHelper.java:[80,13] method does not override or implement a method from a supertype
[ERROR] -> [Help 1]
[ERROR] 
[ERROR] To see the full stack trace of the errors, re-run Maven with the -e switch.
[ERROR] Re-run Maven using the -X switch to enable full debug logging.
[ERROR] 
[ERROR] For more information about the errors and possible solutions, please read the following articles:
[ERROR] [Help 1] http://cwiki.apache.org/confluence/display/MAVEN/MojoFailureException
[ERROR] 
[ERROR] After correcting the problems, you can resume the build with the command
[ERROR]   mvn <args> -rf :future-converter-common-test
