[INFO] Scanning for projects...
[INFO] Inspecting build with total of 1 modules...
[INFO] Installing Nexus Staging features:
[INFO]   ... total of 1 executions of maven-deploy-plugin replaced with nexus-staging-maven-plugin
[INFO] 
[INFO] -----------< org.simplify4u.plugins:pgpverify-maven-plugin >------------
[INFO] Building Verify PGP signatures plugin 1.17.1-SNAPSHOT
[INFO]   from pom.xml
[INFO] ----------------------------[ maven-plugin ]----------------------------
[INFO] 
[INFO] --- clean:3.2.0:clean (default-clean) @ pgpverify-maven-plugin ---
[INFO] Deleting /pgpverify-maven-plugin/target
[INFO] 
[INFO] --- enforcer:3.1.0:enforce (enforcer) @ pgpverify-maven-plugin ---
[INFO] 
[INFO] --- plugin:3.7.0:helpmojo (generated-helpmojo) @ pgpverify-maven-plugin ---
[INFO] 
[INFO] --- resources:3.3.0:resources (default-resources) @ pgpverify-maven-plugin ---
[INFO] Copying 1 resource
[INFO] 
[INFO] --- compiler:3.10.1:compile (default-compile) @ pgpverify-maven-plugin ---
[INFO] Changes detected - recompiling the module!
[INFO] Compiling 52 source files to /pgpverify-maven-plugin/target/classes
[INFO] -------------------------------------------------------------
[ERROR] COMPILATION ERROR : 
[INFO] -------------------------------------------------------------
[ERROR] /pgpverify-maven-plugin/src/main/java/org/simplify4u/plugins/utils/MavenCompilerUtils.java:[21,36] package org.codehaus.plexus.util.xml does not exist
[ERROR] /pgpverify-maven-plugin/src/main/java/org/simplify4u/plugins/utils/MavenCompilerUtils.java:[99,45] cannot find symbol
  symbol:   class Xpp3Dom
  location: class org.simplify4u.plugins.utils.MavenCompilerUtils
[INFO] 2 errors 
[INFO] -------------------------------------------------------------
[INFO] ------------------------------------------------------------------------
[INFO] BUILD FAILURE
[INFO] ------------------------------------------------------------------------
[INFO] Total time:  8.965 s
[INFO] Finished at: 2025-10-01T15:15:44Z
[INFO] ------------------------------------------------------------------------
[WARNING] 
[WARNING] Plugin validation issues were detected in 3 plugin(s)
[WARNING] 
[WARNING]  * org.apache.maven.plugins:maven-compiler-plugin:3.10.1
[WARNING]  * org.apache.maven.plugins:maven-enforcer-plugin:3.1.0
[WARNING]  * org.apache.maven.plugins:maven-resources-plugin:3.3.0
[WARNING] 
[WARNING] For more or less details, use 'maven.plugin.validation' property with one of the values (case insensitive): [BRIEF, DEFAULT, VERBOSE]
[WARNING] 
[ERROR] Failed to execute goal org.apache.maven.plugins:maven-compiler-plugin:3.10.1:compile (default-compile) on project pgpverify-maven-plugin: Compilation failure: Compilation failure: 
[ERROR] /pgpverify-maven-plugin/src/main/java/org/simplify4u/plugins/utils/MavenCompilerUtils.java:[21,36] package org.codehaus.plexus.util.xml does not exist
[ERROR] /pgpverify-maven-plugin/src/main/java/org/simplify4u/plugins/utils/MavenCompilerUtils.java:[99,45] cannot find symbol
[ERROR]   symbol:   class Xpp3Dom
[ERROR]   location: class org.simplify4u.plugins.utils.MavenCompilerUtils
[ERROR] -> [Help 1]
[ERROR] 
[ERROR] To see the full stack trace of the errors, re-run Maven with the -e switch.
[ERROR] Re-run Maven using the -X switch to enable full debug logging.
[ERROR] 
[ERROR] For more information about the errors and possible solutions, please read the following articles:
[ERROR] [Help 1] http://cwiki.apache.org/confluence/display/MAVEN/MojoFailureException
