[INFO] Scanning for projects...
[INFO] 
[INFO] ---------------------< com.artipie:docker-adapter >---------------------
[INFO] Building docker-adapter 1.0-SNAPSHOT
[INFO]   from pom.xml
[INFO] --------------------------------[ jar ]---------------------------------
[INFO] 
[INFO] --- clean:3.1.0:clean (default-clean) @ docker-adapter ---
[INFO] Deleting /docker-adapter/target
[INFO] 
[INFO] --- enforcer:3.0.0:enforce (enforce-maven) @ docker-adapter ---
[INFO] 
[INFO] --- resources:3.2.0:resources (default-resources) @ docker-adapter ---
[INFO] Using 'UTF-8' encoding to copy filtered resources.
[INFO] Using 'UTF-8' encoding to copy filtered properties files.
[INFO] skip non existing resourceDirectory /docker-adapter/src/main/resources
[INFO] 
[INFO] --- compiler:3.8.1:compile (default-compile) @ docker-adapter ---
[INFO] Compiling 107 source files to /docker-adapter/target/classes
[INFO] 
[INFO] --- resources:3.2.0:testResources (default-testResources) @ docker-adapter ---
[INFO] Using 'UTF-8' encoding to copy filtered resources.
[INFO] Using 'UTF-8' encoding to copy filtered properties files.
[INFO] Copying 2 resources
[INFO] Copying 11 resources
[INFO] The encoding used to copy filtered properties files have not been set. This means that the same encoding will be used to copy filtered properties files as when copying other filtered resources. This might not be what you want! Run your build with --debug to see which files might be affected. Read more at https://maven.apache.org/plugins/maven-resources-plugin/examples/filtering-properties-files.html
[INFO] 
[INFO] --- compiler:3.8.1:testCompile (default-testCompile) @ docker-adapter ---
[INFO] Compiling 112 source files to /docker-adapter/target/test-classes
[INFO] Some messages have been simplified; recompile with -Xdiags:verbose to get full output
[INFO] -------------------------------------------------------------
[ERROR] COMPILATION ERROR : 
[INFO] -------------------------------------------------------------
[ERROR] /docker-adapter/src/test/java/com/artipie/docker/http/AuthTest.java:[353,60] cannot find symbol
  symbol:   class User
  location: interface com.artipie.http.auth.Authentication
[ERROR] /docker-adapter/src/test/java/com/artipie/docker/http/AuthTest.java:[350,63] incompatible types: bad return type in lambda expression
    inference variable U has incompatible bounds
      equality constraints: java.util.Optional<com.artipie.http.auth.AuthUser>
      lower bounds: java.util.Optional<java.lang.Object>
[ERROR] /docker-adapter/src/test/java/com/artipie/docker/http/AuthScopeSliceTest.java:[56,51] cannot find symbol
  symbol:   class User
  location: interface com.artipie.http.auth.Authentication
[ERROR] /docker-adapter/src/test/java/com/artipie/docker/http/AuthScopeSliceTest.java:[57,62] cannot find symbol
  symbol:   class User
  location: interface com.artipie.http.auth.Authentication
[INFO] 4 errors 
[INFO] -------------------------------------------------------------
[INFO] ------------------------------------------------------------------------
[INFO] BUILD FAILURE
[INFO] ------------------------------------------------------------------------
[INFO] Total time:  8.312 s
[INFO] Finished at: 2025-10-01T15:16:47Z
[INFO] ------------------------------------------------------------------------
[WARNING] 
[WARNING] Plugin validation issues were detected in 4 plugin(s)
[WARNING] 
[WARNING]  * org.apache.maven.plugins:maven-resources-plugin:3.2.0
[WARNING]  * org.apache.maven.plugins:maven-compiler-plugin:3.8.1
[WARNING]  * org.apache.maven.plugins:maven-clean-plugin:3.1.0
[WARNING]  * org.apache.maven.plugins:maven-enforcer-plugin:3.0.0
[WARNING] 
[WARNING] For more or less details, use 'maven.plugin.validation' property with one of the values (case insensitive): [BRIEF, DEFAULT, VERBOSE]
[WARNING] 
[ERROR] Failed to execute goal org.apache.maven.plugins:maven-compiler-plugin:3.8.1:testCompile (default-testCompile) on project docker-adapter: Compilation failure: Compilation failure: 
[ERROR] /docker-adapter/src/test/java/com/artipie/docker/http/AuthTest.java:[353,60] cannot find symbol
[ERROR]   symbol:   class User
[ERROR]   location: interface com.artipie.http.auth.Authentication
[ERROR] /docker-adapter/src/test/java/com/artipie/docker/http/AuthTest.java:[350,63] incompatible types: bad return type in lambda expression
[ERROR]     inference variable U has incompatible bounds
[ERROR]       equality constraints: java.util.Optional<com.artipie.http.auth.AuthUser>
[ERROR]       lower bounds: java.util.Optional<java.lang.Object>
[ERROR] /docker-adapter/src/test/java/com/artipie/docker/http/AuthScopeSliceTest.java:[56,51] cannot find symbol
[ERROR]   symbol:   class User
[ERROR]   location: interface com.artipie.http.auth.Authentication
[ERROR] /docker-adapter/src/test/java/com/artipie/docker/http/AuthScopeSliceTest.java:[57,62] cannot find symbol
[ERROR]   symbol:   class User
[ERROR]   location: interface com.artipie.http.auth.Authentication
[ERROR] -> [Help 1]
[ERROR] 
[ERROR] To see the full stack trace of the errors, re-run Maven with the -e switch.
[ERROR] Re-run Maven using the -X switch to enable full debug logging.
[ERROR] 
[ERROR] For more information about the errors and possible solutions, please read the following articles:
[ERROR] [Help 1] http://cwiki.apache.org/confluence/display/MAVEN/MojoFailureException
