[INFO] Scanning for projects...
[WARNING] 
[WARNING] Some problems were encountered while building the effective model for com.thoughtworks.gauge:gauge-java:jar:0.10.2
[WARNING] 'version' contains an expression but should be a constant. @ com.thoughtworks.gauge:gauge-java:${projectVersion}, /gauge-java/pom.xml, line 7, column 14
[WARNING] 
[WARNING] It is highly recommended to fix these problems because they threaten the stability of your build.
[WARNING] 
[WARNING] For this reason, future Maven versions might no longer support building such malformed projects.
[WARNING] 
[INFO] Inspecting build with total of 1 modules...
[INFO] Installing Nexus Staging features:
[INFO]   ... total of 1 executions of maven-deploy-plugin replaced with nexus-staging-maven-plugin
[INFO] ------------------------------------------------------------------------
[INFO] Detecting the operating system and CPU architecture
[INFO] ------------------------------------------------------------------------
[INFO] os.detected.name: linux
[INFO] os.detected.arch: x86_64
[INFO] os.detected.bitness: 64
[INFO] os.detected.version: 6.6
[INFO] os.detected.version.major: 6
[INFO] os.detected.version.minor: 6
[INFO] os.detected.release: alpine
[INFO] os.detected.release.version: 3.18.2
[INFO] os.detected.release.like.alpine: true
[INFO] os.detected.classifier: linux-x86_64
[INFO] 
[INFO] -----------------< com.thoughtworks.gauge:gauge-java >------------------
[INFO] Building gauge-java 0.10.2
[INFO]   from pom.xml
[INFO] --------------------------------[ jar ]---------------------------------
[INFO] 
[INFO] --- clean:3.2.0:clean (default-clean) @ gauge-java ---
[INFO] Deleting /gauge-java/target
[INFO] 
[INFO] --- checkstyle:3.3.0:check (validate) @ gauge-java ---
[INFO] Starting audit...
[ERROR] /gauge-java/src/main/java/com/thoughtworks/gauge/tag/TagMatcher.java:17:5: Class TagMatcherFactory should be declared as final. [FinalClass]
[ERROR] /gauge-java/src/main/java/com/thoughtworks/gauge/connection/StubImplementationCodeProcessor.java:127:5: Class MethodVisitor should be declared as final. [FinalClass]
[ERROR] /gauge-java/src/main/java/com/thoughtworks/gauge/connection/StubImplementationCodeProcessor.java:134:5: Class ClassVisitor should be declared as final. [FinalClass]
Audit done.
[INFO] ------------------------------------------------------------------------
[INFO] BUILD FAILURE
[INFO] ------------------------------------------------------------------------
[INFO] Total time:  12.969 s
[INFO] Finished at: 2025-10-01T15:25:29Z
[INFO] ------------------------------------------------------------------------
[ERROR] Failed to execute goal org.apache.maven.plugins:maven-checkstyle-plugin:3.3.0:check (validate) on project gauge-java: Failed during checkstyle execution: There are 3 errors reported by Checkstyle 10.12.2 with checkstyle.xml ruleset. -> [Help 1]
[ERROR] 
[ERROR] To see the full stack trace of the errors, re-run Maven with the -e switch.
[ERROR] Re-run Maven using the -X switch to enable full debug logging.
[ERROR] 
[ERROR] For more information about the errors and possible solutions, please read the following articles:
[ERROR] [Help 1] http://cwiki.apache.org/confluence/display/MAVEN/MojoExecutionException
