[INFO] Scanning for projects...
[WARNING] 
[WARNING] Some problems were encountered while building the effective model for fr.pilato.elasticsearch.crawler:fscrawler-it-v7:jar:2.8-SNAPSHOT
[WARNING] 'dependencies.dependency.(groupId:artifactId:type:classifier)' must be unique: fr.pilato.elasticsearch.crawler:fscrawler-it-common:jar -> version (?) vs 2.8-SNAPSHOT @ line 31, column 21
[WARNING] 
[WARNING] It is highly recommended to fix these problems because they threaten the stability of your build.
[WARNING] 
[WARNING] For this reason, future Maven versions might no longer support building such malformed projects.
[WARNING] 
[INFO] ------------------------------------------------------------------------
[INFO] Reactor Build Order:
[INFO] 
[INFO] FSCrawler                                                          [pom]
[INFO] FSCrawler Test Framework                                           [jar]
[INFO] FSCrawler Framework                                                [jar]
[INFO] FSCrawler Settings                                                 [jar]
[INFO] FSCrawler Test Documents                                           [jar]
[INFO] FSCrawler Beans                                                    [jar]
[INFO] FSCrawler 3rd Party libraries                                      [pom]
[INFO] FSCrawler Workplace Search Client                                  [jar]
[INFO] FSCrawler Elasticsearch Client                                     [pom]
[INFO] FSCrawler Elasticsearch Client Base                                [jar]
[INFO] FSCrawler Elasticsearch Client V7                                  [jar]
[INFO] FSCrawler Elasticsearch Client V6                                  [jar]
[INFO] FSCrawler Tika                                                     [jar]
[INFO] FSCrawler Crawlers                                                 [pom]
[INFO] FSCrawler Abstract Crawler                                         [jar]
[INFO] FSCrawler Crawlers: FS                                             [jar]
[INFO] FSCrawler Crawlers: FTP                                            [jar]
[INFO] FSCrawler Crawlers: SSH                                            [jar]
[INFO] FSCrawler Core                                                     [jar]
[INFO] FSCrawler Rest Server                                              [jar]
[INFO] FSCrawler Integration Tests                                        [pom]
[INFO] FSCrawler Integration Common Tests                                 [jar]
[INFO] FSCrawler Integration Tests for Elasticsearch 7.x                  [jar]
[INFO] FSCrawler Integration Tests for Elasticsearch 6.x                  [jar]
[INFO] FSCrawler Cli                                                      [jar]
[INFO] FSCrawler ZIP Distribution                                         [pom]
[INFO] FSCrawler ZIP Distribution for Elasticsearch 7.x                   [jar]
[INFO] FSCrawler ZIP Distribution for Elasticsearch 6.x                   [jar]
[INFO] FSCrawler Documentation                                            [pom]
[INFO] 
[INFO] ----------< fr.pilato.elasticsearch.crawler:fscrawler-parent >----------
[INFO] Building FSCrawler 2.8-SNAPSHOT                                   [1/29]
[INFO]   from pom.xml
[INFO] --------------------------------[ pom ]---------------------------------
[INFO] 
[INFO] --- clean:3.2.0:clean (default-clean) @ fscrawler-parent ---
[INFO] 
[INFO] ------< fr.pilato.elasticsearch.crawler:fscrawler-test-framework >------
[INFO] Building FSCrawler Test Framework 2.8-SNAPSHOT                    [2/29]
[INFO]   from test-framework/pom.xml
[INFO] --------------------------------[ jar ]---------------------------------
[INFO] 
[INFO] --- clean:3.2.0:clean (default-clean) @ fscrawler-test-framework ---
[INFO] Deleting /fscrawler/test-framework/target
[INFO] 
[INFO] --- enforcer:3.0.0-M3:enforce (enforce) @ fscrawler-test-framework ---
[INFO] 
[INFO] --- resources:3.2.0:resources (default-resources) @ fscrawler-test-framework ---
[INFO] Using 'UTF-8' encoding to copy filtered resources.
[INFO] Using 'UTF-8' encoding to copy filtered properties files.
[INFO] skip non existing resourceDirectory /fscrawler/test-framework/src/main/resources
[INFO] 
[INFO] --- compiler:3.8.1:compile (default-compile) @ fscrawler-test-framework ---
[INFO] Changes detected - recompiling the module!
[INFO] Compiling 4 source files to /fscrawler/test-framework/target/classes
[WARNING] No processor claimed any of these annotations: /com.carrotsearch.randomizedtesting.annotations.TimeoutSuite,/org.junit.ClassRule,/org.junit.BeforeClass,/com.carrotsearch.randomizedtesting.annotations.ThreadLeakLingering,/org.junit.Rule,/com.carrotsearch.randomizedtesting.annotations.ThreadLeakScope,/org.junit.runner.RunWith,/org.junit.AfterClass,/com.carrotsearch.randomizedtesting.annotations.Listeners
[INFO] /fscrawler/test-framework/src/main/java/fr/pilato/elasticsearch/crawler/fs/test/framework/AbstractFSCrawlerTestCase.java: /fscrawler/test-framework/src/main/java/fr/pilato/elasticsearch/crawler/fs/test/framework/AbstractFSCrawlerTestCase.java uses unchecked or unsafe operations.
[INFO] /fscrawler/test-framework/src/main/java/fr/pilato/elasticsearch/crawler/fs/test/framework/AbstractFSCrawlerTestCase.java: Recompile with -Xlint:unchecked for details.
[INFO] 
[INFO] --- resources:3.2.0:testResources (default-testResources) @ fscrawler-test-framework ---
[INFO] Using 'UTF-8' encoding to copy filtered resources.
[INFO] Using 'UTF-8' encoding to copy filtered properties files.
[INFO] Copying 1 resource
[INFO] 
[INFO] --- compiler:3.8.1:testCompile (default-testCompile) @ fscrawler-test-framework ---
[INFO] Changes detected - recompiling the module!
[INFO] Compiling 1 source file to /fscrawler/test-framework/target/test-classes
[WARNING] No processor claimed any of these annotations: /com.carrotsearch.randomizedtesting.annotations.ThreadLeakLingering,/com.carrotsearch.randomizedtesting.annotations.ThreadLeakScope,/org.junit.Test,/com.carrotsearch.randomizedtesting.annotations.TimeoutSuite,/org.junit.runner.RunWith
[INFO] 
[INFO] --- junit4:2.7.8:junit4 (unit-tests) @ fscrawler-test-framework ---
[INFO] <JUnit4> says salut! Master seed: A55BEE4E16C22C14
Executing 1 suite with 1 JVM.

Started J0 PID(64@57fada935d74).
[INFO] JVM J0:     0.98 ..     3.27 =     2.29s
[INFO] Execution time total: 3.28 sec.
[INFO] Tests summary: 1 suite, 2 tests
[INFO] 
[INFO] --------< fr.pilato.elasticsearch.crawler:fscrawler-framework >---------
[INFO] Building FSCrawler Framework 2.8-SNAPSHOT                         [3/29]
[INFO]   from framework/pom.xml
[INFO] --------------------------------[ jar ]---------------------------------
[INFO] 
[INFO] --- clean:3.2.0:clean (default-clean) @ fscrawler-framework ---
[INFO] Deleting /fscrawler/framework/target
[INFO] 
[INFO] --- enforcer:3.0.0-M3:enforce (enforce) @ fscrawler-framework ---
[INFO] 
[INFO] --- resources:3.2.0:resources (default-resources) @ fscrawler-framework ---
[INFO] Using 'UTF-8' encoding to copy filtered resources.
[INFO] Using 'UTF-8' encoding to copy filtered properties files.
[INFO] Copying 1 resource
[INFO] 
[INFO] --- compiler:3.8.1:compile (default-compile) @ fscrawler-framework ---
[INFO] Changes detected - recompiling the module!
[INFO] Compiling 29 source files to /fscrawler/framework/target/classes
[INFO] 
[INFO] --- resources:3.2.0:testResources (default-testResources) @ fscrawler-framework ---
[INFO] Using 'UTF-8' encoding to copy filtered resources.
[INFO] Using 'UTF-8' encoding to copy filtered properties files.
[INFO] Copying 1 resource
[INFO] 
[INFO] --- compiler:3.8.1:testCompile (default-testCompile) @ fscrawler-framework ---
[INFO] Changes detected - recompiling the module!
[INFO] Compiling 3 source files to /fscrawler/framework/target/test-classes
[WARNING] No processor claimed any of these annotations: /org.junit.BeforeClass,/com.carrotsearch.randomizedtesting.annotations.ThreadLeakLingering,/com.carrotsearch.randomizedtesting.annotations.ThreadLeakScope,/org.junit.Test,/com.carrotsearch.randomizedtesting.annotations.TimeoutSuite,/org.junit.runner.RunWith
[INFO] 
[INFO] ---------< fr.pilato.elasticsearch.crawler:fscrawler-settings >---------
[INFO] Building FSCrawler Settings 2.8-SNAPSHOT                          [4/29]
[INFO]   from settings/pom.xml
[INFO] --------------------------------[ jar ]---------------------------------
[INFO] 
[INFO] --- clean:3.2.0:clean (default-clean) @ fscrawler-settings ---
[INFO] Deleting /fscrawler/settings/target
[INFO] 
[INFO] --- enforcer:3.0.0-M3:enforce (enforce) @ fscrawler-settings ---
[INFO] 
[INFO] --- resources:3.2.0:resources (default-resources) @ fscrawler-settings ---
[INFO] Using 'UTF-8' encoding to copy filtered resources.
[INFO] Using 'UTF-8' encoding to copy filtered properties files.
[INFO] Copying 5 resources
[INFO] 
[INFO] --- compiler:3.8.1:compile (default-compile) @ fscrawler-settings ---
[INFO] Changes detected - recompiling the module!
[INFO] Compiling 11 source files to /fscrawler/settings/target/classes
[WARNING] No processor claimed any of these annotations: /com.fasterxml.jackson.annotation.JsonIgnore,/com.fasterxml.jackson.annotation.JsonProperty
[INFO] 
[INFO] --- resources:3.2.0:testResources (default-testResources) @ fscrawler-settings ---
[INFO] Using 'UTF-8' encoding to copy filtered resources.
[INFO] Using 'UTF-8' encoding to copy filtered properties files.
[INFO] Copying 6 resources
[INFO] 
[INFO] --- compiler:3.8.1:testCompile (default-testCompile) @ fscrawler-settings ---
[INFO] Changes detected - recompiling the module!
[INFO] Compiling 8 source files to /fscrawler/settings/target/test-classes
[WARNING] No processor claimed any of these annotations: /org.junit.BeforeClass,/com.carrotsearch.randomizedtesting.annotations.ThreadLeakLingering,/com.carrotsearch.randomizedtesting.annotations.ThreadLeakScope,/org.junit.Test,/com.carrotsearch.randomizedtesting.annotations.TimeoutSuite,/org.junit.runner.RunWith
[INFO] 
[INFO] --- junit4:2.7.8:junit4 (unit-tests) @ fscrawler-settings ---
[INFO] <JUnit4> says ahoj! Master seed: CC7D0A2AC0F181C0
Executing 8 suites with 4 JVMs.

Started J3 PID(117@57fada935d74).
Started J2 PID(109@57fada935d74).
Started J0 PID(110@57fada935d74).
Started J1 PID(119@57fada935d74).
[INFO] JVM J0:     0.79 ..     4.11 =     3.33s
[INFO] JVM J1:     0.79 ..     3.83 =     3.04s
[INFO] JVM J2:     0.78 ..     4.91 =     4.14s
[INFO] JVM J3:     0.54 ..     4.08 =     3.54s
[INFO] Execution time total: 4.92 sec.
[INFO] Tests summary: 8 suites, 49 tests
[INFO] 
[INFO] ------< fr.pilato.elasticsearch.crawler:fscrawler-test-documents >------
[INFO] Building FSCrawler Test Documents 2.8-SNAPSHOT                    [5/29]
[INFO]   from test-documents/pom.xml
[INFO] --------------------------------[ jar ]---------------------------------
[INFO] 
[INFO] --- clean:3.2.0:clean (default-clean) @ fscrawler-test-documents ---
[INFO] Deleting /fscrawler/test-documents/target
[INFO] 
[INFO] --- enforcer:3.0.0-M3:enforce (enforce) @ fscrawler-test-documents ---
[INFO] 
[INFO] --- resources:3.2.0:resources (default-resources) @ fscrawler-test-documents ---
[INFO] Using 'UTF-8' encoding to copy filtered resources.
[INFO] Using 'UTF-8' encoding to copy filtered properties files.
[INFO] Copying 30 resources
[INFO] 
[INFO] --- compiler:3.8.1:compile (default-compile) @ fscrawler-test-documents ---
[INFO] No sources to compile
[INFO] 
[INFO] --- resources:3.2.0:testResources (default-testResources) @ fscrawler-test-documents ---
[INFO] Using 'UTF-8' encoding to copy filtered resources.
[INFO] Using 'UTF-8' encoding to copy filtered properties files.
[INFO] skip non existing resourceDirectory /fscrawler/test-documents/src/test/resources
[INFO] 
[INFO] --- compiler:3.8.1:testCompile (default-testCompile) @ fscrawler-test-documents ---
[INFO] No sources to compile
[INFO] 
[INFO] ----------< fr.pilato.elasticsearch.crawler:fscrawler-beans >-----------
[INFO] Building FSCrawler Beans 2.8-SNAPSHOT                             [6/29]
[INFO]   from beans/pom.xml
[INFO] --------------------------------[ jar ]---------------------------------
[INFO] 
[INFO] --- clean:3.2.0:clean (default-clean) @ fscrawler-beans ---
[INFO] Deleting /fscrawler/beans/target
[INFO] 
[INFO] --- enforcer:3.0.0-M3:enforce (enforce) @ fscrawler-beans ---
[INFO] 
[INFO] --- resources:3.2.0:resources (default-resources) @ fscrawler-beans ---
[INFO] Using 'UTF-8' encoding to copy filtered resources.
[INFO] Using 'UTF-8' encoding to copy filtered properties files.
[INFO] skip non existing resourceDirectory /fscrawler/beans/src/main/resources
[INFO] 
[INFO] --- compiler:3.8.1:compile (default-compile) @ fscrawler-beans ---
[INFO] Changes detected - recompiling the module!
[INFO] Compiling 12 source files to /fscrawler/beans/target/classes
[INFO] /fscrawler/beans/src/main/java/fr/pilato/elasticsearch/crawler/fs/beans/DocParser.java: /fscrawler/beans/src/main/java/fr/pilato/elasticsearch/crawler/fs/beans/DocParser.java uses unchecked or unsafe operations.
[INFO] /fscrawler/beans/src/main/java/fr/pilato/elasticsearch/crawler/fs/beans/DocParser.java: Recompile with -Xlint:unchecked for details.
[INFO] 
[INFO] --- resources:3.2.0:testResources (default-testResources) @ fscrawler-beans ---
[INFO] Using 'UTF-8' encoding to copy filtered resources.
[INFO] Using 'UTF-8' encoding to copy filtered properties files.
[INFO] Copying 1 resource
[INFO] 
[INFO] --- compiler:3.8.1:testCompile (default-testCompile) @ fscrawler-beans ---
[INFO] Changes detected - recompiling the module!
[INFO] Compiling 1 source file to /fscrawler/beans/target/test-classes
[WARNING] No processor claimed any of these annotations: /com.carrotsearch.randomizedtesting.annotations.ThreadLeakLingering,/com.carrotsearch.randomizedtesting.annotations.ThreadLeakScope,/org.junit.Test,/com.carrotsearch.randomizedtesting.annotations.TimeoutSuite,/org.junit.runner.RunWith
[INFO] 
[INFO] --- junit4:2.7.8:junit4 (unit-tests) @ fscrawler-beans ---
[INFO] <JUnit4> says salut! Master seed: 3D3F8961E4623C61
Executing 1 suite with 1 JVM.

Started J0 PID(269@57fada935d74).
[INFO] JVM J0:     0.79 ..     3.83 =     3.04s
[INFO] Execution time total: 3.83 sec.
[INFO] Tests summary: 1 suite, 3 tests
[INFO] 
[INFO] ---------< fr.pilato.elasticsearch.crawler:fscrawler-3rdparty >---------
[INFO] Building FSCrawler 3rd Party libraries 2.8-SNAPSHOT               [7/29]
[INFO]   from 3rdparty/pom.xml
[INFO] --------------------------------[ pom ]---------------------------------
[INFO] 
[INFO] --- clean:3.2.0:clean (default-clean) @ fscrawler-3rdparty ---
[INFO] 
[INFO] --< fr.pilato.elasticsearch.crawler:fscrawler-workplacesearch-client >--
[INFO] Building FSCrawler Workplace Search Client 2.8-SNAPSHOT           [8/29]
[INFO]   from 3rdparty/workplacesearch-client/pom.xml
[INFO] --------------------------------[ jar ]---------------------------------
[INFO] 
[INFO] --- clean:3.2.0:clean (default-clean) @ fscrawler-workplacesearch-client ---
[INFO] Deleting /fscrawler/3rdparty/workplacesearch-client/target
[INFO] 
[INFO] --- resources:3.2.0:resources (default-resources) @ fscrawler-workplacesearch-client ---
[INFO] Using 'UTF-8' encoding to copy filtered resources.
[INFO] Using 'UTF-8' encoding to copy filtered properties files.
[INFO] Copying 1 resource
[INFO] 
[INFO] --- compiler:3.8.1:compile (default-compile) @ fscrawler-workplacesearch-client ---
[INFO] Changes detected - recompiling the module!
[INFO] Compiling 5 source files to /fscrawler/3rdparty/workplacesearch-client/target/classes
[INFO] 
[INFO] --- resources:3.2.0:testResources (default-testResources) @ fscrawler-workplacesearch-client ---
[INFO] Using 'UTF-8' encoding to copy filtered resources.
[INFO] Using 'UTF-8' encoding to copy filtered properties files.
[INFO] skip non existing resourceDirectory /fscrawler/3rdparty/workplacesearch-client/src/test/resources
[INFO] 
[INFO] --- compiler:3.8.1:testCompile (default-testCompile) @ fscrawler-workplacesearch-client ---
[INFO] No sources to compile
[INFO] 
[INFO] ---< fr.pilato.elasticsearch.crawler:fscrawler-elasticsearch-client >---
[INFO] Building FSCrawler Elasticsearch Client 2.8-SNAPSHOT              [9/29]
[INFO]   from elasticsearch-client/pom.xml
[INFO] --------------------------------[ pom ]---------------------------------
[INFO] 
[INFO] --- clean:3.2.0:clean (default-clean) @ fscrawler-elasticsearch-client ---
[INFO] 
[INFO] --- enforcer:3.0.0-M3:enforce (enforce) @ fscrawler-elasticsearch-client ---
[INFO] 
[INFO] --- junit4:2.7.8:junit4 (unit-tests) @ fscrawler-elasticsearch-client ---
[INFO] 
[INFO] --< fr.pilato.elasticsearch.crawler:fscrawler-elasticsearch-client-base >--
[INFO] Building FSCrawler Elasticsearch Client Base 2.8-SNAPSHOT        [10/29]
[INFO]   from elasticsearch-client/elasticsearch-client-base/pom.xml
[INFO] --------------------------------[ jar ]---------------------------------
[INFO] 
[INFO] --- clean:3.2.0:clean (default-clean) @ fscrawler-elasticsearch-client-base ---
[INFO] Deleting /fscrawler/elasticsearch-client/elasticsearch-client-base/target
[INFO] 
[INFO] --- enforcer:3.0.0-M3:enforce (enforce) @ fscrawler-elasticsearch-client-base ---
[INFO] 
[INFO] --- resources:3.2.0:resources (default-resources) @ fscrawler-elasticsearch-client-base ---
[INFO] Using 'UTF-8' encoding to copy filtered resources.
[INFO] Using 'UTF-8' encoding to copy filtered properties files.
[INFO] skip non existing resourceDirectory /fscrawler/elasticsearch-client/elasticsearch-client-base/src/main/resources
[INFO] 
[INFO] --- compiler:3.8.1:compile (default-compile) @ fscrawler-elasticsearch-client-base ---
[INFO] Changes detected - recompiling the module!
[INFO] Compiling 16 source files to /fscrawler/elasticsearch-client/elasticsearch-client-base/target/classes
[INFO] /fscrawler/elasticsearch-client/elasticsearch-client-base/src/main/java/fr/pilato/elasticsearch/crawler/fs/client/WorkplaceSearchClientUtil.java: /fscrawler/elasticsearch-client/elasticsearch-client-base/src/main/java/fr/pilato/elasticsearch/crawler/fs/client/WorkplaceSearchClientUtil.java uses unchecked or unsafe operations.
[INFO] /fscrawler/elasticsearch-client/elasticsearch-client-base/src/main/java/fr/pilato/elasticsearch/crawler/fs/client/WorkplaceSearchClientUtil.java: Recompile with -Xlint:unchecked for details.
[INFO] 
[INFO] --- resources:3.2.0:testResources (default-testResources) @ fscrawler-elasticsearch-client-base ---
[INFO] Using 'UTF-8' encoding to copy filtered resources.
[INFO] Using 'UTF-8' encoding to copy filtered properties files.
[INFO] Copying 1 resource
[INFO] 
[INFO] --- compiler:3.8.1:testCompile (default-testCompile) @ fscrawler-elasticsearch-client-base ---
[INFO] Changes detected - recompiling the module!
[INFO] Compiling 5 source files to /fscrawler/elasticsearch-client/elasticsearch-client-base/target/test-classes
[WARNING] No processor claimed any of these annotations: /org.junit.Test,/com.carrotsearch.randomizedtesting.annotations.TimeoutSuite,/com.carrotsearch.randomizedtesting.annotations.ThreadLeakLingering,/com.carrotsearch.randomizedtesting.annotations.ThreadLeakScope,/org.junit.runner.RunWith
[WARNING] /fscrawler/elasticsearch-client/elasticsearch-client-base/src/test/java/fr/pilato/elasticsearch/crawler/fs/client/ElasticsearchClientDummyBase.java:[97,17] createIndices() in fr.pilato.elasticsearch.crawler.fs.client.ElasticsearchClient has been deprecated
[INFO] 
[INFO] --- junit4:2.7.8:junit4 (unit-tests) @ fscrawler-elasticsearch-client-base ---
[INFO] <JUnit4> says ᐊᐃ! Master seed: 405AD3FC666800E9
Executing 2 suites with 2 JVMs.

Started J0 PID(314@57fada935d74).
Started J1 PID(313@57fada935d74).
[INFO] JVM J0:     0.83 ..     3.62 =     2.79s
[INFO] JVM J1:     0.86 ..     3.64 =     2.78s
[INFO] Execution time total: 3.65 sec.
[INFO] Tests summary: 2 suites, 6 tests
[INFO] 
[INFO] --< fr.pilato.elasticsearch.crawler:fscrawler-elasticsearch-client-v7 >--
[INFO] Building FSCrawler Elasticsearch Client V7 2.8-SNAPSHOT          [11/29]
[INFO]   from elasticsearch-client/elasticsearch-client-v7/pom.xml
[INFO] --------------------------------[ jar ]---------------------------------
[INFO] 
[INFO] --- clean:3.2.0:clean (default-clean) @ fscrawler-elasticsearch-client-v7 ---
[INFO] Deleting /fscrawler/elasticsearch-client/elasticsearch-client-v7/target
[INFO] 
[INFO] --- enforcer:3.0.0-M3:enforce (enforce) @ fscrawler-elasticsearch-client-v7 ---
[INFO] 
[INFO] --- resources:3.2.0:resources (default-resources) @ fscrawler-elasticsearch-client-v7 ---
[INFO] Using 'UTF-8' encoding to copy filtered resources.
[INFO] Using 'UTF-8' encoding to copy filtered properties files.
[INFO] skip non existing resourceDirectory /fscrawler/elasticsearch-client/elasticsearch-client-v7/src/main/resources
[INFO] 
[INFO] --- compiler:3.8.1:compile (default-compile) @ fscrawler-elasticsearch-client-v7 ---
[INFO] Changes detected - recompiling the module!
[INFO] Compiling 2 source files to /fscrawler/elasticsearch-client/elasticsearch-client-v7/target/classes
[WARNING] /fscrawler/elasticsearch-client/elasticsearch-client-v7/src/main/java/fr/pilato/elasticsearch/crawler/fs/client/v7/ElasticsearchClientV7.java:[462,17] createIndices() in fr.pilato.elasticsearch.crawler.fs.client.ElasticsearchClient has been deprecated
[INFO] 
[INFO] --- resources:3.2.0:testResources (default-testResources) @ fscrawler-elasticsearch-client-v7 ---
[INFO] Using 'UTF-8' encoding to copy filtered resources.
[INFO] Using 'UTF-8' encoding to copy filtered properties files.
[INFO] Copying 1 resource
[INFO] 
[INFO] --- compiler:3.8.1:testCompile (default-testCompile) @ fscrawler-elasticsearch-client-v7 ---
[INFO] Changes detected - recompiling the module!
[INFO] Compiling 1 source file to /fscrawler/elasticsearch-client/elasticsearch-client-v7/target/test-classes
[WARNING] No processor claimed any of these annotations: /com.carrotsearch.randomizedtesting.annotations.ThreadLeakLingering,/com.carrotsearch.randomizedtesting.annotations.ThreadLeakScope,/org.junit.Test,/com.carrotsearch.randomizedtesting.annotations.TimeoutSuite,/org.junit.runner.RunWith
[INFO] 
[INFO] --- junit4:2.7.8:junit4 (unit-tests) @ fscrawler-elasticsearch-client-v7 ---
[INFO] <JUnit4> says hi! Master seed: 166780F6D12AD0F0
Executing 1 suite with 1 JVM.

Started J0 PID(387@57fada935d74).
[INFO] JVM J0:     0.84 ..     3.60 =     2.77s
[INFO] Execution time total: 3.61 sec.
[INFO] Tests summary: 1 suite, 3 tests
[INFO] 
[INFO] --< fr.pilato.elasticsearch.crawler:fscrawler-elasticsearch-client-v6 >--
[INFO] Building FSCrawler Elasticsearch Client V6 2.8-SNAPSHOT          [12/29]
[INFO]   from elasticsearch-client/elasticsearch-client-v6/pom.xml
[INFO] --------------------------------[ jar ]---------------------------------
[INFO] 
[INFO] --- clean:3.2.0:clean (default-clean) @ fscrawler-elasticsearch-client-v6 ---
[INFO] Deleting /fscrawler/elasticsearch-client/elasticsearch-client-v6/target
[INFO] 
[INFO] --- enforcer:3.0.0-M3:enforce (enforce) @ fscrawler-elasticsearch-client-v6 ---
[INFO] 
[INFO] --- resources:3.2.0:resources (default-resources) @ fscrawler-elasticsearch-client-v6 ---
[INFO] Using 'UTF-8' encoding to copy filtered resources.
[INFO] Using 'UTF-8' encoding to copy filtered properties files.
[INFO] skip non existing resourceDirectory /fscrawler/elasticsearch-client/elasticsearch-client-v6/src/main/resources
[INFO] 
[INFO] --- compiler:3.8.1:compile (default-compile) @ fscrawler-elasticsearch-client-v6 ---
[INFO] Changes detected - recompiling the module!
[INFO] Compiling 1 source file to /fscrawler/elasticsearch-client/elasticsearch-client-v6/target/classes
[WARNING] /fscrawler/elasticsearch-client/elasticsearch-client-v6/src/main/java/fr/pilato/elasticsearch/crawler/fs/client/v6/ElasticsearchClientV6.java:[473,17] createIndices() in fr.pilato.elasticsearch.crawler.fs.client.ElasticsearchClient has been deprecated
[INFO] 
[INFO] --- resources:3.2.0:testResources (default-testResources) @ fscrawler-elasticsearch-client-v6 ---
[INFO] Using 'UTF-8' encoding to copy filtered resources.
[INFO] Using 'UTF-8' encoding to copy filtered properties files.
[INFO] Copying 1 resource
[INFO] 
[INFO] --- compiler:3.8.1:testCompile (default-testCompile) @ fscrawler-elasticsearch-client-v6 ---
[INFO] Changes detected - recompiling the module!
[INFO] Compiling 1 source file to /fscrawler/elasticsearch-client/elasticsearch-client-v6/target/test-classes
[WARNING] No processor claimed any of these annotations: /com.carrotsearch.randomizedtesting.annotations.ThreadLeakLingering,/com.carrotsearch.randomizedtesting.annotations.ThreadLeakScope,/org.junit.Test,/com.carrotsearch.randomizedtesting.annotations.TimeoutSuite,/org.junit.runner.RunWith
[INFO] 
[INFO] --- junit4:2.7.8:junit4 (unit-tests) @ fscrawler-elasticsearch-client-v6 ---
[INFO] <JUnit4> says olá! Master seed: F9D3CB8ACACA8667
Executing 1 suite with 1 JVM.

Started J0 PID(427@57fada935d74).
[INFO] JVM J0:     0.82 ..     3.08 =     2.26s
[INFO] Execution time total: 3.08 sec.
[INFO] Tests summary: 1 suite, 2 tests
[INFO] 
[INFO] -----------< fr.pilato.elasticsearch.crawler:fscrawler-tika >-----------
[INFO] Building FSCrawler Tika 2.8-SNAPSHOT                             [13/29]
[INFO]   from tika/pom.xml
[INFO] --------------------------------[ jar ]---------------------------------
[INFO] 
[INFO] --- clean:3.2.0:clean (default-clean) @ fscrawler-tika ---
[INFO] Deleting /fscrawler/tika/target
[INFO] 
[INFO] --- enforcer:3.0.0-M3:enforce (enforce) @ fscrawler-tika ---
[INFO] 
[INFO] --- resources:3.2.0:resources (default-resources) @ fscrawler-tika ---
[INFO] Using 'UTF-8' encoding to copy filtered resources.
[INFO] Using 'UTF-8' encoding to copy filtered properties files.
[INFO] skip non existing resourceDirectory /fscrawler/tika/src/main/resources
[INFO] 
[INFO] --- compiler:3.8.1:compile (default-compile) @ fscrawler-tika ---
[INFO] Changes detected - recompiling the module!
[INFO] Compiling 3 source files to /fscrawler/tika/target/classes
[INFO] 
[INFO] --- resources:3.2.0:testResources (default-testResources) @ fscrawler-tika ---
[INFO] Using 'UTF-8' encoding to copy filtered resources.
[INFO] Using 'UTF-8' encoding to copy filtered properties files.
[INFO] Copying 1 resource
[INFO] 
[INFO] --- compiler:3.8.1:testCompile (default-testCompile) @ fscrawler-tika ---
[INFO] Changes detected - recompiling the module!
[INFO] Compiling 3 source files to /fscrawler/tika/target/test-classes
[WARNING] No processor claimed any of these annotations: /org.junit.BeforeClass,/com.carrotsearch.randomizedtesting.annotations.ThreadLeakLingering,/com.carrotsearch.randomizedtesting.annotations.ThreadLeakScope,/org.junit.Test,/com.carrotsearch.randomizedtesting.annotations.TimeoutSuite,/org.junit.runner.RunWith
[INFO] 
[INFO] --- junit4:2.7.8:junit4 (unit-tests) @ fscrawler-tika ---
[INFO] <JUnit4> says ¡Hola! Master seed: 2F9E15383EE0764D
Executing 2 suites with 2 JVMs.

Started J1 PID(467@57fada935d74).
Started J0 PID(476@57fada935d74).
  1> 10:36:53,802 INFO  [f.p.e.c.f.t.TikaDocParserTest] Test extraction of [test.odt]
  1> 10:36:53,865 INFO  [f.p.e.c.f.t.TikaInstance] OCR is disabled.
  1> 10:36:54,784 INFO  [f.p.e.c.f.t.TikaDocParserTest] Test extraction of [test.txt]
  1> 10:36:54,788 INFO  [f.p.e.c.f.t.TikaInstance] OCR is disabled.
  1> 10:36:54,893 INFO  [f.p.e.c.f.t.TikaDocParserTest] Test extraction of [test.docx]
  1> 10:36:54,896 INFO  [f.p.e.c.f.t.TikaInstance] OCR is disabled.
  1> 10:36:55,547 INFO  [f.p.e.c.f.t.TikaDocParserTest] Test extraction of [issue-221-doc1.pdf]
  1> 10:36:55,550 INFO  [f.p.e.c.f.t.TikaInstance] OCR is disabled.
  1> 10:36:55,910 INFO  [f.p.e.c.f.t.TikaDocParserTest] Test extraction of [issue-221-doc2.pdf]
  1> 10:36:55,913 INFO  [f.p.e.c.f.t.TikaInstance] OCR is disabled.
  1> 10:36:55,978 WARN  [o.a.p.p.f.PDFont] Invalid ToUnicode CMap in font RobotoSlab-Regular
  1> 10:36:55,979 WARN  [o.a.p.p.f.PDFont] Using predefined identity CMap instead
  1> 10:36:56,021 WARN  [o.a.p.p.f.PDCIDFontType2] Found CFF/OTF but expected embedded TTF font RobotoSlab-Regular
  1> 10:36:56,041 INFO  [f.p.e.c.f.t.TikaDocParserTest] Test extraction of [issue-163.xml]
  1> 10:36:56,043 INFO  [f.p.e.c.f.t.TikaInstance] OCR is disabled.
  1> 10:36:56,076 INFO  [f.p.e.c.f.t.TikaDocParserTest] Test extraction of [test.mp3]
  1> 10:36:56,078 INFO  [f.p.e.c.f.t.TikaInstance] OCR is disabled.
  1> 10:36:56,123 INFO  [f.p.e.c.f.t.TikaDocParserTest] Test extraction of [test.txt]
  1> 10:36:56,125 INFO  [f.p.e.c.f.t.TikaInstance] OCR is disabled.
  1> 10:36:56,177 INFO  [f.p.e.c.f.t.TikaDocParserTest] Test extraction of [test.txt]
  1> 10:36:56,180 INFO  [f.p.e.c.f.t.TikaDocParserTest] Test extraction of [test.txt]
  1> 10:36:56,183 INFO  [f.p.e.c.f.t.TikaInstance] OCR is disabled.
  1> 10:36:57,105 INFO  [f.p.e.c.f.t.TikaDocParserTest] Test extraction of [test-fr.txt]
  1> 10:36:57,107 INFO  [f.p.e.c.f.t.TikaInstance] OCR is disabled.
  1> 10:36:57,130 INFO  [f.p.e.c.f.t.TikaDocParserTest] Test extraction of [test-de.txt]
  1> 10:36:57,133 INFO  [f.p.e.c.f.t.TikaInstance] OCR is disabled.
  1> 10:36:57,223 INFO  [f.p.e.c.f.t.TikaDocParserTest] Test extraction of [test-enfrde.txt]
  1> 10:36:57,226 INFO  [f.p.e.c.f.t.TikaInstance] OCR is disabled.
  1> 10:36:57,282 INFO  [f.p.e.c.f.t.TikaDocParserTest] Test extraction of [issue-stackoverflow.docx]
  1> 10:36:57,285 INFO  [f.p.e.c.f.t.TikaInstance] OCR is disabled.
  1> 10:36:57,979 WARN  [o.a.p.p.PDPageTree] COSDictionary expected, but got null
  1> 10:36:57,979 WARN  [o.a.p.p.PDPageTree] COSDictionary expected, but got null
  1> 10:36:57,980 ERROR [o.a.p.p.PDPageTree] This page tree node has already been visited
  1> 10:36:57,980 ERROR [o.a.p.p.PDPageTree] This page tree node has already been visited
  1> 10:36:57,980 WARN  [o.a.p.p.PDPageTree] COSDictionary expected, but got null
  1> 10:36:57,980 WARN  [o.a.p.p.PDPageTree] COSDictionary expected, but got null
  1> 10:36:57,980 WARN  [o.a.p.p.PDPageTree] COSDictionary expected, but got null
  1> 10:36:57,980 WARN  [o.a.p.p.PDPageTree] COSDictionary expected, but got null
  1> 10:36:57,981 WARN  [o.a.p.p.PDPageTree] COSDictionary expected, but got null
  1> 10:36:57,981 WARN  [o.a.p.p.PDPageTree] COSDictionary expected, but got null
  1> 10:36:57,981 WARN  [o.a.p.p.PDPageTree] COSDictionary expected, but got null
  1> 10:36:57,981 WARN  [o.a.p.p.PDPageTree] COSDictionary expected, but got null
  1> 10:36:57,981 WARN  [o.a.p.p.PDPageTree] COSDictionary expected, but got null
  1> 10:36:57,982 WARN  [o.a.p.p.PDPageTree] COSDictionary expected, but got null
  1> 10:36:57,982 WARN  [o.a.p.p.PDPageTree] COSDictionary expected, but got null
  1> 10:36:57,982 WARN  [o.a.p.p.PDPageTree] COSDictionary expected, but got null
  1> 10:36:57,982 WARN  [o.a.p.p.PDPageTree] COSDictionary expected, but got null
  1> 10:36:57,982 WARN  [o.a.p.p.PDPageTree] COSDictionary expected, but got null
  1> 10:36:57,988 INFO  [f.p.e.c.f.t.TikaDocParserTest] Test extraction of [issue-400-shiftjis.txt]
  1> 10:36:57,991 INFO  [f.p.e.c.f.t.TikaInstance] OCR is disabled.
  1> 10:36:58,023 INFO  [f.p.e.c.f.t.TikaDocParserTest] Test extraction of [test.txt]
  1> 10:36:58,025 INFO  [f.p.e.c.f.t.TikaInstance] OCR is disabled.
  1> 10:36:58,053 INFO  [f.p.e.c.f.t.TikaDocParserTest] Test extraction of [issue-1097.pdf]
  1> 10:36:58,054 INFO  [f.p.e.c.f.t.TikaInstance] OCR is disabled.
IGNOR/A 0.01s J0 | TikaDocParserTest.testOcr
   > Assumption #1: Tesseract is not installed so we are skipping this test
  1> 10:36:58,107 INFO  [f.p.e.c.f.t.TikaDocParserTest] Test extraction of [test.html]
  1> 10:36:58,110 INFO  [f.p.e.c.f.t.TikaInstance] OCR is disabled.
  1> 10:36:58,272 INFO  [f.p.e.c.f.t.TikaDocParserTest] Test extraction of [test.pdf]
  1> 10:36:58,278 INFO  [f.p.e.c.f.t.TikaInstance] OCR is disabled.
  1> 10:36:58,333 INFO  [f.p.e.c.f.t.TikaDocParserTest] Test extraction of [test.doc]
  1> 10:36:58,336 INFO  [f.p.e.c.f.t.TikaInstance] OCR is disabled.
  1> 10:36:58,445 ERROR [f.document] [adcd46a474daa5d22e2b5d15a4192ceb][/] 'byte[] org.apache.poi.util.IOUtils.toByteArray(java.io.InputStream, int, int)'
  1> 10:36:58,446 WARN  [f.p.e.c.f.t.TikaDocParser] Failed to extract [100000] characters of text for [/documents/test.doc]: 'byte[] org.apache.poi.util.IOUtils.toByteArray(java.io.InputStream, int, int)'
  2> REPRODUCE WITH:
  2> mvn integration-test -Dtests.seed=2F9E15383EE0764D -Dtests.class=fr.pilato.elasticsearch.crawler.fs.tika.TikaDocParserTest -Dtests.method="testExtractFromDoc" -Dtests.locale=en-LS -Dtests.timezone=America/Chicago
FAILURE 0.14s J0 | TikaDocParserTest.testExtractFromDoc <<<
   > Throwable #1: java.lang.AssertionError: 
   > Expected: a string containing "This is a sample text available in page"
   >      but: was null
   > 	at __randomizedtesting.SeedInfo.seed([2F9E15383EE0764D:2AA6ED2238949A62]:0)
   > 	at org.hamcrest.MatcherAssert.assertThat(MatcherAssert.java:20)
   > 	at org.hamcrest.MatcherAssert.assertThat(MatcherAssert.java:8)
   > 	at fr.pilato.elasticsearch.crawler.fs.tika.TikaDocParserTest.testExtractFromDoc(TikaDocParserTest.java:153)
   > 	at java.base/jdk.internal.reflect.NativeMethodAccessorImpl.invoke0(Native Method)
   > 	at java.base/jdk.internal.reflect.NativeMethodAccessorImpl.invoke(NativeMethodAccessorImpl.java:62)
   > 	at java.base/jdk.internal.reflect.DelegatingMethodAccessorImpl.invoke(DelegatingMethodAccessorImpl.java:43)
   > 	at java.base/java.lang.reflect.Method.invoke(Method.java:566)
   > 	at com.carrotsearch.randomizedtesting.RandomizedRunner.invoke(RandomizedRunner.java:1758)
   > 	at com.carrotsearch.randomizedtesting.RandomizedRunner$8.evaluate(RandomizedRunner.java:946)
   > 	at org.junit.rules.TestWatcher$1.evaluate(TestWatcher.java:61)
   > 	at com.carrotsearch.randomizedtesting.rules.StatementAdapter.evaluate(StatementAdapter.java:36)
   > 	at com.carrotsearch.randomizedtesting.ThreadLeakControl$StatementRunner.run(ThreadLeakControl.java:375)
   > 	at com.carrotsearch.randomizedtesting.ThreadLeakControl.forkTimeoutingTask(ThreadLeakControl.java:824)
   > 	at com.carrotsearch.randomizedtesting.ThreadLeakControl$3.evaluate(ThreadLeakControl.java:475)
   > 	at com.carrotsearch.randomizedtesting.RandomizedRunner.runSingleTest(RandomizedRunner.java:955)
   > 	at com.carrotsearch.randomizedtesting.RandomizedRunner$5.evaluate(RandomizedRunner.java:840)
   > 	at com.carrotsearch.randomizedtesting.RandomizedRunner$6.evaluate(RandomizedRunner.java:891)
   > 	at com.carrotsearch.randomizedtesting.RandomizedRunner$7.evaluate(RandomizedRunner.java:902)
   > 	at org.junit.rules.ExternalResource$1.evaluate(ExternalResource.java:54)
   > 	at com.carrotsearch.randomizedtesting.rules.StatementAdapter.evaluate(StatementAdapter.java:36)
   > 	at com.carrotsearch.randomizedtesting.ThreadLeakControl$StatementRunner.run(ThreadLeakControl.java:375)
   > 	at com.carrotsearch.randomizedtesting.ThreadLeakControl.lambda$forkTimeoutingTask$0(ThreadLeakControl.java:831)
   > 	at java.base/java.lang.Thread.run(Thread.java:829)
  1> 10:36:58,476 INFO  [f.p.e.c.f.t.TikaDocParserTest] Test extraction of [test.txt]
  1> 10:36:58,487 INFO  [f.p.e.c.f.t.TikaInstance] OCR is disabled.
  1> 10:36:58,565 INFO  [f.p.e.c.f.t.TikaDocParserTest] Test extraction of [test.wav]
  1> 10:36:58,569 INFO  [f.p.e.c.f.t.TikaInstance] OCR is disabled.
  1> 10:36:58,658 INFO  [f.p.e.c.f.t.TikaDocParserTest] Test extraction of [test.rtf]
  1> 10:36:58,662 INFO  [f.p.e.c.f.t.TikaInstance] OCR is disabled.
  1> 10:36:58,790 INFO  [f.p.e.c.f.t.TikaDocParserTest] Test extraction of [test-protected.docx]
  1> 10:36:58,793 INFO  [f.p.e.c.f.t.TikaInstance] OCR is disabled.
  1> 10:36:59,154 ERROR [f.document] [543318f22fa821f2bb0bbc8794de8d][/] Unable to process: document is encrypted
  1> 10:36:59,154 WARN  [f.p.e.c.f.t.TikaDocParser] Failed to extract [100000] characters of text for [/documents/test-protected.docx]: Unable to process: document is encrypted
  1> 10:36:59,156 INFO  [f.p.e.c.f.t.TikaDocParserTest] Test extraction of [issue-834.txt]
  1> 10:36:59,159 INFO  [f.p.e.c.f.t.TikaInstance] OCR is disabled.

Tests with failures [seed: 2F9E15383EE0764D]:
  - fr.pilato.elasticsearch.crawler.fs.tika.TikaDocParserTest.testExtractFromDoc


[INFO] JVM J0:     1.09 ..     9.15 =     8.06s
[INFO] JVM J1:     1.06 ..     4.08 =     3.02s
[INFO] Execution time total: 9.15 sec.
[INFO] Tests summary: 2 suites, 24 tests, 1 failure, 1 ignored (1 assumption)
[INFO] ------------------------------------------------------------------------
[INFO] Reactor Summary for FSCrawler 2.8-SNAPSHOT:
[INFO] 
[INFO] FSCrawler .......................................... SUCCESS [  0.473 s]
[INFO] FSCrawler Test Framework ........................... SUCCESS [ 11.888 s]
[INFO] FSCrawler Framework ................................ SUCCESS [  2.862 s]
[INFO] FSCrawler Settings ................................. SUCCESS [  6.948 s]
[INFO] FSCrawler Test Documents ........................... SUCCESS [  0.090 s]
[INFO] FSCrawler Beans .................................... SUCCESS [  4.855 s]
[INFO] FSCrawler 3rd Party libraries ...................... SUCCESS [  0.013 s]
[INFO] FSCrawler Workplace Search Client .................. SUCCESS [  0.798 s]
[INFO] FSCrawler Elasticsearch Client ..................... SUCCESS [  0.053 s]
[INFO] FSCrawler Elasticsearch Client Base ................ SUCCESS [  5.186 s]
[INFO] FSCrawler Elasticsearch Client V7 .................. SUCCESS [  7.643 s]
[INFO] FSCrawler Elasticsearch Client V6 .................. SUCCESS [  4.816 s]
[INFO] FSCrawler Tika ..................................... FAILURE [ 12.876 s]
[INFO] FSCrawler Crawlers ................................. SKIPPED
[INFO] FSCrawler Abstract Crawler ......................... SKIPPED
[INFO] FSCrawler Crawlers: FS ............................. SKIPPED
[INFO] FSCrawler Crawlers: FTP ............................ SKIPPED
[INFO] FSCrawler Crawlers: SSH ............................ SKIPPED
[INFO] FSCrawler Core ..................................... SKIPPED
[INFO] FSCrawler Rest Server .............................. SKIPPED
[INFO] FSCrawler Integration Tests ........................ SKIPPED
[INFO] FSCrawler Integration Common Tests ................. SKIPPED
[INFO] FSCrawler Integration Tests for Elasticsearch 7.x .. SKIPPED
[INFO] FSCrawler Integration Tests for Elasticsearch 6.x .. SKIPPED
[INFO] FSCrawler Cli ...................................... SKIPPED
[INFO] FSCrawler ZIP Distribution ......................... SKIPPED
[INFO] FSCrawler ZIP Distribution for Elasticsearch 7.x ... SKIPPED
[INFO] FSCrawler ZIP Distribution for Elasticsearch 6.x ... SKIPPED
[INFO] FSCrawler Documentation ............................ SKIPPED
[INFO] ------------------------------------------------------------------------
[INFO] BUILD FAILURE
[INFO] ------------------------------------------------------------------------
[INFO] Total time:  59.427 s
[INFO] Finished at: 2025-10-01T15:36:59Z
[INFO] ------------------------------------------------------------------------
[WARNING] 
[WARNING] Plugin validation issues were detected in 4 plugin(s)
[WARNING] 
[WARNING]  * org.apache.maven.plugins:maven-resources-plugin:3.2.0
[WARNING]  * org.apache.maven.plugins:maven-compiler-plugin:3.8.1
[WARNING]  * com.carrotsearch.randomizedtesting:junit4-maven-plugin:2.7.8
[WARNING]  * org.apache.maven.plugins:maven-enforcer-plugin:3.0.0-M3
[WARNING] 
[WARNING] For more or less details, use 'maven.plugin.validation' property with one of the values (case insensitive): [BRIEF, DEFAULT, VERBOSE]
[WARNING] 
[ERROR] Failed to execute goal com.carrotsearch.randomizedtesting:junit4-maven-plugin:2.7.8:junit4 (unit-tests) on project fscrawler-tika: There were test failures: 2 suites, 24 tests, 1 failure, 1 ignored (1 assumption) [seed: 2F9E15383EE0764D] -> [Help 1]
[ERROR] 
[ERROR] To see the full stack trace of the errors, re-run Maven with the -e switch.
[ERROR] Re-run Maven using the -X switch to enable full debug logging.
[ERROR] 
[ERROR] For more information about the errors and possible solutions, please read the following articles:
[ERROR] [Help 1] http://cwiki.apache.org/confluence/display/MAVEN/MojoExecutionException
[ERROR] 
[ERROR] After correcting the problems, you can resume the build with the command
[ERROR]   mvn <args> -rf :fscrawler-tika
