[INFO] Scanning for projects...
[INFO] 
[INFO] ---------------------< com.artipie:files-adapter >----------------------
[INFO] Building files-adapter 1.0-SNAPSHOT
[INFO]   from pom.xml
[INFO] --------------------------------[ jar ]---------------------------------
[INFO] 
[INFO] --- clean:3.1.0:clean (default-clean) @ files-adapter ---
[INFO] Deleting /files-adapter/target
[INFO] 
[INFO] --- enforcer:3.0.0-M3:enforce (enforce-maven) @ files-adapter ---
[INFO] 
[INFO] --- resources:3.2.0:resources (default-resources) @ files-adapter ---
[INFO] Using 'UTF-8' encoding to copy filtered resources.
[INFO] Using 'UTF-8' encoding to copy filtered properties files.
[INFO] skip non existing resourceDirectory /files-adapter/src/main/resources
[INFO] 
[INFO] --- compiler:3.8.1:compile (default-compile) @ files-adapter ---
[INFO] Compiling 4 source files to /files-adapter/target/classes
[INFO] 
[INFO] --- resources:3.2.0:testResources (default-testResources) @ files-adapter ---
[INFO] Using 'UTF-8' encoding to copy filtered resources.
[INFO] Using 'UTF-8' encoding to copy filtered properties files.
[INFO] skip non existing resourceDirectory /files-adapter/src/test/resources
[INFO] 
[INFO] --- compiler:3.8.1:testCompile (default-testCompile) @ files-adapter ---
[INFO] Compiling 5 source files to /files-adapter/target/test-classes
[INFO] -------------------------------------------------------------
[ERROR] COMPILATION ERROR : 
[INFO] -------------------------------------------------------------
[ERROR] /files-adapter/src/test/java/com/artipie/files/FileProxySliceTest.java:[52,23] package org.cactoos.map does not exist
[ERROR] /files-adapter/src/test/java/com/artipie/files/FileProxySliceTest.java:[136,29] cannot find symbol
  symbol:   class MapEntry
  location: class com.artipie.files.FileProxySliceTest
[ERROR] /files-adapter/src/test/java/com/artipie/files/FileProxySliceTest.java:[137,29] cannot find symbol
  symbol:   class MapEntry
  location: class com.artipie.files.FileProxySliceTest
[ERROR] /files-adapter/src/test/java/com/artipie/files/FileProxySliceTest.java:[138,29] cannot find symbol
  symbol:   class MapEntry
  location: class com.artipie.files.FileProxySliceTest
[ERROR] /files-adapter/src/test/java/com/artipie/files/FileProxySliceTest.java:[166,29] cannot find symbol
  symbol:   class MapEntry
  location: class com.artipie.files.FileProxySliceTest
[INFO] 5 errors 
[INFO] -------------------------------------------------------------
[INFO] ------------------------------------------------------------------------
[INFO] BUILD FAILURE
[INFO] ------------------------------------------------------------------------
[INFO] Total time:  6.541 s
[INFO] Finished at: 2025-10-01T15:43:31Z
[INFO] ------------------------------------------------------------------------
[WARNING] 
[WARNING] Plugin validation issues were detected in 4 plugin(s)
[WARNING] 
[WARNING]  * org.apache.maven.plugins:maven-resources-plugin:3.2.0
[WARNING]  * org.apache.maven.plugins:maven-compiler-plugin:3.8.1
[WARNING]  * org.apache.maven.plugins:maven-clean-plugin:3.1.0
[WARNING]  * org.apache.maven.plugins:maven-enforcer-plugin:3.0.0-M3
[WARNING] 
[WARNING] For more or less details, use 'maven.plugin.validation' property with one of the values (case insensitive): [BRIEF, DEFAULT, VERBOSE]
[WARNING] 
[ERROR] Failed to execute goal org.apache.maven.plugins:maven-compiler-plugin:3.8.1:testCompile (default-testCompile) on project files-adapter: Compilation failure: Compilation failure: 
[ERROR] /files-adapter/src/test/java/com/artipie/files/FileProxySliceTest.java:[52,23] package org.cactoos.map does not exist
[ERROR] /files-adapter/src/test/java/com/artipie/files/FileProxySliceTest.java:[136,29] cannot find symbol
[ERROR]   symbol:   class MapEntry
[ERROR]   location: class com.artipie.files.FileProxySliceTest
[ERROR] /files-adapter/src/test/java/com/artipie/files/FileProxySliceTest.java:[137,29] cannot find symbol
[ERROR]   symbol:   class MapEntry
[ERROR]   location: class com.artipie.files.FileProxySliceTest
[ERROR] /files-adapter/src/test/java/com/artipie/files/FileProxySliceTest.java:[138,29] cannot find symbol
[ERROR]   symbol:   class MapEntry
[ERROR]   location: class com.artipie.files.FileProxySliceTest
[ERROR] /files-adapter/src/test/java/com/artipie/files/FileProxySliceTest.java:[166,29] cannot find symbol
[ERROR]   symbol:   class MapEntry
[ERROR]   location: class com.artipie.files.FileProxySliceTest
[ERROR] -> [Help 1]
[ERROR] 
[ERROR] To see the full stack trace of the errors, re-run Maven with the -e switch.
[ERROR] Re-run Maven using the -X switch to enable full debug logging.
[ERROR] 
[ERROR] For more information about the errors and possible solutions, please read the following articles:
[ERROR] [Help 1] http://cwiki.apache.org/confluence/display/MAVEN/MojoFailureException
