[INFO] Scanning for projects...
[INFO] 
[INFO] ----------------< org.codehaus.plexus:plexus-archiver >-----------------
[INFO] Building Plexus Archiver Component 4.6.3-SNAPSHOT
[INFO]   from pom.xml
[INFO] --------------------------------[ jar ]---------------------------------
[INFO] 
[INFO] --- clean:3.2.0:clean (default-clean) @ plexus-archiver ---
[INFO] Deleting /plexus-archiver/target
[INFO] 
[INFO] --- enforcer:3.0.0:enforce (enforce-maven) @ plexus-archiver ---
[INFO] 
[INFO] --- resources:2.7:resources (default-resources) @ plexus-archiver ---
[INFO] Using 'UTF-8' encoding to copy filtered resources.
[INFO] skip non existing resourceDirectory /plexus-archiver/src/main/resources
[INFO] 
[INFO] --- compiler:3.10.1:compile (default-compile) @ plexus-archiver ---
[INFO] Changes detected - recompiling the module!
[INFO] Compiling 136 source files to /plexus-archiver/target/classes
[INFO] /plexus-archiver/src/main/java/org/codehaus/plexus/archiver/filters/JarSecurityFileFilter.java: Some input files use or override a deprecated API.
[INFO] /plexus-archiver/src/main/java/org/codehaus/plexus/archiver/filters/JarSecurityFileFilter.java: Recompile with -Xlint:deprecation for details.
[INFO] /plexus-archiver/src/main/java/org/codehaus/plexus/archiver/util/AbstractFileSet.java: /plexus-archiver/src/main/java/org/codehaus/plexus/archiver/util/AbstractFileSet.java uses unchecked or unsafe operations.
[INFO] /plexus-archiver/src/main/java/org/codehaus/plexus/archiver/util/AbstractFileSet.java: Recompile with -Xlint:unchecked for details.
[INFO] -------------------------------------------------------------
[ERROR] COMPILATION ERROR : 
[INFO] -------------------------------------------------------------
[ERROR] /plexus-archiver/src/main/java/org/codehaus/plexus/archiver/zip/ByteArrayOutputStream.java:[29,35] cannot find symbol
  symbol:   class ClosedInputStream
  location: package org.apache.commons.io.input
[ERROR] /plexus-archiver/src/main/java/org/codehaus/plexus/archiver/zip/AbstractZipUnArchiver.java:[28,35] cannot find symbol
  symbol:   class BoundedInputStream
  location: package org.apache.commons.io.input
[ERROR] /plexus-archiver/src/main/java/org/codehaus/plexus/archiver/jar/JarToolModularJarArchiver.java:[41,36] cannot find symbol
  symbol:   class NullPrintStream
  location: package org.apache.commons.io.output
[ERROR] /plexus-archiver/src/main/java/org/codehaus/plexus/archiver/zip/OffloadingOutputStream.java:[27,36] cannot find symbol
  symbol:   class ThresholdingOutputStream
  location: package org.apache.commons.io.output
[ERROR] /plexus-archiver/src/main/java/org/codehaus/plexus/archiver/zip/OffloadingOutputStream.java:[32,38] cannot find symbol
  symbol: class ThresholdingOutputStream
[ERROR] /plexus-archiver/src/main/java/org/codehaus/plexus/archiver/zip/ByteArrayOutputStream.java:[401,24] cannot find symbol
  symbol:   class ClosedInputStream
  location: class org.codehaus.plexus.archiver.zip.ByteArrayOutputStream
[ERROR] /plexus-archiver/src/main/java/org/codehaus/plexus/archiver/zip/AbstractZipUnArchiver.java:[204,25] cannot find symbol
  symbol:   class BoundedInputStream
  location: class org.codehaus.plexus.archiver.zip.AbstractZipUnArchiver
[ERROR] /plexus-archiver/src/main/java/org/codehaus/plexus/archiver/zip/AbstractZipUnArchiver.java:[204,54] cannot find symbol
  symbol:   class BoundedInputStream
  location: class org.codehaus.plexus.archiver.zip.AbstractZipUnArchiver
[ERROR] /plexus-archiver/src/main/java/org/codehaus/plexus/archiver/zip/AbstractZipUnArchiver.java:[211,46] cannot find symbol
  symbol:   method getByteCount()
  location: variable cis of type org.apache.commons.io.input.CountingInputStream
[ERROR] /plexus-archiver/src/main/java/org/codehaus/plexus/archiver/jar/JarToolModularJarArchiver.java:[300,43] cannot find symbol
  symbol:   variable NullPrintStream
  location: class org.codehaus.plexus.archiver.jar.JarToolModularJarArchiver
[ERROR] /plexus-archiver/src/main/java/org/codehaus/plexus/archiver/zip/DeferredScatterOutputStream.java:[44,13] cannot find symbol
  symbol:   method write(byte[],int,int)
  location: variable dfos of type org.codehaus.plexus.archiver.zip.OffloadingOutputStream
[ERROR] /plexus-archiver/src/main/java/org/codehaus/plexus/archiver/zip/OffloadingOutputStream.java:[129,5] method does not override or implement a method from a supertype
[ERROR] /plexus-archiver/src/main/java/org/codehaus/plexus/archiver/zip/OffloadingOutputStream.java:[143,5] method does not override or implement a method from a supertype
[ERROR] /plexus-archiver/src/main/java/org/codehaus/plexus/archiver/zip/OffloadingOutputStream.java:[207,5] method does not override or implement a method from a supertype
[ERROR] /plexus-archiver/src/main/java/org/codehaus/plexus/archiver/zip/OffloadingOutputStream.java:[210,9] cannot find symbol
  symbol:   variable super
  location: class org.codehaus.plexus.archiver.zip.OffloadingOutputStream
[INFO] 15 errors 
[INFO] -------------------------------------------------------------
[INFO] ------------------------------------------------------------------------
[INFO] BUILD FAILURE
[INFO] ------------------------------------------------------------------------
[INFO] Total time:  5.662 s
[INFO] Finished at: 2025-10-01T15:51:39Z
[INFO] ------------------------------------------------------------------------
[WARNING] 
[WARNING] Plugin validation issues were detected in 4 plugin(s)
[WARNING] 
[WARNING]  * org.apache.maven.plugins:maven-site-plugin:3.12.0
[WARNING]  * org.apache.maven.plugins:maven-resources-plugin:2.7
[WARNING]  * org.apache.maven.plugins:maven-compiler-plugin:3.10.1
[WARNING]  * org.apache.maven.plugins:maven-enforcer-plugin:3.0.0
[WARNING] 
[WARNING] For more or less details, use 'maven.plugin.validation' property with one of the values (case insensitive): [BRIEF, DEFAULT, VERBOSE]
[WARNING] 
[ERROR] Failed to execute goal org.apache.maven.plugins:maven-compiler-plugin:3.10.1:compile (default-compile) on project plexus-archiver: Compilation failure: Compilation failure: 
[ERROR] /plexus-archiver/src/main/java/org/codehaus/plexus/archiver/zip/ByteArrayOutputStream.java:[29,35] cannot find symbol
[ERROR]   symbol:   class ClosedInputStream
[ERROR]   location: package org.apache.commons.io.input
[ERROR] /plexus-archiver/src/main/java/org/codehaus/plexus/archiver/zip/AbstractZipUnArchiver.java:[28,35] cannot find symbol
[ERROR]   symbol:   class BoundedInputStream
[ERROR]   location: package org.apache.commons.io.input
[ERROR] /plexus-archiver/src/main/java/org/codehaus/plexus/archiver/jar/JarToolModularJarArchiver.java:[41,36] cannot find symbol
[ERROR]   symbol:   class NullPrintStream
[ERROR]   location: package org.apache.commons.io.output
[ERROR] /plexus-archiver/src/main/java/org/codehaus/plexus/archiver/zip/OffloadingOutputStream.java:[27,36] cannot find symbol
[ERROR]   symbol:   class ThresholdingOutputStream
[ERROR]   location: package org.apache.commons.io.output
[ERROR] /plexus-archiver/src/main/java/org/codehaus/plexus/archiver/zip/OffloadingOutputStream.java:[32,38] cannot find symbol
[ERROR]   symbol: class ThresholdingOutputStream
[ERROR] /plexus-archiver/src/main/java/org/codehaus/plexus/archiver/zip/ByteArrayOutputStream.java:[401,24] cannot find symbol
[ERROR]   symbol:   class ClosedInputStream
[ERROR]   location: class org.codehaus.plexus.archiver.zip.ByteArrayOutputStream
[ERROR] /plexus-archiver/src/main/java/org/codehaus/plexus/archiver/zip/AbstractZipUnArchiver.java:[204,25] cannot find symbol
[ERROR]   symbol:   class BoundedInputStream
[ERROR]   location: class org.codehaus.plexus.archiver.zip.AbstractZipUnArchiver
[ERROR] /plexus-archiver/src/main/java/org/codehaus/plexus/archiver/zip/AbstractZipUnArchiver.java:[204,54] cannot find symbol
[ERROR]   symbol:   class BoundedInputStream
[ERROR]   location: class org.codehaus.plexus.archiver.zip.AbstractZipUnArchiver
[ERROR] /plexus-archiver/src/main/java/org/codehaus/plexus/archiver/zip/AbstractZipUnArchiver.java:[211,46] cannot find symbol
[ERROR]   symbol:   method getByteCount()
[ERROR]   location: variable cis of type org.apache.commons.io.input.CountingInputStream
[ERROR] /plexus-archiver/src/main/java/org/codehaus/plexus/archiver/jar/JarToolModularJarArchiver.java:[300,43] cannot find symbol
[ERROR]   symbol:   variable NullPrintStream
[ERROR]   location: class org.codehaus.plexus.archiver.jar.JarToolModularJarArchiver
[ERROR] /plexus-archiver/src/main/java/org/codehaus/plexus/archiver/zip/DeferredScatterOutputStream.java:[44,13] cannot find symbol
[ERROR]   symbol:   method write(byte[],int,int)
[ERROR]   location: variable dfos of type org.codehaus.plexus.archiver.zip.OffloadingOutputStream
[ERROR] /plexus-archiver/src/main/java/org/codehaus/plexus/archiver/zip/OffloadingOutputStream.java:[129,5] method does not override or implement a method from a supertype
[ERROR] /plexus-archiver/src/main/java/org/codehaus/plexus/archiver/zip/OffloadingOutputStream.java:[143,5] method does not override or implement a method from a supertype
[ERROR] /plexus-archiver/src/main/java/org/codehaus/plexus/archiver/zip/OffloadingOutputStream.java:[207,5] method does not override or implement a method from a supertype
[ERROR] /plexus-archiver/src/main/java/org/codehaus/plexus/archiver/zip/OffloadingOutputStream.java:[210,9] cannot find symbol
[ERROR]   symbol:   variable super
[ERROR]   location: class org.codehaus.plexus.archiver.zip.OffloadingOutputStream
[ERROR] -> [Help 1]
[ERROR] 
[ERROR] To see the full stack trace of the errors, re-run Maven with the -e switch.
[ERROR] Re-run Maven using the -X switch to enable full debug logging.
[ERROR] 
[ERROR] For more information about the errors and possible solutions, please read the following articles:
[ERROR] [Help 1] http://cwiki.apache.org/confluence/display/MAVEN/MojoFailureException
