[INFO] Scanning for projects...
[INFO] 
[INFO] ----------------------< org.versly:versly-wsdoc >-----------------------
[INFO] Building Web Service Documentation Generator 1.2-SNAPSHOT
[INFO]   from pom.xml
[INFO] --------------------------------[ jar ]---------------------------------
[INFO] Downloading from mulesoft-repo: https://repository-master.mulesoft.org/nexus/content/repositories/public/org/raml/raml-parser/0.9-SNAPSHOT/maven-metadata.xml
[INFO] Downloaded from mulesoft-repo: https://repository-master.mulesoft.org/nexus/content/repositories/public/org/raml/raml-parser/0.9-SNAPSHOT/maven-metadata.xml (769 B at 467 B/s)
[INFO] 
[INFO] --- clean:3.2.0:clean (default-clean) @ versly-wsdoc ---
[INFO] Deleting /wsdoc/target
[INFO] 
[INFO] --- resources:3.3.0:resources (default-resources) @ versly-wsdoc ---
[WARNING] Using platform encoding (UTF-8 actually) to copy filtered resources, i.e. build is platform dependent!
[INFO] Copying 2 resources
[INFO] 
[INFO] --- compiler:3.3:compile (default-compile) @ versly-wsdoc ---
[INFO] Changes detected - recompiling the module!
[WARNING] File encoding has not been set, using platform encoding UTF-8, i.e. build is platform dependent!
[INFO] Compiling 19 source files to /wsdoc/target/classes
[INFO] /wsdoc/src/main/java/org/versly/rest/wsdoc/AnnotationProcessor.java: /wsdoc/src/main/java/org/versly/rest/wsdoc/AnnotationProcessor.java uses or overrides a deprecated API.
[INFO] /wsdoc/src/main/java/org/versly/rest/wsdoc/AnnotationProcessor.java: Recompile with -Xlint:deprecation for details.
[INFO] /wsdoc/src/main/java/org/versly/rest/wsdoc/impl/JsonObject.java: Some input files use unchecked or unsafe operations.
[INFO] /wsdoc/src/main/java/org/versly/rest/wsdoc/impl/JsonObject.java: Recompile with -Xlint:unchecked for details.
[INFO] 
[INFO] --- resources:3.3.0:testResources (default-testResources) @ versly-wsdoc ---
[WARNING] Using platform encoding (UTF-8 actually) to copy filtered resources, i.e. build is platform dependent!
[INFO] Copying 35 resources
[INFO] 
[INFO] --- compiler:3.3:testCompile (default-testCompile) @ versly-wsdoc ---
[INFO] Changes detected - recompiling the module!
[WARNING] File encoding has not been set, using platform encoding UTF-8, i.e. build is platform dependent!
[INFO] Compiling 13 source files to /wsdoc/target/test-classes
[INFO] 
[INFO] --- surefire:3.0.0:test (default-test) @ versly-wsdoc ---
[INFO] Using auto detected provider org.apache.maven.surefire.testng.TestNGProvider
[INFO] 
[INFO] -------------------------------------------------------
[INFO]  T E S T S
[INFO] -------------------------------------------------------
[INFO] Running TestSuite
Note: Wrote REST docs for 1 apis to new file at /tmp/wsdoc-1759336207159/org.versly.rest.wsdoc.web-service-api.ser
log4j:WARN No appenders could be found for logger (freemarker.cache).
log4j:WARN Please initialize the log4j system properly.
log4j:WARN See http://logging.apache.org/log4j/1.2/faq.html#noconfig for more info.
Wrote REST docs to /tmp/wsdoc-1759336207159/ApiLevelDocs-UltimateApi.raml
Note: Wrote REST docs for 1 apis to existing file at /tmp/wsdoc-1759336207159/org.versly.rest.wsdoc.web-service-api.ser
Wrote REST docs to /tmp/wsdoc-1759336207159/AllMethods.html
Note: Wrote REST docs for 1 apis to existing file at /tmp/wsdoc-1759336207159/org.versly.rest.wsdoc.web-service-api.ser
Wrote REST docs to /tmp/wsdoc-1759336207159/AllMethods.raml
Note: Wrote REST docs for 1 apis to existing file at /tmp/wsdoc-1759336207159/org.versly.rest.wsdoc.web-service-api.ser
Wrote REST docs to /tmp/wsdoc-1759336207159/UriFirstParameterValidation.raml
Note: Wrote REST docs for 1 apis to existing file at /tmp/wsdoc-1759336207159/org.versly.rest.wsdoc.web-service-api.ser
Wrote REST docs to /tmp/wsdoc-1759336207159/UriParameterNormalization.raml
Note: Wrote REST docs for 1 apis to existing file at /tmp/wsdoc-1759336207159/org.versly.rest.wsdoc.web-service-api.ser
Wrote REST docs to /tmp/wsdoc-1759336207159/AuthorizationScopes.raml
Note: Wrote REST docs for 1 apis to existing file at /tmp/wsdoc-1759336207159/org.versly.rest.wsdoc.web-service-api.ser
Wrote REST docs to /tmp/wsdoc-1759336207159/ApiLevelTemplateDocs-fooID.raml
warning: cannot generate json-schema for class org.versly.rest.wsdoc.jaxrs.SnowReportController.SnowReport (erasure org$versly$rest$wsdoc$jaxrs$SnowReportController$SnowReport), class not found
warning: cannot generate json-schema for class org.versly.rest.wsdoc.jaxrs.SnowReportController.SnowReport (erasure org$versly$rest$wsdoc$jaxrs$SnowReportController$SnowReport), class not found
Note: Wrote REST docs for 1 apis to existing file at /tmp/wsdoc-1759336207159/org.versly.rest.wsdoc.web-service-api.ser
2 warnings
Wrote REST docs to /tmp/wsdoc-1759336207159/SnowReportController.html
warning: cannot generate json-schema for class org.versly.rest.wsdoc.jaxrs.SnowReportController.SnowReport (erasure org$versly$rest$wsdoc$jaxrs$SnowReportController$SnowReport), class not found
warning: cannot generate json-schema for class org.versly.rest.wsdoc.jaxrs.SnowReportController.SnowReport (erasure org$versly$rest$wsdoc$jaxrs$SnowReportController$SnowReport), class not found
Note: Wrote REST docs for 1 apis to existing file at /tmp/wsdoc-1759336207159/org.versly.rest.wsdoc.web-service-api.ser
2 warnings
Wrote REST docs to /tmp/wsdoc-1759336207159/SnowReportController.raml
warning: cannot generate json-schema for class org.versly.rest.wsdoc.jaxrs.SnowReportController.SnowReport (erasure org$versly$rest$wsdoc$jaxrs$SnowReportController$SnowReport), class not found
warning: cannot generate json-schema for class org.versly.rest.wsdoc.jaxrs.SnowReportController.SnowReport (erasure org$versly$rest$wsdoc$jaxrs$SnowReportController$SnowReport), class not found
Note: Wrote REST docs for 1 apis to existing file at /tmp/wsdoc-1759336207159/org.versly.rest.wsdoc.web-service-api.ser
2 warnings
Wrote REST docs to /tmp/wsdoc-1759336207159/SnowReportController.html
warning: cannot generate json-schema for class org.versly.rest.wsdoc.jaxrs.SnowReportController.SnowReport (erasure org$versly$rest$wsdoc$jaxrs$SnowReportController$SnowReport), class not found
warning: cannot generate json-schema for class org.versly.rest.wsdoc.jaxrs.SnowReportController.SnowReport (erasure org$versly$rest$wsdoc$jaxrs$SnowReportController$SnowReport), class not found
Note: Wrote REST docs for 1 apis to existing file at /tmp/wsdoc-1759336207159/org.versly.rest.wsdoc.web-service-api.ser
2 warnings
Wrote REST docs to /tmp/wsdoc-1759336207159/SnowReportController.raml
Note: Wrote REST docs for 2 apis to existing file at /tmp/wsdoc-1759336207159/org.versly.rest.wsdoc.web-service-api.ser
Wrote REST docs to /tmp/wsdoc-1759336207159/MultiApiLevelDocs-RestApi1.raml
Wrote REST docs to /tmp/wsdoc-1759336207159/MultiApiLevelDocs-RestApi2.raml
warning: cannot generate json-schema for class org.versly.rest.wsdoc.jaxrs.NonRecursiveMultiUse.NonRecursiveParent (erasure org$versly$rest$wsdoc$jaxrs$NonRecursiveMultiUse$NonRecursiveParent), class not found
warning: cannot generate json-schema for class org.versly.rest.wsdoc.jaxrs.NonRecursiveMultiUse.NonRecursiveParent (erasure org$versly$rest$wsdoc$jaxrs$NonRecursiveMultiUse$NonRecursiveParent), class not found
Note: Wrote REST docs for 1 apis to existing file at /tmp/wsdoc-1759336207159/org.versly.rest.wsdoc.web-service-api.ser
2 warnings
Wrote REST docs to /tmp/wsdoc-1759336207159/NonRecursiveMultiUse.html
warning: cannot generate json-schema for class org.versly.rest.wsdoc.jaxrs.NonRecursiveMultiUse.NonRecursiveParent (erasure org$versly$rest$wsdoc$jaxrs$NonRecursiveMultiUse$NonRecursiveParent), class not found
warning: cannot generate json-schema for class org.versly.rest.wsdoc.jaxrs.NonRecursiveMultiUse.NonRecursiveParent (erasure org$versly$rest$wsdoc$jaxrs$NonRecursiveMultiUse$NonRecursiveParent), class not found
Note: Wrote REST docs for 1 apis to existing file at /tmp/wsdoc-1759336207159/org.versly.rest.wsdoc.web-service-api.ser
2 warnings
Wrote REST docs to /tmp/wsdoc-1759336207159/NonRecursiveMultiUse.raml
Note: Wrote REST docs for 1 apis to existing file at /tmp/wsdoc-1759336207159/org.versly.rest.wsdoc.web-service-api.ser
Wrote REST docs to /tmp/wsdoc-1759336207159/TraitsAnnotations.raml
Note: Wrote REST docs for 1 apis to existing file at /tmp/wsdoc-1759336207159/org.versly.rest.wsdoc.web-service-api.ser
Wrote REST docs to /tmp/wsdoc-1759336207159/PublicationScopes.html
Note: Wrote REST docs for 1 apis to existing file at /tmp/wsdoc-1759336207159/org.versly.rest.wsdoc.web-service-api.ser
Wrote REST docs to /tmp/wsdoc-1759336207159/PublicationScopes.html
Note: Wrote REST docs for 1 apis to existing file at /tmp/wsdoc-1759336207159/org.versly.rest.wsdoc.web-service-api.ser
Wrote REST docs to /tmp/wsdoc-1759336207159/PublicationScopes.html
Note: Wrote REST docs for 1 apis to existing file at /tmp/wsdoc-1759336207159/org.versly.rest.wsdoc.web-service-api.ser
Wrote REST docs to /tmp/wsdoc-1759336207159/PublicationScopes.html
Note: Wrote REST docs for 1 apis to existing file at /tmp/wsdoc-1759336207159/org.versly.rest.wsdoc.web-service-api.ser
Wrote REST docs to /tmp/wsdoc-1759336207159/PublicationScopes.raml
Note: Wrote REST docs for 1 apis to existing file at /tmp/wsdoc-1759336207159/org.versly.rest.wsdoc.web-service-api.ser
Wrote REST docs to /tmp/wsdoc-1759336207159/PublicationScopes.raml
Note: Wrote REST docs for 1 apis to existing file at /tmp/wsdoc-1759336207159/org.versly.rest.wsdoc.web-service-api.ser
Wrote REST docs to /tmp/wsdoc-1759336207159/PublicationScopes.raml
Note: Wrote REST docs for 1 apis to existing file at /tmp/wsdoc-1759336207159/org.versly.rest.wsdoc.web-service-api.ser
Wrote REST docs to /tmp/wsdoc-1759336207159/PublicationScopes.raml
Note: Wrote REST docs for 1 apis to existing file at /tmp/wsdoc-1759336207159/org.versly.rest.wsdoc.web-service-api.ser
Wrote REST docs to /tmp/wsdoc-1759336207159/ClassPathOnly.html
Note: Wrote REST docs for 1 apis to existing file at /tmp/wsdoc-1759336207159/org.versly.rest.wsdoc.web-service-api.ser
Wrote REST docs to /tmp/wsdoc-1759336207159/ClassPathOnly.raml
Note: Wrote REST docs for 1 apis to existing file at /tmp/wsdoc-1759336207159/org.versly.rest.wsdoc.web-service-api.ser
Wrote REST docs to /tmp/wsdoc-1759336207159/NoPath.html
Note: Wrote REST docs for 1 apis to existing file at /tmp/wsdoc-1759336207159/org.versly.rest.wsdoc.web-service-api.ser
Wrote REST docs to /tmp/wsdoc-1759336207159/NoPath.raml
Note: Wrote REST docs for 1 apis to new file at /tmp/wsdoc-1759336216348/org.versly.rest.wsdoc.web-service-api.ser
Wrote REST docs to /tmp/wsdoc-1759336216348/ApiLevelDocs-UltimateApi.raml
Note: Wrote REST docs for 1 apis to existing file at /tmp/wsdoc-1759336216348/org.versly.rest.wsdoc.web-service-api.ser
Wrote REST docs to /tmp/wsdoc-1759336216348/UriFirstParameterValidation.raml
Note: Wrote REST docs for 1 apis to existing file at /tmp/wsdoc-1759336216348/org.versly.rest.wsdoc.web-service-api.ser
Wrote REST docs to /tmp/wsdoc-1759336216348/UriParameterNormalization.raml
Note: Wrote REST docs for 1 apis to existing file at /tmp/wsdoc-1759336216348/org.versly.rest.wsdoc.web-service-api.ser
Wrote REST docs to /tmp/wsdoc-1759336216348/AuthorizationScopes.raml
Note: Wrote REST docs for 1 apis to existing file at /tmp/wsdoc-1759336216348/org.versly.rest.wsdoc.web-service-api.ser
Wrote REST docs to /tmp/wsdoc-1759336216348/ApiLevelTemplateDocs-fooID.raml
warning: cannot generate json-schema for class org.versly.rest.wsdoc.springmvc.SnowReportController.SnowReport (erasure org$versly$rest$wsdoc$springmvc$SnowReportController$SnowReport), class not found
Note: Wrote REST docs for 1 apis to existing file at /tmp/wsdoc-1759336216348/org.versly.rest.wsdoc.web-service-api.ser
1 warning
Wrote REST docs to /tmp/wsdoc-1759336216348/SnowReportController.html
warning: cannot generate json-schema for class org.versly.rest.wsdoc.springmvc.SnowReportController.SnowReport (erasure org$versly$rest$wsdoc$springmvc$SnowReportController$SnowReport), class not found
Note: Wrote REST docs for 1 apis to existing file at /tmp/wsdoc-1759336216348/org.versly.rest.wsdoc.web-service-api.ser
1 warning
Wrote REST docs to /tmp/wsdoc-1759336216348/SnowReportController.raml
warning: cannot generate json-schema for class org.versly.rest.wsdoc.springmvc.SnowReportController.SnowReport (erasure org$versly$rest$wsdoc$springmvc$SnowReportController$SnowReport), class not found
Note: Wrote REST docs for 1 apis to existing file at /tmp/wsdoc-1759336216348/org.versly.rest.wsdoc.web-service-api.ser
1 warning
Wrote REST docs to /tmp/wsdoc-1759336216348/SnowReportController.html
warning: cannot generate json-schema for class org.versly.rest.wsdoc.springmvc.SnowReportController.SnowReport (erasure org$versly$rest$wsdoc$springmvc$SnowReportController$SnowReport), class not found
Note: Wrote REST docs for 1 apis to existing file at /tmp/wsdoc-1759336216348/org.versly.rest.wsdoc.web-service-api.ser
1 warning
Wrote REST docs to /tmp/wsdoc-1759336216348/SnowReportController.raml
Note: Wrote REST docs for 2 apis to existing file at /tmp/wsdoc-1759336216348/org.versly.rest.wsdoc.web-service-api.ser
Wrote REST docs to /tmp/wsdoc-1759336216348/MultiApiLevelDocs-RestApi1.raml
Wrote REST docs to /tmp/wsdoc-1759336216348/MultiApiLevelDocs-RestApi2.raml
warning: cannot generate json-schema for class org.versly.rest.wsdoc.springmvc.NonRecursiveMultiUse.NonRecursiveParent (erasure org$versly$rest$wsdoc$springmvc$NonRecursiveMultiUse$NonRecursiveParent), class not found
Note: Wrote REST docs for 1 apis to existing file at /tmp/wsdoc-1759336216348/org.versly.rest.wsdoc.web-service-api.ser
1 warning
Wrote REST docs to /tmp/wsdoc-1759336216348/NonRecursiveMultiUse.html
warning: cannot generate json-schema for class org.versly.rest.wsdoc.springmvc.NonRecursiveMultiUse.NonRecursiveParent (erasure org$versly$rest$wsdoc$springmvc$NonRecursiveMultiUse$NonRecursiveParent), class not found
Note: Wrote REST docs for 1 apis to existing file at /tmp/wsdoc-1759336216348/org.versly.rest.wsdoc.web-service-api.ser
1 warning
Wrote REST docs to /tmp/wsdoc-1759336216348/NonRecursiveMultiUse.raml
Note: Wrote REST docs for 1 apis to existing file at /tmp/wsdoc-1759336216348/org.versly.rest.wsdoc.web-service-api.ser
Wrote REST docs to /tmp/wsdoc-1759336216348/TraitsAnnotations.raml
Note: Wrote REST docs for 1 apis to existing file at /tmp/wsdoc-1759336216348/org.versly.rest.wsdoc.web-service-api.ser
Wrote REST docs to /tmp/wsdoc-1759336216348/PublicationScopes.html
Note: Wrote REST docs for 1 apis to existing file at /tmp/wsdoc-1759336216348/org.versly.rest.wsdoc.web-service-api.ser
Wrote REST docs to /tmp/wsdoc-1759336216348/PublicationScopes.html
Note: Wrote REST docs for 1 apis to existing file at /tmp/wsdoc-1759336216348/org.versly.rest.wsdoc.web-service-api.ser
Wrote REST docs to /tmp/wsdoc-1759336216348/PublicationScopes.html
Note: Wrote REST docs for 1 apis to existing file at /tmp/wsdoc-1759336216348/org.versly.rest.wsdoc.web-service-api.ser
Wrote REST docs to /tmp/wsdoc-1759336216348/PublicationScopes.html
Note: Wrote REST docs for 1 apis to existing file at /tmp/wsdoc-1759336216348/org.versly.rest.wsdoc.web-service-api.ser
Wrote REST docs to /tmp/wsdoc-1759336216348/PublicationScopes.raml
Note: Wrote REST docs for 1 apis to existing file at /tmp/wsdoc-1759336216348/org.versly.rest.wsdoc.web-service-api.ser
Wrote REST docs to /tmp/wsdoc-1759336216348/PublicationScopes.raml
Note: Wrote REST docs for 1 apis to existing file at /tmp/wsdoc-1759336216348/org.versly.rest.wsdoc.web-service-api.ser
Wrote REST docs to /tmp/wsdoc-1759336216348/PublicationScopes.raml
Note: Wrote REST docs for 1 apis to existing file at /tmp/wsdoc-1759336216348/org.versly.rest.wsdoc.web-service-api.ser
Wrote REST docs to /tmp/wsdoc-1759336216348/PublicationScopes.raml
Note: Wrote REST docs for 1 apis to existing file at /tmp/wsdoc-1759336216348/org.versly.rest.wsdoc.web-service-api.ser
Wrote REST docs to /tmp/wsdoc-1759336216348/AllMethods.html
Note: Wrote REST docs for 1 apis to existing file at /tmp/wsdoc-1759336216348/org.versly.rest.wsdoc.web-service-api.ser
Wrote REST docs to /tmp/wsdoc-1759336216348/AllMethods.raml
Note: Wrote REST docs for 1 apis to existing file at /tmp/wsdoc-1759336216348/org.versly.rest.wsdoc.web-service-api.ser
Wrote REST docs to /tmp/wsdoc-1759336216348/AllMethods.html
Note: Wrote REST docs for 1 apis to existing file at /tmp/wsdoc-1759336216348/org.versly.rest.wsdoc.web-service-api.ser
Wrote REST docs to /tmp/wsdoc-1759336216348/AllMethods.raml
Note: Wrote REST docs for 1 apis to existing file at /tmp/wsdoc-1759336216348/org.versly.rest.wsdoc.web-service-api.ser
Wrote REST docs to /tmp/wsdoc-1759336216348/AllMethods.html
Note: Wrote REST docs for 1 apis to existing file at /tmp/wsdoc-1759336216348/org.versly.rest.wsdoc.web-service-api.ser
Wrote REST docs to /tmp/wsdoc-1759336216348/AllMethods.raml
warning: wsdoc encountered an unsupported generics construct while processing type java.util.concurrent.Callable<?>. Generic: ?
1 warning
[ERROR] Tests run: 59, Failures: 33, Errors: 0, Skipped: 0, Time elapsed: 12.542 s <<< FAILURE! - in TestSuite
[ERROR] org.versly.rest.wsdoc.JaxRSRestAnnotationProcessorTest.assertGenericResponse  Time elapsed: 0.343 s  <<< FAILURE!
java.lang.RuntimeException: java.lang.NoClassDefFoundError: com/fasterxml/jackson/annotation/JsonMerge
	at jdk.compiler/com.sun.tools.javac.api.JavacTaskImpl.handleExceptions(JavacTaskImpl.java:163)
	at jdk.compiler/com.sun.tools.javac.api.JavacTaskImpl.doCall(JavacTaskImpl.java:100)
	at jdk.compiler/com.sun.tools.javac.api.JavacTaskImpl.call(JavacTaskImpl.java:94)
	at org.versly.rest.wsdoc.AbstractRestAnnotationProcessorTest.runAnnotationProcessor(AbstractRestAnnotationProcessorTest.java:140)
	at org.versly.rest.wsdoc.AbstractRestAnnotationProcessorTest.runAnnotationProcessor(AbstractRestAnnotationProcessorTest.java:113)
	at org.versly.rest.wsdoc.AbstractRestAnnotationProcessorTest.processResource(AbstractRestAnnotationProcessorTest.java:67)
	at org.versly.rest.wsdoc.AbstractRestAnnotationProcessorTest.processResource(AbstractRestAnnotationProcessorTest.java:60)
	at org.versly.rest.wsdoc.AbstractRestAnnotationProcessorTest.assertGenericResponse(AbstractRestAnnotationProcessorTest.java:237)
	at java.base/jdk.internal.reflect.NativeMethodAccessorImpl.invoke0(Native Method)
	at java.base/jdk.internal.reflect.NativeMethodAccessorImpl.invoke(NativeMethodAccessorImpl.java:62)
	at java.base/jdk.internal.reflect.DelegatingMethodAccessorImpl.invoke(DelegatingMethodAccessorImpl.java:43)
	at java.base/java.lang.reflect.Method.invoke(Method.java:566)
	at org.testng.internal.MethodInvocationHelper.invokeMethod(MethodInvocationHelper.java:84)
	at org.testng.internal.Invoker.invokeMethod(Invoker.java:714)
	at org.testng.internal.Invoker.invokeTestMethod(Invoker.java:901)
	at org.testng.internal.Invoker.invokeTestMethods(Invoker.java:1231)
	at org.testng.internal.TestMethodWorker.invokeTestMethods(TestMethodWorker.java:127)
	at org.testng.internal.TestMethodWorker.run(TestMethodWorker.java:111)
	at org.testng.TestRunner.privateRun(TestRunner.java:767)
	at org.testng.TestRunner.run(TestRunner.java:617)
	at org.testng.SuiteRunner.runTest(SuiteRunner.java:348)
	at org.testng.SuiteRunner.runSequentially(SuiteRunner.java:343)
	at org.testng.SuiteRunner.privateRun(SuiteRunner.java:305)
	at org.testng.SuiteRunner.run(SuiteRunner.java:254)
	at org.testng.SuiteRunnerWorker.runSuite(SuiteRunnerWorker.java:52)
	at org.testng.SuiteRunnerWorker.run(SuiteRunnerWorker.java:86)
	at org.testng.TestNG.runSuitesSequentially(TestNG.java:1224)
	at org.testng.TestNG.runSuitesLocally(TestNG.java:1149)
	at org.testng.TestNG.run(TestNG.java:1057)
	at org.apache.maven.surefire.testng.TestNGExecutor.run(TestNGExecutor.java:155)
	at org.apache.maven.surefire.testng.TestNGDirectoryTestSuite.executeMulti(TestNGDirectoryTestSuite.java:169)
	at org.apache.maven.surefire.testng.TestNGDirectoryTestSuite.execute(TestNGDirectoryTestSuite.java:88)
	at org.apache.maven.surefire.testng.TestNGProvider.invoke(TestNGProvider.java:137)
	at org.apache.maven.surefire.booter.ForkedBooter.runSuitesInProcess(ForkedBooter.java:385)
	at org.apache.maven.surefire.booter.ForkedBooter.execute(ForkedBooter.java:162)
	at org.apache.maven.surefire.booter.ForkedBooter.run(ForkedBooter.java:507)
	at org.apache.maven.surefire.booter.ForkedBooter.main(ForkedBooter.java:495)
Caused by: java.lang.NoClassDefFoundError: com/fasterxml/jackson/annotation/JsonMerge
	at com.fasterxml.jackson.databind.introspect.JacksonAnnotationIntrospector.<clinit>(JacksonAnnotationIntrospector.java:50)
	at com.fasterxml.jackson.databind.ObjectMapper.<clinit>(ObjectMapper.java:357)
	at org.versly.rest.wsdoc.AnnotationProcessor.jsonSchemaFromTypeMirror(AnnotationProcessor.java:967)
	at org.versly.rest.wsdoc.AnnotationProcessor.buildResponseFormat(AnnotationProcessor.java:519)
	at org.versly.rest.wsdoc.AnnotationProcessor.processRequestMappingMethod(AnnotationProcessor.java:301)
	at org.versly.rest.wsdoc.AnnotationProcessor.processElements(AnnotationProcessor.java:176)
	at org.versly.rest.wsdoc.AnnotationProcessor.process(AnnotationProcessor.java:136)
	at jdk.compiler/com.sun.tools.javac.processing.JavacProcessingEnvironment.callProcessor(JavacProcessingEnvironment.java:985)
	at jdk.compiler/com.sun.tools.javac.processing.JavacProcessingEnvironment.discoverAndRunProcs(JavacProcessingEnvironment.java:901)
	at jdk.compiler/com.sun.tools.javac.processing.JavacProcessingEnvironment$Round.run(JavacProcessingEnvironment.java:1227)
	at jdk.compiler/com.sun.tools.javac.processing.JavacProcessingEnvironment.doProcessing(JavacProcessingEnvironment.java:1340)
	at jdk.compiler/com.sun.tools.javac.main.JavaCompiler.processAnnotations(JavaCompiler.java:1254)
	at jdk.compiler/com.sun.tools.javac.main.JavaCompiler.compile(JavaCompiler.java:936)
	at jdk.compiler/com.sun.tools.javac.api.JavacTaskImpl.lambda$doCall$0(JavacTaskImpl.java:104)
	at jdk.compiler/com.sun.tools.javac.api.JavacTaskImpl.handleExceptions(JavacTaskImpl.java:147)
	... 36 more
Caused by: java.lang.ClassNotFoundException: com.fasterxml.jackson.annotation.JsonMerge
	at java.base/jdk.internal.loader.BuiltinClassLoader.loadClass(BuiltinClassLoader.java:581)
	at java.base/jdk.internal.loader.ClassLoaders$AppClassLoader.loadClass(ClassLoaders.java:178)
	at java.base/java.lang.ClassLoader.loadClass(ClassLoader.java:522)
	... 51 more

[ERROR] org.versly.rest.wsdoc.JaxRSRestAnnotationProcessorTest.assertJavaDocComments  Time elapsed: 0.264 s  <<< FAILURE!
java.lang.RuntimeException: java.lang.NoClassDefFoundError: Could not initialize class com.fasterxml.jackson.databind.ObjectMapper
	at jdk.compiler/com.sun.tools.javac.api.JavacTaskImpl.handleExceptions(JavacTaskImpl.java:163)
	at jdk.compiler/com.sun.tools.javac.api.JavacTaskImpl.doCall(JavacTaskImpl.java:100)
	at jdk.compiler/com.sun.tools.javac.api.JavacTaskImpl.call(JavacTaskImpl.java:94)
	at org.versly.rest.wsdoc.AbstractRestAnnotationProcessorTest.runAnnotationProcessor(AbstractRestAnnotationProcessorTest.java:140)
	at org.versly.rest.wsdoc.AbstractRestAnnotationProcessorTest.runAnnotationProcessor(AbstractRestAnnotationProcessorTest.java:113)
	at org.versly.rest.wsdoc.AbstractRestAnnotationProcessorTest.processResource(AbstractRestAnnotationProcessorTest.java:67)
	at org.versly.rest.wsdoc.AbstractRestAnnotationProcessorTest.processResource(AbstractRestAnnotationProcessorTest.java:60)
	at org.versly.rest.wsdoc.AbstractRestAnnotationProcessorTest.assertJavaDocComments(AbstractRestAnnotationProcessorTest.java:146)
	at java.base/jdk.internal.reflect.NativeMethodAccessorImpl.invoke0(Native Method)
	at java.base/jdk.internal.reflect.NativeMethodAccessorImpl.invoke(NativeMethodAccessorImpl.java:62)
	at java.base/jdk.internal.reflect.DelegatingMethodAccessorImpl.invoke(DelegatingMethodAccessorImpl.java:43)
	at java.base/java.lang.reflect.Method.invoke(Method.java:566)
	at org.testng.internal.MethodInvocationHelper.invokeMethod(MethodInvocationHelper.java:84)
	at org.testng.internal.Invoker.invokeMethod(Invoker.java:714)
	at org.testng.internal.Invoker.invokeTestMethod(Invoker.java:901)
	at org.testng.internal.Invoker.invokeTestMethods(Invoker.java:1231)
	at org.testng.internal.TestMethodWorker.invokeTestMethods(TestMethodWorker.java:127)
	at org.testng.internal.TestMethodWorker.run(TestMethodWorker.java:111)
	at org.testng.TestRunner.privateRun(TestRunner.java:767)
	at org.testng.TestRunner.run(TestRunner.java:617)
	at org.testng.SuiteRunner.runTest(SuiteRunner.java:348)
	at org.testng.SuiteRunner.runSequentially(SuiteRunner.java:343)
	at org.testng.SuiteRunner.privateRun(SuiteRunner.java:305)
	at org.testng.SuiteRunner.run(SuiteRunner.java:254)
	at org.testng.SuiteRunnerWorker.runSuite(SuiteRunnerWorker.java:52)
	at org.testng.SuiteRunnerWorker.run(SuiteRunnerWorker.java:86)
	at org.testng.TestNG.runSuitesSequentially(TestNG.java:1224)
	at org.testng.TestNG.runSuitesLocally(TestNG.java:1149)
	at org.testng.TestNG.run(TestNG.java:1057)
	at org.apache.maven.surefire.testng.TestNGExecutor.run(TestNGExecutor.java:155)
	at org.apache.maven.surefire.testng.TestNGDirectoryTestSuite.executeMulti(TestNGDirectoryTestSuite.java:169)
	at org.apache.maven.surefire.testng.TestNGDirectoryTestSuite.execute(TestNGDirectoryTestSuite.java:88)
	at org.apache.maven.surefire.testng.TestNGProvider.invoke(TestNGProvider.java:137)
	at org.apache.maven.surefire.booter.ForkedBooter.runSuitesInProcess(ForkedBooter.java:385)
	at org.apache.maven.surefire.booter.ForkedBooter.execute(ForkedBooter.java:162)
	at org.apache.maven.surefire.booter.ForkedBooter.run(ForkedBooter.java:507)
	at org.apache.maven.surefire.booter.ForkedBooter.main(ForkedBooter.java:495)
Caused by: java.lang.NoClassDefFoundError: Could not initialize class com.fasterxml.jackson.databind.ObjectMapper
	at org.versly.rest.wsdoc.AnnotationProcessor.jsonSchemaFromTypeMirror(AnnotationProcessor.java:967)
	at org.versly.rest.wsdoc.AnnotationProcessor.buildResponseFormat(AnnotationProcessor.java:519)
	at org.versly.rest.wsdoc.AnnotationProcessor.processRequestMappingMethod(AnnotationProcessor.java:301)
	at org.versly.rest.wsdoc.AnnotationProcessor.processElements(AnnotationProcessor.java:176)
	at org.versly.rest.wsdoc.AnnotationProcessor.process(AnnotationProcessor.java:136)
	at jdk.compiler/com.sun.tools.javac.processing.JavacProcessingEnvironment.callProcessor(JavacProcessingEnvironment.java:985)
	at jdk.compiler/com.sun.tools.javac.processing.JavacProcessingEnvironment.discoverAndRunProcs(JavacProcessingEnvironment.java:901)
	at jdk.compiler/com.sun.tools.javac.processing.JavacProcessingEnvironment$Round.run(JavacProcessingEnvironment.java:1227)
	at jdk.compiler/com.sun.tools.javac.processing.JavacProcessingEnvironment.doProcessing(JavacProcessingEnvironment.java:1340)
	at jdk.compiler/com.sun.tools.javac.main.JavaCompiler.processAnnotations(JavaCompiler.java:1254)
	at jdk.compiler/com.sun.tools.javac.main.JavaCompiler.compile(JavaCompiler.java:936)
	at jdk.compiler/com.sun.tools.javac.api.JavacTaskImpl.lambda$doCall$0(JavacTaskImpl.java:104)
	at jdk.compiler/com.sun.tools.javac.api.JavacTaskImpl.handleExceptions(JavacTaskImpl.java:147)
	... 36 more

[ERROR] org.versly.rest.wsdoc.JaxRSRestAnnotationProcessorTest.assertNoRedundantUriParametersForResource  Time elapsed: 0.257 s  <<< FAILURE!
java.lang.RuntimeException: java.lang.NoClassDefFoundError: Could not initialize class com.fasterxml.jackson.databind.ObjectMapper
	at jdk.compiler/com.sun.tools.javac.api.JavacTaskImpl.handleExceptions(JavacTaskImpl.java:163)
	at jdk.compiler/com.sun.tools.javac.api.JavacTaskImpl.doCall(JavacTaskImpl.java:100)
	at jdk.compiler/com.sun.tools.javac.api.JavacTaskImpl.call(JavacTaskImpl.java:94)
	at org.versly.rest.wsdoc.AbstractRestAnnotationProcessorTest.runAnnotationProcessor(AbstractRestAnnotationProcessorTest.java:140)
	at org.versly.rest.wsdoc.AbstractRestAnnotationProcessorTest.runAnnotationProcessor(AbstractRestAnnotationProcessorTest.java:113)
	at org.versly.rest.wsdoc.AbstractRestAnnotationProcessorTest.processResource(AbstractRestAnnotationProcessorTest.java:67)
	at org.versly.rest.wsdoc.AbstractRestAnnotationProcessorTest.processResource(AbstractRestAnnotationProcessorTest.java:60)
	at org.versly.rest.wsdoc.AbstractRestAnnotationProcessorTest.assertNoRedundantUriParametersForResource(AbstractRestAnnotationProcessorTest.java:275)
	at java.base/jdk.internal.reflect.NativeMethodAccessorImpl.invoke0(Native Method)
	at java.base/jdk.internal.reflect.NativeMethodAccessorImpl.invoke(NativeMethodAccessorImpl.java:62)
	at java.base/jdk.internal.reflect.DelegatingMethodAccessorImpl.invoke(DelegatingMethodAccessorImpl.java:43)
	at java.base/java.lang.reflect.Method.invoke(Method.java:566)
	at org.testng.internal.MethodInvocationHelper.invokeMethod(MethodInvocationHelper.java:84)
	at org.testng.internal.Invoker.invokeMethod(Invoker.java:714)
	at org.testng.internal.Invoker.invokeTestMethod(Invoker.java:901)
	at org.testng.internal.Invoker.invokeTestMethods(Invoker.java:1231)
	at org.testng.internal.TestMethodWorker.invokeTestMethods(TestMethodWorker.java:127)
	at org.testng.internal.TestMethodWorker.run(TestMethodWorker.java:111)
	at org.testng.TestRunner.privateRun(TestRunner.java:767)
	at org.testng.TestRunner.run(TestRunner.java:617)
	at org.testng.SuiteRunner.runTest(SuiteRunner.java:348)
	at org.testng.SuiteRunner.runSequentially(SuiteRunner.java:343)
	at org.testng.SuiteRunner.privateRun(SuiteRunner.java:305)
	at org.testng.SuiteRunner.run(SuiteRunner.java:254)
	at org.testng.SuiteRunnerWorker.runSuite(SuiteRunnerWorker.java:52)
	at org.testng.SuiteRunnerWorker.run(SuiteRunnerWorker.java:86)
	at org.testng.TestNG.runSuitesSequentially(TestNG.java:1224)
	at org.testng.TestNG.runSuitesLocally(TestNG.java:1149)
	at org.testng.TestNG.run(TestNG.java:1057)
	at org.apache.maven.surefire.testng.TestNGExecutor.run(TestNGExecutor.java:155)
	at org.apache.maven.surefire.testng.TestNGDirectoryTestSuite.executeMulti(TestNGDirectoryTestSuite.java:169)
	at org.apache.maven.surefire.testng.TestNGDirectoryTestSuite.execute(TestNGDirectoryTestSuite.java:88)
	at org.apache.maven.surefire.testng.TestNGProvider.invoke(TestNGProvider.java:137)
	at org.apache.maven.surefire.booter.ForkedBooter.runSuitesInProcess(ForkedBooter.java:385)
	at org.apache.maven.surefire.booter.ForkedBooter.execute(ForkedBooter.java:162)
	at org.apache.maven.surefire.booter.ForkedBooter.run(ForkedBooter.java:507)
	at org.apache.maven.surefire.booter.ForkedBooter.main(ForkedBooter.java:495)
Caused by: java.lang.NoClassDefFoundError: Could not initialize class com.fasterxml.jackson.databind.ObjectMapper
	at org.versly.rest.wsdoc.AnnotationProcessor.jsonSchemaFromTypeMirror(AnnotationProcessor.java:967)
	at org.versly.rest.wsdoc.AnnotationProcessor.buildResponseFormat(AnnotationProcessor.java:519)
	at org.versly.rest.wsdoc.AnnotationProcessor.processRequestMappingMethod(AnnotationProcessor.java:301)
	at org.versly.rest.wsdoc.AnnotationProcessor.processElements(AnnotationProcessor.java:176)
	at org.versly.rest.wsdoc.AnnotationProcessor.process(AnnotationProcessor.java:136)
	at jdk.compiler/com.sun.tools.javac.processing.JavacProcessingEnvironment.callProcessor(JavacProcessingEnvironment.java:985)
	at jdk.compiler/com.sun.tools.javac.processing.JavacProcessingEnvironment.discoverAndRunProcs(JavacProcessingEnvironment.java:901)
	at jdk.compiler/com.sun.tools.javac.processing.JavacProcessingEnvironment$Round.run(JavacProcessingEnvironment.java:1227)
	at jdk.compiler/com.sun.tools.javac.processing.JavacProcessingEnvironment.doProcessing(JavacProcessingEnvironment.java:1340)
	at jdk.compiler/com.sun.tools.javac.main.JavaCompiler.processAnnotations(JavaCompiler.java:1254)
	at jdk.compiler/com.sun.tools.javac.main.JavaCompiler.compile(JavaCompiler.java:936)
	at jdk.compiler/com.sun.tools.javac.api.JavacTaskImpl.lambda$doCall$0(JavacTaskImpl.java:104)
	at jdk.compiler/com.sun.tools.javac.api.JavacTaskImpl.handleExceptions(JavacTaskImpl.java:147)
	... 36 more

[ERROR] org.versly.rest.wsdoc.JaxRSRestAnnotationProcessorTest.assertOverriddenPaths  Time elapsed: 0.406 s  <<< FAILURE!
java.lang.RuntimeException: java.lang.NoClassDefFoundError: Could not initialize class com.fasterxml.jackson.databind.ObjectMapper
	at jdk.compiler/com.sun.tools.javac.api.JavacTaskImpl.handleExceptions(JavacTaskImpl.java:163)
	at jdk.compiler/com.sun.tools.javac.api.JavacTaskImpl.doCall(JavacTaskImpl.java:100)
	at jdk.compiler/com.sun.tools.javac.api.JavacTaskImpl.call(JavacTaskImpl.java:94)
	at org.versly.rest.wsdoc.AbstractRestAnnotationProcessorTest.runAnnotationProcessor(AbstractRestAnnotationProcessorTest.java:140)
	at org.versly.rest.wsdoc.AbstractRestAnnotationProcessorTest.runAnnotationProcessor(AbstractRestAnnotationProcessorTest.java:113)
	at org.versly.rest.wsdoc.AbstractRestAnnotationProcessorTest.processResource(AbstractRestAnnotationProcessorTest.java:67)
	at org.versly.rest.wsdoc.AbstractRestAnnotationProcessorTest.processResource(AbstractRestAnnotationProcessorTest.java:60)
	at org.versly.rest.wsdoc.AbstractRestAnnotationProcessorTest.assertOverriddenPaths(AbstractRestAnnotationProcessorTest.java:178)
	at java.base/jdk.internal.reflect.NativeMethodAccessorImpl.invoke0(Native Method)
	at java.base/jdk.internal.reflect.NativeMethodAccessorImpl.invoke(NativeMethodAccessorImpl.java:62)
	at java.base/jdk.internal.reflect.DelegatingMethodAccessorImpl.invoke(DelegatingMethodAccessorImpl.java:43)
	at java.base/java.lang.reflect.Method.invoke(Method.java:566)
	at org.testng.internal.MethodInvocationHelper.invokeMethod(MethodInvocationHelper.java:84)
	at org.testng.internal.Invoker.invokeMethod(Invoker.java:714)
	at org.testng.internal.Invoker.invokeTestMethod(Invoker.java:901)
	at org.testng.internal.Invoker.invokeTestMethods(Invoker.java:1231)
	at org.testng.internal.TestMethodWorker.invokeTestMethods(TestMethodWorker.java:127)
	at org.testng.internal.TestMethodWorker.run(TestMethodWorker.java:111)
	at org.testng.TestRunner.privateRun(TestRunner.java:767)
	at org.testng.TestRunner.run(TestRunner.java:617)
	at org.testng.SuiteRunner.runTest(SuiteRunner.java:348)
	at org.testng.SuiteRunner.runSequentially(SuiteRunner.java:343)
	at org.testng.SuiteRunner.privateRun(SuiteRunner.java:305)
	at org.testng.SuiteRunner.run(SuiteRunner.java:254)
	at org.testng.SuiteRunnerWorker.runSuite(SuiteRunnerWorker.java:52)
	at org.testng.SuiteRunnerWorker.run(SuiteRunnerWorker.java:86)
	at org.testng.TestNG.runSuitesSequentially(TestNG.java:1224)
	at org.testng.TestNG.runSuitesLocally(TestNG.java:1149)
	at org.testng.TestNG.run(TestNG.java:1057)
	at org.apache.maven.surefire.testng.TestNGExecutor.run(TestNGExecutor.java:155)
	at org.apache.maven.surefire.testng.TestNGDirectoryTestSuite.executeMulti(TestNGDirectoryTestSuite.java:169)
	at org.apache.maven.surefire.testng.TestNGDirectoryTestSuite.execute(TestNGDirectoryTestSuite.java:88)
	at org.apache.maven.surefire.testng.TestNGProvider.invoke(TestNGProvider.java:137)
	at org.apache.maven.surefire.booter.ForkedBooter.runSuitesInProcess(ForkedBooter.java:385)
	at org.apache.maven.surefire.booter.ForkedBooter.execute(ForkedBooter.java:162)
	at org.apache.maven.surefire.booter.ForkedBooter.run(ForkedBooter.java:507)
	at org.apache.maven.surefire.booter.ForkedBooter.main(ForkedBooter.java:495)
Caused by: java.lang.NoClassDefFoundError: Could not initialize class com.fasterxml.jackson.databind.ObjectMapper
	at org.versly.rest.wsdoc.AnnotationProcessor.jsonSchemaFromTypeMirror(AnnotationProcessor.java:967)
	at org.versly.rest.wsdoc.AnnotationProcessor.buildResponseFormat(AnnotationProcessor.java:519)
	at org.versly.rest.wsdoc.AnnotationProcessor.processRequestMappingMethod(AnnotationProcessor.java:301)
	at org.versly.rest.wsdoc.AnnotationProcessor.processElements(AnnotationProcessor.java:176)
	at org.versly.rest.wsdoc.AnnotationProcessor.process(AnnotationProcessor.java:136)
	at jdk.compiler/com.sun.tools.javac.processing.JavacProcessingEnvironment.callProcessor(JavacProcessingEnvironment.java:985)
	at jdk.compiler/com.sun.tools.javac.processing.JavacProcessingEnvironment.discoverAndRunProcs(JavacProcessingEnvironment.java:901)
	at jdk.compiler/com.sun.tools.javac.processing.JavacProcessingEnvironment$Round.run(JavacProcessingEnvironment.java:1227)
	at jdk.compiler/com.sun.tools.javac.processing.JavacProcessingEnvironment.doProcessing(JavacProcessingEnvironment.java:1340)
	at jdk.compiler/com.sun.tools.javac.main.JavaCompiler.processAnnotations(JavaCompiler.java:1254)
	at jdk.compiler/com.sun.tools.javac.main.JavaCompiler.compile(JavaCompiler.java:936)
	at jdk.compiler/com.sun.tools.javac.api.JavacTaskImpl.lambda$doCall$0(JavacTaskImpl.java:104)
	at jdk.compiler/com.sun.tools.javac.api.JavacTaskImpl.handleExceptions(JavacTaskImpl.java:147)
	... 36 more

[ERROR] org.versly.rest.wsdoc.JaxRSRestAnnotationProcessorTest.assertParams  Time elapsed: 0.366 s  <<< FAILURE!
java.lang.RuntimeException: java.lang.NoClassDefFoundError: Could not initialize class com.fasterxml.jackson.databind.ObjectMapper
	at jdk.compiler/com.sun.tools.javac.api.JavacTaskImpl.handleExceptions(JavacTaskImpl.java:163)
	at jdk.compiler/com.sun.tools.javac.api.JavacTaskImpl.doCall(JavacTaskImpl.java:100)
	at jdk.compiler/com.sun.tools.javac.api.JavacTaskImpl.call(JavacTaskImpl.java:94)
	at org.versly.rest.wsdoc.AbstractRestAnnotationProcessorTest.runAnnotationProcessor(AbstractRestAnnotationProcessorTest.java:140)
	at org.versly.rest.wsdoc.AbstractRestAnnotationProcessorTest.runAnnotationProcessor(AbstractRestAnnotationProcessorTest.java:113)
	at org.versly.rest.wsdoc.AbstractRestAnnotationProcessorTest.processResource(AbstractRestAnnotationProcessorTest.java:67)
	at org.versly.rest.wsdoc.AbstractRestAnnotationProcessorTest.processResource(AbstractRestAnnotationProcessorTest.java:60)
	at org.versly.rest.wsdoc.AbstractRestAnnotationProcessorTest.assertParams(AbstractRestAnnotationProcessorTest.java:171)
	at java.base/jdk.internal.reflect.NativeMethodAccessorImpl.invoke0(Native Method)
	at java.base/jdk.internal.reflect.NativeMethodAccessorImpl.invoke(NativeMethodAccessorImpl.java:62)
	at java.base/jdk.internal.reflect.DelegatingMethodAccessorImpl.invoke(DelegatingMethodAccessorImpl.java:43)
	at java.base/java.lang.reflect.Method.invoke(Method.java:566)
	at org.testng.internal.MethodInvocationHelper.invokeMethod(MethodInvocationHelper.java:84)
	at org.testng.internal.Invoker.invokeMethod(Invoker.java:714)
	at org.testng.internal.Invoker.invokeTestMethod(Invoker.java:901)
	at org.testng.internal.Invoker.invokeTestMethods(Invoker.java:1231)
	at org.testng.internal.TestMethodWorker.invokeTestMethods(TestMethodWorker.java:127)
	at org.testng.internal.TestMethodWorker.run(TestMethodWorker.java:111)
	at org.testng.TestRunner.privateRun(TestRunner.java:767)
	at org.testng.TestRunner.run(TestRunner.java:617)
	at org.testng.SuiteRunner.runTest(SuiteRunner.java:348)
	at org.testng.SuiteRunner.runSequentially(SuiteRunner.java:343)
	at org.testng.SuiteRunner.privateRun(SuiteRunner.java:305)
	at org.testng.SuiteRunner.run(SuiteRunner.java:254)
	at org.testng.SuiteRunnerWorker.runSuite(SuiteRunnerWorker.java:52)
	at org.testng.SuiteRunnerWorker.run(SuiteRunnerWorker.java:86)
	at org.testng.TestNG.runSuitesSequentially(TestNG.java:1224)
	at org.testng.TestNG.runSuitesLocally(TestNG.java:1149)
	at org.testng.TestNG.run(TestNG.java:1057)
	at org.apache.maven.surefire.testng.TestNGExecutor.run(TestNGExecutor.java:155)
	at org.apache.maven.surefire.testng.TestNGDirectoryTestSuite.executeMulti(TestNGDirectoryTestSuite.java:169)
	at org.apache.maven.surefire.testng.TestNGDirectoryTestSuite.execute(TestNGDirectoryTestSuite.java:88)
	at org.apache.maven.surefire.testng.TestNGProvider.invoke(TestNGProvider.java:137)
	at org.apache.maven.surefire.booter.ForkedBooter.runSuitesInProcess(ForkedBooter.java:385)
	at org.apache.maven.surefire.booter.ForkedBooter.execute(ForkedBooter.java:162)
	at org.apache.maven.surefire.booter.ForkedBooter.run(ForkedBooter.java:507)
	at org.apache.maven.surefire.booter.ForkedBooter.main(ForkedBooter.java:495)
Caused by: java.lang.NoClassDefFoundError: Could not initialize class com.fasterxml.jackson.databind.ObjectMapper
	at org.versly.rest.wsdoc.AnnotationProcessor.jsonSchemaFromTypeMirror(AnnotationProcessor.java:967)
	at org.versly.rest.wsdoc.AnnotationProcessor.buildResponseFormat(AnnotationProcessor.java:519)
	at org.versly.rest.wsdoc.AnnotationProcessor.processRequestMappingMethod(AnnotationProcessor.java:301)
	at org.versly.rest.wsdoc.AnnotationProcessor.processElements(AnnotationProcessor.java:176)
	at org.versly.rest.wsdoc.AnnotationProcessor.process(AnnotationProcessor.java:136)
	at jdk.compiler/com.sun.tools.javac.processing.JavacProcessingEnvironment.callProcessor(JavacProcessingEnvironment.java:985)
	at jdk.compiler/com.sun.tools.javac.processing.JavacProcessingEnvironment.discoverAndRunProcs(JavacProcessingEnvironment.java:901)
	at jdk.compiler/com.sun.tools.javac.processing.JavacProcessingEnvironment$Round.run(JavacProcessingEnvironment.java:1227)
	at jdk.compiler/com.sun.tools.javac.processing.JavacProcessingEnvironment.doProcessing(JavacProcessingEnvironment.java:1340)
	at jdk.compiler/com.sun.tools.javac.main.JavaCompiler.processAnnotations(JavaCompiler.java:1254)
	at jdk.compiler/com.sun.tools.javac.main.JavaCompiler.compile(JavaCompiler.java:936)
	at jdk.compiler/com.sun.tools.javac.api.JavacTaskImpl.lambda$doCall$0(JavacTaskImpl.java:104)
	at jdk.compiler/com.sun.tools.javac.api.JavacTaskImpl.handleExceptions(JavacTaskImpl.java:147)
	... 36 more

[ERROR] org.versly.rest.wsdoc.JaxRSRestAnnotationProcessorTest.assertPathVariableWithOverriddenName  Time elapsed: 0.27 s  <<< FAILURE!
java.lang.RuntimeException: java.lang.NoClassDefFoundError: Could not initialize class com.fasterxml.jackson.databind.ObjectMapper
	at jdk.compiler/com.sun.tools.javac.api.JavacTaskImpl.handleExceptions(JavacTaskImpl.java:163)
	at jdk.compiler/com.sun.tools.javac.api.JavacTaskImpl.doCall(JavacTaskImpl.java:100)
	at jdk.compiler/com.sun.tools.javac.api.JavacTaskImpl.call(JavacTaskImpl.java:94)
	at org.versly.rest.wsdoc.AbstractRestAnnotationProcessorTest.runAnnotationProcessor(AbstractRestAnnotationProcessorTest.java:140)
	at org.versly.rest.wsdoc.AbstractRestAnnotationProcessorTest.runAnnotationProcessor(AbstractRestAnnotationProcessorTest.java:113)
	at org.versly.rest.wsdoc.AbstractRestAnnotationProcessorTest.processResource(AbstractRestAnnotationProcessorTest.java:67)
	at org.versly.rest.wsdoc.AbstractRestAnnotationProcessorTest.processResource(AbstractRestAnnotationProcessorTest.java:60)
	at org.versly.rest.wsdoc.AbstractRestAnnotationProcessorTest.assertPathVariableWithOverriddenName(AbstractRestAnnotationProcessorTest.java:163)
	at java.base/jdk.internal.reflect.NativeMethodAccessorImpl.invoke0(Native Method)
	at java.base/jdk.internal.reflect.NativeMethodAccessorImpl.invoke(NativeMethodAccessorImpl.java:62)
	at java.base/jdk.internal.reflect.DelegatingMethodAccessorImpl.invoke(DelegatingMethodAccessorImpl.java:43)
	at java.base/java.lang.reflect.Method.invoke(Method.java:566)
	at org.testng.internal.MethodInvocationHelper.invokeMethod(MethodInvocationHelper.java:84)
	at org.testng.internal.Invoker.invokeMethod(Invoker.java:714)
	at org.testng.internal.Invoker.invokeTestMethod(Invoker.java:901)
	at org.testng.internal.Invoker.invokeTestMethods(Invoker.java:1231)
	at org.testng.internal.TestMethodWorker.invokeTestMethods(TestMethodWorker.java:127)
	at org.testng.internal.TestMethodWorker.run(TestMethodWorker.java:111)
	at org.testng.TestRunner.privateRun(TestRunner.java:767)
	at org.testng.TestRunner.run(TestRunner.java:617)
	at org.testng.SuiteRunner.runTest(SuiteRunner.java:348)
	at org.testng.SuiteRunner.runSequentially(SuiteRunner.java:343)
	at org.testng.SuiteRunner.privateRun(SuiteRunner.java:305)
	at org.testng.SuiteRunner.run(SuiteRunner.java:254)
	at org.testng.SuiteRunnerWorker.runSuite(SuiteRunnerWorker.java:52)
	at org.testng.SuiteRunnerWorker.run(SuiteRunnerWorker.java:86)
	at org.testng.TestNG.runSuitesSequentially(TestNG.java:1224)
	at org.testng.TestNG.runSuitesLocally(TestNG.java:1149)
	at org.testng.TestNG.run(TestNG.java:1057)
	at org.apache.maven.surefire.testng.TestNGExecutor.run(TestNGExecutor.java:155)
	at org.apache.maven.surefire.testng.TestNGDirectoryTestSuite.executeMulti(TestNGDirectoryTestSuite.java:169)
	at org.apache.maven.surefire.testng.TestNGDirectoryTestSuite.execute(TestNGDirectoryTestSuite.java:88)
	at org.apache.maven.surefire.testng.TestNGProvider.invoke(TestNGProvider.java:137)
	at org.apache.maven.surefire.booter.ForkedBooter.runSuitesInProcess(ForkedBooter.java:385)
	at org.apache.maven.surefire.booter.ForkedBooter.execute(ForkedBooter.java:162)
	at org.apache.maven.surefire.booter.ForkedBooter.run(ForkedBooter.java:507)
	at org.apache.maven.surefire.booter.ForkedBooter.main(ForkedBooter.java:495)
Caused by: java.lang.NoClassDefFoundError: Could not initialize class com.fasterxml.jackson.databind.ObjectMapper
	at org.versly.rest.wsdoc.AnnotationProcessor.jsonSchemaFromTypeMirror(AnnotationProcessor.java:967)
	at org.versly.rest.wsdoc.AnnotationProcessor.buildResponseFormat(AnnotationProcessor.java:519)
	at org.versly.rest.wsdoc.AnnotationProcessor.processRequestMappingMethod(AnnotationProcessor.java:301)
	at org.versly.rest.wsdoc.AnnotationProcessor.processElements(AnnotationProcessor.java:176)
	at org.versly.rest.wsdoc.AnnotationProcessor.process(AnnotationProcessor.java:136)
	at jdk.compiler/com.sun.tools.javac.processing.JavacProcessingEnvironment.callProcessor(JavacProcessingEnvironment.java:985)
	at jdk.compiler/com.sun.tools.javac.processing.JavacProcessingEnvironment.discoverAndRunProcs(JavacProcessingEnvironment.java:901)
	at jdk.compiler/com.sun.tools.javac.processing.JavacProcessingEnvironment$Round.run(JavacProcessingEnvironment.java:1227)
	at jdk.compiler/com.sun.tools.javac.processing.JavacProcessingEnvironment.doProcessing(JavacProcessingEnvironment.java:1340)
	at jdk.compiler/com.sun.tools.javac.main.JavaCompiler.processAnnotations(JavaCompiler.java:1254)
	at jdk.compiler/com.sun.tools.javac.main.JavaCompiler.compile(JavaCompiler.java:936)
	at jdk.compiler/com.sun.tools.javac.api.JavacTaskImpl.lambda$doCall$0(JavacTaskImpl.java:104)
	at jdk.compiler/com.sun.tools.javac.api.JavacTaskImpl.handleExceptions(JavacTaskImpl.java:147)
	... 36 more

[ERROR] org.versly.rest.wsdoc.JaxRSRestAnnotationProcessorTest.assertReturnValueComments  Time elapsed: 0.138 s  <<< FAILURE!
java.lang.RuntimeException: java.lang.NoClassDefFoundError: Could not initialize class com.fasterxml.jackson.databind.ObjectMapper
	at jdk.compiler/com.sun.tools.javac.api.JavacTaskImpl.handleExceptions(JavacTaskImpl.java:163)
	at jdk.compiler/com.sun.tools.javac.api.JavacTaskImpl.doCall(JavacTaskImpl.java:100)
	at jdk.compiler/com.sun.tools.javac.api.JavacTaskImpl.call(JavacTaskImpl.java:94)
	at org.versly.rest.wsdoc.AbstractRestAnnotationProcessorTest.runAnnotationProcessor(AbstractRestAnnotationProcessorTest.java:140)
	at org.versly.rest.wsdoc.AbstractRestAnnotationProcessorTest.runAnnotationProcessor(AbstractRestAnnotationProcessorTest.java:113)
	at org.versly.rest.wsdoc.AbstractRestAnnotationProcessorTest.processResource(AbstractRestAnnotationProcessorTest.java:67)
	at org.versly.rest.wsdoc.AbstractRestAnnotationProcessorTest.processResource(AbstractRestAnnotationProcessorTest.java:60)
	at org.versly.rest.wsdoc.AbstractRestAnnotationProcessorTest.assertReturnValueComments(AbstractRestAnnotationProcessorTest.java:155)
	at java.base/jdk.internal.reflect.NativeMethodAccessorImpl.invoke0(Native Method)
	at java.base/jdk.internal.reflect.NativeMethodAccessorImpl.invoke(NativeMethodAccessorImpl.java:62)
	at java.base/jdk.internal.reflect.DelegatingMethodAccessorImpl.invoke(DelegatingMethodAccessorImpl.java:43)
	at java.base/java.lang.reflect.Method.invoke(Method.java:566)
	at org.testng.internal.MethodInvocationHelper.invokeMethod(MethodInvocationHelper.java:84)
	at org.testng.internal.Invoker.invokeMethod(Invoker.java:714)
	at org.testng.internal.Invoker.invokeTestMethod(Invoker.java:901)
	at org.testng.internal.Invoker.invokeTestMethods(Invoker.java:1231)
	at org.testng.internal.TestMethodWorker.invokeTestMethods(TestMethodWorker.java:127)
	at org.testng.internal.TestMethodWorker.run(TestMethodWorker.java:111)
	at org.testng.TestRunner.privateRun(TestRunner.java:767)
	at org.testng.TestRunner.run(TestRunner.java:617)
	at org.testng.SuiteRunner.runTest(SuiteRunner.java:348)
	at org.testng.SuiteRunner.runSequentially(SuiteRunner.java:343)
	at org.testng.SuiteRunner.privateRun(SuiteRunner.java:305)
	at org.testng.SuiteRunner.run(SuiteRunner.java:254)
	at org.testng.SuiteRunnerWorker.runSuite(SuiteRunnerWorker.java:52)
	at org.testng.SuiteRunnerWorker.run(SuiteRunnerWorker.java:86)
	at org.testng.TestNG.runSuitesSequentially(TestNG.java:1224)
	at org.testng.TestNG.runSuitesLocally(TestNG.java:1149)
	at org.testng.TestNG.run(TestNG.java:1057)
	at org.apache.maven.surefire.testng.TestNGExecutor.run(TestNGExecutor.java:155)
	at org.apache.maven.surefire.testng.TestNGDirectoryTestSuite.executeMulti(TestNGDirectoryTestSuite.java:169)
	at org.apache.maven.surefire.testng.TestNGDirectoryTestSuite.execute(TestNGDirectoryTestSuite.java:88)
	at org.apache.maven.surefire.testng.TestNGProvider.invoke(TestNGProvider.java:137)
	at org.apache.maven.surefire.booter.ForkedBooter.runSuitesInProcess(ForkedBooter.java:385)
	at org.apache.maven.surefire.booter.ForkedBooter.execute(ForkedBooter.java:162)
	at org.apache.maven.surefire.booter.ForkedBooter.run(ForkedBooter.java:507)
	at org.apache.maven.surefire.booter.ForkedBooter.main(ForkedBooter.java:495)
Caused by: java.lang.NoClassDefFoundError: Could not initialize class com.fasterxml.jackson.databind.ObjectMapper
	at org.versly.rest.wsdoc.AnnotationProcessor.jsonSchemaFromTypeMirror(AnnotationProcessor.java:967)
	at org.versly.rest.wsdoc.AnnotationProcessor.buildResponseFormat(AnnotationProcessor.java:519)
	at org.versly.rest.wsdoc.AnnotationProcessor.processRequestMappingMethod(AnnotationProcessor.java:301)
	at org.versly.rest.wsdoc.AnnotationProcessor.processElements(AnnotationProcessor.java:176)
	at org.versly.rest.wsdoc.AnnotationProcessor.process(AnnotationProcessor.java:136)
	at jdk.compiler/com.sun.tools.javac.processing.JavacProcessingEnvironment.callProcessor(JavacProcessingEnvironment.java:985)
	at jdk.compiler/com.sun.tools.javac.processing.JavacProcessingEnvironment.discoverAndRunProcs(JavacProcessingEnvironment.java:901)
	at jdk.compiler/com.sun.tools.javac.processing.JavacProcessingEnvironment$Round.run(JavacProcessingEnvironment.java:1227)
	at jdk.compiler/com.sun.tools.javac.processing.JavacProcessingEnvironment.doProcessing(JavacProcessingEnvironment.java:1340)
	at jdk.compiler/com.sun.tools.javac.main.JavaCompiler.processAnnotations(JavaCompiler.java:1254)
	at jdk.compiler/com.sun.tools.javac.main.JavaCompiler.compile(JavaCompiler.java:936)
	at jdk.compiler/com.sun.tools.javac.api.JavacTaskImpl.lambda$doCall$0(JavacTaskImpl.java:104)
	at jdk.compiler/com.sun.tools.javac.api.JavacTaskImpl.handleExceptions(JavacTaskImpl.java:147)
	... 36 more

[ERROR] org.versly.rest.wsdoc.JaxRSRestAnnotationProcessorTest.assertUuidIsNotTraversedInto  Time elapsed: 0.122 s  <<< FAILURE!
java.lang.RuntimeException: java.lang.NoClassDefFoundError: Could not initialize class com.fasterxml.jackson.databind.ObjectMapper
	at jdk.compiler/com.sun.tools.javac.api.JavacTaskImpl.handleExceptions(JavacTaskImpl.java:163)
	at jdk.compiler/com.sun.tools.javac.api.JavacTaskImpl.doCall(JavacTaskImpl.java:100)
	at jdk.compiler/com.sun.tools.javac.api.JavacTaskImpl.call(JavacTaskImpl.java:94)
	at org.versly.rest.wsdoc.AbstractRestAnnotationProcessorTest.runAnnotationProcessor(AbstractRestAnnotationProcessorTest.java:140)
	at org.versly.rest.wsdoc.AbstractRestAnnotationProcessorTest.runAnnotationProcessor(AbstractRestAnnotationProcessorTest.java:113)
	at org.versly.rest.wsdoc.AbstractRestAnnotationProcessorTest.processResource(AbstractRestAnnotationProcessorTest.java:67)
	at org.versly.rest.wsdoc.AbstractRestAnnotationProcessorTest.processResource(AbstractRestAnnotationProcessorTest.java:60)
	at org.versly.rest.wsdoc.AbstractRestAnnotationProcessorTest.assertUuidIsNotTraversedInto(AbstractRestAnnotationProcessorTest.java:185)
	at java.base/jdk.internal.reflect.NativeMethodAccessorImpl.invoke0(Native Method)
	at java.base/jdk.internal.reflect.NativeMethodAccessorImpl.invoke(NativeMethodAccessorImpl.java:62)
	at java.base/jdk.internal.reflect.DelegatingMethodAccessorImpl.invoke(DelegatingMethodAccessorImpl.java:43)
	at java.base/java.lang.reflect.Method.invoke(Method.java:566)
	at org.testng.internal.MethodInvocationHelper.invokeMethod(MethodInvocationHelper.java:84)
	at org.testng.internal.Invoker.invokeMethod(Invoker.java:714)
	at org.testng.internal.Invoker.invokeTestMethod(Invoker.java:901)
	at org.testng.internal.Invoker.invokeTestMethods(Invoker.java:1231)
	at org.testng.internal.TestMethodWorker.invokeTestMethods(TestMethodWorker.java:127)
	at org.testng.internal.TestMethodWorker.run(TestMethodWorker.java:111)
	at org.testng.TestRunner.privateRun(TestRunner.java:767)
	at org.testng.TestRunner.run(TestRunner.java:617)
	at org.testng.SuiteRunner.runTest(SuiteRunner.java:348)
	at org.testng.SuiteRunner.runSequentially(SuiteRunner.java:343)
	at org.testng.SuiteRunner.privateRun(SuiteRunner.java:305)
	at org.testng.SuiteRunner.run(SuiteRunner.java:254)
	at org.testng.SuiteRunnerWorker.runSuite(SuiteRunnerWorker.java:52)
	at org.testng.SuiteRunnerWorker.run(SuiteRunnerWorker.java:86)
	at org.testng.TestNG.runSuitesSequentially(TestNG.java:1224)
	at org.testng.TestNG.runSuitesLocally(TestNG.java:1149)
	at org.testng.TestNG.run(TestNG.java:1057)
	at org.apache.maven.surefire.testng.TestNGExecutor.run(TestNGExecutor.java:155)
	at org.apache.maven.surefire.testng.TestNGDirectoryTestSuite.executeMulti(TestNGDirectoryTestSuite.java:169)
	at org.apache.maven.surefire.testng.TestNGDirectoryTestSuite.execute(TestNGDirectoryTestSuite.java:88)
	at org.apache.maven.surefire.testng.TestNGProvider.invoke(TestNGProvider.java:137)
	at org.apache.maven.surefire.booter.ForkedBooter.runSuitesInProcess(ForkedBooter.java:385)
	at org.apache.maven.surefire.booter.ForkedBooter.execute(ForkedBooter.java:162)
	at org.apache.maven.surefire.booter.ForkedBooter.run(ForkedBooter.java:507)
	at org.apache.maven.surefire.booter.ForkedBooter.main(ForkedBooter.java:495)
Caused by: java.lang.NoClassDefFoundError: Could not initialize class com.fasterxml.jackson.databind.ObjectMapper
	at org.versly.rest.wsdoc.AnnotationProcessor.jsonSchemaFromTypeMirror(AnnotationProcessor.java:967)
	at org.versly.rest.wsdoc.AnnotationProcessor.buildResponseFormat(AnnotationProcessor.java:519)
	at org.versly.rest.wsdoc.AnnotationProcessor.processRequestMappingMethod(AnnotationProcessor.java:301)
	at org.versly.rest.wsdoc.AnnotationProcessor.processElements(AnnotationProcessor.java:176)
	at org.versly.rest.wsdoc.AnnotationProcessor.process(AnnotationProcessor.java:136)
	at jdk.compiler/com.sun.tools.javac.processing.JavacProcessingEnvironment.callProcessor(JavacProcessingEnvironment.java:985)
	at jdk.compiler/com.sun.tools.javac.processing.JavacProcessingEnvironment.discoverAndRunProcs(JavacProcessingEnvironment.java:901)
	at jdk.compiler/com.sun.tools.javac.processing.JavacProcessingEnvironment$Round.run(JavacProcessingEnvironment.java:1227)
	at jdk.compiler/com.sun.tools.javac.processing.JavacProcessingEnvironment.doProcessing(JavacProcessingEnvironment.java:1340)
	at jdk.compiler/com.sun.tools.javac.main.JavaCompiler.processAnnotations(JavaCompiler.java:1254)
	at jdk.compiler/com.sun.tools.javac.main.JavaCompiler.compile(JavaCompiler.java:936)
	at jdk.compiler/com.sun.tools.javac.api.JavacTaskImpl.lambda$doCall$0(JavacTaskImpl.java:104)
	at jdk.compiler/com.sun.tools.javac.api.JavacTaskImpl.handleExceptions(JavacTaskImpl.java:147)
	... 36 more

[ERROR] org.versly.rest.wsdoc.JaxRSRestAnnotationProcessorTest.genericTypeResolution  Time elapsed: 0.133 s  <<< FAILURE!
java.lang.RuntimeException: java.lang.NoClassDefFoundError: Could not initialize class com.fasterxml.jackson.databind.ObjectMapper
	at jdk.compiler/com.sun.tools.javac.api.JavacTaskImpl.handleExceptions(JavacTaskImpl.java:163)
	at jdk.compiler/com.sun.tools.javac.api.JavacTaskImpl.doCall(JavacTaskImpl.java:100)
	at jdk.compiler/com.sun.tools.javac.api.JavacTaskImpl.call(JavacTaskImpl.java:94)
	at org.versly.rest.wsdoc.AbstractRestAnnotationProcessorTest.runAnnotationProcessor(AbstractRestAnnotationProcessorTest.java:140)
	at org.versly.rest.wsdoc.AbstractRestAnnotationProcessorTest.runAnnotationProcessor(AbstractRestAnnotationProcessorTest.java:113)
	at org.versly.rest.wsdoc.AbstractRestAnnotationProcessorTest.processResource(AbstractRestAnnotationProcessorTest.java:67)
	at org.versly.rest.wsdoc.AbstractRestAnnotationProcessorTest.processResource(AbstractRestAnnotationProcessorTest.java:60)
	at org.versly.rest.wsdoc.AbstractRestAnnotationProcessorTest.genericTypeResolution(AbstractRestAnnotationProcessorTest.java:268)
	at java.base/jdk.internal.reflect.NativeMethodAccessorImpl.invoke0(Native Method)
	at java.base/jdk.internal.reflect.NativeMethodAccessorImpl.invoke(NativeMethodAccessorImpl.java:62)
	at java.base/jdk.internal.reflect.DelegatingMethodAccessorImpl.invoke(DelegatingMethodAccessorImpl.java:43)
	at java.base/java.lang.reflect.Method.invoke(Method.java:566)
	at org.testng.internal.MethodInvocationHelper.invokeMethod(MethodInvocationHelper.java:84)
	at org.testng.internal.Invoker.invokeMethod(Invoker.java:714)
	at org.testng.internal.Invoker.invokeTestMethod(Invoker.java:901)
	at org.testng.internal.Invoker.invokeTestMethods(Invoker.java:1231)
	at org.testng.internal.TestMethodWorker.invokeTestMethods(TestMethodWorker.java:127)
	at org.testng.internal.TestMethodWorker.run(TestMethodWorker.java:111)
	at org.testng.TestRunner.privateRun(TestRunner.java:767)
	at org.testng.TestRunner.run(TestRunner.java:617)
	at org.testng.SuiteRunner.runTest(SuiteRunner.java:348)
	at org.testng.SuiteRunner.runSequentially(SuiteRunner.java:343)
	at org.testng.SuiteRunner.privateRun(SuiteRunner.java:305)
	at org.testng.SuiteRunner.run(SuiteRunner.java:254)
	at org.testng.SuiteRunnerWorker.runSuite(SuiteRunnerWorker.java:52)
	at org.testng.SuiteRunnerWorker.run(SuiteRunnerWorker.java:86)
	at org.testng.TestNG.runSuitesSequentially(TestNG.java:1224)
	at org.testng.TestNG.runSuitesLocally(TestNG.java:1149)
	at org.testng.TestNG.run(TestNG.java:1057)
	at org.apache.maven.surefire.testng.TestNGExecutor.run(TestNGExecutor.java:155)
	at org.apache.maven.surefire.testng.TestNGDirectoryTestSuite.executeMulti(TestNGDirectoryTestSuite.java:169)
	at org.apache.maven.surefire.testng.TestNGDirectoryTestSuite.execute(TestNGDirectoryTestSuite.java:88)
	at org.apache.maven.surefire.testng.TestNGProvider.invoke(TestNGProvider.java:137)
	at org.apache.maven.surefire.booter.ForkedBooter.runSuitesInProcess(ForkedBooter.java:385)
	at org.apache.maven.surefire.booter.ForkedBooter.execute(ForkedBooter.java:162)
	at org.apache.maven.surefire.booter.ForkedBooter.run(ForkedBooter.java:507)
	at org.apache.maven.surefire.booter.ForkedBooter.main(ForkedBooter.java:495)
Caused by: java.lang.NoClassDefFoundError: Could not initialize class com.fasterxml.jackson.databind.ObjectMapper
	at org.versly.rest.wsdoc.AnnotationProcessor.jsonSchemaFromTypeMirror(AnnotationProcessor.java:967)
	at org.versly.rest.wsdoc.AnnotationProcessor.buildResponseFormat(AnnotationProcessor.java:519)
	at org.versly.rest.wsdoc.AnnotationProcessor.processRequestMappingMethod(AnnotationProcessor.java:301)
	at org.versly.rest.wsdoc.AnnotationProcessor.processElements(AnnotationProcessor.java:176)
	at org.versly.rest.wsdoc.AnnotationProcessor.process(AnnotationProcessor.java:136)
	at jdk.compiler/com.sun.tools.javac.processing.JavacProcessingEnvironment.callProcessor(JavacProcessingEnvironment.java:985)
	at jdk.compiler/com.sun.tools.javac.processing.JavacProcessingEnvironment.discoverAndRunProcs(JavacProcessingEnvironment.java:901)
	at jdk.compiler/com.sun.tools.javac.processing.JavacProcessingEnvironment$Round.run(JavacProcessingEnvironment.java:1227)
	at jdk.compiler/com.sun.tools.javac.processing.JavacProcessingEnvironment.doProcessing(JavacProcessingEnvironment.java:1340)
	at jdk.compiler/com.sun.tools.javac.main.JavaCompiler.processAnnotations(JavaCompiler.java:1254)
	at jdk.compiler/com.sun.tools.javac.main.JavaCompiler.compile(JavaCompiler.java:936)
	at jdk.compiler/com.sun.tools.javac.api.JavacTaskImpl.lambda$doCall$0(JavacTaskImpl.java:104)
	at jdk.compiler/com.sun.tools.javac.api.JavacTaskImpl.handleExceptions(JavacTaskImpl.java:147)
	... 36 more

[ERROR] org.versly.rest.wsdoc.JaxRSRestAnnotationProcessorTest.testEnumsTypesInPathForRaml  Time elapsed: 0.102 s  <<< FAILURE!
java.lang.RuntimeException: java.lang.NoClassDefFoundError: Could not initialize class com.fasterxml.jackson.databind.ObjectMapper
	at jdk.compiler/com.sun.tools.javac.api.JavacTaskImpl.handleExceptions(JavacTaskImpl.java:163)
	at jdk.compiler/com.sun.tools.javac.api.JavacTaskImpl.doCall(JavacTaskImpl.java:100)
	at jdk.compiler/com.sun.tools.javac.api.JavacTaskImpl.call(JavacTaskImpl.java:94)
	at org.versly.rest.wsdoc.AbstractRestAnnotationProcessorTest.runAnnotationProcessor(AbstractRestAnnotationProcessorTest.java:140)
	at org.versly.rest.wsdoc.AbstractRestAnnotationProcessorTest.runAnnotationProcessor(AbstractRestAnnotationProcessorTest.java:113)
	at org.versly.rest.wsdoc.AbstractRestAnnotationProcessorTest.processResource(AbstractRestAnnotationProcessorTest.java:67)
	at org.versly.rest.wsdoc.AbstractRestAnnotationProcessorTest.processResource(AbstractRestAnnotationProcessorTest.java:60)
	at org.versly.rest.wsdoc.AbstractRestAnnotationProcessorTest.testEnumsTypesInPathForRaml(AbstractRestAnnotationProcessorTest.java:331)
	at java.base/jdk.internal.reflect.NativeMethodAccessorImpl.invoke0(Native Method)
	at java.base/jdk.internal.reflect.NativeMethodAccessorImpl.invoke(NativeMethodAccessorImpl.java:62)
	at java.base/jdk.internal.reflect.DelegatingMethodAccessorImpl.invoke(DelegatingMethodAccessorImpl.java:43)
	at java.base/java.lang.reflect.Method.invoke(Method.java:566)
	at org.testng.internal.MethodInvocationHelper.invokeMethod(MethodInvocationHelper.java:84)
	at org.testng.internal.Invoker.invokeMethod(Invoker.java:714)
	at org.testng.internal.Invoker.invokeTestMethod(Invoker.java:901)
	at org.testng.internal.Invoker.invokeTestMethods(Invoker.java:1231)
	at org.testng.internal.TestMethodWorker.invokeTestMethods(TestMethodWorker.java:127)
	at org.testng.internal.TestMethodWorker.run(TestMethodWorker.java:111)
	at org.testng.TestRunner.privateRun(TestRunner.java:767)
	at org.testng.TestRunner.run(TestRunner.java:617)
	at org.testng.SuiteRunner.runTest(SuiteRunner.java:348)
	at org.testng.SuiteRunner.runSequentially(SuiteRunner.java:343)
	at org.testng.SuiteRunner.privateRun(SuiteRunner.java:305)
	at org.testng.SuiteRunner.run(SuiteRunner.java:254)
	at org.testng.SuiteRunnerWorker.runSuite(SuiteRunnerWorker.java:52)
	at org.testng.SuiteRunnerWorker.run(SuiteRunnerWorker.java:86)
	at org.testng.TestNG.runSuitesSequentially(TestNG.java:1224)
	at org.testng.TestNG.runSuitesLocally(TestNG.java:1149)
	at org.testng.TestNG.run(TestNG.java:1057)
	at org.apache.maven.surefire.testng.TestNGExecutor.run(TestNGExecutor.java:155)
	at org.apache.maven.surefire.testng.TestNGDirectoryTestSuite.executeMulti(TestNGDirectoryTestSuite.java:169)
	at org.apache.maven.surefire.testng.TestNGDirectoryTestSuite.execute(TestNGDirectoryTestSuite.java:88)
	at org.apache.maven.surefire.testng.TestNGProvider.invoke(TestNGProvider.java:137)
	at org.apache.maven.surefire.booter.ForkedBooter.runSuitesInProcess(ForkedBooter.java:385)
	at org.apache.maven.surefire.booter.ForkedBooter.execute(ForkedBooter.java:162)
	at org.apache.maven.surefire.booter.ForkedBooter.run(ForkedBooter.java:507)
	at org.apache.maven.surefire.booter.ForkedBooter.main(ForkedBooter.java:495)
Caused by: java.lang.NoClassDefFoundError: Could not initialize class com.fasterxml.jackson.databind.ObjectMapper
	at org.versly.rest.wsdoc.AnnotationProcessor.jsonSchemaFromTypeMirror(AnnotationProcessor.java:967)
	at org.versly.rest.wsdoc.AnnotationProcessor.buildResponseFormat(AnnotationProcessor.java:519)
	at org.versly.rest.wsdoc.AnnotationProcessor.processRequestMappingMethod(AnnotationProcessor.java:301)
	at org.versly.rest.wsdoc.AnnotationProcessor.processElements(AnnotationProcessor.java:176)
	at org.versly.rest.wsdoc.AnnotationProcessor.process(AnnotationProcessor.java:136)
	at jdk.compiler/com.sun.tools.javac.processing.JavacProcessingEnvironment.callProcessor(JavacProcessingEnvironment.java:985)
	at jdk.compiler/com.sun.tools.javac.processing.JavacProcessingEnvironment.discoverAndRunProcs(JavacProcessingEnvironment.java:901)
	at jdk.compiler/com.sun.tools.javac.processing.JavacProcessingEnvironment$Round.run(JavacProcessingEnvironment.java:1227)
	at jdk.compiler/com.sun.tools.javac.processing.JavacProcessingEnvironment.doProcessing(JavacProcessingEnvironment.java:1340)
	at jdk.compiler/com.sun.tools.javac.main.JavaCompiler.processAnnotations(JavaCompiler.java:1254)
	at jdk.compiler/com.sun.tools.javac.main.JavaCompiler.compile(JavaCompiler.java:936)
	at jdk.compiler/com.sun.tools.javac.api.JavacTaskImpl.lambda$doCall$0(JavacTaskImpl.java:104)
	at jdk.compiler/com.sun.tools.javac.api.JavacTaskImpl.handleExceptions(JavacTaskImpl.java:147)
	... 36 more

[ERROR] org.versly.rest.wsdoc.JaxRSRestAnnotationProcessorTest.testEnumsTypesQueryForRaml  Time elapsed: 0.093 s  <<< FAILURE!
java.lang.RuntimeException: java.lang.NoClassDefFoundError: Could not initialize class com.fasterxml.jackson.databind.ObjectMapper
	at jdk.compiler/com.sun.tools.javac.api.JavacTaskImpl.handleExceptions(JavacTaskImpl.java:163)
	at jdk.compiler/com.sun.tools.javac.api.JavacTaskImpl.doCall(JavacTaskImpl.java:100)
	at jdk.compiler/com.sun.tools.javac.api.JavacTaskImpl.call(JavacTaskImpl.java:94)
	at org.versly.rest.wsdoc.AbstractRestAnnotationProcessorTest.runAnnotationProcessor(AbstractRestAnnotationProcessorTest.java:140)
	at org.versly.rest.wsdoc.AbstractRestAnnotationProcessorTest.runAnnotationProcessor(AbstractRestAnnotationProcessorTest.java:113)
	at org.versly.rest.wsdoc.AbstractRestAnnotationProcessorTest.processResource(AbstractRestAnnotationProcessorTest.java:67)
	at org.versly.rest.wsdoc.AbstractRestAnnotationProcessorTest.processResource(AbstractRestAnnotationProcessorTest.java:60)
	at org.versly.rest.wsdoc.AbstractRestAnnotationProcessorTest.testEnumsTypesQueryForRaml(AbstractRestAnnotationProcessorTest.java:315)
	at java.base/jdk.internal.reflect.NativeMethodAccessorImpl.invoke0(Native Method)
	at java.base/jdk.internal.reflect.NativeMethodAccessorImpl.invoke(NativeMethodAccessorImpl.java:62)
	at java.base/jdk.internal.reflect.DelegatingMethodAccessorImpl.invoke(DelegatingMethodAccessorImpl.java:43)
	at java.base/java.lang.reflect.Method.invoke(Method.java:566)
	at org.testng.internal.MethodInvocationHelper.invokeMethod(MethodInvocationHelper.java:84)
	at org.testng.internal.Invoker.invokeMethod(Invoker.java:714)
	at org.testng.internal.Invoker.invokeTestMethod(Invoker.java:901)
	at org.testng.internal.Invoker.invokeTestMethods(Invoker.java:1231)
	at org.testng.internal.TestMethodWorker.invokeTestMethods(TestMethodWorker.java:127)
	at org.testng.internal.TestMethodWorker.run(TestMethodWorker.java:111)
	at org.testng.TestRunner.privateRun(TestRunner.java:767)
	at org.testng.TestRunner.run(TestRunner.java:617)
	at org.testng.SuiteRunner.runTest(SuiteRunner.java:348)
	at org.testng.SuiteRunner.runSequentially(SuiteRunner.java:343)
	at org.testng.SuiteRunner.privateRun(SuiteRunner.java:305)
	at org.testng.SuiteRunner.run(SuiteRunner.java:254)
	at org.testng.SuiteRunnerWorker.runSuite(SuiteRunnerWorker.java:52)
	at org.testng.SuiteRunnerWorker.run(SuiteRunnerWorker.java:86)
	at org.testng.TestNG.runSuitesSequentially(TestNG.java:1224)
	at org.testng.TestNG.runSuitesLocally(TestNG.java:1149)
	at org.testng.TestNG.run(TestNG.java:1057)
	at org.apache.maven.surefire.testng.TestNGExecutor.run(TestNGExecutor.java:155)
	at org.apache.maven.surefire.testng.TestNGDirectoryTestSuite.executeMulti(TestNGDirectoryTestSuite.java:169)
	at org.apache.maven.surefire.testng.TestNGDirectoryTestSuite.execute(TestNGDirectoryTestSuite.java:88)
	at org.apache.maven.surefire.testng.TestNGProvider.invoke(TestNGProvider.java:137)
	at org.apache.maven.surefire.booter.ForkedBooter.runSuitesInProcess(ForkedBooter.java:385)
	at org.apache.maven.surefire.booter.ForkedBooter.execute(ForkedBooter.java:162)
	at org.apache.maven.surefire.booter.ForkedBooter.run(ForkedBooter.java:507)
	at org.apache.maven.surefire.booter.ForkedBooter.main(ForkedBooter.java:495)
Caused by: java.lang.NoClassDefFoundError: Could not initialize class com.fasterxml.jackson.databind.ObjectMapper
	at org.versly.rest.wsdoc.AnnotationProcessor.jsonSchemaFromTypeMirror(AnnotationProcessor.java:967)
	at org.versly.rest.wsdoc.AnnotationProcessor.buildResponseFormat(AnnotationProcessor.java:519)
	at org.versly.rest.wsdoc.AnnotationProcessor.processRequestMappingMethod(AnnotationProcessor.java:301)
	at org.versly.rest.wsdoc.AnnotationProcessor.processElements(AnnotationProcessor.java:176)
	at org.versly.rest.wsdoc.AnnotationProcessor.process(AnnotationProcessor.java:136)
	at jdk.compiler/com.sun.tools.javac.processing.JavacProcessingEnvironment.callProcessor(JavacProcessingEnvironment.java:985)
	at jdk.compiler/com.sun.tools.javac.processing.JavacProcessingEnvironment.discoverAndRunProcs(JavacProcessingEnvironment.java:901)
	at jdk.compiler/com.sun.tools.javac.processing.JavacProcessingEnvironment$Round.run(JavacProcessingEnvironment.java:1227)
	at jdk.compiler/com.sun.tools.javac.processing.JavacProcessingEnvironment.doProcessing(JavacProcessingEnvironment.java:1340)
	at jdk.compiler/com.sun.tools.javac.main.JavaCompiler.processAnnotations(JavaCompiler.java:1254)
	at jdk.compiler/com.sun.tools.javac.main.JavaCompiler.compile(JavaCompiler.java:936)
	at jdk.compiler/com.sun.tools.javac.api.JavacTaskImpl.lambda$doCall$0(JavacTaskImpl.java:104)
	at jdk.compiler/com.sun.tools.javac.api.JavacTaskImpl.handleExceptions(JavacTaskImpl.java:147)
	... 36 more

[ERROR] org.versly.rest.wsdoc.JaxRSRestAnnotationProcessorTest.assertRequestBody  Time elapsed: 0.043 s  <<< FAILURE!
java.lang.RuntimeException: java.lang.NoClassDefFoundError: Could not initialize class com.fasterxml.jackson.databind.ObjectMapper
	at jdk.compiler/com.sun.tools.javac.api.JavacTaskImpl.handleExceptions(JavacTaskImpl.java:163)
	at jdk.compiler/com.sun.tools.javac.api.JavacTaskImpl.doCall(JavacTaskImpl.java:100)
	at jdk.compiler/com.sun.tools.javac.api.JavacTaskImpl.call(JavacTaskImpl.java:94)
	at org.versly.rest.wsdoc.AbstractRestAnnotationProcessorTest.runAnnotationProcessor(AbstractRestAnnotationProcessorTest.java:140)
	at org.versly.rest.wsdoc.AbstractRestAnnotationProcessorTest.runAnnotationProcessor(AbstractRestAnnotationProcessorTest.java:113)
	at org.versly.rest.wsdoc.AbstractRestAnnotationProcessorTest.processResource(AbstractRestAnnotationProcessorTest.java:67)
	at org.versly.rest.wsdoc.AbstractRestAnnotationProcessorTest.processResource(AbstractRestAnnotationProcessorTest.java:60)
	at org.versly.rest.wsdoc.JaxRSRestAnnotationProcessorTest.assertRequestBody(JaxRSRestAnnotationProcessorTest.java:72)
	at java.base/jdk.internal.reflect.NativeMethodAccessorImpl.invoke0(Native Method)
	at java.base/jdk.internal.reflect.NativeMethodAccessorImpl.invoke(NativeMethodAccessorImpl.java:62)
	at java.base/jdk.internal.reflect.DelegatingMethodAccessorImpl.invoke(DelegatingMethodAccessorImpl.java:43)
	at java.base/java.lang.reflect.Method.invoke(Method.java:566)
	at org.testng.internal.MethodInvocationHelper.invokeMethod(MethodInvocationHelper.java:84)
	at org.testng.internal.Invoker.invokeMethod(Invoker.java:714)
	at org.testng.internal.Invoker.invokeTestMethod(Invoker.java:901)
	at org.testng.internal.Invoker.invokeTestMethods(Invoker.java:1231)
	at org.testng.internal.TestMethodWorker.invokeTestMethods(TestMethodWorker.java:127)
	at org.testng.internal.TestMethodWorker.run(TestMethodWorker.java:111)
	at org.testng.TestRunner.privateRun(TestRunner.java:767)
	at org.testng.TestRunner.run(TestRunner.java:617)
	at org.testng.SuiteRunner.runTest(SuiteRunner.java:348)
	at org.testng.SuiteRunner.runSequentially(SuiteRunner.java:343)
	at org.testng.SuiteRunner.privateRun(SuiteRunner.java:305)
	at org.testng.SuiteRunner.run(SuiteRunner.java:254)
	at org.testng.SuiteRunnerWorker.runSuite(SuiteRunnerWorker.java:52)
	at org.testng.SuiteRunnerWorker.run(SuiteRunnerWorker.java:86)
	at org.testng.TestNG.runSuitesSequentially(TestNG.java:1224)
	at org.testng.TestNG.runSuitesLocally(TestNG.java:1149)
	at org.testng.TestNG.run(TestNG.java:1057)
	at org.apache.maven.surefire.testng.TestNGExecutor.run(TestNGExecutor.java:155)
	at org.apache.maven.surefire.testng.TestNGDirectoryTestSuite.executeMulti(TestNGDirectoryTestSuite.java:169)
	at org.apache.maven.surefire.testng.TestNGDirectoryTestSuite.execute(TestNGDirectoryTestSuite.java:88)
	at org.apache.maven.surefire.testng.TestNGProvider.invoke(TestNGProvider.java:137)
	at org.apache.maven.surefire.booter.ForkedBooter.runSuitesInProcess(ForkedBooter.java:385)
	at org.apache.maven.surefire.booter.ForkedBooter.execute(ForkedBooter.java:162)
	at org.apache.maven.surefire.booter.ForkedBooter.run(ForkedBooter.java:507)
	at org.apache.maven.surefire.booter.ForkedBooter.main(ForkedBooter.java:495)
Caused by: java.lang.NoClassDefFoundError: Could not initialize class com.fasterxml.jackson.databind.ObjectMapper
	at org.versly.rest.wsdoc.AnnotationProcessor.jsonSchemaFromTypeMirror(AnnotationProcessor.java:967)
	at org.versly.rest.wsdoc.AnnotationProcessor.buildRequestBody(AnnotationProcessor.java:376)
	at org.versly.rest.wsdoc.AnnotationProcessor.buildRequestBodies(AnnotationProcessor.java:371)
	at org.versly.rest.wsdoc.AnnotationProcessor.buildParameterData(AnnotationProcessor.java:341)
	at org.versly.rest.wsdoc.AnnotationProcessor.processRequestMappingMethod(AnnotationProcessor.java:298)
	at org.versly.rest.wsdoc.AnnotationProcessor.processElements(AnnotationProcessor.java:176)
	at org.versly.rest.wsdoc.AnnotationProcessor.process(AnnotationProcessor.java:136)
	at jdk.compiler/com.sun.tools.javac.processing.JavacProcessingEnvironment.callProcessor(JavacProcessingEnvironment.java:985)
	at jdk.compiler/com.sun.tools.javac.processing.JavacProcessingEnvironment.discoverAndRunProcs(JavacProcessingEnvironment.java:901)
	at jdk.compiler/com.sun.tools.javac.processing.JavacProcessingEnvironment$Round.run(JavacProcessingEnvironment.java:1227)
	at jdk.compiler/com.sun.tools.javac.processing.JavacProcessingEnvironment.doProcessing(JavacProcessingEnvironment.java:1340)
	at jdk.compiler/com.sun.tools.javac.main.JavaCompiler.processAnnotations(JavaCompiler.java:1254)
	at jdk.compiler/com.sun.tools.javac.main.JavaCompiler.compile(JavaCompiler.java:936)
	at jdk.compiler/com.sun.tools.javac.api.JavacTaskImpl.lambda$doCall$0(JavacTaskImpl.java:104)
	at jdk.compiler/com.sun.tools.javac.api.JavacTaskImpl.handleExceptions(JavacTaskImpl.java:147)
	... 36 more

[ERROR] org.versly.rest.wsdoc.SpringMVCRestAnnotationProcessorTest.assertGenericResponse  Time elapsed: 0.045 s  <<< FAILURE!
java.lang.RuntimeException: java.lang.NoClassDefFoundError: Could not initialize class com.fasterxml.jackson.databind.ObjectMapper
	at jdk.compiler/com.sun.tools.javac.api.JavacTaskImpl.handleExceptions(JavacTaskImpl.java:163)
	at jdk.compiler/com.sun.tools.javac.api.JavacTaskImpl.doCall(JavacTaskImpl.java:100)
	at jdk.compiler/com.sun.tools.javac.api.JavacTaskImpl.call(JavacTaskImpl.java:94)
	at org.versly.rest.wsdoc.AbstractRestAnnotationProcessorTest.runAnnotationProcessor(AbstractRestAnnotationProcessorTest.java:140)
	at org.versly.rest.wsdoc.AbstractRestAnnotationProcessorTest.runAnnotationProcessor(AbstractRestAnnotationProcessorTest.java:113)
	at org.versly.rest.wsdoc.AbstractRestAnnotationProcessorTest.processResource(AbstractRestAnnotationProcessorTest.java:67)
	at org.versly.rest.wsdoc.AbstractRestAnnotationProcessorTest.processResource(AbstractRestAnnotationProcessorTest.java:60)
	at org.versly.rest.wsdoc.AbstractRestAnnotationProcessorTest.assertGenericResponse(AbstractRestAnnotationProcessorTest.java:237)
	at java.base/jdk.internal.reflect.NativeMethodAccessorImpl.invoke0(Native Method)
	at java.base/jdk.internal.reflect.NativeMethodAccessorImpl.invoke(NativeMethodAccessorImpl.java:62)
	at java.base/jdk.internal.reflect.DelegatingMethodAccessorImpl.invoke(DelegatingMethodAccessorImpl.java:43)
	at java.base/java.lang.reflect.Method.invoke(Method.java:566)
	at org.testng.internal.MethodInvocationHelper.invokeMethod(MethodInvocationHelper.java:84)
	at org.testng.internal.Invoker.invokeMethod(Invoker.java:714)
	at org.testng.internal.Invoker.invokeTestMethod(Invoker.java:901)
	at org.testng.internal.Invoker.invokeTestMethods(Invoker.java:1231)
	at org.testng.internal.TestMethodWorker.invokeTestMethods(TestMethodWorker.java:127)
	at org.testng.internal.TestMethodWorker.run(TestMethodWorker.java:111)
	at org.testng.TestRunner.privateRun(TestRunner.java:767)
	at org.testng.TestRunner.run(TestRunner.java:617)
	at org.testng.SuiteRunner.runTest(SuiteRunner.java:348)
	at org.testng.SuiteRunner.runSequentially(SuiteRunner.java:343)
	at org.testng.SuiteRunner.privateRun(SuiteRunner.java:305)
	at org.testng.SuiteRunner.run(SuiteRunner.java:254)
	at org.testng.SuiteRunnerWorker.runSuite(SuiteRunnerWorker.java:52)
	at org.testng.SuiteRunnerWorker.run(SuiteRunnerWorker.java:86)
	at org.testng.TestNG.runSuitesSequentially(TestNG.java:1224)
	at org.testng.TestNG.runSuitesLocally(TestNG.java:1149)
	at org.testng.TestNG.run(TestNG.java:1057)
	at org.apache.maven.surefire.testng.TestNGExecutor.run(TestNGExecutor.java:155)
	at org.apache.maven.surefire.testng.TestNGDirectoryTestSuite.executeMulti(TestNGDirectoryTestSuite.java:169)
	at org.apache.maven.surefire.testng.TestNGDirectoryTestSuite.execute(TestNGDirectoryTestSuite.java:88)
	at org.apache.maven.surefire.testng.TestNGProvider.invoke(TestNGProvider.java:137)
	at org.apache.maven.surefire.booter.ForkedBooter.runSuitesInProcess(ForkedBooter.java:385)
	at org.apache.maven.surefire.booter.ForkedBooter.execute(ForkedBooter.java:162)
	at org.apache.maven.surefire.booter.ForkedBooter.run(ForkedBooter.java:507)
	at org.apache.maven.surefire.booter.ForkedBooter.main(ForkedBooter.java:495)
Caused by: java.lang.NoClassDefFoundError: Could not initialize class com.fasterxml.jackson.databind.ObjectMapper
	at org.versly.rest.wsdoc.AnnotationProcessor.jsonSchemaFromTypeMirror(AnnotationProcessor.java:967)
	at org.versly.rest.wsdoc.AnnotationProcessor.buildResponseFormat(AnnotationProcessor.java:519)
	at org.versly.rest.wsdoc.AnnotationProcessor.processRequestMappingMethod(AnnotationProcessor.java:301)
	at org.versly.rest.wsdoc.AnnotationProcessor.processElements(AnnotationProcessor.java:176)
	at org.versly.rest.wsdoc.AnnotationProcessor.process(AnnotationProcessor.java:137)
	at jdk.compiler/com.sun.tools.javac.processing.JavacProcessingEnvironment.callProcessor(JavacProcessingEnvironment.java:985)
	at jdk.compiler/com.sun.tools.javac.processing.JavacProcessingEnvironment.discoverAndRunProcs(JavacProcessingEnvironment.java:901)
	at jdk.compiler/com.sun.tools.javac.processing.JavacProcessingEnvironment$Round.run(JavacProcessingEnvironment.java:1227)
	at jdk.compiler/com.sun.tools.javac.processing.JavacProcessingEnvironment.doProcessing(JavacProcessingEnvironment.java:1340)
	at jdk.compiler/com.sun.tools.javac.main.JavaCompiler.processAnnotations(JavaCompiler.java:1254)
	at jdk.compiler/com.sun.tools.javac.main.JavaCompiler.compile(JavaCompiler.java:936)
	at jdk.compiler/com.sun.tools.javac.api.JavacTaskImpl.lambda$doCall$0(JavacTaskImpl.java:104)
	at jdk.compiler/com.sun.tools.javac.api.JavacTaskImpl.handleExceptions(JavacTaskImpl.java:147)
	... 36 more

[ERROR] org.versly.rest.wsdoc.SpringMVCRestAnnotationProcessorTest.assertJavaDocComments  Time elapsed: 0.066 s  <<< FAILURE!
java.lang.RuntimeException: java.lang.NoClassDefFoundError: Could not initialize class com.fasterxml.jackson.databind.ObjectMapper
	at jdk.compiler/com.sun.tools.javac.api.JavacTaskImpl.handleExceptions(JavacTaskImpl.java:163)
	at jdk.compiler/com.sun.tools.javac.api.JavacTaskImpl.doCall(JavacTaskImpl.java:100)
	at jdk.compiler/com.sun.tools.javac.api.JavacTaskImpl.call(JavacTaskImpl.java:94)
	at org.versly.rest.wsdoc.AbstractRestAnnotationProcessorTest.runAnnotationProcessor(AbstractRestAnnotationProcessorTest.java:140)
	at org.versly.rest.wsdoc.AbstractRestAnnotationProcessorTest.runAnnotationProcessor(AbstractRestAnnotationProcessorTest.java:113)
	at org.versly.rest.wsdoc.AbstractRestAnnotationProcessorTest.processResource(AbstractRestAnnotationProcessorTest.java:67)
	at org.versly.rest.wsdoc.AbstractRestAnnotationProcessorTest.processResource(AbstractRestAnnotationProcessorTest.java:60)
	at org.versly.rest.wsdoc.AbstractRestAnnotationProcessorTest.assertJavaDocComments(AbstractRestAnnotationProcessorTest.java:146)
	at java.base/jdk.internal.reflect.NativeMethodAccessorImpl.invoke0(Native Method)
	at java.base/jdk.internal.reflect.NativeMethodAccessorImpl.invoke(NativeMethodAccessorImpl.java:62)
	at java.base/jdk.internal.reflect.DelegatingMethodAccessorImpl.invoke(DelegatingMethodAccessorImpl.java:43)
	at java.base/java.lang.reflect.Method.invoke(Method.java:566)
	at org.testng.internal.MethodInvocationHelper.invokeMethod(MethodInvocationHelper.java:84)
	at org.testng.internal.Invoker.invokeMethod(Invoker.java:714)
	at org.testng.internal.Invoker.invokeTestMethod(Invoker.java:901)
	at org.testng.internal.Invoker.invokeTestMethods(Invoker.java:1231)
	at org.testng.internal.TestMethodWorker.invokeTestMethods(TestMethodWorker.java:127)
	at org.testng.internal.TestMethodWorker.run(TestMethodWorker.java:111)
	at org.testng.TestRunner.privateRun(TestRunner.java:767)
	at org.testng.TestRunner.run(TestRunner.java:617)
	at org.testng.SuiteRunner.runTest(SuiteRunner.java:348)
	at org.testng.SuiteRunner.runSequentially(SuiteRunner.java:343)
	at org.testng.SuiteRunner.privateRun(SuiteRunner.java:305)
	at org.testng.SuiteRunner.run(SuiteRunner.java:254)
	at org.testng.SuiteRunnerWorker.runSuite(SuiteRunnerWorker.java:52)
	at org.testng.SuiteRunnerWorker.run(SuiteRunnerWorker.java:86)
	at org.testng.TestNG.runSuitesSequentially(TestNG.java:1224)
	at org.testng.TestNG.runSuitesLocally(TestNG.java:1149)
	at org.testng.TestNG.run(TestNG.java:1057)
	at org.apache.maven.surefire.testng.TestNGExecutor.run(TestNGExecutor.java:155)
	at org.apache.maven.surefire.testng.TestNGDirectoryTestSuite.executeMulti(TestNGDirectoryTestSuite.java:169)
	at org.apache.maven.surefire.testng.TestNGDirectoryTestSuite.execute(TestNGDirectoryTestSuite.java:88)
	at org.apache.maven.surefire.testng.TestNGProvider.invoke(TestNGProvider.java:137)
	at org.apache.maven.surefire.booter.ForkedBooter.runSuitesInProcess(ForkedBooter.java:385)
	at org.apache.maven.surefire.booter.ForkedBooter.execute(ForkedBooter.java:162)
	at org.apache.maven.surefire.booter.ForkedBooter.run(ForkedBooter.java:507)
	at org.apache.maven.surefire.booter.ForkedBooter.main(ForkedBooter.java:495)
Caused by: java.lang.NoClassDefFoundError: Could not initialize class com.fasterxml.jackson.databind.ObjectMapper
	at org.versly.rest.wsdoc.AnnotationProcessor.jsonSchemaFromTypeMirror(AnnotationProcessor.java:967)
	at org.versly.rest.wsdoc.AnnotationProcessor.buildResponseFormat(AnnotationProcessor.java:519)
	at org.versly.rest.wsdoc.AnnotationProcessor.processRequestMappingMethod(AnnotationProcessor.java:301)
	at org.versly.rest.wsdoc.AnnotationProcessor.processElements(AnnotationProcessor.java:176)
	at org.versly.rest.wsdoc.AnnotationProcessor.process(AnnotationProcessor.java:137)
	at jdk.compiler/com.sun.tools.javac.processing.JavacProcessingEnvironment.callProcessor(JavacProcessingEnvironment.java:985)
	at jdk.compiler/com.sun.tools.javac.processing.JavacProcessingEnvironment.discoverAndRunProcs(JavacProcessingEnvironment.java:901)
	at jdk.compiler/com.sun.tools.javac.processing.JavacProcessingEnvironment$Round.run(JavacProcessingEnvironment.java:1227)
	at jdk.compiler/com.sun.tools.javac.processing.JavacProcessingEnvironment.doProcessing(JavacProcessingEnvironment.java:1340)
	at jdk.compiler/com.sun.tools.javac.main.JavaCompiler.processAnnotations(JavaCompiler.java:1254)
	at jdk.compiler/com.sun.tools.javac.main.JavaCompiler.compile(JavaCompiler.java:936)
	at jdk.compiler/com.sun.tools.javac.api.JavacTaskImpl.lambda$doCall$0(JavacTaskImpl.java:104)
	at jdk.compiler/com.sun.tools.javac.api.JavacTaskImpl.handleExceptions(JavacTaskImpl.java:147)
	... 36 more

[ERROR] org.versly.rest.wsdoc.SpringMVCRestAnnotationProcessorTest.assertNoRedundantUriParametersForResource  Time elapsed: 0.061 s  <<< FAILURE!
java.lang.RuntimeException: java.lang.NoClassDefFoundError: Could not initialize class com.fasterxml.jackson.databind.ObjectMapper
	at jdk.compiler/com.sun.tools.javac.api.JavacTaskImpl.handleExceptions(JavacTaskImpl.java:163)
	at jdk.compiler/com.sun.tools.javac.api.JavacTaskImpl.doCall(JavacTaskImpl.java:100)
	at jdk.compiler/com.sun.tools.javac.api.JavacTaskImpl.call(JavacTaskImpl.java:94)
	at org.versly.rest.wsdoc.AbstractRestAnnotationProcessorTest.runAnnotationProcessor(AbstractRestAnnotationProcessorTest.java:140)
	at org.versly.rest.wsdoc.AbstractRestAnnotationProcessorTest.runAnnotationProcessor(AbstractRestAnnotationProcessorTest.java:113)
	at org.versly.rest.wsdoc.AbstractRestAnnotationProcessorTest.processResource(AbstractRestAnnotationProcessorTest.java:67)
	at org.versly.rest.wsdoc.AbstractRestAnnotationProcessorTest.processResource(AbstractRestAnnotationProcessorTest.java:60)
	at org.versly.rest.wsdoc.AbstractRestAnnotationProcessorTest.assertNoRedundantUriParametersForResource(AbstractRestAnnotationProcessorTest.java:275)
	at java.base/jdk.internal.reflect.NativeMethodAccessorImpl.invoke0(Native Method)
	at java.base/jdk.internal.reflect.NativeMethodAccessorImpl.invoke(NativeMethodAccessorImpl.java:62)
	at java.base/jdk.internal.reflect.DelegatingMethodAccessorImpl.invoke(DelegatingMethodAccessorImpl.java:43)
	at java.base/java.lang.reflect.Method.invoke(Method.java:566)
	at org.testng.internal.MethodInvocationHelper.invokeMethod(MethodInvocationHelper.java:84)
	at org.testng.internal.Invoker.invokeMethod(Invoker.java:714)
	at org.testng.internal.Invoker.invokeTestMethod(Invoker.java:901)
	at org.testng.internal.Invoker.invokeTestMethods(Invoker.java:1231)
	at org.testng.internal.TestMethodWorker.invokeTestMethods(TestMethodWorker.java:127)
	at org.testng.internal.TestMethodWorker.run(TestMethodWorker.java:111)
	at org.testng.TestRunner.privateRun(TestRunner.java:767)
	at org.testng.TestRunner.run(TestRunner.java:617)
	at org.testng.SuiteRunner.runTest(SuiteRunner.java:348)
	at org.testng.SuiteRunner.runSequentially(SuiteRunner.java:343)
	at org.testng.SuiteRunner.privateRun(SuiteRunner.java:305)
	at org.testng.SuiteRunner.run(SuiteRunner.java:254)
	at org.testng.SuiteRunnerWorker.runSuite(SuiteRunnerWorker.java:52)
	at org.testng.SuiteRunnerWorker.run(SuiteRunnerWorker.java:86)
	at org.testng.TestNG.runSuitesSequentially(TestNG.java:1224)
	at org.testng.TestNG.runSuitesLocally(TestNG.java:1149)
	at org.testng.TestNG.run(TestNG.java:1057)
	at org.apache.maven.surefire.testng.TestNGExecutor.run(TestNGExecutor.java:155)
	at org.apache.maven.surefire.testng.TestNGDirectoryTestSuite.executeMulti(TestNGDirectoryTestSuite.java:169)
	at org.apache.maven.surefire.testng.TestNGDirectoryTestSuite.execute(TestNGDirectoryTestSuite.java:88)
	at org.apache.maven.surefire.testng.TestNGProvider.invoke(TestNGProvider.java:137)
	at org.apache.maven.surefire.booter.ForkedBooter.runSuitesInProcess(ForkedBooter.java:385)
	at org.apache.maven.surefire.booter.ForkedBooter.execute(ForkedBooter.java:162)
	at org.apache.maven.surefire.booter.ForkedBooter.run(ForkedBooter.java:507)
	at org.apache.maven.surefire.booter.ForkedBooter.main(ForkedBooter.java:495)
Caused by: java.lang.NoClassDefFoundError: Could not initialize class com.fasterxml.jackson.databind.ObjectMapper
	at org.versly.rest.wsdoc.AnnotationProcessor.jsonSchemaFromTypeMirror(AnnotationProcessor.java:967)
	at org.versly.rest.wsdoc.AnnotationProcessor.buildResponseFormat(AnnotationProcessor.java:519)
	at org.versly.rest.wsdoc.AnnotationProcessor.processRequestMappingMethod(AnnotationProcessor.java:301)
	at org.versly.rest.wsdoc.AnnotationProcessor.processElements(AnnotationProcessor.java:176)
	at org.versly.rest.wsdoc.AnnotationProcessor.process(AnnotationProcessor.java:137)
	at jdk.compiler/com.sun.tools.javac.processing.JavacProcessingEnvironment.callProcessor(JavacProcessingEnvironment.java:985)
	at jdk.compiler/com.sun.tools.javac.processing.JavacProcessingEnvironment.discoverAndRunProcs(JavacProcessingEnvironment.java:901)
	at jdk.compiler/com.sun.tools.javac.processing.JavacProcessingEnvironment$Round.run(JavacProcessingEnvironment.java:1227)
	at jdk.compiler/com.sun.tools.javac.processing.JavacProcessingEnvironment.doProcessing(JavacProcessingEnvironment.java:1340)
	at jdk.compiler/com.sun.tools.javac.main.JavaCompiler.processAnnotations(JavaCompiler.java:1254)
	at jdk.compiler/com.sun.tools.javac.main.JavaCompiler.compile(JavaCompiler.java:936)
	at jdk.compiler/com.sun.tools.javac.api.JavacTaskImpl.lambda$doCall$0(JavacTaskImpl.java:104)
	at jdk.compiler/com.sun.tools.javac.api.JavacTaskImpl.handleExceptions(JavacTaskImpl.java:147)
	... 36 more

[ERROR] org.versly.rest.wsdoc.SpringMVCRestAnnotationProcessorTest.assertOverriddenPaths  Time elapsed: 0.059 s  <<< FAILURE!
java.lang.RuntimeException: java.lang.NoClassDefFoundError: Could not initialize class com.fasterxml.jackson.databind.ObjectMapper
	at jdk.compiler/com.sun.tools.javac.api.JavacTaskImpl.handleExceptions(JavacTaskImpl.java:163)
	at jdk.compiler/com.sun.tools.javac.api.JavacTaskImpl.doCall(JavacTaskImpl.java:100)
	at jdk.compiler/com.sun.tools.javac.api.JavacTaskImpl.call(JavacTaskImpl.java:94)
	at org.versly.rest.wsdoc.AbstractRestAnnotationProcessorTest.runAnnotationProcessor(AbstractRestAnnotationProcessorTest.java:140)
	at org.versly.rest.wsdoc.AbstractRestAnnotationProcessorTest.runAnnotationProcessor(AbstractRestAnnotationProcessorTest.java:113)
	at org.versly.rest.wsdoc.AbstractRestAnnotationProcessorTest.processResource(AbstractRestAnnotationProcessorTest.java:67)
	at org.versly.rest.wsdoc.AbstractRestAnnotationProcessorTest.processResource(AbstractRestAnnotationProcessorTest.java:60)
	at org.versly.rest.wsdoc.AbstractRestAnnotationProcessorTest.assertOverriddenPaths(AbstractRestAnnotationProcessorTest.java:178)
	at java.base/jdk.internal.reflect.NativeMethodAccessorImpl.invoke0(Native Method)
	at java.base/jdk.internal.reflect.NativeMethodAccessorImpl.invoke(NativeMethodAccessorImpl.java:62)
	at java.base/jdk.internal.reflect.DelegatingMethodAccessorImpl.invoke(DelegatingMethodAccessorImpl.java:43)
	at java.base/java.lang.reflect.Method.invoke(Method.java:566)
	at org.testng.internal.MethodInvocationHelper.invokeMethod(MethodInvocationHelper.java:84)
	at org.testng.internal.Invoker.invokeMethod(Invoker.java:714)
	at org.testng.internal.Invoker.invokeTestMethod(Invoker.java:901)
	at org.testng.internal.Invoker.invokeTestMethods(Invoker.java:1231)
	at org.testng.internal.TestMethodWorker.invokeTestMethods(TestMethodWorker.java:127)
	at org.testng.internal.TestMethodWorker.run(TestMethodWorker.java:111)
	at org.testng.TestRunner.privateRun(TestRunner.java:767)
	at org.testng.TestRunner.run(TestRunner.java:617)
	at org.testng.SuiteRunner.runTest(SuiteRunner.java:348)
	at org.testng.SuiteRunner.runSequentially(SuiteRunner.java:343)
	at org.testng.SuiteRunner.privateRun(SuiteRunner.java:305)
	at org.testng.SuiteRunner.run(SuiteRunner.java:254)
	at org.testng.SuiteRunnerWorker.runSuite(SuiteRunnerWorker.java:52)
	at org.testng.SuiteRunnerWorker.run(SuiteRunnerWorker.java:86)
	at org.testng.TestNG.runSuitesSequentially(TestNG.java:1224)
	at org.testng.TestNG.runSuitesLocally(TestNG.java:1149)
	at org.testng.TestNG.run(TestNG.java:1057)
	at org.apache.maven.surefire.testng.TestNGExecutor.run(TestNGExecutor.java:155)
	at org.apache.maven.surefire.testng.TestNGDirectoryTestSuite.executeMulti(TestNGDirectoryTestSuite.java:169)
	at org.apache.maven.surefire.testng.TestNGDirectoryTestSuite.execute(TestNGDirectoryTestSuite.java:88)
	at org.apache.maven.surefire.testng.TestNGProvider.invoke(TestNGProvider.java:137)
	at org.apache.maven.surefire.booter.ForkedBooter.runSuitesInProcess(ForkedBooter.java:385)
	at org.apache.maven.surefire.booter.ForkedBooter.execute(ForkedBooter.java:162)
	at org.apache.maven.surefire.booter.ForkedBooter.run(ForkedBooter.java:507)
	at org.apache.maven.surefire.booter.ForkedBooter.main(ForkedBooter.java:495)
Caused by: java.lang.NoClassDefFoundError: Could not initialize class com.fasterxml.jackson.databind.ObjectMapper
	at org.versly.rest.wsdoc.AnnotationProcessor.jsonSchemaFromTypeMirror(AnnotationProcessor.java:967)
	at org.versly.rest.wsdoc.AnnotationProcessor.buildResponseFormat(AnnotationProcessor.java:519)
	at org.versly.rest.wsdoc.AnnotationProcessor.processRequestMappingMethod(AnnotationProcessor.java:301)
	at org.versly.rest.wsdoc.AnnotationProcessor.processElements(AnnotationProcessor.java:176)
	at org.versly.rest.wsdoc.AnnotationProcessor.process(AnnotationProcessor.java:137)
	at jdk.compiler/com.sun.tools.javac.processing.JavacProcessingEnvironment.callProcessor(JavacProcessingEnvironment.java:985)
	at jdk.compiler/com.sun.tools.javac.processing.JavacProcessingEnvironment.discoverAndRunProcs(JavacProcessingEnvironment.java:901)
	at jdk.compiler/com.sun.tools.javac.processing.JavacProcessingEnvironment$Round.run(JavacProcessingEnvironment.java:1227)
	at jdk.compiler/com.sun.tools.javac.processing.JavacProcessingEnvironment.doProcessing(JavacProcessingEnvironment.java:1340)
	at jdk.compiler/com.sun.tools.javac.main.JavaCompiler.processAnnotations(JavaCompiler.java:1254)
	at jdk.compiler/com.sun.tools.javac.main.JavaCompiler.compile(JavaCompiler.java:936)
	at jdk.compiler/com.sun.tools.javac.api.JavacTaskImpl.lambda$doCall$0(JavacTaskImpl.java:104)
	at jdk.compiler/com.sun.tools.javac.api.JavacTaskImpl.handleExceptions(JavacTaskImpl.java:147)
	... 36 more

[ERROR] org.versly.rest.wsdoc.SpringMVCRestAnnotationProcessorTest.assertParams  Time elapsed: 0.05 s  <<< FAILURE!
java.lang.RuntimeException: java.lang.NoClassDefFoundError: Could not initialize class com.fasterxml.jackson.databind.ObjectMapper
	at jdk.compiler/com.sun.tools.javac.api.JavacTaskImpl.handleExceptions(JavacTaskImpl.java:163)
	at jdk.compiler/com.sun.tools.javac.api.JavacTaskImpl.doCall(JavacTaskImpl.java:100)
	at jdk.compiler/com.sun.tools.javac.api.JavacTaskImpl.call(JavacTaskImpl.java:94)
	at org.versly.rest.wsdoc.AbstractRestAnnotationProcessorTest.runAnnotationProcessor(AbstractRestAnnotationProcessorTest.java:140)
	at org.versly.rest.wsdoc.AbstractRestAnnotationProcessorTest.runAnnotationProcessor(AbstractRestAnnotationProcessorTest.java:113)
	at org.versly.rest.wsdoc.AbstractRestAnnotationProcessorTest.processResource(AbstractRestAnnotationProcessorTest.java:67)
	at org.versly.rest.wsdoc.AbstractRestAnnotationProcessorTest.processResource(AbstractRestAnnotationProcessorTest.java:60)
	at org.versly.rest.wsdoc.AbstractRestAnnotationProcessorTest.assertParams(AbstractRestAnnotationProcessorTest.java:171)
	at java.base/jdk.internal.reflect.NativeMethodAccessorImpl.invoke0(Native Method)
	at java.base/jdk.internal.reflect.NativeMethodAccessorImpl.invoke(NativeMethodAccessorImpl.java:62)
	at java.base/jdk.internal.reflect.DelegatingMethodAccessorImpl.invoke(DelegatingMethodAccessorImpl.java:43)
	at java.base/java.lang.reflect.Method.invoke(Method.java:566)
	at org.testng.internal.MethodInvocationHelper.invokeMethod(MethodInvocationHelper.java:84)
	at org.testng.internal.Invoker.invokeMethod(Invoker.java:714)
	at org.testng.internal.Invoker.invokeTestMethod(Invoker.java:901)
	at org.testng.internal.Invoker.invokeTestMethods(Invoker.java:1231)
	at org.testng.internal.TestMethodWorker.invokeTestMethods(TestMethodWorker.java:127)
	at org.testng.internal.TestMethodWorker.run(TestMethodWorker.java:111)
	at org.testng.TestRunner.privateRun(TestRunner.java:767)
	at org.testng.TestRunner.run(TestRunner.java:617)
	at org.testng.SuiteRunner.runTest(SuiteRunner.java:348)
	at org.testng.SuiteRunner.runSequentially(SuiteRunner.java:343)
	at org.testng.SuiteRunner.privateRun(SuiteRunner.java:305)
	at org.testng.SuiteRunner.run(SuiteRunner.java:254)
	at org.testng.SuiteRunnerWorker.runSuite(SuiteRunnerWorker.java:52)
	at org.testng.SuiteRunnerWorker.run(SuiteRunnerWorker.java:86)
	at org.testng.TestNG.runSuitesSequentially(TestNG.java:1224)
	at org.testng.TestNG.runSuitesLocally(TestNG.java:1149)
	at org.testng.TestNG.run(TestNG.java:1057)
	at org.apache.maven.surefire.testng.TestNGExecutor.run(TestNGExecutor.java:155)
	at org.apache.maven.surefire.testng.TestNGDirectoryTestSuite.executeMulti(TestNGDirectoryTestSuite.java:169)
	at org.apache.maven.surefire.testng.TestNGDirectoryTestSuite.execute(TestNGDirectoryTestSuite.java:88)
	at org.apache.maven.surefire.testng.TestNGProvider.invoke(TestNGProvider.java:137)
	at org.apache.maven.surefire.booter.ForkedBooter.runSuitesInProcess(ForkedBooter.java:385)
	at org.apache.maven.surefire.booter.ForkedBooter.execute(ForkedBooter.java:162)
	at org.apache.maven.surefire.booter.ForkedBooter.run(ForkedBooter.java:507)
	at org.apache.maven.surefire.booter.ForkedBooter.main(ForkedBooter.java:495)
Caused by: java.lang.NoClassDefFoundError: Could not initialize class com.fasterxml.jackson.databind.ObjectMapper
	at org.versly.rest.wsdoc.AnnotationProcessor.jsonSchemaFromTypeMirror(AnnotationProcessor.java:967)
	at org.versly.rest.wsdoc.AnnotationProcessor.buildResponseFormat(AnnotationProcessor.java:519)
	at org.versly.rest.wsdoc.AnnotationProcessor.processRequestMappingMethod(AnnotationProcessor.java:301)
	at org.versly.rest.wsdoc.AnnotationProcessor.processElements(AnnotationProcessor.java:176)
	at org.versly.rest.wsdoc.AnnotationProcessor.process(AnnotationProcessor.java:137)
	at jdk.compiler/com.sun.tools.javac.processing.JavacProcessingEnvironment.callProcessor(JavacProcessingEnvironment.java:985)
	at jdk.compiler/com.sun.tools.javac.processing.JavacProcessingEnvironment.discoverAndRunProcs(JavacProcessingEnvironment.java:901)
	at jdk.compiler/com.sun.tools.javac.processing.JavacProcessingEnvironment$Round.run(JavacProcessingEnvironment.java:1227)
	at jdk.compiler/com.sun.tools.javac.processing.JavacProcessingEnvironment.doProcessing(JavacProcessingEnvironment.java:1340)
	at jdk.compiler/com.sun.tools.javac.main.JavaCompiler.processAnnotations(JavaCompiler.java:1254)
	at jdk.compiler/com.sun.tools.javac.main.JavaCompiler.compile(JavaCompiler.java:936)
	at jdk.compiler/com.sun.tools.javac.api.JavacTaskImpl.lambda$doCall$0(JavacTaskImpl.java:104)
	at jdk.compiler/com.sun.tools.javac.api.JavacTaskImpl.handleExceptions(JavacTaskImpl.java:147)
	... 36 more

[ERROR] org.versly.rest.wsdoc.SpringMVCRestAnnotationProcessorTest.assertPathVariableWithOverriddenName  Time elapsed: 0.048 s  <<< FAILURE!
java.lang.RuntimeException: java.lang.NoClassDefFoundError: Could not initialize class com.fasterxml.jackson.databind.ObjectMapper
	at jdk.compiler/com.sun.tools.javac.api.JavacTaskImpl.handleExceptions(JavacTaskImpl.java:163)
	at jdk.compiler/com.sun.tools.javac.api.JavacTaskImpl.doCall(JavacTaskImpl.java:100)
	at jdk.compiler/com.sun.tools.javac.api.JavacTaskImpl.call(JavacTaskImpl.java:94)
	at org.versly.rest.wsdoc.AbstractRestAnnotationProcessorTest.runAnnotationProcessor(AbstractRestAnnotationProcessorTest.java:140)
	at org.versly.rest.wsdoc.AbstractRestAnnotationProcessorTest.runAnnotationProcessor(AbstractRestAnnotationProcessorTest.java:113)
	at org.versly.rest.wsdoc.AbstractRestAnnotationProcessorTest.processResource(AbstractRestAnnotationProcessorTest.java:67)
	at org.versly.rest.wsdoc.AbstractRestAnnotationProcessorTest.processResource(AbstractRestAnnotationProcessorTest.java:60)
	at org.versly.rest.wsdoc.AbstractRestAnnotationProcessorTest.assertPathVariableWithOverriddenName(AbstractRestAnnotationProcessorTest.java:163)
	at java.base/jdk.internal.reflect.NativeMethodAccessorImpl.invoke0(Native Method)
	at java.base/jdk.internal.reflect.NativeMethodAccessorImpl.invoke(NativeMethodAccessorImpl.java:62)
	at java.base/jdk.internal.reflect.DelegatingMethodAccessorImpl.invoke(DelegatingMethodAccessorImpl.java:43)
	at java.base/java.lang.reflect.Method.invoke(Method.java:566)
	at org.testng.internal.MethodInvocationHelper.invokeMethod(MethodInvocationHelper.java:84)
	at org.testng.internal.Invoker.invokeMethod(Invoker.java:714)
	at org.testng.internal.Invoker.invokeTestMethod(Invoker.java:901)
	at org.testng.internal.Invoker.invokeTestMethods(Invoker.java:1231)
	at org.testng.internal.TestMethodWorker.invokeTestMethods(TestMethodWorker.java:127)
	at org.testng.internal.TestMethodWorker.run(TestMethodWorker.java:111)
	at org.testng.TestRunner.privateRun(TestRunner.java:767)
	at org.testng.TestRunner.run(TestRunner.java:617)
	at org.testng.SuiteRunner.runTest(SuiteRunner.java:348)
	at org.testng.SuiteRunner.runSequentially(SuiteRunner.java:343)
	at org.testng.SuiteRunner.privateRun(SuiteRunner.java:305)
	at org.testng.SuiteRunner.run(SuiteRunner.java:254)
	at org.testng.SuiteRunnerWorker.runSuite(SuiteRunnerWorker.java:52)
	at org.testng.SuiteRunnerWorker.run(SuiteRunnerWorker.java:86)
	at org.testng.TestNG.runSuitesSequentially(TestNG.java:1224)
	at org.testng.TestNG.runSuitesLocally(TestNG.java:1149)
	at org.testng.TestNG.run(TestNG.java:1057)
	at org.apache.maven.surefire.testng.TestNGExecutor.run(TestNGExecutor.java:155)
	at org.apache.maven.surefire.testng.TestNGDirectoryTestSuite.executeMulti(TestNGDirectoryTestSuite.java:169)
	at org.apache.maven.surefire.testng.TestNGDirectoryTestSuite.execute(TestNGDirectoryTestSuite.java:88)
	at org.apache.maven.surefire.testng.TestNGProvider.invoke(TestNGProvider.java:137)
	at org.apache.maven.surefire.booter.ForkedBooter.runSuitesInProcess(ForkedBooter.java:385)
	at org.apache.maven.surefire.booter.ForkedBooter.execute(ForkedBooter.java:162)
	at org.apache.maven.surefire.booter.ForkedBooter.run(ForkedBooter.java:507)
	at org.apache.maven.surefire.booter.ForkedBooter.main(ForkedBooter.java:495)
Caused by: java.lang.NoClassDefFoundError: Could not initialize class com.fasterxml.jackson.databind.ObjectMapper
	at org.versly.rest.wsdoc.AnnotationProcessor.jsonSchemaFromTypeMirror(AnnotationProcessor.java:967)
	at org.versly.rest.wsdoc.AnnotationProcessor.buildResponseFormat(AnnotationProcessor.java:519)
	at org.versly.rest.wsdoc.AnnotationProcessor.processRequestMappingMethod(AnnotationProcessor.java:301)
	at org.versly.rest.wsdoc.AnnotationProcessor.processElements(AnnotationProcessor.java:176)
	at org.versly.rest.wsdoc.AnnotationProcessor.process(AnnotationProcessor.java:137)
	at jdk.compiler/com.sun.tools.javac.processing.JavacProcessingEnvironment.callProcessor(JavacProcessingEnvironment.java:985)
	at jdk.compiler/com.sun.tools.javac.processing.JavacProcessingEnvironment.discoverAndRunProcs(JavacProcessingEnvironment.java:901)
	at jdk.compiler/com.sun.tools.javac.processing.JavacProcessingEnvironment$Round.run(JavacProcessingEnvironment.java:1227)
	at jdk.compiler/com.sun.tools.javac.processing.JavacProcessingEnvironment.doProcessing(JavacProcessingEnvironment.java:1340)
	at jdk.compiler/com.sun.tools.javac.main.JavaCompiler.processAnnotations(JavaCompiler.java:1254)
	at jdk.compiler/com.sun.tools.javac.main.JavaCompiler.compile(JavaCompiler.java:936)
	at jdk.compiler/com.sun.tools.javac.api.JavacTaskImpl.lambda$doCall$0(JavacTaskImpl.java:104)
	at jdk.compiler/com.sun.tools.javac.api.JavacTaskImpl.handleExceptions(JavacTaskImpl.java:147)
	... 36 more

[ERROR] org.versly.rest.wsdoc.SpringMVCRestAnnotationProcessorTest.assertReturnValueComments  Time elapsed: 0.051 s  <<< FAILURE!
java.lang.RuntimeException: java.lang.NoClassDefFoundError: Could not initialize class com.fasterxml.jackson.databind.ObjectMapper
	at jdk.compiler/com.sun.tools.javac.api.JavacTaskImpl.handleExceptions(JavacTaskImpl.java:163)
	at jdk.compiler/com.sun.tools.javac.api.JavacTaskImpl.doCall(JavacTaskImpl.java:100)
	at jdk.compiler/com.sun.tools.javac.api.JavacTaskImpl.call(JavacTaskImpl.java:94)
	at org.versly.rest.wsdoc.AbstractRestAnnotationProcessorTest.runAnnotationProcessor(AbstractRestAnnotationProcessorTest.java:140)
	at org.versly.rest.wsdoc.AbstractRestAnnotationProcessorTest.runAnnotationProcessor(AbstractRestAnnotationProcessorTest.java:113)
	at org.versly.rest.wsdoc.AbstractRestAnnotationProcessorTest.processResource(AbstractRestAnnotationProcessorTest.java:67)
	at org.versly.rest.wsdoc.AbstractRestAnnotationProcessorTest.processResource(AbstractRestAnnotationProcessorTest.java:60)
	at org.versly.rest.wsdoc.AbstractRestAnnotationProcessorTest.assertReturnValueComments(AbstractRestAnnotationProcessorTest.java:155)
	at java.base/jdk.internal.reflect.NativeMethodAccessorImpl.invoke0(Native Method)
	at java.base/jdk.internal.reflect.NativeMethodAccessorImpl.invoke(NativeMethodAccessorImpl.java:62)
	at java.base/jdk.internal.reflect.DelegatingMethodAccessorImpl.invoke(DelegatingMethodAccessorImpl.java:43)
	at java.base/java.lang.reflect.Method.invoke(Method.java:566)
	at org.testng.internal.MethodInvocationHelper.invokeMethod(MethodInvocationHelper.java:84)
	at org.testng.internal.Invoker.invokeMethod(Invoker.java:714)
	at org.testng.internal.Invoker.invokeTestMethod(Invoker.java:901)
	at org.testng.internal.Invoker.invokeTestMethods(Invoker.java:1231)
	at org.testng.internal.TestMethodWorker.invokeTestMethods(TestMethodWorker.java:127)
	at org.testng.internal.TestMethodWorker.run(TestMethodWorker.java:111)
	at org.testng.TestRunner.privateRun(TestRunner.java:767)
	at org.testng.TestRunner.run(TestRunner.java:617)
	at org.testng.SuiteRunner.runTest(SuiteRunner.java:348)
	at org.testng.SuiteRunner.runSequentially(SuiteRunner.java:343)
	at org.testng.SuiteRunner.privateRun(SuiteRunner.java:305)
	at org.testng.SuiteRunner.run(SuiteRunner.java:254)
	at org.testng.SuiteRunnerWorker.runSuite(SuiteRunnerWorker.java:52)
	at org.testng.SuiteRunnerWorker.run(SuiteRunnerWorker.java:86)
	at org.testng.TestNG.runSuitesSequentially(TestNG.java:1224)
	at org.testng.TestNG.runSuitesLocally(TestNG.java:1149)
	at org.testng.TestNG.run(TestNG.java:1057)
	at org.apache.maven.surefire.testng.TestNGExecutor.run(TestNGExecutor.java:155)
	at org.apache.maven.surefire.testng.TestNGDirectoryTestSuite.executeMulti(TestNGDirectoryTestSuite.java:169)
	at org.apache.maven.surefire.testng.TestNGDirectoryTestSuite.execute(TestNGDirectoryTestSuite.java:88)
	at org.apache.maven.surefire.testng.TestNGProvider.invoke(TestNGProvider.java:137)
	at org.apache.maven.surefire.booter.ForkedBooter.runSuitesInProcess(ForkedBooter.java:385)
	at org.apache.maven.surefire.booter.ForkedBooter.execute(ForkedBooter.java:162)
	at org.apache.maven.surefire.booter.ForkedBooter.run(ForkedBooter.java:507)
	at org.apache.maven.surefire.booter.ForkedBooter.main(ForkedBooter.java:495)
Caused by: java.lang.NoClassDefFoundError: Could not initialize class com.fasterxml.jackson.databind.ObjectMapper
	at org.versly.rest.wsdoc.AnnotationProcessor.jsonSchemaFromTypeMirror(AnnotationProcessor.java:967)
	at org.versly.rest.wsdoc.AnnotationProcessor.buildResponseFormat(AnnotationProcessor.java:519)
	at org.versly.rest.wsdoc.AnnotationProcessor.processRequestMappingMethod(AnnotationProcessor.java:301)
	at org.versly.rest.wsdoc.AnnotationProcessor.processElements(AnnotationProcessor.java:176)
	at org.versly.rest.wsdoc.AnnotationProcessor.process(AnnotationProcessor.java:137)
	at jdk.compiler/com.sun.tools.javac.processing.JavacProcessingEnvironment.callProcessor(JavacProcessingEnvironment.java:985)
	at jdk.compiler/com.sun.tools.javac.processing.JavacProcessingEnvironment.discoverAndRunProcs(JavacProcessingEnvironment.java:901)
	at jdk.compiler/com.sun.tools.javac.processing.JavacProcessingEnvironment$Round.run(JavacProcessingEnvironment.java:1227)
	at jdk.compiler/com.sun.tools.javac.processing.JavacProcessingEnvironment.doProcessing(JavacProcessingEnvironment.java:1340)
	at jdk.compiler/com.sun.tools.javac.main.JavaCompiler.processAnnotations(JavaCompiler.java:1254)
	at jdk.compiler/com.sun.tools.javac.main.JavaCompiler.compile(JavaCompiler.java:936)
	at jdk.compiler/com.sun.tools.javac.api.JavacTaskImpl.lambda$doCall$0(JavacTaskImpl.java:104)
	at jdk.compiler/com.sun.tools.javac.api.JavacTaskImpl.handleExceptions(JavacTaskImpl.java:147)
	... 36 more

[ERROR] org.versly.rest.wsdoc.SpringMVCRestAnnotationProcessorTest.assertUuidIsNotTraversedInto  Time elapsed: 0.066 s  <<< FAILURE!
java.lang.RuntimeException: java.lang.NoClassDefFoundError: Could not initialize class com.fasterxml.jackson.databind.ObjectMapper
	at jdk.compiler/com.sun.tools.javac.api.JavacTaskImpl.handleExceptions(JavacTaskImpl.java:163)
	at jdk.compiler/com.sun.tools.javac.api.JavacTaskImpl.doCall(JavacTaskImpl.java:100)
	at jdk.compiler/com.sun.tools.javac.api.JavacTaskImpl.call(JavacTaskImpl.java:94)
	at org.versly.rest.wsdoc.AbstractRestAnnotationProcessorTest.runAnnotationProcessor(AbstractRestAnnotationProcessorTest.java:140)
	at org.versly.rest.wsdoc.AbstractRestAnnotationProcessorTest.runAnnotationProcessor(AbstractRestAnnotationProcessorTest.java:113)
	at org.versly.rest.wsdoc.AbstractRestAnnotationProcessorTest.processResource(AbstractRestAnnotationProcessorTest.java:67)
	at org.versly.rest.wsdoc.AbstractRestAnnotationProcessorTest.processResource(AbstractRestAnnotationProcessorTest.java:60)
	at org.versly.rest.wsdoc.AbstractRestAnnotationProcessorTest.assertUuidIsNotTraversedInto(AbstractRestAnnotationProcessorTest.java:185)
	at java.base/jdk.internal.reflect.NativeMethodAccessorImpl.invoke0(Native Method)
	at java.base/jdk.internal.reflect.NativeMethodAccessorImpl.invoke(NativeMethodAccessorImpl.java:62)
	at java.base/jdk.internal.reflect.DelegatingMethodAccessorImpl.invoke(DelegatingMethodAccessorImpl.java:43)
	at java.base/java.lang.reflect.Method.invoke(Method.java:566)
	at org.testng.internal.MethodInvocationHelper.invokeMethod(MethodInvocationHelper.java:84)
	at org.testng.internal.Invoker.invokeMethod(Invoker.java:714)
	at org.testng.internal.Invoker.invokeTestMethod(Invoker.java:901)
	at org.testng.internal.Invoker.invokeTestMethods(Invoker.java:1231)
	at org.testng.internal.TestMethodWorker.invokeTestMethods(TestMethodWorker.java:127)
	at org.testng.internal.TestMethodWorker.run(TestMethodWorker.java:111)
	at org.testng.TestRunner.privateRun(TestRunner.java:767)
	at org.testng.TestRunner.run(TestRunner.java:617)
	at org.testng.SuiteRunner.runTest(SuiteRunner.java:348)
	at org.testng.SuiteRunner.runSequentially(SuiteRunner.java:343)
	at org.testng.SuiteRunner.privateRun(SuiteRunner.java:305)
	at org.testng.SuiteRunner.run(SuiteRunner.java:254)
	at org.testng.SuiteRunnerWorker.runSuite(SuiteRunnerWorker.java:52)
	at org.testng.SuiteRunnerWorker.run(SuiteRunnerWorker.java:86)
	at org.testng.TestNG.runSuitesSequentially(TestNG.java:1224)
	at org.testng.TestNG.runSuitesLocally(TestNG.java:1149)
	at org.testng.TestNG.run(TestNG.java:1057)
	at org.apache.maven.surefire.testng.TestNGExecutor.run(TestNGExecutor.java:155)
	at org.apache.maven.surefire.testng.TestNGDirectoryTestSuite.executeMulti(TestNGDirectoryTestSuite.java:169)
	at org.apache.maven.surefire.testng.TestNGDirectoryTestSuite.execute(TestNGDirectoryTestSuite.java:88)
	at org.apache.maven.surefire.testng.TestNGProvider.invoke(TestNGProvider.java:137)
	at org.apache.maven.surefire.booter.ForkedBooter.runSuitesInProcess(ForkedBooter.java:385)
	at org.apache.maven.surefire.booter.ForkedBooter.execute(ForkedBooter.java:162)
	at org.apache.maven.surefire.booter.ForkedBooter.run(ForkedBooter.java:507)
	at org.apache.maven.surefire.booter.ForkedBooter.main(ForkedBooter.java:495)
Caused by: java.lang.NoClassDefFoundError: Could not initialize class com.fasterxml.jackson.databind.ObjectMapper
	at org.versly.rest.wsdoc.AnnotationProcessor.jsonSchemaFromTypeMirror(AnnotationProcessor.java:967)
	at org.versly.rest.wsdoc.AnnotationProcessor.buildResponseFormat(AnnotationProcessor.java:519)
	at org.versly.rest.wsdoc.AnnotationProcessor.processRequestMappingMethod(AnnotationProcessor.java:301)
	at org.versly.rest.wsdoc.AnnotationProcessor.processElements(AnnotationProcessor.java:176)
	at org.versly.rest.wsdoc.AnnotationProcessor.process(AnnotationProcessor.java:137)
	at jdk.compiler/com.sun.tools.javac.processing.JavacProcessingEnvironment.callProcessor(JavacProcessingEnvironment.java:985)
	at jdk.compiler/com.sun.tools.javac.processing.JavacProcessingEnvironment.discoverAndRunProcs(JavacProcessingEnvironment.java:901)
	at jdk.compiler/com.sun.tools.javac.processing.JavacProcessingEnvironment$Round.run(JavacProcessingEnvironment.java:1227)
	at jdk.compiler/com.sun.tools.javac.processing.JavacProcessingEnvironment.doProcessing(JavacProcessingEnvironment.java:1340)
	at jdk.compiler/com.sun.tools.javac.main.JavaCompiler.processAnnotations(JavaCompiler.java:1254)
	at jdk.compiler/com.sun.tools.javac.main.JavaCompiler.compile(JavaCompiler.java:936)
	at jdk.compiler/com.sun.tools.javac.api.JavacTaskImpl.lambda$doCall$0(JavacTaskImpl.java:104)
	at jdk.compiler/com.sun.tools.javac.api.JavacTaskImpl.handleExceptions(JavacTaskImpl.java:147)
	... 36 more

[ERROR] org.versly.rest.wsdoc.SpringMVCRestAnnotationProcessorTest.genericTypeResolution  Time elapsed: 0.069 s  <<< FAILURE!
java.lang.RuntimeException: java.lang.NoClassDefFoundError: Could not initialize class com.fasterxml.jackson.databind.ObjectMapper
	at jdk.compiler/com.sun.tools.javac.api.JavacTaskImpl.handleExceptions(JavacTaskImpl.java:163)
	at jdk.compiler/com.sun.tools.javac.api.JavacTaskImpl.doCall(JavacTaskImpl.java:100)
	at jdk.compiler/com.sun.tools.javac.api.JavacTaskImpl.call(JavacTaskImpl.java:94)
	at org.versly.rest.wsdoc.AbstractRestAnnotationProcessorTest.runAnnotationProcessor(AbstractRestAnnotationProcessorTest.java:140)
	at org.versly.rest.wsdoc.AbstractRestAnnotationProcessorTest.runAnnotationProcessor(AbstractRestAnnotationProcessorTest.java:113)
	at org.versly.rest.wsdoc.AbstractRestAnnotationProcessorTest.processResource(AbstractRestAnnotationProcessorTest.java:67)
	at org.versly.rest.wsdoc.AbstractRestAnnotationProcessorTest.processResource(AbstractRestAnnotationProcessorTest.java:60)
	at org.versly.rest.wsdoc.AbstractRestAnnotationProcessorTest.genericTypeResolution(AbstractRestAnnotationProcessorTest.java:268)
	at java.base/jdk.internal.reflect.NativeMethodAccessorImpl.invoke0(Native Method)
	at java.base/jdk.internal.reflect.NativeMethodAccessorImpl.invoke(NativeMethodAccessorImpl.java:62)
	at java.base/jdk.internal.reflect.DelegatingMethodAccessorImpl.invoke(DelegatingMethodAccessorImpl.java:43)
	at java.base/java.lang.reflect.Method.invoke(Method.java:566)
	at org.testng.internal.MethodInvocationHelper.invokeMethod(MethodInvocationHelper.java:84)
	at org.testng.internal.Invoker.invokeMethod(Invoker.java:714)
	at org.testng.internal.Invoker.invokeTestMethod(Invoker.java:901)
	at org.testng.internal.Invoker.invokeTestMethods(Invoker.java:1231)
	at org.testng.internal.TestMethodWorker.invokeTestMethods(TestMethodWorker.java:127)
	at org.testng.internal.TestMethodWorker.run(TestMethodWorker.java:111)
	at org.testng.TestRunner.privateRun(TestRunner.java:767)
	at org.testng.TestRunner.run(TestRunner.java:617)
	at org.testng.SuiteRunner.runTest(SuiteRunner.java:348)
	at org.testng.SuiteRunner.runSequentially(SuiteRunner.java:343)
	at org.testng.SuiteRunner.privateRun(SuiteRunner.java:305)
	at org.testng.SuiteRunner.run(SuiteRunner.java:254)
	at org.testng.SuiteRunnerWorker.runSuite(SuiteRunnerWorker.java:52)
	at org.testng.SuiteRunnerWorker.run(SuiteRunnerWorker.java:86)
	at org.testng.TestNG.runSuitesSequentially(TestNG.java:1224)
	at org.testng.TestNG.runSuitesLocally(TestNG.java:1149)
	at org.testng.TestNG.run(TestNG.java:1057)
	at org.apache.maven.surefire.testng.TestNGExecutor.run(TestNGExecutor.java:155)
	at org.apache.maven.surefire.testng.TestNGDirectoryTestSuite.executeMulti(TestNGDirectoryTestSuite.java:169)
	at org.apache.maven.surefire.testng.TestNGDirectoryTestSuite.execute(TestNGDirectoryTestSuite.java:88)
	at org.apache.maven.surefire.testng.TestNGProvider.invoke(TestNGProvider.java:137)
	at org.apache.maven.surefire.booter.ForkedBooter.runSuitesInProcess(ForkedBooter.java:385)
	at org.apache.maven.surefire.booter.ForkedBooter.execute(ForkedBooter.java:162)
	at org.apache.maven.surefire.booter.ForkedBooter.run(ForkedBooter.java:507)
	at org.apache.maven.surefire.booter.ForkedBooter.main(ForkedBooter.java:495)
Caused by: java.lang.NoClassDefFoundError: Could not initialize class com.fasterxml.jackson.databind.ObjectMapper
	at org.versly.rest.wsdoc.AnnotationProcessor.jsonSchemaFromTypeMirror(AnnotationProcessor.java:967)
	at org.versly.rest.wsdoc.AnnotationProcessor.buildResponseFormat(AnnotationProcessor.java:519)
	at org.versly.rest.wsdoc.AnnotationProcessor.processRequestMappingMethod(AnnotationProcessor.java:301)
	at org.versly.rest.wsdoc.AnnotationProcessor.processElements(AnnotationProcessor.java:176)
	at org.versly.rest.wsdoc.AnnotationProcessor.process(AnnotationProcessor.java:137)
	at jdk.compiler/com.sun.tools.javac.processing.JavacProcessingEnvironment.callProcessor(JavacProcessingEnvironment.java:985)
	at jdk.compiler/com.sun.tools.javac.processing.JavacProcessingEnvironment.discoverAndRunProcs(JavacProcessingEnvironment.java:901)
	at jdk.compiler/com.sun.tools.javac.processing.JavacProcessingEnvironment$Round.run(JavacProcessingEnvironment.java:1227)
	at jdk.compiler/com.sun.tools.javac.processing.JavacProcessingEnvironment.doProcessing(JavacProcessingEnvironment.java:1340)
	at jdk.compiler/com.sun.tools.javac.main.JavaCompiler.processAnnotations(JavaCompiler.java:1254)
	at jdk.compiler/com.sun.tools.javac.main.JavaCompiler.compile(JavaCompiler.java:936)
	at jdk.compiler/com.sun.tools.javac.api.JavacTaskImpl.lambda$doCall$0(JavacTaskImpl.java:104)
	at jdk.compiler/com.sun.tools.javac.api.JavacTaskImpl.handleExceptions(JavacTaskImpl.java:147)
	... 36 more

[ERROR] org.versly.rest.wsdoc.SpringMVCRestAnnotationProcessorTest.testEnumsTypesInPathForRaml  Time elapsed: 0.05 s  <<< FAILURE!
java.lang.RuntimeException: java.lang.NoClassDefFoundError: Could not initialize class com.fasterxml.jackson.databind.ObjectMapper
	at jdk.compiler/com.sun.tools.javac.api.JavacTaskImpl.handleExceptions(JavacTaskImpl.java:163)
	at jdk.compiler/com.sun.tools.javac.api.JavacTaskImpl.doCall(JavacTaskImpl.java:100)
	at jdk.compiler/com.sun.tools.javac.api.JavacTaskImpl.call(JavacTaskImpl.java:94)
	at org.versly.rest.wsdoc.AbstractRestAnnotationProcessorTest.runAnnotationProcessor(AbstractRestAnnotationProcessorTest.java:140)
	at org.versly.rest.wsdoc.AbstractRestAnnotationProcessorTest.runAnnotationProcessor(AbstractRestAnnotationProcessorTest.java:113)
	at org.versly.rest.wsdoc.AbstractRestAnnotationProcessorTest.processResource(AbstractRestAnnotationProcessorTest.java:67)
	at org.versly.rest.wsdoc.AbstractRestAnnotationProcessorTest.processResource(AbstractRestAnnotationProcessorTest.java:60)
	at org.versly.rest.wsdoc.AbstractRestAnnotationProcessorTest.testEnumsTypesInPathForRaml(AbstractRestAnnotationProcessorTest.java:331)
	at java.base/jdk.internal.reflect.NativeMethodAccessorImpl.invoke0(Native Method)
	at java.base/jdk.internal.reflect.NativeMethodAccessorImpl.invoke(NativeMethodAccessorImpl.java:62)
	at java.base/jdk.internal.reflect.DelegatingMethodAccessorImpl.invoke(DelegatingMethodAccessorImpl.java:43)
	at java.base/java.lang.reflect.Method.invoke(Method.java:566)
	at org.testng.internal.MethodInvocationHelper.invokeMethod(MethodInvocationHelper.java:84)
	at org.testng.internal.Invoker.invokeMethod(Invoker.java:714)
	at org.testng.internal.Invoker.invokeTestMethod(Invoker.java:901)
	at org.testng.internal.Invoker.invokeTestMethods(Invoker.java:1231)
	at org.testng.internal.TestMethodWorker.invokeTestMethods(TestMethodWorker.java:127)
	at org.testng.internal.TestMethodWorker.run(TestMethodWorker.java:111)
	at org.testng.TestRunner.privateRun(TestRunner.java:767)
	at org.testng.TestRunner.run(TestRunner.java:617)
	at org.testng.SuiteRunner.runTest(SuiteRunner.java:348)
	at org.testng.SuiteRunner.runSequentially(SuiteRunner.java:343)
	at org.testng.SuiteRunner.privateRun(SuiteRunner.java:305)
	at org.testng.SuiteRunner.run(SuiteRunner.java:254)
	at org.testng.SuiteRunnerWorker.runSuite(SuiteRunnerWorker.java:52)
	at org.testng.SuiteRunnerWorker.run(SuiteRunnerWorker.java:86)
	at org.testng.TestNG.runSuitesSequentially(TestNG.java:1224)
	at org.testng.TestNG.runSuitesLocally(TestNG.java:1149)
	at org.testng.TestNG.run(TestNG.java:1057)
	at org.apache.maven.surefire.testng.TestNGExecutor.run(TestNGExecutor.java:155)
	at org.apache.maven.surefire.testng.TestNGDirectoryTestSuite.executeMulti(TestNGDirectoryTestSuite.java:169)
	at org.apache.maven.surefire.testng.TestNGDirectoryTestSuite.execute(TestNGDirectoryTestSuite.java:88)
	at org.apache.maven.surefire.testng.TestNGProvider.invoke(TestNGProvider.java:137)
	at org.apache.maven.surefire.booter.ForkedBooter.runSuitesInProcess(ForkedBooter.java:385)
	at org.apache.maven.surefire.booter.ForkedBooter.execute(ForkedBooter.java:162)
	at org.apache.maven.surefire.booter.ForkedBooter.run(ForkedBooter.java:507)
	at org.apache.maven.surefire.booter.ForkedBooter.main(ForkedBooter.java:495)
Caused by: java.lang.NoClassDefFoundError: Could not initialize class com.fasterxml.jackson.databind.ObjectMapper
	at org.versly.rest.wsdoc.AnnotationProcessor.jsonSchemaFromTypeMirror(AnnotationProcessor.java:967)
	at org.versly.rest.wsdoc.AnnotationProcessor.buildResponseFormat(AnnotationProcessor.java:519)
	at org.versly.rest.wsdoc.AnnotationProcessor.processRequestMappingMethod(AnnotationProcessor.java:301)
	at org.versly.rest.wsdoc.AnnotationProcessor.processElements(AnnotationProcessor.java:176)
	at org.versly.rest.wsdoc.AnnotationProcessor.process(AnnotationProcessor.java:137)
	at jdk.compiler/com.sun.tools.javac.processing.JavacProcessingEnvironment.callProcessor(JavacProcessingEnvironment.java:985)
	at jdk.compiler/com.sun.tools.javac.processing.JavacProcessingEnvironment.discoverAndRunProcs(JavacProcessingEnvironment.java:901)
	at jdk.compiler/com.sun.tools.javac.processing.JavacProcessingEnvironment$Round.run(JavacProcessingEnvironment.java:1227)
	at jdk.compiler/com.sun.tools.javac.processing.JavacProcessingEnvironment.doProcessing(JavacProcessingEnvironment.java:1340)
	at jdk.compiler/com.sun.tools.javac.main.JavaCompiler.processAnnotations(JavaCompiler.java:1254)
	at jdk.compiler/com.sun.tools.javac.main.JavaCompiler.compile(JavaCompiler.java:936)
	at jdk.compiler/com.sun.tools.javac.api.JavacTaskImpl.lambda$doCall$0(JavacTaskImpl.java:104)
	at jdk.compiler/com.sun.tools.javac.api.JavacTaskImpl.handleExceptions(JavacTaskImpl.java:147)
	... 36 more

[ERROR] org.versly.rest.wsdoc.SpringMVCRestAnnotationProcessorTest.testEnumsTypesQueryForRaml  Time elapsed: 0.05 s  <<< FAILURE!
java.lang.RuntimeException: java.lang.NoClassDefFoundError: Could not initialize class com.fasterxml.jackson.databind.ObjectMapper
	at jdk.compiler/com.sun.tools.javac.api.JavacTaskImpl.handleExceptions(JavacTaskImpl.java:163)
	at jdk.compiler/com.sun.tools.javac.api.JavacTaskImpl.doCall(JavacTaskImpl.java:100)
	at jdk.compiler/com.sun.tools.javac.api.JavacTaskImpl.call(JavacTaskImpl.java:94)
	at org.versly.rest.wsdoc.AbstractRestAnnotationProcessorTest.runAnnotationProcessor(AbstractRestAnnotationProcessorTest.java:140)
	at org.versly.rest.wsdoc.AbstractRestAnnotationProcessorTest.runAnnotationProcessor(AbstractRestAnnotationProcessorTest.java:113)
	at org.versly.rest.wsdoc.AbstractRestAnnotationProcessorTest.processResource(AbstractRestAnnotationProcessorTest.java:67)
	at org.versly.rest.wsdoc.AbstractRestAnnotationProcessorTest.processResource(AbstractRestAnnotationProcessorTest.java:60)
	at org.versly.rest.wsdoc.AbstractRestAnnotationProcessorTest.testEnumsTypesQueryForRaml(AbstractRestAnnotationProcessorTest.java:315)
	at java.base/jdk.internal.reflect.NativeMethodAccessorImpl.invoke0(Native Method)
	at java.base/jdk.internal.reflect.NativeMethodAccessorImpl.invoke(NativeMethodAccessorImpl.java:62)
	at java.base/jdk.internal.reflect.DelegatingMethodAccessorImpl.invoke(DelegatingMethodAccessorImpl.java:43)
	at java.base/java.lang.reflect.Method.invoke(Method.java:566)
	at org.testng.internal.MethodInvocationHelper.invokeMethod(MethodInvocationHelper.java:84)
	at org.testng.internal.Invoker.invokeMethod(Invoker.java:714)
	at org.testng.internal.Invoker.invokeTestMethod(Invoker.java:901)
	at org.testng.internal.Invoker.invokeTestMethods(Invoker.java:1231)
	at org.testng.internal.TestMethodWorker.invokeTestMethods(TestMethodWorker.java:127)
	at org.testng.internal.TestMethodWorker.run(TestMethodWorker.java:111)
	at org.testng.TestRunner.privateRun(TestRunner.java:767)
	at org.testng.TestRunner.run(TestRunner.java:617)
	at org.testng.SuiteRunner.runTest(SuiteRunner.java:348)
	at org.testng.SuiteRunner.runSequentially(SuiteRunner.java:343)
	at org.testng.SuiteRunner.privateRun(SuiteRunner.java:305)
	at org.testng.SuiteRunner.run(SuiteRunner.java:254)
	at org.testng.SuiteRunnerWorker.runSuite(SuiteRunnerWorker.java:52)
	at org.testng.SuiteRunnerWorker.run(SuiteRunnerWorker.java:86)
	at org.testng.TestNG.runSuitesSequentially(TestNG.java:1224)
	at org.testng.TestNG.runSuitesLocally(TestNG.java:1149)
	at org.testng.TestNG.run(TestNG.java:1057)
	at org.apache.maven.surefire.testng.TestNGExecutor.run(TestNGExecutor.java:155)
	at org.apache.maven.surefire.testng.TestNGDirectoryTestSuite.executeMulti(TestNGDirectoryTestSuite.java:169)
	at org.apache.maven.surefire.testng.TestNGDirectoryTestSuite.execute(TestNGDirectoryTestSuite.java:88)
	at org.apache.maven.surefire.testng.TestNGProvider.invoke(TestNGProvider.java:137)
	at org.apache.maven.surefire.booter.ForkedBooter.runSuitesInProcess(ForkedBooter.java:385)
	at org.apache.maven.surefire.booter.ForkedBooter.execute(ForkedBooter.java:162)
	at org.apache.maven.surefire.booter.ForkedBooter.run(ForkedBooter.java:507)
	at org.apache.maven.surefire.booter.ForkedBooter.main(ForkedBooter.java:495)
Caused by: java.lang.NoClassDefFoundError: Could not initialize class com.fasterxml.jackson.databind.ObjectMapper
	at org.versly.rest.wsdoc.AnnotationProcessor.jsonSchemaFromTypeMirror(AnnotationProcessor.java:967)
	at org.versly.rest.wsdoc.AnnotationProcessor.buildResponseFormat(AnnotationProcessor.java:519)
	at org.versly.rest.wsdoc.AnnotationProcessor.processRequestMappingMethod(AnnotationProcessor.java:301)
	at org.versly.rest.wsdoc.AnnotationProcessor.processElements(AnnotationProcessor.java:176)
	at org.versly.rest.wsdoc.AnnotationProcessor.process(AnnotationProcessor.java:137)
	at jdk.compiler/com.sun.tools.javac.processing.JavacProcessingEnvironment.callProcessor(JavacProcessingEnvironment.java:985)
	at jdk.compiler/com.sun.tools.javac.processing.JavacProcessingEnvironment.discoverAndRunProcs(JavacProcessingEnvironment.java:901)
	at jdk.compiler/com.sun.tools.javac.processing.JavacProcessingEnvironment$Round.run(JavacProcessingEnvironment.java:1227)
	at jdk.compiler/com.sun.tools.javac.processing.JavacProcessingEnvironment.doProcessing(JavacProcessingEnvironment.java:1340)
	at jdk.compiler/com.sun.tools.javac.main.JavaCompiler.processAnnotations(JavaCompiler.java:1254)
	at jdk.compiler/com.sun.tools.javac.main.JavaCompiler.compile(JavaCompiler.java:936)
	at jdk.compiler/com.sun.tools.javac.api.JavacTaskImpl.lambda$doCall$0(JavacTaskImpl.java:104)
	at jdk.compiler/com.sun.tools.javac.api.JavacTaskImpl.handleExceptions(JavacTaskImpl.java:147)
	... 36 more

[ERROR] org.versly.rest.wsdoc.SpringMVCRestAnnotationProcessorTest.assertAsync  Time elapsed: 0.049 s  <<< FAILURE!
java.lang.RuntimeException: java.lang.NoClassDefFoundError: Could not initialize class com.fasterxml.jackson.databind.ObjectMapper
	at jdk.compiler/com.sun.tools.javac.api.JavacTaskImpl.handleExceptions(JavacTaskImpl.java:163)
	at jdk.compiler/com.sun.tools.javac.api.JavacTaskImpl.doCall(JavacTaskImpl.java:100)
	at jdk.compiler/com.sun.tools.javac.api.JavacTaskImpl.call(JavacTaskImpl.java:94)
	at org.versly.rest.wsdoc.AbstractRestAnnotationProcessorTest.runAnnotationProcessor(AbstractRestAnnotationProcessorTest.java:140)
	at org.versly.rest.wsdoc.AbstractRestAnnotationProcessorTest.runAnnotationProcessor(AbstractRestAnnotationProcessorTest.java:113)
	at org.versly.rest.wsdoc.AbstractRestAnnotationProcessorTest.processResource(AbstractRestAnnotationProcessorTest.java:67)
	at org.versly.rest.wsdoc.AbstractRestAnnotationProcessorTest.processResource(AbstractRestAnnotationProcessorTest.java:60)
	at org.versly.rest.wsdoc.SpringMVCRestAnnotationProcessorTest.assertAsync(SpringMVCRestAnnotationProcessorTest.java:118)
	at java.base/jdk.internal.reflect.NativeMethodAccessorImpl.invoke0(Native Method)
	at java.base/jdk.internal.reflect.NativeMethodAccessorImpl.invoke(NativeMethodAccessorImpl.java:62)
	at java.base/jdk.internal.reflect.DelegatingMethodAccessorImpl.invoke(DelegatingMethodAccessorImpl.java:43)
	at java.base/java.lang.reflect.Method.invoke(Method.java:566)
	at org.testng.internal.MethodInvocationHelper.invokeMethod(MethodInvocationHelper.java:84)
	at org.testng.internal.Invoker.invokeMethod(Invoker.java:714)
	at org.testng.internal.Invoker.invokeTestMethod(Invoker.java:901)
	at org.testng.internal.Invoker.invokeTestMethods(Invoker.java:1231)
	at org.testng.internal.TestMethodWorker.invokeTestMethods(TestMethodWorker.java:127)
	at org.testng.internal.TestMethodWorker.run(TestMethodWorker.java:111)
	at org.testng.TestRunner.privateRun(TestRunner.java:767)
	at org.testng.TestRunner.run(TestRunner.java:617)
	at org.testng.SuiteRunner.runTest(SuiteRunner.java:348)
	at org.testng.SuiteRunner.runSequentially(SuiteRunner.java:343)
	at org.testng.SuiteRunner.privateRun(SuiteRunner.java:305)
	at org.testng.SuiteRunner.run(SuiteRunner.java:254)
	at org.testng.SuiteRunnerWorker.runSuite(SuiteRunnerWorker.java:52)
	at org.testng.SuiteRunnerWorker.run(SuiteRunnerWorker.java:86)
	at org.testng.TestNG.runSuitesSequentially(TestNG.java:1224)
	at org.testng.TestNG.runSuitesLocally(TestNG.java:1149)
	at org.testng.TestNG.run(TestNG.java:1057)
	at org.apache.maven.surefire.testng.TestNGExecutor.run(TestNGExecutor.java:155)
	at org.apache.maven.surefire.testng.TestNGDirectoryTestSuite.executeMulti(TestNGDirectoryTestSuite.java:169)
	at org.apache.maven.surefire.testng.TestNGDirectoryTestSuite.execute(TestNGDirectoryTestSuite.java:88)
	at org.apache.maven.surefire.testng.TestNGProvider.invoke(TestNGProvider.java:137)
	at org.apache.maven.surefire.booter.ForkedBooter.runSuitesInProcess(ForkedBooter.java:385)
	at org.apache.maven.surefire.booter.ForkedBooter.execute(ForkedBooter.java:162)
	at org.apache.maven.surefire.booter.ForkedBooter.run(ForkedBooter.java:507)
	at org.apache.maven.surefire.booter.ForkedBooter.main(ForkedBooter.java:495)
Caused by: java.lang.NoClassDefFoundError: Could not initialize class com.fasterxml.jackson.databind.ObjectMapper
	at org.versly.rest.wsdoc.AnnotationProcessor.jsonSchemaFromTypeMirror(AnnotationProcessor.java:967)
	at org.versly.rest.wsdoc.AnnotationProcessor.buildResponseFormat(AnnotationProcessor.java:519)
	at org.versly.rest.wsdoc.AnnotationProcessor.processRequestMappingMethod(AnnotationProcessor.java:301)
	at org.versly.rest.wsdoc.AnnotationProcessor.processElements(AnnotationProcessor.java:176)
	at org.versly.rest.wsdoc.AnnotationProcessor.process(AnnotationProcessor.java:137)
	at jdk.compiler/com.sun.tools.javac.processing.JavacProcessingEnvironment.callProcessor(JavacProcessingEnvironment.java:985)
	at jdk.compiler/com.sun.tools.javac.processing.JavacProcessingEnvironment.discoverAndRunProcs(JavacProcessingEnvironment.java:901)
	at jdk.compiler/com.sun.tools.javac.processing.JavacProcessingEnvironment$Round.run(JavacProcessingEnvironment.java:1227)
	at jdk.compiler/com.sun.tools.javac.processing.JavacProcessingEnvironment.doProcessing(JavacProcessingEnvironment.java:1340)
	at jdk.compiler/com.sun.tools.javac.main.JavaCompiler.processAnnotations(JavaCompiler.java:1254)
	at jdk.compiler/com.sun.tools.javac.main.JavaCompiler.compile(JavaCompiler.java:936)
	at jdk.compiler/com.sun.tools.javac.api.JavacTaskImpl.lambda$doCall$0(JavacTaskImpl.java:104)
	at jdk.compiler/com.sun.tools.javac.api.JavacTaskImpl.handleExceptions(JavacTaskImpl.java:147)
	... 36 more

[ERROR] org.versly.rest.wsdoc.SpringMVCRestAnnotationProcessorTest.assertMultipart  Time elapsed: 0.056 s  <<< FAILURE!
java.lang.RuntimeException: java.lang.NoClassDefFoundError: Could not initialize class com.fasterxml.jackson.databind.ObjectMapper
	at jdk.compiler/com.sun.tools.javac.api.JavacTaskImpl.handleExceptions(JavacTaskImpl.java:163)
	at jdk.compiler/com.sun.tools.javac.api.JavacTaskImpl.doCall(JavacTaskImpl.java:100)
	at jdk.compiler/com.sun.tools.javac.api.JavacTaskImpl.call(JavacTaskImpl.java:94)
	at org.versly.rest.wsdoc.AbstractRestAnnotationProcessorTest.runAnnotationProcessor(AbstractRestAnnotationProcessorTest.java:140)
	at org.versly.rest.wsdoc.AbstractRestAnnotationProcessorTest.runAnnotationProcessor(AbstractRestAnnotationProcessorTest.java:113)
	at org.versly.rest.wsdoc.AbstractRestAnnotationProcessorTest.processResource(AbstractRestAnnotationProcessorTest.java:67)
	at org.versly.rest.wsdoc.AbstractRestAnnotationProcessorTest.processResource(AbstractRestAnnotationProcessorTest.java:60)
	at org.versly.rest.wsdoc.SpringMVCRestAnnotationProcessorTest.assertMultipart(SpringMVCRestAnnotationProcessorTest.java:43)
	at java.base/jdk.internal.reflect.NativeMethodAccessorImpl.invoke0(Native Method)
	at java.base/jdk.internal.reflect.NativeMethodAccessorImpl.invoke(NativeMethodAccessorImpl.java:62)
	at java.base/jdk.internal.reflect.DelegatingMethodAccessorImpl.invoke(DelegatingMethodAccessorImpl.java:43)
	at java.base/java.lang.reflect.Method.invoke(Method.java:566)
	at org.testng.internal.MethodInvocationHelper.invokeMethod(MethodInvocationHelper.java:84)
	at org.testng.internal.Invoker.invokeMethod(Invoker.java:714)
	at org.testng.internal.Invoker.invokeTestMethod(Invoker.java:901)
	at org.testng.internal.Invoker.invokeTestMethods(Invoker.java:1231)
	at org.testng.internal.TestMethodWorker.invokeTestMethods(TestMethodWorker.java:127)
	at org.testng.internal.TestMethodWorker.run(TestMethodWorker.java:111)
	at org.testng.TestRunner.privateRun(TestRunner.java:767)
	at org.testng.TestRunner.run(TestRunner.java:617)
	at org.testng.SuiteRunner.runTest(SuiteRunner.java:348)
	at org.testng.SuiteRunner.runSequentially(SuiteRunner.java:343)
	at org.testng.SuiteRunner.privateRun(SuiteRunner.java:305)
	at org.testng.SuiteRunner.run(SuiteRunner.java:254)
	at org.testng.SuiteRunnerWorker.runSuite(SuiteRunnerWorker.java:52)
	at org.testng.SuiteRunnerWorker.run(SuiteRunnerWorker.java:86)
	at org.testng.TestNG.runSuitesSequentially(TestNG.java:1224)
	at org.testng.TestNG.runSuitesLocally(TestNG.java:1149)
	at org.testng.TestNG.run(TestNG.java:1057)
	at org.apache.maven.surefire.testng.TestNGExecutor.run(TestNGExecutor.java:155)
	at org.apache.maven.surefire.testng.TestNGDirectoryTestSuite.executeMulti(TestNGDirectoryTestSuite.java:169)
	at org.apache.maven.surefire.testng.TestNGDirectoryTestSuite.execute(TestNGDirectoryTestSuite.java:88)
	at org.apache.maven.surefire.testng.TestNGProvider.invoke(TestNGProvider.java:137)
	at org.apache.maven.surefire.booter.ForkedBooter.runSuitesInProcess(ForkedBooter.java:385)
	at org.apache.maven.surefire.booter.ForkedBooter.execute(ForkedBooter.java:162)
	at org.apache.maven.surefire.booter.ForkedBooter.run(ForkedBooter.java:507)
	at org.apache.maven.surefire.booter.ForkedBooter.main(ForkedBooter.java:495)
Caused by: java.lang.NoClassDefFoundError: Could not initialize class com.fasterxml.jackson.databind.ObjectMapper
	at org.versly.rest.wsdoc.AnnotationProcessor.jsonSchemaFromTypeMirror(AnnotationProcessor.java:967)
	at org.versly.rest.wsdoc.AnnotationProcessor.buildResponseFormat(AnnotationProcessor.java:519)
	at org.versly.rest.wsdoc.AnnotationProcessor.processRequestMappingMethod(AnnotationProcessor.java:301)
	at org.versly.rest.wsdoc.AnnotationProcessor.processElements(AnnotationProcessor.java:176)
	at org.versly.rest.wsdoc.AnnotationProcessor.process(AnnotationProcessor.java:137)
	at jdk.compiler/com.sun.tools.javac.processing.JavacProcessingEnvironment.callProcessor(JavacProcessingEnvironment.java:985)
	at jdk.compiler/com.sun.tools.javac.processing.JavacProcessingEnvironment.discoverAndRunProcs(JavacProcessingEnvironment.java:901)
	at jdk.compiler/com.sun.tools.javac.processing.JavacProcessingEnvironment$Round.run(JavacProcessingEnvironment.java:1227)
	at jdk.compiler/com.sun.tools.javac.processing.JavacProcessingEnvironment.doProcessing(JavacProcessingEnvironment.java:1340)
	at jdk.compiler/com.sun.tools.javac.main.JavaCompiler.processAnnotations(JavaCompiler.java:1254)
	at jdk.compiler/com.sun.tools.javac.main.JavaCompiler.compile(JavaCompiler.java:936)
	at jdk.compiler/com.sun.tools.javac.api.JavacTaskImpl.lambda$doCall$0(JavacTaskImpl.java:104)
	at jdk.compiler/com.sun.tools.javac.api.JavacTaskImpl.handleExceptions(JavacTaskImpl.java:147)
	... 36 more

[ERROR] org.versly.rest.wsdoc.SpringMVCRestAnnotationProcessorTest.assertOptionalIsNotTraversedInto  Time elapsed: 0.05 s  <<< FAILURE!
java.lang.RuntimeException: java.lang.NoClassDefFoundError: Could not initialize class com.fasterxml.jackson.databind.ObjectMapper
	at jdk.compiler/com.sun.tools.javac.api.JavacTaskImpl.handleExceptions(JavacTaskImpl.java:163)
	at jdk.compiler/com.sun.tools.javac.api.JavacTaskImpl.doCall(JavacTaskImpl.java:100)
	at jdk.compiler/com.sun.tools.javac.api.JavacTaskImpl.call(JavacTaskImpl.java:94)
	at org.versly.rest.wsdoc.AbstractRestAnnotationProcessorTest.runAnnotationProcessor(AbstractRestAnnotationProcessorTest.java:140)
	at org.versly.rest.wsdoc.AbstractRestAnnotationProcessorTest.runAnnotationProcessor(AbstractRestAnnotationProcessorTest.java:113)
	at org.versly.rest.wsdoc.AbstractRestAnnotationProcessorTest.processResource(AbstractRestAnnotationProcessorTest.java:67)
	at org.versly.rest.wsdoc.AbstractRestAnnotationProcessorTest.processResource(AbstractRestAnnotationProcessorTest.java:60)
	at org.versly.rest.wsdoc.SpringMVCRestAnnotationProcessorTest.assertOptionalIsNotTraversedInto(SpringMVCRestAnnotationProcessorTest.java:87)
	at java.base/jdk.internal.reflect.NativeMethodAccessorImpl.invoke0(Native Method)
	at java.base/jdk.internal.reflect.NativeMethodAccessorImpl.invoke(NativeMethodAccessorImpl.java:62)
	at java.base/jdk.internal.reflect.DelegatingMethodAccessorImpl.invoke(DelegatingMethodAccessorImpl.java:43)
	at java.base/java.lang.reflect.Method.invoke(Method.java:566)
	at org.testng.internal.MethodInvocationHelper.invokeMethod(MethodInvocationHelper.java:84)
	at org.testng.internal.Invoker.invokeMethod(Invoker.java:714)
	at org.testng.internal.Invoker.invokeTestMethod(Invoker.java:901)
	at org.testng.internal.Invoker.invokeTestMethods(Invoker.java:1231)
	at org.testng.internal.TestMethodWorker.invokeTestMethods(TestMethodWorker.java:127)
	at org.testng.internal.TestMethodWorker.run(TestMethodWorker.java:111)
	at org.testng.TestRunner.privateRun(TestRunner.java:767)
	at org.testng.TestRunner.run(TestRunner.java:617)
	at org.testng.SuiteRunner.runTest(SuiteRunner.java:348)
	at org.testng.SuiteRunner.runSequentially(SuiteRunner.java:343)
	at org.testng.SuiteRunner.privateRun(SuiteRunner.java:305)
	at org.testng.SuiteRunner.run(SuiteRunner.java:254)
	at org.testng.SuiteRunnerWorker.runSuite(SuiteRunnerWorker.java:52)
	at org.testng.SuiteRunnerWorker.run(SuiteRunnerWorker.java:86)
	at org.testng.TestNG.runSuitesSequentially(TestNG.java:1224)
	at org.testng.TestNG.runSuitesLocally(TestNG.java:1149)
	at org.testng.TestNG.run(TestNG.java:1057)
	at org.apache.maven.surefire.testng.TestNGExecutor.run(TestNGExecutor.java:155)
	at org.apache.maven.surefire.testng.TestNGDirectoryTestSuite.executeMulti(TestNGDirectoryTestSuite.java:169)
	at org.apache.maven.surefire.testng.TestNGDirectoryTestSuite.execute(TestNGDirectoryTestSuite.java:88)
	at org.apache.maven.surefire.testng.TestNGProvider.invoke(TestNGProvider.java:137)
	at org.apache.maven.surefire.booter.ForkedBooter.runSuitesInProcess(ForkedBooter.java:385)
	at org.apache.maven.surefire.booter.ForkedBooter.execute(ForkedBooter.java:162)
	at org.apache.maven.surefire.booter.ForkedBooter.run(ForkedBooter.java:507)
	at org.apache.maven.surefire.booter.ForkedBooter.main(ForkedBooter.java:495)
Caused by: java.lang.NoClassDefFoundError: Could not initialize class com.fasterxml.jackson.databind.ObjectMapper
	at org.versly.rest.wsdoc.AnnotationProcessor.jsonSchemaFromTypeMirror(AnnotationProcessor.java:967)
	at org.versly.rest.wsdoc.AnnotationProcessor.buildResponseFormat(AnnotationProcessor.java:519)
	at org.versly.rest.wsdoc.AnnotationProcessor.processRequestMappingMethod(AnnotationProcessor.java:301)
	at org.versly.rest.wsdoc.AnnotationProcessor.processElements(AnnotationProcessor.java:176)
	at org.versly.rest.wsdoc.AnnotationProcessor.process(AnnotationProcessor.java:137)
	at jdk.compiler/com.sun.tools.javac.processing.JavacProcessingEnvironment.callProcessor(JavacProcessingEnvironment.java:985)
	at jdk.compiler/com.sun.tools.javac.processing.JavacProcessingEnvironment.discoverAndRunProcs(JavacProcessingEnvironment.java:901)
	at jdk.compiler/com.sun.tools.javac.processing.JavacProcessingEnvironment$Round.run(JavacProcessingEnvironment.java:1227)
	at jdk.compiler/com.sun.tools.javac.processing.JavacProcessingEnvironment.doProcessing(JavacProcessingEnvironment.java:1340)
	at jdk.compiler/com.sun.tools.javac.main.JavaCompiler.processAnnotations(JavaCompiler.java:1254)
	at jdk.compiler/com.sun.tools.javac.main.JavaCompiler.compile(JavaCompiler.java:936)
	at jdk.compiler/com.sun.tools.javac.api.JavacTaskImpl.lambda$doCall$0(JavacTaskImpl.java:104)
	at jdk.compiler/com.sun.tools.javac.api.JavacTaskImpl.handleExceptions(JavacTaskImpl.java:147)
	... 36 more

[ERROR] org.versly.rest.wsdoc.SpringMVCRestAnnotationProcessorTest.assertQueryParams  Time elapsed: 0.054 s  <<< FAILURE!
java.lang.RuntimeException: java.lang.NoClassDefFoundError: Could not initialize class com.fasterxml.jackson.databind.ObjectMapper
	at jdk.compiler/com.sun.tools.javac.api.JavacTaskImpl.handleExceptions(JavacTaskImpl.java:163)
	at jdk.compiler/com.sun.tools.javac.api.JavacTaskImpl.doCall(JavacTaskImpl.java:100)
	at jdk.compiler/com.sun.tools.javac.api.JavacTaskImpl.call(JavacTaskImpl.java:94)
	at org.versly.rest.wsdoc.AbstractRestAnnotationProcessorTest.runAnnotationProcessor(AbstractRestAnnotationProcessorTest.java:140)
	at org.versly.rest.wsdoc.AbstractRestAnnotationProcessorTest.runAnnotationProcessor(AbstractRestAnnotationProcessorTest.java:113)
	at org.versly.rest.wsdoc.AbstractRestAnnotationProcessorTest.processResource(AbstractRestAnnotationProcessorTest.java:67)
	at org.versly.rest.wsdoc.AbstractRestAnnotationProcessorTest.processResource(AbstractRestAnnotationProcessorTest.java:60)
	at org.versly.rest.wsdoc.SpringMVCRestAnnotationProcessorTest.assertQueryParams(SpringMVCRestAnnotationProcessorTest.java:66)
	at java.base/jdk.internal.reflect.NativeMethodAccessorImpl.invoke0(Native Method)
	at java.base/jdk.internal.reflect.NativeMethodAccessorImpl.invoke(NativeMethodAccessorImpl.java:62)
	at java.base/jdk.internal.reflect.DelegatingMethodAccessorImpl.invoke(DelegatingMethodAccessorImpl.java:43)
	at java.base/java.lang.reflect.Method.invoke(Method.java:566)
	at org.testng.internal.MethodInvocationHelper.invokeMethod(MethodInvocationHelper.java:84)
	at org.testng.internal.Invoker.invokeMethod(Invoker.java:714)
	at org.testng.internal.Invoker.invokeTestMethod(Invoker.java:901)
	at org.testng.internal.Invoker.invokeTestMethods(Invoker.java:1231)
	at org.testng.internal.TestMethodWorker.invokeTestMethods(TestMethodWorker.java:127)
	at org.testng.internal.TestMethodWorker.run(TestMethodWorker.java:111)
	at org.testng.TestRunner.privateRun(TestRunner.java:767)
	at org.testng.TestRunner.run(TestRunner.java:617)
	at org.testng.SuiteRunner.runTest(SuiteRunner.java:348)
	at org.testng.SuiteRunner.runSequentially(SuiteRunner.java:343)
	at org.testng.SuiteRunner.privateRun(SuiteRunner.java:305)
	at org.testng.SuiteRunner.run(SuiteRunner.java:254)
	at org.testng.SuiteRunnerWorker.runSuite(SuiteRunnerWorker.java:52)
	at org.testng.SuiteRunnerWorker.run(SuiteRunnerWorker.java:86)
	at org.testng.TestNG.runSuitesSequentially(TestNG.java:1224)
	at org.testng.TestNG.runSuitesLocally(TestNG.java:1149)
	at org.testng.TestNG.run(TestNG.java:1057)
	at org.apache.maven.surefire.testng.TestNGExecutor.run(TestNGExecutor.java:155)
	at org.apache.maven.surefire.testng.TestNGDirectoryTestSuite.executeMulti(TestNGDirectoryTestSuite.java:169)
	at org.apache.maven.surefire.testng.TestNGDirectoryTestSuite.execute(TestNGDirectoryTestSuite.java:88)
	at org.apache.maven.surefire.testng.TestNGProvider.invoke(TestNGProvider.java:137)
	at org.apache.maven.surefire.booter.ForkedBooter.runSuitesInProcess(ForkedBooter.java:385)
	at org.apache.maven.surefire.booter.ForkedBooter.execute(ForkedBooter.java:162)
	at org.apache.maven.surefire.booter.ForkedBooter.run(ForkedBooter.java:507)
	at org.apache.maven.surefire.booter.ForkedBooter.main(ForkedBooter.java:495)
Caused by: java.lang.NoClassDefFoundError: Could not initialize class com.fasterxml.jackson.databind.ObjectMapper
	at org.versly.rest.wsdoc.AnnotationProcessor.jsonSchemaFromTypeMirror(AnnotationProcessor.java:967)
	at org.versly.rest.wsdoc.AnnotationProcessor.buildResponseFormat(AnnotationProcessor.java:519)
	at org.versly.rest.wsdoc.AnnotationProcessor.processRequestMappingMethod(AnnotationProcessor.java:301)
	at org.versly.rest.wsdoc.AnnotationProcessor.processElements(AnnotationProcessor.java:176)
	at org.versly.rest.wsdoc.AnnotationProcessor.process(AnnotationProcessor.java:137)
	at jdk.compiler/com.sun.tools.javac.processing.JavacProcessingEnvironment.callProcessor(JavacProcessingEnvironment.java:985)
	at jdk.compiler/com.sun.tools.javac.processing.JavacProcessingEnvironment.discoverAndRunProcs(JavacProcessingEnvironment.java:901)
	at jdk.compiler/com.sun.tools.javac.processing.JavacProcessingEnvironment$Round.run(JavacProcessingEnvironment.java:1227)
	at jdk.compiler/com.sun.tools.javac.processing.JavacProcessingEnvironment.doProcessing(JavacProcessingEnvironment.java:1340)
	at jdk.compiler/com.sun.tools.javac.main.JavaCompiler.processAnnotations(JavaCompiler.java:1254)
	at jdk.compiler/com.sun.tools.javac.main.JavaCompiler.compile(JavaCompiler.java:936)
	at jdk.compiler/com.sun.tools.javac.api.JavacTaskImpl.lambda$doCall$0(JavacTaskImpl.java:104)
	at jdk.compiler/com.sun.tools.javac.api.JavacTaskImpl.handleExceptions(JavacTaskImpl.java:147)
	... 36 more

[ERROR] org.versly.rest.wsdoc.SpringMVCRestAnnotationProcessorTest.assertSpring43ComposedAnnotationController  Time elapsed: 0.177 s  <<< FAILURE!
java.lang.RuntimeException: java.lang.NoClassDefFoundError: Could not initialize class com.fasterxml.jackson.databind.ObjectMapper
	at jdk.compiler/com.sun.tools.javac.api.JavacTaskImpl.handleExceptions(JavacTaskImpl.java:163)
	at jdk.compiler/com.sun.tools.javac.api.JavacTaskImpl.doCall(JavacTaskImpl.java:100)
	at jdk.compiler/com.sun.tools.javac.api.JavacTaskImpl.call(JavacTaskImpl.java:94)
	at org.versly.rest.wsdoc.AbstractRestAnnotationProcessorTest.runAnnotationProcessor(AbstractRestAnnotationProcessorTest.java:140)
	at org.versly.rest.wsdoc.AbstractRestAnnotationProcessorTest.runAnnotationProcessor(AbstractRestAnnotationProcessorTest.java:113)
	at org.versly.rest.wsdoc.AbstractRestAnnotationProcessorTest.processResource(AbstractRestAnnotationProcessorTest.java:67)
	at org.versly.rest.wsdoc.AbstractRestAnnotationProcessorTest.processResource(AbstractRestAnnotationProcessorTest.java:60)
	at org.versly.rest.wsdoc.SpringMVCRestAnnotationProcessorTest.assertSpring43ComposedAnnotationController(SpringMVCRestAnnotationProcessorTest.java:132)
	at java.base/jdk.internal.reflect.NativeMethodAccessorImpl.invoke0(Native Method)
	at java.base/jdk.internal.reflect.NativeMethodAccessorImpl.invoke(NativeMethodAccessorImpl.java:62)
	at java.base/jdk.internal.reflect.DelegatingMethodAccessorImpl.invoke(DelegatingMethodAccessorImpl.java:43)
	at java.base/java.lang.reflect.Method.invoke(Method.java:566)
	at org.testng.internal.MethodInvocationHelper.invokeMethod(MethodInvocationHelper.java:84)
	at org.testng.internal.Invoker.invokeMethod(Invoker.java:714)
	at org.testng.internal.Invoker.invokeTestMethod(Invoker.java:901)
	at org.testng.internal.Invoker.invokeTestMethods(Invoker.java:1231)
	at org.testng.internal.TestMethodWorker.invokeTestMethods(TestMethodWorker.java:127)
	at org.testng.internal.TestMethodWorker.run(TestMethodWorker.java:111)
	at org.testng.TestRunner.privateRun(TestRunner.java:767)
	at org.testng.TestRunner.run(TestRunner.java:617)
	at org.testng.SuiteRunner.runTest(SuiteRunner.java:348)
	at org.testng.SuiteRunner.runSequentially(SuiteRunner.java:343)
	at org.testng.SuiteRunner.privateRun(SuiteRunner.java:305)
	at org.testng.SuiteRunner.run(SuiteRunner.java:254)
	at org.testng.SuiteRunnerWorker.runSuite(SuiteRunnerWorker.java:52)
	at org.testng.SuiteRunnerWorker.run(SuiteRunnerWorker.java:86)
	at org.testng.TestNG.runSuitesSequentially(TestNG.java:1224)
	at org.testng.TestNG.runSuitesLocally(TestNG.java:1149)
	at org.testng.TestNG.run(TestNG.java:1057)
	at org.apache.maven.surefire.testng.TestNGExecutor.run(TestNGExecutor.java:155)
	at org.apache.maven.surefire.testng.TestNGDirectoryTestSuite.executeMulti(TestNGDirectoryTestSuite.java:169)
	at org.apache.maven.surefire.testng.TestNGDirectoryTestSuite.execute(TestNGDirectoryTestSuite.java:88)
	at org.apache.maven.surefire.testng.TestNGProvider.invoke(TestNGProvider.java:137)
	at org.apache.maven.surefire.booter.ForkedBooter.runSuitesInProcess(ForkedBooter.java:385)
	at org.apache.maven.surefire.booter.ForkedBooter.execute(ForkedBooter.java:162)
	at org.apache.maven.surefire.booter.ForkedBooter.run(ForkedBooter.java:507)
	at org.apache.maven.surefire.booter.ForkedBooter.main(ForkedBooter.java:495)
Caused by: java.lang.NoClassDefFoundError: Could not initialize class com.fasterxml.jackson.databind.ObjectMapper
	at org.versly.rest.wsdoc.AnnotationProcessor.jsonSchemaFromTypeMirror(AnnotationProcessor.java:967)
	at org.versly.rest.wsdoc.AnnotationProcessor.buildRequestBody(AnnotationProcessor.java:376)
	at org.versly.rest.wsdoc.AnnotationProcessor.buildRequestBodies(AnnotationProcessor.java:371)
	at org.versly.rest.wsdoc.AnnotationProcessor.buildParameterData(AnnotationProcessor.java:341)
	at org.versly.rest.wsdoc.AnnotationProcessor.processRequestMappingMethod(AnnotationProcessor.java:298)
	at org.versly.rest.wsdoc.AnnotationProcessor.processElements(AnnotationProcessor.java:176)
	at org.versly.rest.wsdoc.AnnotationProcessor.process(AnnotationProcessor.java:137)
	at jdk.compiler/com.sun.tools.javac.processing.JavacProcessingEnvironment.callProcessor(JavacProcessingEnvironment.java:985)
	at jdk.compiler/com.sun.tools.javac.processing.JavacProcessingEnvironment.discoverAndRunProcs(JavacProcessingEnvironment.java:901)
	at jdk.compiler/com.sun.tools.javac.processing.JavacProcessingEnvironment$Round.run(JavacProcessingEnvironment.java:1227)
	at jdk.compiler/com.sun.tools.javac.processing.JavacProcessingEnvironment.doProcessing(JavacProcessingEnvironment.java:1340)
	at jdk.compiler/com.sun.tools.javac.main.JavaCompiler.processAnnotations(JavaCompiler.java:1254)
	at jdk.compiler/com.sun.tools.javac.main.JavaCompiler.compile(JavaCompiler.java:936)
	at jdk.compiler/com.sun.tools.javac.api.JavacTaskImpl.lambda$doCall$0(JavacTaskImpl.java:104)
	at jdk.compiler/com.sun.tools.javac.api.JavacTaskImpl.handleExceptions(JavacTaskImpl.java:147)
	... 36 more

[ERROR] org.versly.rest.wsdoc.SpringMVCRestAnnotationProcessorTest.assertWildcardTypes  Time elapsed: 0.044 s  <<< FAILURE!
java.lang.RuntimeException: java.lang.NoClassDefFoundError: Could not initialize class com.fasterxml.jackson.databind.ObjectMapper
	at jdk.compiler/com.sun.tools.javac.api.JavacTaskImpl.handleExceptions(JavacTaskImpl.java:163)
	at jdk.compiler/com.sun.tools.javac.api.JavacTaskImpl.doCall(JavacTaskImpl.java:100)
	at jdk.compiler/com.sun.tools.javac.api.JavacTaskImpl.call(JavacTaskImpl.java:94)
	at org.versly.rest.wsdoc.AbstractRestAnnotationProcessorTest.runAnnotationProcessor(AbstractRestAnnotationProcessorTest.java:140)
	at org.versly.rest.wsdoc.AbstractRestAnnotationProcessorTest.runAnnotationProcessor(AbstractRestAnnotationProcessorTest.java:113)
	at org.versly.rest.wsdoc.AbstractRestAnnotationProcessorTest.processResource(AbstractRestAnnotationProcessorTest.java:67)
	at org.versly.rest.wsdoc.AbstractRestAnnotationProcessorTest.processResource(AbstractRestAnnotationProcessorTest.java:60)
	at org.versly.rest.wsdoc.SpringMVCRestAnnotationProcessorTest.assertWildcardTypes(SpringMVCRestAnnotationProcessorTest.java:111)
	at java.base/jdk.internal.reflect.NativeMethodAccessorImpl.invoke0(Native Method)
	at java.base/jdk.internal.reflect.NativeMethodAccessorImpl.invoke(NativeMethodAccessorImpl.java:62)
	at java.base/jdk.internal.reflect.DelegatingMethodAccessorImpl.invoke(DelegatingMethodAccessorImpl.java:43)
	at java.base/java.lang.reflect.Method.invoke(Method.java:566)
	at org.testng.internal.MethodInvocationHelper.invokeMethod(MethodInvocationHelper.java:84)
	at org.testng.internal.Invoker.invokeMethod(Invoker.java:714)
	at org.testng.internal.Invoker.invokeTestMethod(Invoker.java:901)
	at org.testng.internal.Invoker.invokeTestMethods(Invoker.java:1231)
	at org.testng.internal.TestMethodWorker.invokeTestMethods(TestMethodWorker.java:127)
	at org.testng.internal.TestMethodWorker.run(TestMethodWorker.java:111)
	at org.testng.TestRunner.privateRun(TestRunner.java:767)
	at org.testng.TestRunner.run(TestRunner.java:617)
	at org.testng.SuiteRunner.runTest(SuiteRunner.java:348)
	at org.testng.SuiteRunner.runSequentially(SuiteRunner.java:343)
	at org.testng.SuiteRunner.privateRun(SuiteRunner.java:305)
	at org.testng.SuiteRunner.run(SuiteRunner.java:254)
	at org.testng.SuiteRunnerWorker.runSuite(SuiteRunnerWorker.java:52)
	at org.testng.SuiteRunnerWorker.run(SuiteRunnerWorker.java:86)
	at org.testng.TestNG.runSuitesSequentially(TestNG.java:1224)
	at org.testng.TestNG.runSuitesLocally(TestNG.java:1149)
	at org.testng.TestNG.run(TestNG.java:1057)
	at org.apache.maven.surefire.testng.TestNGExecutor.run(TestNGExecutor.java:155)
	at org.apache.maven.surefire.testng.TestNGDirectoryTestSuite.executeMulti(TestNGDirectoryTestSuite.java:169)
	at org.apache.maven.surefire.testng.TestNGDirectoryTestSuite.execute(TestNGDirectoryTestSuite.java:88)
	at org.apache.maven.surefire.testng.TestNGProvider.invoke(TestNGProvider.java:137)
	at org.apache.maven.surefire.booter.ForkedBooter.runSuitesInProcess(ForkedBooter.java:385)
	at org.apache.maven.surefire.booter.ForkedBooter.execute(ForkedBooter.java:162)
	at org.apache.maven.surefire.booter.ForkedBooter.run(ForkedBooter.java:507)
	at org.apache.maven.surefire.booter.ForkedBooter.main(ForkedBooter.java:495)
Caused by: java.lang.NoClassDefFoundError: Could not initialize class com.fasterxml.jackson.databind.ObjectMapper
	at org.versly.rest.wsdoc.AnnotationProcessor.jsonSchemaFromTypeMirror(AnnotationProcessor.java:967)
	at org.versly.rest.wsdoc.AnnotationProcessor.buildResponseFormat(AnnotationProcessor.java:519)
	at org.versly.rest.wsdoc.AnnotationProcessor.processRequestMappingMethod(AnnotationProcessor.java:301)
	at org.versly.rest.wsdoc.AnnotationProcessor.processElements(AnnotationProcessor.java:176)
	at org.versly.rest.wsdoc.AnnotationProcessor.process(AnnotationProcessor.java:137)
	at jdk.compiler/com.sun.tools.javac.processing.JavacProcessingEnvironment.callProcessor(JavacProcessingEnvironment.java:985)
	at jdk.compiler/com.sun.tools.javac.processing.JavacProcessingEnvironment.discoverAndRunProcs(JavacProcessingEnvironment.java:901)
	at jdk.compiler/com.sun.tools.javac.processing.JavacProcessingEnvironment$Round.run(JavacProcessingEnvironment.java:1227)
	at jdk.compiler/com.sun.tools.javac.processing.JavacProcessingEnvironment.doProcessing(JavacProcessingEnvironment.java:1340)
	at jdk.compiler/com.sun.tools.javac.main.JavaCompiler.processAnnotations(JavaCompiler.java:1254)
	at jdk.compiler/com.sun.tools.javac.main.JavaCompiler.compile(JavaCompiler.java:936)
	at jdk.compiler/com.sun.tools.javac.api.JavacTaskImpl.lambda$doCall$0(JavacTaskImpl.java:104)
	at jdk.compiler/com.sun.tools.javac.api.JavacTaskImpl.handleExceptions(JavacTaskImpl.java:147)
	... 36 more

[ERROR] org.versly.rest.wsdoc.SpringMVCRestAnnotationProcessorTest.multipleBindingsForOneEndpoint  Time elapsed: 0.045 s  <<< FAILURE!
java.lang.RuntimeException: java.lang.NoClassDefFoundError: Could not initialize class com.fasterxml.jackson.databind.ObjectMapper
	at jdk.compiler/com.sun.tools.javac.api.JavacTaskImpl.handleExceptions(JavacTaskImpl.java:163)
	at jdk.compiler/com.sun.tools.javac.api.JavacTaskImpl.doCall(JavacTaskImpl.java:100)
	at jdk.compiler/com.sun.tools.javac.api.JavacTaskImpl.call(JavacTaskImpl.java:94)
	at org.versly.rest.wsdoc.AbstractRestAnnotationProcessorTest.runAnnotationProcessor(AbstractRestAnnotationProcessorTest.java:140)
	at org.versly.rest.wsdoc.AbstractRestAnnotationProcessorTest.runAnnotationProcessor(AbstractRestAnnotationProcessorTest.java:113)
	at org.versly.rest.wsdoc.AbstractRestAnnotationProcessorTest.processResource(AbstractRestAnnotationProcessorTest.java:67)
	at org.versly.rest.wsdoc.AbstractRestAnnotationProcessorTest.processResource(AbstractRestAnnotationProcessorTest.java:60)
	at org.versly.rest.wsdoc.SpringMVCRestAnnotationProcessorTest.multipleBindingsForOneEndpoint(SpringMVCRestAnnotationProcessorTest.java:80)
	at java.base/jdk.internal.reflect.NativeMethodAccessorImpl.invoke0(Native Method)
	at java.base/jdk.internal.reflect.NativeMethodAccessorImpl.invoke(NativeMethodAccessorImpl.java:62)
	at java.base/jdk.internal.reflect.DelegatingMethodAccessorImpl.invoke(DelegatingMethodAccessorImpl.java:43)
	at java.base/java.lang.reflect.Method.invoke(Method.java:566)
	at org.testng.internal.MethodInvocationHelper.invokeMethod(MethodInvocationHelper.java:84)
	at org.testng.internal.Invoker.invokeMethod(Invoker.java:714)
	at org.testng.internal.Invoker.invokeTestMethod(Invoker.java:901)
	at org.testng.internal.Invoker.invokeTestMethods(Invoker.java:1231)
	at org.testng.internal.TestMethodWorker.invokeTestMethods(TestMethodWorker.java:127)
	at org.testng.internal.TestMethodWorker.run(TestMethodWorker.java:111)
	at org.testng.TestRunner.privateRun(TestRunner.java:767)
	at org.testng.TestRunner.run(TestRunner.java:617)
	at org.testng.SuiteRunner.runTest(SuiteRunner.java:348)
	at org.testng.SuiteRunner.runSequentially(SuiteRunner.java:343)
	at org.testng.SuiteRunner.privateRun(SuiteRunner.java:305)
	at org.testng.SuiteRunner.run(SuiteRunner.java:254)
	at org.testng.SuiteRunnerWorker.runSuite(SuiteRunnerWorker.java:52)
	at org.testng.SuiteRunnerWorker.run(SuiteRunnerWorker.java:86)
	at org.testng.TestNG.runSuitesSequentially(TestNG.java:1224)
	at org.testng.TestNG.runSuitesLocally(TestNG.java:1149)
	at org.testng.TestNG.run(TestNG.java:1057)
	at org.apache.maven.surefire.testng.TestNGExecutor.run(TestNGExecutor.java:155)
	at org.apache.maven.surefire.testng.TestNGDirectoryTestSuite.executeMulti(TestNGDirectoryTestSuite.java:169)
	at org.apache.maven.surefire.testng.TestNGDirectoryTestSuite.execute(TestNGDirectoryTestSuite.java:88)
	at org.apache.maven.surefire.testng.TestNGProvider.invoke(TestNGProvider.java:137)
	at org.apache.maven.surefire.booter.ForkedBooter.runSuitesInProcess(ForkedBooter.java:385)
	at org.apache.maven.surefire.booter.ForkedBooter.execute(ForkedBooter.java:162)
	at org.apache.maven.surefire.booter.ForkedBooter.run(ForkedBooter.java:507)
	at org.apache.maven.surefire.booter.ForkedBooter.main(ForkedBooter.java:495)
Caused by: java.lang.NoClassDefFoundError: Could not initialize class com.fasterxml.jackson.databind.ObjectMapper
	at org.versly.rest.wsdoc.AnnotationProcessor.jsonSchemaFromTypeMirror(AnnotationProcessor.java:967)
	at org.versly.rest.wsdoc.AnnotationProcessor.buildResponseFormat(AnnotationProcessor.java:519)
	at org.versly.rest.wsdoc.AnnotationProcessor.processRequestMappingMethod(AnnotationProcessor.java:301)
	at org.versly.rest.wsdoc.AnnotationProcessor.processElements(AnnotationProcessor.java:176)
	at org.versly.rest.wsdoc.AnnotationProcessor.process(AnnotationProcessor.java:137)
	at jdk.compiler/com.sun.tools.javac.processing.JavacProcessingEnvironment.callProcessor(JavacProcessingEnvironment.java:985)
	at jdk.compiler/com.sun.tools.javac.processing.JavacProcessingEnvironment.discoverAndRunProcs(JavacProcessingEnvironment.java:901)
	at jdk.compiler/com.sun.tools.javac.processing.JavacProcessingEnvironment$Round.run(JavacProcessingEnvironment.java:1227)
	at jdk.compiler/com.sun.tools.javac.processing.JavacProcessingEnvironment.doProcessing(JavacProcessingEnvironment.java:1340)
	at jdk.compiler/com.sun.tools.javac.main.JavaCompiler.processAnnotations(JavaCompiler.java:1254)
	at jdk.compiler/com.sun.tools.javac.main.JavaCompiler.compile(JavaCompiler.java:936)
	at jdk.compiler/com.sun.tools.javac.api.JavacTaskImpl.lambda$doCall$0(JavacTaskImpl.java:104)
	at jdk.compiler/com.sun.tools.javac.api.JavacTaskImpl.handleExceptions(JavacTaskImpl.java:147)
	... 36 more

[ERROR] org.versly.rest.wsdoc.SpringMVCRestAnnotationProcessorTest.processControllerThatReturnsDomainObjectWithGenericParentsExpectsSuccess  Time elapsed: 0.046 s  <<< FAILURE!
java.lang.RuntimeException: java.lang.NoClassDefFoundError: Could not initialize class com.fasterxml.jackson.databind.ObjectMapper
	at jdk.compiler/com.sun.tools.javac.api.JavacTaskImpl.handleExceptions(JavacTaskImpl.java:163)
	at jdk.compiler/com.sun.tools.javac.api.JavacTaskImpl.doCall(JavacTaskImpl.java:100)
	at jdk.compiler/com.sun.tools.javac.api.JavacTaskImpl.call(JavacTaskImpl.java:94)
	at org.versly.rest.wsdoc.AbstractRestAnnotationProcessorTest.runAnnotationProcessor(AbstractRestAnnotationProcessorTest.java:140)
	at org.versly.rest.wsdoc.AbstractRestAnnotationProcessorTest.runAnnotationProcessor(AbstractRestAnnotationProcessorTest.java:113)
	at org.versly.rest.wsdoc.AbstractRestAnnotationProcessorTest.processResource(AbstractRestAnnotationProcessorTest.java:67)
	at org.versly.rest.wsdoc.AbstractRestAnnotationProcessorTest.processResource(AbstractRestAnnotationProcessorTest.java:60)
	at org.versly.rest.wsdoc.SpringMVCRestAnnotationProcessorTest.processControllerThatReturnsDomainObjectWithGenericParentsExpectsSuccess(SpringMVCRestAnnotationProcessorTest.java:50)
	at java.base/jdk.internal.reflect.NativeMethodAccessorImpl.invoke0(Native Method)
	at java.base/jdk.internal.reflect.NativeMethodAccessorImpl.invoke(NativeMethodAccessorImpl.java:62)
	at java.base/jdk.internal.reflect.DelegatingMethodAccessorImpl.invoke(DelegatingMethodAccessorImpl.java:43)
	at java.base/java.lang.reflect.Method.invoke(Method.java:566)
	at org.testng.internal.MethodInvocationHelper.invokeMethod(MethodInvocationHelper.java:84)
	at org.testng.internal.Invoker.invokeMethod(Invoker.java:714)
	at org.testng.internal.Invoker.invokeTestMethod(Invoker.java:901)
	at org.testng.internal.Invoker.invokeTestMethods(Invoker.java:1231)
	at org.testng.internal.TestMethodWorker.invokeTestMethods(TestMethodWorker.java:127)
	at org.testng.internal.TestMethodWorker.run(TestMethodWorker.java:111)
	at org.testng.TestRunner.privateRun(TestRunner.java:767)
	at org.testng.TestRunner.run(TestRunner.java:617)
	at org.testng.SuiteRunner.runTest(SuiteRunner.java:348)
	at org.testng.SuiteRunner.runSequentially(SuiteRunner.java:343)
	at org.testng.SuiteRunner.privateRun(SuiteRunner.java:305)
	at org.testng.SuiteRunner.run(SuiteRunner.java:254)
	at org.testng.SuiteRunnerWorker.runSuite(SuiteRunnerWorker.java:52)
	at org.testng.SuiteRunnerWorker.run(SuiteRunnerWorker.java:86)
	at org.testng.TestNG.runSuitesSequentially(TestNG.java:1224)
	at org.testng.TestNG.runSuitesLocally(TestNG.java:1149)
	at org.testng.TestNG.run(TestNG.java:1057)
	at org.apache.maven.surefire.testng.TestNGExecutor.run(TestNGExecutor.java:155)
	at org.apache.maven.surefire.testng.TestNGDirectoryTestSuite.executeMulti(TestNGDirectoryTestSuite.java:169)
	at org.apache.maven.surefire.testng.TestNGDirectoryTestSuite.execute(TestNGDirectoryTestSuite.java:88)
	at org.apache.maven.surefire.testng.TestNGProvider.invoke(TestNGProvider.java:137)
	at org.apache.maven.surefire.booter.ForkedBooter.runSuitesInProcess(ForkedBooter.java:385)
	at org.apache.maven.surefire.booter.ForkedBooter.execute(ForkedBooter.java:162)
	at org.apache.maven.surefire.booter.ForkedBooter.run(ForkedBooter.java:507)
	at org.apache.maven.surefire.booter.ForkedBooter.main(ForkedBooter.java:495)
Caused by: java.lang.NoClassDefFoundError: Could not initialize class com.fasterxml.jackson.databind.ObjectMapper
	at org.versly.rest.wsdoc.AnnotationProcessor.jsonSchemaFromTypeMirror(AnnotationProcessor.java:967)
	at org.versly.rest.wsdoc.AnnotationProcessor.buildResponseFormat(AnnotationProcessor.java:519)
	at org.versly.rest.wsdoc.AnnotationProcessor.processRequestMappingMethod(AnnotationProcessor.java:301)
	at org.versly.rest.wsdoc.AnnotationProcessor.processElements(AnnotationProcessor.java:176)
	at org.versly.rest.wsdoc.AnnotationProcessor.process(AnnotationProcessor.java:137)
	at jdk.compiler/com.sun.tools.javac.processing.JavacProcessingEnvironment.callProcessor(JavacProcessingEnvironment.java:985)
	at jdk.compiler/com.sun.tools.javac.processing.JavacProcessingEnvironment.discoverAndRunProcs(JavacProcessingEnvironment.java:901)
	at jdk.compiler/com.sun.tools.javac.processing.JavacProcessingEnvironment$Round.run(JavacProcessingEnvironment.java:1227)
	at jdk.compiler/com.sun.tools.javac.processing.JavacProcessingEnvironment.doProcessing(JavacProcessingEnvironment.java:1340)
	at jdk.compiler/com.sun.tools.javac.main.JavaCompiler.processAnnotations(JavaCompiler.java:1254)
	at jdk.compiler/com.sun.tools.javac.main.JavaCompiler.compile(JavaCompiler.java:936)
	at jdk.compiler/com.sun.tools.javac.api.JavacTaskImpl.lambda$doCall$0(JavacTaskImpl.java:104)
	at jdk.compiler/com.sun.tools.javac.api.JavacTaskImpl.handleExceptions(JavacTaskImpl.java:147)
	... 36 more

[ERROR] org.versly.rest.wsdoc.SpringMVCRestAnnotationProcessorTest.processControllerThatReturnsEnumSetExpectsSuccess  Time elapsed: 0.048 s  <<< FAILURE!
java.lang.RuntimeException: java.lang.NoClassDefFoundError: Could not initialize class com.fasterxml.jackson.databind.ObjectMapper
	at jdk.compiler/com.sun.tools.javac.api.JavacTaskImpl.handleExceptions(JavacTaskImpl.java:163)
	at jdk.compiler/com.sun.tools.javac.api.JavacTaskImpl.doCall(JavacTaskImpl.java:100)
	at jdk.compiler/com.sun.tools.javac.api.JavacTaskImpl.call(JavacTaskImpl.java:94)
	at org.versly.rest.wsdoc.AbstractRestAnnotationProcessorTest.runAnnotationProcessor(AbstractRestAnnotationProcessorTest.java:140)
	at org.versly.rest.wsdoc.AbstractRestAnnotationProcessorTest.runAnnotationProcessor(AbstractRestAnnotationProcessorTest.java:113)
	at org.versly.rest.wsdoc.AbstractRestAnnotationProcessorTest.processResource(AbstractRestAnnotationProcessorTest.java:67)
	at org.versly.rest.wsdoc.AbstractRestAnnotationProcessorTest.processResource(AbstractRestAnnotationProcessorTest.java:60)
	at org.versly.rest.wsdoc.SpringMVCRestAnnotationProcessorTest.processControllerThatReturnsEnumSetExpectsSuccess(SpringMVCRestAnnotationProcessorTest.java:73)
	at java.base/jdk.internal.reflect.NativeMethodAccessorImpl.invoke0(Native Method)
	at java.base/jdk.internal.reflect.NativeMethodAccessorImpl.invoke(NativeMethodAccessorImpl.java:62)
	at java.base/jdk.internal.reflect.DelegatingMethodAccessorImpl.invoke(DelegatingMethodAccessorImpl.java:43)
	at java.base/java.lang.reflect.Method.invoke(Method.java:566)
	at org.testng.internal.MethodInvocationHelper.invokeMethod(MethodInvocationHelper.java:84)
	at org.testng.internal.Invoker.invokeMethod(Invoker.java:714)
	at org.testng.internal.Invoker.invokeTestMethod(Invoker.java:901)
	at org.testng.internal.Invoker.invokeTestMethods(Invoker.java:1231)
	at org.testng.internal.TestMethodWorker.invokeTestMethods(TestMethodWorker.java:127)
	at org.testng.internal.TestMethodWorker.run(TestMethodWorker.java:111)
	at org.testng.TestRunner.privateRun(TestRunner.java:767)
	at org.testng.TestRunner.run(TestRunner.java:617)
	at org.testng.SuiteRunner.runTest(SuiteRunner.java:348)
	at org.testng.SuiteRunner.runSequentially(SuiteRunner.java:343)
	at org.testng.SuiteRunner.privateRun(SuiteRunner.java:305)
	at org.testng.SuiteRunner.run(SuiteRunner.java:254)
	at org.testng.SuiteRunnerWorker.runSuite(SuiteRunnerWorker.java:52)
	at org.testng.SuiteRunnerWorker.run(SuiteRunnerWorker.java:86)
	at org.testng.TestNG.runSuitesSequentially(TestNG.java:1224)
	at org.testng.TestNG.runSuitesLocally(TestNG.java:1149)
	at org.testng.TestNG.run(TestNG.java:1057)
	at org.apache.maven.surefire.testng.TestNGExecutor.run(TestNGExecutor.java:155)
	at org.apache.maven.surefire.testng.TestNGDirectoryTestSuite.executeMulti(TestNGDirectoryTestSuite.java:169)
	at org.apache.maven.surefire.testng.TestNGDirectoryTestSuite.execute(TestNGDirectoryTestSuite.java:88)
	at org.apache.maven.surefire.testng.TestNGProvider.invoke(TestNGProvider.java:137)
	at org.apache.maven.surefire.booter.ForkedBooter.runSuitesInProcess(ForkedBooter.java:385)
	at org.apache.maven.surefire.booter.ForkedBooter.execute(ForkedBooter.java:162)
	at org.apache.maven.surefire.booter.ForkedBooter.run(ForkedBooter.java:507)
	at org.apache.maven.surefire.booter.ForkedBooter.main(ForkedBooter.java:495)
Caused by: java.lang.NoClassDefFoundError: Could not initialize class com.fasterxml.jackson.databind.ObjectMapper
	at org.versly.rest.wsdoc.AnnotationProcessor.jsonSchemaFromTypeMirror(AnnotationProcessor.java:967)
	at org.versly.rest.wsdoc.AnnotationProcessor.buildResponseFormat(AnnotationProcessor.java:519)
	at org.versly.rest.wsdoc.AnnotationProcessor.processRequestMappingMethod(AnnotationProcessor.java:301)
	at org.versly.rest.wsdoc.AnnotationProcessor.processElements(AnnotationProcessor.java:176)
	at org.versly.rest.wsdoc.AnnotationProcessor.process(AnnotationProcessor.java:137)
	at jdk.compiler/com.sun.tools.javac.processing.JavacProcessingEnvironment.callProcessor(JavacProcessingEnvironment.java:985)
	at jdk.compiler/com.sun.tools.javac.processing.JavacProcessingEnvironment.discoverAndRunProcs(JavacProcessingEnvironment.java:901)
	at jdk.compiler/com.sun.tools.javac.processing.JavacProcessingEnvironment$Round.run(JavacProcessingEnvironment.java:1227)
	at jdk.compiler/com.sun.tools.javac.processing.JavacProcessingEnvironment.doProcessing(JavacProcessingEnvironment.java:1340)
	at jdk.compiler/com.sun.tools.javac.main.JavaCompiler.processAnnotations(JavaCompiler.java:1254)
	at jdk.compiler/com.sun.tools.javac.main.JavaCompiler.compile(JavaCompiler.java:936)
	at jdk.compiler/com.sun.tools.javac.api.JavacTaskImpl.lambda$doCall$0(JavacTaskImpl.java:104)
	at jdk.compiler/com.sun.tools.javac.api.JavacTaskImpl.handleExceptions(JavacTaskImpl.java:147)
	... 36 more

[ERROR] org.versly.rest.wsdoc.SpringMVCRestAnnotationProcessorTest.processControllerThatReturnsGenericDomainObjectExpectsSuccess  Time elapsed: 0.044 s  <<< FAILURE!
java.lang.RuntimeException: java.lang.NoClassDefFoundError: Could not initialize class com.fasterxml.jackson.databind.ObjectMapper
	at jdk.compiler/com.sun.tools.javac.api.JavacTaskImpl.handleExceptions(JavacTaskImpl.java:163)
	at jdk.compiler/com.sun.tools.javac.api.JavacTaskImpl.doCall(JavacTaskImpl.java:100)
	at jdk.compiler/com.sun.tools.javac.api.JavacTaskImpl.call(JavacTaskImpl.java:94)
	at org.versly.rest.wsdoc.AbstractRestAnnotationProcessorTest.runAnnotationProcessor(AbstractRestAnnotationProcessorTest.java:140)
	at org.versly.rest.wsdoc.AbstractRestAnnotationProcessorTest.runAnnotationProcessor(AbstractRestAnnotationProcessorTest.java:113)
	at org.versly.rest.wsdoc.AbstractRestAnnotationProcessorTest.processResource(AbstractRestAnnotationProcessorTest.java:67)
	at org.versly.rest.wsdoc.AbstractRestAnnotationProcessorTest.processResource(AbstractRestAnnotationProcessorTest.java:60)
	at org.versly.rest.wsdoc.SpringMVCRestAnnotationProcessorTest.processControllerThatReturnsGenericDomainObjectExpectsSuccess(SpringMVCRestAnnotationProcessorTest.java:59)
	at java.base/jdk.internal.reflect.NativeMethodAccessorImpl.invoke0(Native Method)
	at java.base/jdk.internal.reflect.NativeMethodAccessorImpl.invoke(NativeMethodAccessorImpl.java:62)
	at java.base/jdk.internal.reflect.DelegatingMethodAccessorImpl.invoke(DelegatingMethodAccessorImpl.java:43)
	at java.base/java.lang.reflect.Method.invoke(Method.java:566)
	at org.testng.internal.MethodInvocationHelper.invokeMethod(MethodInvocationHelper.java:84)
	at org.testng.internal.Invoker.invokeMethod(Invoker.java:714)
	at org.testng.internal.Invoker.invokeTestMethod(Invoker.java:901)
	at org.testng.internal.Invoker.invokeTestMethods(Invoker.java:1231)
	at org.testng.internal.TestMethodWorker.invokeTestMethods(TestMethodWorker.java:127)
	at org.testng.internal.TestMethodWorker.run(TestMethodWorker.java:111)
	at org.testng.TestRunner.privateRun(TestRunner.java:767)
	at org.testng.TestRunner.run(TestRunner.java:617)
	at org.testng.SuiteRunner.runTest(SuiteRunner.java:348)
	at org.testng.SuiteRunner.runSequentially(SuiteRunner.java:343)
	at org.testng.SuiteRunner.privateRun(SuiteRunner.java:305)
	at org.testng.SuiteRunner.run(SuiteRunner.java:254)
	at org.testng.SuiteRunnerWorker.runSuite(SuiteRunnerWorker.java:52)
	at org.testng.SuiteRunnerWorker.run(SuiteRunnerWorker.java:86)
	at org.testng.TestNG.runSuitesSequentially(TestNG.java:1224)
	at org.testng.TestNG.runSuitesLocally(TestNG.java:1149)
	at org.testng.TestNG.run(TestNG.java:1057)
	at org.apache.maven.surefire.testng.TestNGExecutor.run(TestNGExecutor.java:155)
	at org.apache.maven.surefire.testng.TestNGDirectoryTestSuite.executeMulti(TestNGDirectoryTestSuite.java:169)
	at org.apache.maven.surefire.testng.TestNGDirectoryTestSuite.execute(TestNGDirectoryTestSuite.java:88)
	at org.apache.maven.surefire.testng.TestNGProvider.invoke(TestNGProvider.java:137)
	at org.apache.maven.surefire.booter.ForkedBooter.runSuitesInProcess(ForkedBooter.java:385)
	at org.apache.maven.surefire.booter.ForkedBooter.execute(ForkedBooter.java:162)
	at org.apache.maven.surefire.booter.ForkedBooter.run(ForkedBooter.java:507)
	at org.apache.maven.surefire.booter.ForkedBooter.main(ForkedBooter.java:495)
Caused by: java.lang.NoClassDefFoundError: Could not initialize class com.fasterxml.jackson.databind.ObjectMapper
	at org.versly.rest.wsdoc.AnnotationProcessor.jsonSchemaFromTypeMirror(AnnotationProcessor.java:967)
	at org.versly.rest.wsdoc.AnnotationProcessor.buildResponseFormat(AnnotationProcessor.java:519)
	at org.versly.rest.wsdoc.AnnotationProcessor.processRequestMappingMethod(AnnotationProcessor.java:301)
	at org.versly.rest.wsdoc.AnnotationProcessor.processElements(AnnotationProcessor.java:176)
	at org.versly.rest.wsdoc.AnnotationProcessor.process(AnnotationProcessor.java:137)
	at jdk.compiler/com.sun.tools.javac.processing.JavacProcessingEnvironment.callProcessor(JavacProcessingEnvironment.java:985)
	at jdk.compiler/com.sun.tools.javac.processing.JavacProcessingEnvironment.discoverAndRunProcs(JavacProcessingEnvironment.java:901)
	at jdk.compiler/com.sun.tools.javac.processing.JavacProcessingEnvironment$Round.run(JavacProcessingEnvironment.java:1227)
	at jdk.compiler/com.sun.tools.javac.processing.JavacProcessingEnvironment.doProcessing(JavacProcessingEnvironment.java:1340)
	at jdk.compiler/com.sun.tools.javac.main.JavaCompiler.processAnnotations(JavaCompiler.java:1254)
	at jdk.compiler/com.sun.tools.javac.main.JavaCompiler.compile(JavaCompiler.java:936)
	at jdk.compiler/com.sun.tools.javac.api.JavacTaskImpl.lambda$doCall$0(JavacTaskImpl.java:104)
	at jdk.compiler/com.sun.tools.javac.api.JavacTaskImpl.handleExceptions(JavacTaskImpl.java:147)
	... 36 more

[INFO] 
[INFO] Results:
[INFO] 
[ERROR] Failures: 
[ERROR]   JaxRSRestAnnotationProcessorTest>AbstractRestAnnotationProcessorTest.assertGenericResponse:237->AbstractRestAnnotationProcessorTest.processResource:60->AbstractRestAnnotationProcessorTest.processResource:67->AbstractRestAnnotationProcessorTest.runAnnotationProcessor:113->AbstractRestAnnotationProcessorTest.runAnnotationProcessor:140  Runtime java.lang.NoClassDefFoundError: com/fasterxml/jackson/annotation/JsonMerge
[ERROR]   JaxRSRestAnnotationProcessorTest>AbstractRestAnnotationProcessorTest.assertJavaDocComments:146->AbstractRestAnnotationProcessorTest.processResource:60->AbstractRestAnnotationProcessorTest.processResource:67->AbstractRestAnnotationProcessorTest.runAnnotationProcessor:113->AbstractRestAnnotationProcessorTest.runAnnotationProcessor:140  Runtime java.lang.NoClassDefFoundError: Could not initialize class com.fasterxml.jackson.databind.ObjectMapper
[ERROR]   JaxRSRestAnnotationProcessorTest>AbstractRestAnnotationProcessorTest.assertNoRedundantUriParametersForResource:275->AbstractRestAnnotationProcessorTest.processResource:60->AbstractRestAnnotationProcessorTest.processResource:67->AbstractRestAnnotationProcessorTest.runAnnotationProcessor:113->AbstractRestAnnotationProcessorTest.runAnnotationProcessor:140  Runtime java.lang.NoClassDefFoundError: Could not initialize class com.fasterxml.jackson.databind.ObjectMapper
[ERROR]   JaxRSRestAnnotationProcessorTest>AbstractRestAnnotationProcessorTest.assertOverriddenPaths:178->AbstractRestAnnotationProcessorTest.processResource:60->AbstractRestAnnotationProcessorTest.processResource:67->AbstractRestAnnotationProcessorTest.runAnnotationProcessor:113->AbstractRestAnnotationProcessorTest.runAnnotationProcessor:140  Runtime java.lang.NoClassDefFoundError: Could not initialize class com.fasterxml.jackson.databind.ObjectMapper
[ERROR]   JaxRSRestAnnotationProcessorTest>AbstractRestAnnotationProcessorTest.assertParams:171->AbstractRestAnnotationProcessorTest.processResource:60->AbstractRestAnnotationProcessorTest.processResource:67->AbstractRestAnnotationProcessorTest.runAnnotationProcessor:113->AbstractRestAnnotationProcessorTest.runAnnotationProcessor:140  Runtime java.lang.NoClassDefFoundError: Could not initialize class com.fasterxml.jackson.databind.ObjectMapper
[ERROR]   JaxRSRestAnnotationProcessorTest>AbstractRestAnnotationProcessorTest.assertPathVariableWithOverriddenName:163->AbstractRestAnnotationProcessorTest.processResource:60->AbstractRestAnnotationProcessorTest.processResource:67->AbstractRestAnnotationProcessorTest.runAnnotationProcessor:113->AbstractRestAnnotationProcessorTest.runAnnotationProcessor:140  Runtime java.lang.NoClassDefFoundError: Could not initialize class com.fasterxml.jackson.databind.ObjectMapper
[ERROR]   JaxRSRestAnnotationProcessorTest.assertRequestBody:72->AbstractRestAnnotationProcessorTest.processResource:60->AbstractRestAnnotationProcessorTest.processResource:67->AbstractRestAnnotationProcessorTest.runAnnotationProcessor:113->AbstractRestAnnotationProcessorTest.runAnnotationProcessor:140  Runtime java.lang.NoClassDefFoundError: Could not initialize class com.fasterxml.jackson.databind.ObjectMapper
[ERROR]   JaxRSRestAnnotationProcessorTest>AbstractRestAnnotationProcessorTest.assertReturnValueComments:155->AbstractRestAnnotationProcessorTest.processResource:60->AbstractRestAnnotationProcessorTest.processResource:67->AbstractRestAnnotationProcessorTest.runAnnotationProcessor:113->AbstractRestAnnotationProcessorTest.runAnnotationProcessor:140  Runtime java.lang.NoClassDefFoundError: Could not initialize class com.fasterxml.jackson.databind.ObjectMapper
[ERROR]   JaxRSRestAnnotationProcessorTest>AbstractRestAnnotationProcessorTest.assertUuidIsNotTraversedInto:185->AbstractRestAnnotationProcessorTest.processResource:60->AbstractRestAnnotationProcessorTest.processResource:67->AbstractRestAnnotationProcessorTest.runAnnotationProcessor:113->AbstractRestAnnotationProcessorTest.runAnnotationProcessor:140  Runtime java.lang.NoClassDefFoundError: Could not initialize class com.fasterxml.jackson.databind.ObjectMapper
[ERROR]   JaxRSRestAnnotationProcessorTest>AbstractRestAnnotationProcessorTest.genericTypeResolution:268->AbstractRestAnnotationProcessorTest.processResource:60->AbstractRestAnnotationProcessorTest.processResource:67->AbstractRestAnnotationProcessorTest.runAnnotationProcessor:113->AbstractRestAnnotationProcessorTest.runAnnotationProcessor:140  Runtime java.lang.NoClassDefFoundError: Could not initialize class com.fasterxml.jackson.databind.ObjectMapper
[ERROR]   JaxRSRestAnnotationProcessorTest>AbstractRestAnnotationProcessorTest.testEnumsTypesInPathForRaml:331->AbstractRestAnnotationProcessorTest.processResource:60->AbstractRestAnnotationProcessorTest.processResource:67->AbstractRestAnnotationProcessorTest.runAnnotationProcessor:113->AbstractRestAnnotationProcessorTest.runAnnotationProcessor:140  Runtime java.lang.NoClassDefFoundError: Could not initialize class com.fasterxml.jackson.databind.ObjectMapper
[ERROR]   JaxRSRestAnnotationProcessorTest>AbstractRestAnnotationProcessorTest.testEnumsTypesQueryForRaml:315->AbstractRestAnnotationProcessorTest.processResource:60->AbstractRestAnnotationProcessorTest.processResource:67->AbstractRestAnnotationProcessorTest.runAnnotationProcessor:113->AbstractRestAnnotationProcessorTest.runAnnotationProcessor:140  Runtime java.lang.NoClassDefFoundError: Could not initialize class com.fasterxml.jackson.databind.ObjectMapper
[ERROR]   SpringMVCRestAnnotationProcessorTest.assertAsync:118->AbstractRestAnnotationProcessorTest.processResource:60->AbstractRestAnnotationProcessorTest.processResource:67->AbstractRestAnnotationProcessorTest.runAnnotationProcessor:113->AbstractRestAnnotationProcessorTest.runAnnotationProcessor:140  Runtime java.lang.NoClassDefFoundError: Could not initialize class com.fasterxml.jackson.databind.ObjectMapper
[ERROR]   SpringMVCRestAnnotationProcessorTest>AbstractRestAnnotationProcessorTest.assertGenericResponse:237->AbstractRestAnnotationProcessorTest.processResource:60->AbstractRestAnnotationProcessorTest.processResource:67->AbstractRestAnnotationProcessorTest.runAnnotationProcessor:113->AbstractRestAnnotationProcessorTest.runAnnotationProcessor:140  Runtime java.lang.NoClassDefFoundError: Could not initialize class com.fasterxml.jackson.databind.ObjectMapper
[ERROR]   SpringMVCRestAnnotationProcessorTest>AbstractRestAnnotationProcessorTest.assertJavaDocComments:146->AbstractRestAnnotationProcessorTest.processResource:60->AbstractRestAnnotationProcessorTest.processResource:67->AbstractRestAnnotationProcessorTest.runAnnotationProcessor:113->AbstractRestAnnotationProcessorTest.runAnnotationProcessor:140  Runtime java.lang.NoClassDefFoundError: Could not initialize class com.fasterxml.jackson.databind.ObjectMapper
[ERROR]   SpringMVCRestAnnotationProcessorTest.assertMultipart:43->AbstractRestAnnotationProcessorTest.processResource:60->AbstractRestAnnotationProcessorTest.processResource:67->AbstractRestAnnotationProcessorTest.runAnnotationProcessor:113->AbstractRestAnnotationProcessorTest.runAnnotationProcessor:140  Runtime java.lang.NoClassDefFoundError: Could not initialize class com.fasterxml.jackson.databind.ObjectMapper
[ERROR]   SpringMVCRestAnnotationProcessorTest>AbstractRestAnnotationProcessorTest.assertNoRedundantUriParametersForResource:275->AbstractRestAnnotationProcessorTest.processResource:60->AbstractRestAnnotationProcessorTest.processResource:67->AbstractRestAnnotationProcessorTest.runAnnotationProcessor:113->AbstractRestAnnotationProcessorTest.runAnnotationProcessor:140  Runtime java.lang.NoClassDefFoundError: Could not initialize class com.fasterxml.jackson.databind.ObjectMapper
[ERROR]   SpringMVCRestAnnotationProcessorTest.assertOptionalIsNotTraversedInto:87->AbstractRestAnnotationProcessorTest.processResource:60->AbstractRestAnnotationProcessorTest.processResource:67->AbstractRestAnnotationProcessorTest.runAnnotationProcessor:113->AbstractRestAnnotationProcessorTest.runAnnotationProcessor:140  Runtime java.lang.NoClassDefFoundError: Could not initialize class com.fasterxml.jackson.databind.ObjectMapper
[ERROR]   SpringMVCRestAnnotationProcessorTest>AbstractRestAnnotationProcessorTest.assertOverriddenPaths:178->AbstractRestAnnotationProcessorTest.processResource:60->AbstractRestAnnotationProcessorTest.processResource:67->AbstractRestAnnotationProcessorTest.runAnnotationProcessor:113->AbstractRestAnnotationProcessorTest.runAnnotationProcessor:140  Runtime java.lang.NoClassDefFoundError: Could not initialize class com.fasterxml.jackson.databind.ObjectMapper
[ERROR]   SpringMVCRestAnnotationProcessorTest>AbstractRestAnnotationProcessorTest.assertParams:171->AbstractRestAnnotationProcessorTest.processResource:60->AbstractRestAnnotationProcessorTest.processResource:67->AbstractRestAnnotationProcessorTest.runAnnotationProcessor:113->AbstractRestAnnotationProcessorTest.runAnnotationProcessor:140  Runtime java.lang.NoClassDefFoundError: Could not initialize class com.fasterxml.jackson.databind.ObjectMapper
[ERROR]   SpringMVCRestAnnotationProcessorTest>AbstractRestAnnotationProcessorTest.assertPathVariableWithOverriddenName:163->AbstractRestAnnotationProcessorTest.processResource:60->AbstractRestAnnotationProcessorTest.processResource:67->AbstractRestAnnotationProcessorTest.runAnnotationProcessor:113->AbstractRestAnnotationProcessorTest.runAnnotationProcessor:140  Runtime java.lang.NoClassDefFoundError: Could not initialize class com.fasterxml.jackson.databind.ObjectMapper
[ERROR]   SpringMVCRestAnnotationProcessorTest.assertQueryParams:66->AbstractRestAnnotationProcessorTest.processResource:60->AbstractRestAnnotationProcessorTest.processResource:67->AbstractRestAnnotationProcessorTest.runAnnotationProcessor:113->AbstractRestAnnotationProcessorTest.runAnnotationProcessor:140  Runtime java.lang.NoClassDefFoundError: Could not initialize class com.fasterxml.jackson.databind.ObjectMapper
[ERROR]   SpringMVCRestAnnotationProcessorTest>AbstractRestAnnotationProcessorTest.assertReturnValueComments:155->AbstractRestAnnotationProcessorTest.processResource:60->AbstractRestAnnotationProcessorTest.processResource:67->AbstractRestAnnotationProcessorTest.runAnnotationProcessor:113->AbstractRestAnnotationProcessorTest.runAnnotationProcessor:140  Runtime java.lang.NoClassDefFoundError: Could not initialize class com.fasterxml.jackson.databind.ObjectMapper
[ERROR]   SpringMVCRestAnnotationProcessorTest.assertSpring43ComposedAnnotationController:132->AbstractRestAnnotationProcessorTest.processResource:60->AbstractRestAnnotationProcessorTest.processResource:67->AbstractRestAnnotationProcessorTest.runAnnotationProcessor:113->AbstractRestAnnotationProcessorTest.runAnnotationProcessor:140  Runtime java.lang.NoClassDefFoundError: Could not initialize class com.fasterxml.jackson.databind.ObjectMapper
[ERROR]   SpringMVCRestAnnotationProcessorTest>AbstractRestAnnotationProcessorTest.assertUuidIsNotTraversedInto:185->AbstractRestAnnotationProcessorTest.processResource:60->AbstractRestAnnotationProcessorTest.processResource:67->AbstractRestAnnotationProcessorTest.runAnnotationProcessor:113->AbstractRestAnnotationProcessorTest.runAnnotationProcessor:140  Runtime java.lang.NoClassDefFoundError: Could not initialize class com.fasterxml.jackson.databind.ObjectMapper
[ERROR]   SpringMVCRestAnnotationProcessorTest.assertWildcardTypes:111->AbstractRestAnnotationProcessorTest.processResource:60->AbstractRestAnnotationProcessorTest.processResource:67->AbstractRestAnnotationProcessorTest.runAnnotationProcessor:113->AbstractRestAnnotationProcessorTest.runAnnotationProcessor:140  Runtime java.lang.NoClassDefFoundError: Could not initialize class com.fasterxml.jackson.databind.ObjectMapper
[ERROR]   SpringMVCRestAnnotationProcessorTest>AbstractRestAnnotationProcessorTest.genericTypeResolution:268->AbstractRestAnnotationProcessorTest.processResource:60->AbstractRestAnnotationProcessorTest.processResource:67->AbstractRestAnnotationProcessorTest.runAnnotationProcessor:113->AbstractRestAnnotationProcessorTest.runAnnotationProcessor:140  Runtime java.lang.NoClassDefFoundError: Could not initialize class com.fasterxml.jackson.databind.ObjectMapper
[ERROR]   SpringMVCRestAnnotationProcessorTest.multipleBindingsForOneEndpoint:80->AbstractRestAnnotationProcessorTest.processResource:60->AbstractRestAnnotationProcessorTest.processResource:67->AbstractRestAnnotationProcessorTest.runAnnotationProcessor:113->AbstractRestAnnotationProcessorTest.runAnnotationProcessor:140  Runtime java.lang.NoClassDefFoundError: Could not initialize class com.fasterxml.jackson.databind.ObjectMapper
[ERROR]   SpringMVCRestAnnotationProcessorTest.processControllerThatReturnsDomainObjectWithGenericParentsExpectsSuccess:50->AbstractRestAnnotationProcessorTest.processResource:60->AbstractRestAnnotationProcessorTest.processResource:67->AbstractRestAnnotationProcessorTest.runAnnotationProcessor:113->AbstractRestAnnotationProcessorTest.runAnnotationProcessor:140  Runtime java.lang.NoClassDefFoundError: Could not initialize class com.fasterxml.jackson.databind.ObjectMapper
[ERROR]   SpringMVCRestAnnotationProcessorTest.processControllerThatReturnsEnumSetExpectsSuccess:73->AbstractRestAnnotationProcessorTest.processResource:60->AbstractRestAnnotationProcessorTest.processResource:67->AbstractRestAnnotationProcessorTest.runAnnotationProcessor:113->AbstractRestAnnotationProcessorTest.runAnnotationProcessor:140  Runtime java.lang.NoClassDefFoundError: Could not initialize class com.fasterxml.jackson.databind.ObjectMapper
[ERROR]   SpringMVCRestAnnotationProcessorTest.processControllerThatReturnsGenericDomainObjectExpectsSuccess:59->AbstractRestAnnotationProcessorTest.processResource:60->AbstractRestAnnotationProcessorTest.processResource:67->AbstractRestAnnotationProcessorTest.runAnnotationProcessor:113->AbstractRestAnnotationProcessorTest.runAnnotationProcessor:140  Runtime java.lang.NoClassDefFoundError: Could not initialize class com.fasterxml.jackson.databind.ObjectMapper
[ERROR]   SpringMVCRestAnnotationProcessorTest>AbstractRestAnnotationProcessorTest.testEnumsTypesInPathForRaml:331->AbstractRestAnnotationProcessorTest.processResource:60->AbstractRestAnnotationProcessorTest.processResource:67->AbstractRestAnnotationProcessorTest.runAnnotationProcessor:113->AbstractRestAnnotationProcessorTest.runAnnotationProcessor:140  Runtime java.lang.NoClassDefFoundError: Could not initialize class com.fasterxml.jackson.databind.ObjectMapper
[ERROR]   SpringMVCRestAnnotationProcessorTest>AbstractRestAnnotationProcessorTest.testEnumsTypesQueryForRaml:315->AbstractRestAnnotationProcessorTest.processResource:60->AbstractRestAnnotationProcessorTest.processResource:67->AbstractRestAnnotationProcessorTest.runAnnotationProcessor:113->AbstractRestAnnotationProcessorTest.runAnnotationProcessor:140  Runtime java.lang.NoClassDefFoundError: Could not initialize class com.fasterxml.jackson.databind.ObjectMapper
[INFO] 
[ERROR] Tests run: 59, Failures: 33, Errors: 0, Skipped: 0
[INFO] 
[INFO] ------------------------------------------------------------------------
[INFO] BUILD FAILURE
[INFO] ------------------------------------------------------------------------
[INFO] Total time:  22.682 s
[INFO] Finished at: 2025-10-01T16:30:19Z
[INFO] ------------------------------------------------------------------------
[WARNING] 
[WARNING] Plugin validation issues were detected in 2 plugin(s)
[WARNING] 
[WARNING]  * org.apache.maven.plugins:maven-compiler-plugin:3.3
[WARNING]  * org.apache.maven.plugins:maven-resources-plugin:3.3.0
[WARNING] 
[WARNING] For more or less details, use 'maven.plugin.validation' property with one of the values (case insensitive): [BRIEF, DEFAULT, VERBOSE]
[WARNING] 
[ERROR] Failed to execute goal org.apache.maven.plugins:maven-surefire-plugin:3.0.0:test (default-test) on project versly-wsdoc: There are test failures.
[ERROR] 
[ERROR] Please refer to /wsdoc/target/surefire-reports for the individual test results.
[ERROR] Please refer to dump files (if any exist) [date].dump, [date]-jvmRun[N].dump and [date].dumpstream.
[ERROR] -> [Help 1]
[ERROR] 
[ERROR] To see the full stack trace of the errors, re-run Maven with the -e switch.
[ERROR] Re-run Maven using the -X switch to enable full debug logging.
[ERROR] 
[ERROR] For more information about the errors and possible solutions, please read the following articles:
[ERROR] [Help 1] http://cwiki.apache.org/confluence/display/MAVEN/MojoFailureException
